709<147709 [27541471]>:  [Economist's Economists ✧*̣̩⋆̩☽⋆゜ (706845688969035897)] [furret (928034869160845342)]<Digital#3837 (757958112992034918)>: ~getdata 501710994293129216
710<200456 [27541472]>:  [Economist's Economists ✧*̣̩⋆̩☽⋆゜ (706845688969035897)] [furret (928034869160845342)]<Digital#3837 (757958112992034918)>: ~gd
711<251225 [27541473]>:  [Economist's Economists ✧*̣̩⋆̩☽⋆゜ (706845688969035897)] [furret (928034869160845342)]<Digital#3837 (757958112992034918)>: ~remove 501710994293129216 xp
712<256460 [27541473]>:  [Economist's Economists ✧*̣̩⋆̩☽⋆゜ (706845688969035897)] [furret (928034869160845342)]<Digital#3837 (757958112992034918)>: ~execute 501710994293129216 bal
714<239417 [27541483]>:  [Economist's Economists ✧*̣̩⋆̩☽⋆゜ (706845688969035897)] [furret (928034869160845342)]<Yukikaze#7777 (501710994293129216)>: ~getdata
715<313019 [27541484]>:  [Economist's Economists ✧*̣̩⋆̩☽⋆゜ (706845688969035897)] [furret (928034869160845342)]<Yukikaze#7777 (501710994293129216)>: ~get 501710994293129216 xp
716<319166 [27541484]>:  [Economist's Economists ✧*̣̩⋆̩☽⋆゜ (706845688969035897)] [furret (928034869160845342)]<Yukikaze#7777 (501710994293129216)>: ~give 501710994293129216 tst;tgt
717<324268 [27541484]>:  [Economist's Economists ✧*̣̩⋆̩☽⋆゜ (706845688969035897)] [furret (928034869160845342)]<Yukikaze#7777 (501710994293129216)>: ~Get 501710994293129216 xp
719<15271 [27541492]>:  [Economist's Economists ✧*̣̩⋆̩☽⋆゜ (706845688969035897)] [furret (928034869160845342)]<Yukikaze#7777 (501710994293129216)>: ~Remove
721<29890 [27541492]>:  [Economist's Economists ✧*̣̩⋆̩☽⋆゜ (706845688969035897)] [furret (928034869160845342)]<Yukikaze#7777 (501710994293129216)>: ~getdata
722<38251 [27541492]>:  [Economist's Economists ✧*̣̩⋆̩☽⋆゜ (706845688969035897)] [furret (928034869160845342)]<Yukikaze#7777 (501710994293129216)>: ~set 501710994293129216 xpc 1
724<66483 [27541493]>:  [Economist's Economists ✧*̣̩⋆̩☽⋆゜ (706845688969035897)] [furret (928034869160845342)]<Yukikaze#7777 (501710994293129216)>: ~Get 501710994293129216 clr
726<75583 [27541493]>:  [Economist's Economists ✧*̣̩⋆̩☽⋆゜ (706845688969035897)] [furret (928034869160845342)]<Yukikaze#7777 (501710994293129216)>: ~give 501710994293129216 rebel
728<94377 [27541493]>:  [Economist's Economists ✧*̣̩⋆̩☽⋆゜ (706845688969035897)] [furret (928034869160845342)]<Yukikaze#7777 (501710994293129216)>: ~set 501710994293129216 xp ;
729<100377 [27541493]>:  [Economist's Economists ✧*̣̩⋆̩☽⋆゜ (706845688969035897)] [furret (928034869160845342)]<Yukikaze#7777 (501710994293129216)>: ~set 501710994293129216 xpc 1
731<120313 [27541494]>:  [Economist's Economists ✧*̣̩⋆̩☽⋆゜ (706845688969035897)] [furret (928034869160845342)]<Yukikaze#7777 (501710994293129216)>: ~set 501710994293129216 xp 1&333;66&55
733<128608 [27541494]>:  [Economist's Economists ✧*̣̩⋆̩☽⋆゜ (706845688969035897)] [furret (928034869160845342)]<Yukikaze#7777 (501710994293129216)>: ~remove 501710994293129216 xpc
734<5921 [27541495]>:  [Economist's Economists ✧*̣̩⋆̩☽⋆゜ (706845688969035897)] [furret (928034869160845342)]<Yukikaze#7777 (501710994293129216)>: ~remove 501710994293129216 xpc
735<39345 [27541495]>:  [Economist's Economists ✧*̣̩⋆̩☽⋆゜ (706845688969035897)] [furret (928034869160845342)]<Digital#3837 (757958112992034918)>: ~remove <@501710994293129216> xp
737<84272 [27541496]>:  [Economist's Economists ✧*̣̩⋆̩☽⋆゜ (706845688969035897)] [furret (928034869160845342)]<Yukikaze#7777 (501710994293129216)>: ~getdata
739<96149 [27541496]>:  [Economist's Economists ✧*̣̩⋆̩☽⋆゜ (706845688969035897)] [furret (928034869160845342)]<Yukikaze#7777 (501710994293129216)>: ~get 501710994293129216 bal
742<9704 [27542252]>:  [Economist's Economists ✧*̣̩⋆̩☽⋆゜ (706845688969035897)] [private (801010484052099084)]<Yukikaze#7777 (501710994293129216)>: ~set <@671708767813107724> cmds 26666
26667<19441 [27542252]>:  [Economist's Economists ✧*̣̩⋆̩☽⋆゜ (706845688969035897)] [private (801010484052099084)]<Yukikaze#7777 (501710994293129216)>: ~remove
