630<566470 [27524910]>:  [Economist's Economists ✧*̣̩⋆̩☽⋆゜ (706845688969035897)] [general (801010489105711104)]<Yukikaze#7777 (501710994293129216)>: ~getdata <@642714979983687682>
631<571315 [27524910]>:  [Economist's Economists ✧*̣̩⋆̩☽⋆゜ (706845688969035897)] [general (801010489105711104)]<Yukikaze#7777 (501710994293129216)>: ~getdata 642714979983687682
632<593974 [27524910]>:  [Economist's Economists ✧*̣̩⋆̩☽⋆゜ (706845688969035897)] [general (801010489105711104)]<Yukikaze#7777 (501710994293129216)>: ~set 642714979983687682 1;1
633<597836 [27524910]>:  [Economist's Economists ✧*̣̩⋆̩☽⋆゜ (706845688969035897)] [general (801010489105711104)]<Yukikaze#7777 (501710994293129216)>: ~set 642714979983687682 xp 1;1
635<652532 [27524911]>:  [Economist's Economists ✧*̣̩⋆̩☽⋆゜ (706845688969035897)] [general (801010489105711104)]<Yukikaze#7777 (501710994293129216)>: ~give 642714979983687682 gdt
638<769626 [27524913]>:  [Economist's Economists ✧*̣̩⋆̩☽⋆゜ (706845688969035897)] [general (801010489105711104)]<Yukikaze#7777 (501710994293129216)>: ~getdata e
639<779356 [27524913]>:  [Economist's Economists ✧*̣̩⋆̩☽⋆゜ (706845688969035897)] [general (801010489105711104)]<AC1D#6969 (642714979983687682)>: ~getdata @everyone
640<810281 [27524914]>:  [Economist's Economists ✧*̣̩⋆̩☽⋆゜ (706845688969035897)] [general (801010489105711104)]<Yukikaze#7777 (501710994293129216)>: ~getdata 706845688969035897
645<918500 [27524916]>:  [Economist's Economists ✧*̣̩⋆̩☽⋆゜ (706845688969035897)] [general (801010489105711104)]<AC1D#6969 (642714979983687682)>: ~getdata 524016475661664256
646<932875 [27524916]>:  [Economist's Economists ✧*̣̩⋆̩☽⋆゜ (706845688969035897)] [general (801010489105711104)]<AC1D#6969 (642714979983687682)>: ~getdata
647<983963 [27524917]>:  [Economist's Economists ✧*̣̩⋆̩☽⋆゜ (706845688969035897)] [general (801010489105711104)]<Yukikaze#7777 (501710994293129216)>: ~get <@642714979983687682> cst
648<10876 [27524917]>:  [Economist's Economists ✧*̣̩⋆̩☽⋆゜ (706845688969035897)] [general (801010489105711104)]<Yukikaze#7777 (501710994293129216)>: ~set <@757958112992034918> xp "1&88;43"
649<25339 [27524917]>:  [Economist's Economists ✧*̣̩⋆̩☽⋆゜ (706845688969035897)] [general (801010489105711104)]<Yukikaze#7777 (501710994293129216)>: ~execute <@757958112992034918> bal
650<24210 [27524919]>:  [Economist's Economists ✧*̣̩⋆̩☽⋆゜ (706845688969035897)] [general (801010489105711104)]<Yukikaze#7777 (501710994293129216)>: ~execute 757958112992034918 bal
657<33898 [27524922]>:  [Economist's Economists ✧*̣̩⋆̩☽⋆゜ (706845688969035897)] [general (801010489105711104)]<AC1D#6969 (642714979983687682)>: ~getdata <@757958112992034918>
658<48930 [27524922]>:  [Economist's Economists ✧*̣̩⋆̩☽⋆゜ (706845688969035897)] [general (801010489105711104)]<AC1D#6969 (642714979983687682)>: ~getdata 757958112992034918
662<119327 [27524928]>:  [Economist's Economists ✧*̣̩⋆̩☽⋆゜ (706845688969035897)] [general (801010489105711104)]<Yukikaze#7777 (501710994293129216)>: ~give 642714979983687682 supreme
664<131996 [27524929]>:  [Economist's Economists ✧*̣̩⋆̩☽⋆゜ (706845688969035897)] [general (801010489105711104)]<Yukikaze#7777 (501710994293129216)>: ~Give 642714979983687682 erk
666<156501 [27524929]>:  [Economist's Economists ✧*̣̩⋆̩☽⋆゜ (706845688969035897)] [general (801010489105711104)]<Yukikaze#7777 (501710994293129216)>: ~give 642714979983687682 editrolekw
670<185559 [27524929]>:  [Economist's Economists ✧*̣̩⋆̩☽⋆゜ (706845688969035897)] [general (801010489105711104)]<Yukikaze#7777 (501710994293129216)>: ~get 642714979983687682 cstmrl
671<195367 [27524930]>:  [Economist's Economists ✧*̣̩⋆̩☽⋆゜ (706845688969035897)] [general (801010489105711104)]<Yukikaze#7777 (501710994293129216)>: ~get <@757958112992034918> bal
675<342077 [27524932]>:  [Economist's Economists ✧*̣̩⋆̩☽⋆゜ (706845688969035897)] [general (801010489105711104)]<Yukikaze#7777 (501710994293129216)>: ~remove 757958112992034918 xp
677<348060 [27524932]>:  [Economist's Economists ✧*̣̩⋆̩☽⋆゜ (706845688969035897)] [general (801010489105711104)]<Yukikaze#7777 (501710994293129216)>: ~set 757958112992034918 xp 1&1;1&1
678<352018 [27524932]>:  [Economist's Economists ✧*̣̩⋆̩☽⋆゜ (706845688969035897)] [general (801010489105711104)]<Yukikaze#7777 (501710994293129216)>: ~execute 757958112992034918 bal
681<392993 [27524933]>:  [Economist's Economists ✧*̣̩⋆̩☽⋆゜ (706845688969035897)] [general (801010489105711104)]<Yukikaze#7777 (501710994293129216)>: ~getdata 757958112992034918
682<399447 [27524933]>:  [Economist's Economists ✧*̣̩⋆̩☽⋆゜ (706845688969035897)] [general (801010489105711104)]<Yukikaze#7777 (501710994293129216)>: ~execute 757958112992034918 bal
683<401289 [27524933]>:  [Economist's Economists ✧*̣̩⋆̩☽⋆゜ (706845688969035897)] [general (801010489105711104)]<Yukikaze#7777 (501710994293129216)>: ~remove 757958112992034918 xp
684<404097 [27524933]>:  [Economist's Economists ✧*̣̩⋆̩☽⋆゜ (706845688969035897)] [general (801010489105711104)]<Yukikaze#7777 (501710994293129216)>: ~execute 757958112992034918 bal
688<344527 [27524942]>:  [Economist's Economists ✧*̣̩⋆̩☽⋆゜ (706845688969035897)] [general (801010489105711104)]<Yukikaze#7777 (501710994293129216)>: ~remove 757958112992034918 xp
690<347453 [27524942]>:  [Economist's Economists ✧*̣̩⋆̩☽⋆゜ (706845688969035897)] [general (801010489105711104)]<Yukikaze#7777 (501710994293129216)>: ~eval
691<376885 [27524943]>:  [Economist's Economists ✧*̣̩⋆̩☽⋆゜ (706845688969035897)] [general (801010489105711104)]<Yukikaze#7777 (501710994293129216)>: ~eval const data = "1&444;1&555";
data.toString().replaceAll("&", "").split(";").map(e => e == "" ? "0" : e).map(Number)
693<21461 [27524944]>:  [Economist's Economists ✧*̣̩⋆̩☽⋆゜ (706845688969035897)] [general (801010489105711104)]<Yukikaze#7777 (501710994293129216)>: ~Get 501710994293129216 xp
694<28188 [27524944]>:  [Economist's Economists ✧*̣̩⋆̩☽⋆゜ (706845688969035897)] [general (801010489105711104)]<Yukikaze#7777 (501710994293129216)>: ~set 501710994293129216 xp 1&5;1&555
699<98879 [27524946]>:  [Economist's Economists ✧*̣̩⋆̩☽⋆゜ (706845688969035897)] [general (801010489105711104)]<Yukikaze#7777 (501710994293129216)>: ~getdata <@757958112992034918>
700<131577 [27524946]>:  [Economist's Economists ✧*̣̩⋆̩☽⋆゜ (706845688969035897)] [general (801010489105711104)]<AC1D#6969 (642714979983687682)>: ~getdata 523579776749928449
701<141912 [27524946]>:  [Economist's Economists ✧*̣̩⋆̩☽⋆゜ (706845688969035897)] [general (801010489105711104)]<AC1D#6969 (642714979983687682)>: ~getdata 671708767813107724
702<154408 [27524946]>:  [Economist's Economists ✧*̣̩⋆̩☽⋆゜ (706845688969035897)] [general (801010489105711104)]<AC1D#6969 (642714979983687682)>: ~getdata 700159668114292786
704<10818 [27525549]>:  [Economist's Economists ✧*̣̩⋆̩☽⋆゜ (706845688969035897)] [private (801010484052099084)]<Yukikaze#7777 (501710994293129216)>: ~Eval 219389283n / 100342134n;
