2<123936 [27477102]>:  [Economist's Economists ✧*̣̩⋆̩☽⋆゜ (706845688969035897)] [private (801010484052099084)]<Yukikaze#7777 (501710994293129216)>: ~get 501710994293129216 replacers
3<308982 [27477106]>:  [Economist's Economists ✧*̣̩⋆̩☽⋆゜ (706845688969035897)] [private (801010484052099084)]<Yukikaze#7777 (501710994293129216)>: ~set 501710994293129216 cfc 27469199.77
4<320518 [27477106]>:  [Economist's Economists ✧*̣̩⋆̩☽⋆゜ (706845688969035897)] [private (801010484052099084)]<Yukikaze#7777 (501710994293129216)>: ~set 501710994293129216 cmds 950
5<328233 [27477106]>:  [Economist's Economists ✧*̣̩⋆̩☽⋆゜ (706845688969035897)] [private (801010484052099084)]<Yukikaze#7777 (501710994293129216)>: ~set 501710994293129216 cst tst;rebel;tgt;noxp;rc;dragon;updt;updates;allfood;adminlg;**;cfw;bvault;administrator132465798;null;WillResolvable.imports.____isCached.updateWill("to live", value=null);owners;bughunter;pstn;dev;antistun;906183817147089016;801010411502829569;801010410433019965;906531860916629504;judge;colorist;801010420885225502;supreme;801010409817374751;801010406390497284;moderator;801010412585877514;801010409170534410;801010406998278165;801010415764111372;801010421640593459;tmod;925239937635340329;civilian;srmod;dfnd;tst;maxdragon888;allfood;cfw;cfl;dnr;covid;handsanit;handsanitizer;vcn;sbmt;canapply;cl;booster;wl;linkp;tmod;noxp;rebel;rc
6<331903 [27477106]>:  [Economist's Economists ✧*̣̩⋆̩☽⋆゜ (706845688969035897)] [private (801010484052099084)]<Yukikaze#7777 (501710994293129216)>: ~set 501710994293129216 curr default
7<336326 [27477106]>:  [Economist's Economists ✧*̣̩⋆̩☽⋆゜ (706845688969035897)] [private (801010484052099084)]<Yukikaze#7777 (501710994293129216)>: ~set 501710994293129216 dlc 27473045
8<342387 [27477106]>:  [Economist's Economists ✧*̣̩⋆̩☽⋆゜ (706845688969035897)] [private (801010484052099084)]<Yukikaze#7777 (501710994293129216)>: ~set 501710994293129216 dlstr 2;27474485
9<345520 [27477106]>:  [Economist's Economists ✧*̣̩⋆̩☽⋆゜ (706845688969035897)] [private (801010484052099084)]<Yukikaze#7777 (501710994293129216)>: ~set 501710994293129216 dns 27452325
10<348834 [27477106]>:  [Economist's Economists ✧*̣̩⋆̩☽⋆゜ (706845688969035897)] [private (801010484052099084)]<Yukikaze#7777 (501710994293129216)>: ~set 501710994293129216 drgs 1&653;3333442&88744;99944&334;1122111&111;5555&5531;;;
11<353043 [27477106]>:  [Economist's Economists ✧*̣̩⋆̩☽⋆゜ (706845688969035897)] [private (801010484052099084)]<Yukikaze#7777 (501710994293129216)>: ~set 501710994293129216 fdc 27441586
12<357802 [27477106]>:  [Economist's Economists ✧*̣̩⋆̩☽⋆゜ (706845688969035897)] [private (801010484052099084)]<Yukikaze#7777 (501710994293129216)>: ~set 501710994293129216 fishc 27433319.41
13<361461 [27477106]>:  [Economist's Economists ✧*̣̩⋆̩☽⋆゜ (706845688969035897)] [private (801010484052099084)]<Yukikaze#7777 (501710994293129216)>: ~set 501710994293129216 fsh 41;0;0;0;33;0;0;0
14<365472 [27477106]>:  [Economist's Economists ✧*̣̩⋆̩☽⋆゜ (706845688969035897)] [private (801010484052099084)]<Yukikaze#7777 (501710994293129216)>: ~set 501710994293129216 drgn 50171099429312921&932;50171099429312921650171099429312921650171099429312921&8876;344&63;22234556&542;5552999999999999999999999999999999999999999999999999999999999999999999999999999999999999999999999;3444&699;499&64;456&88;411111&111;1020203
15<385149 [27477107]>:  [Economist's Economists ✧*̣̩⋆̩☽⋆゜ (706845688969035897)] [private (801010484052099084)]<Yukikaze#7777 (501710994293129216)>: ~set 501710994293129216 petname dragon
16<388538 [27477107]>:  [Economist's Economists ✧*̣̩⋆̩☽⋆゜ (706845688969035897)] [private (801010484052099084)]<Yukikaze#7777 (501710994293129216)>: ~set 501710994293129216 srchc 27451763.8
17<390709 [27477107]>:  [Economist's Economists ✧*̣̩⋆̩☽⋆゜ (706845688969035897)] [private (801010484052099084)]<Yukikaze#7777 (501710994293129216)>: ~set 501710994293129216 stn 27452325
18<393005 [27477107]>:  [Economist's Economists ✧*̣̩⋆̩☽⋆゜ (706845688969035897)] [private (801010484052099084)]<Yukikaze#7777 (501710994293129216)>: ~set 501710994293129216 stnb stunned
19<395796 [27477107]>:  [Economist's Economists ✧*̣̩⋆̩☽⋆゜ (706845688969035897)] [private (801010484052099084)]<Yukikaze#7777 (501710994293129216)>: ~set 501710994293129216 strc 27465190
20<398118 [27477107]>:  [Economist's Economists ✧*̣̩⋆̩☽⋆゜ (706845688969035897)] [private (801010484052099084)]<Yukikaze#7777 (501710994293129216)>: ~set 501710994293129216 v 2&96;100000000000000000000000000000000000000000000000000000000000000000000000000000000000000000&10
21<401010 [27477107]>:  [Economist's Economists ✧*̣̩⋆̩☽⋆゜ (706845688969035897)] [private (801010484052099084)]<Yukikaze#7777 (501710994293129216)>: ~set 501710994293129216 xpc 27432967
22<401386 [27477107]>:  [Economist's Economists ✧*̣̩⋆̩☽⋆゜ (706845688969035897)] [private (801010484052099084)]<Yukikaze#7777 (501710994293129216)>: ~set 501710994293129216 hlc 27476230
23<464151 [27477108]>:  [Economist's Economists ✧*̣̩⋆̩☽⋆゜ (706845688969035897)] [private (801010484052099084)]<Yukikaze#7777 (501710994293129216)>: ~gmar
24<471260 [27477108]>:  [Economist's Economists ✧*̣̩⋆̩☽⋆゜ (706845688969035897)] [private (801010484052099084)]<Yukikaze#7777 (501710994293129216)>: ~get 501710994293129216 cstmrl
25<476946 [27477108]>:  [Economist's Economists ✧*̣̩⋆̩☽⋆゜ (706845688969035897)] [private (801010484052099084)]<Yukikaze#7777 (501710994293129216)>: ~getdata
26<4124 [27477113]>:  [Economist's Economists ✧*̣̩⋆̩☽⋆゜ (706845688969035897)] [private (801010484052099084)]<Yukikaze#7777 (501710994293129216)>: ~get 501710994293129216 drgn
28<16596 [27477113]>:  [Economist's Economists ✧*̣̩⋆̩☽⋆゜ (706845688969035897)] [private (801010484052099084)]<Yukikaze#7777 (501710994293129216)>: ~take 501710994293129216 maxdragon888
52<1222498 [27477232]>:  [Economist's Economists ✧*̣̩⋆̩☽⋆゜ (706845688969035897)] [private (801010484052099084)]<Yukikaze#7777 (501710994293129216)>: ~gd
