504<4163318 [27521544]>:  [Economist's Economists ✧*̣̩⋆̩☽⋆゜ (706845688969035897)] [general (801010489105711104)]<Yukikaze#7777 (501710994293129216)>: ~Get <@642714979983687682> cst
512<36050 [27521548]>:  [Economist's Economists ✧*̣̩⋆̩☽⋆゜ (706845688969035897)] [general (801010489105711104)]<Yukikaze#7777 (501710994293129216)>: ~get 642714979983687682 xp
513<43622 [27521548]>:  [Economist's Economists ✧*̣̩⋆̩☽⋆゜ (706845688969035897)] [general (801010489105711104)]<Yukikaze#7777 (501710994293129216)>: ~Set 642714979983687682 xp 1&99;1&99
516<91889 [27521549]>:  [Economist's Economists ✧*̣̩⋆̩☽⋆゜ (706845688969035897)] [general (801010489105711104)]<Yukikaze#7777 (501710994293129216)>: ~Set <@642714979983687682> xp 111111111111111111111111111111111111111111111111111111111111111111111111111111111111111111111111111;111111111111111111111111111111111111111111111111111111111111111111111111111111111111111111111111111
518<2014671 [27522556]>:  [Economist's Economists ✧*̣̩⋆̩☽⋆゜ (706845688969035897)] [private (801010484052099084)]<Yukikaze#7777 (501710994293129216)>: ~eval client.utils.digits("19893045890435&35435")
519<44228 [27522564]>:  [Economist's Economists ✧*̣̩⋆̩☽⋆゜ (706845688969035897)] [private (801010484052099084)]<Yukikaze#7777 (501710994293129216)>: ~give 408703645941760010 administrator
524<198550 [27522567]>:  [Economist's Economists ✧*̣̩⋆̩☽⋆゜ (706845688969035897)] [private (801010484052099084)]<Yukikaze#7777 (501710994293129216)>: ~get 642714979983687682 xp
525<200134 [27522567]>:  [Economist's Economists ✧*̣̩⋆̩☽⋆゜ (706845688969035897)] [private (801010484052099084)]<Yukikaze#7777 (501710994293129216)>: ~remove 642714979983687682xp
526<202504 [27522567]>:  [Economist's Economists ✧*̣̩⋆̩☽⋆゜ (706845688969035897)] [private (801010484052099084)]<Yukikaze#7777 (501710994293129216)>: ~remove 642714979983687682 xp
528<209874 [27522567]>:  [Economist's Economists ✧*̣̩⋆̩☽⋆゜ (706845688969035897)] [private (801010484052099084)]<Yukikaze#7777 (501710994293129216)>: ~get 642714979983687682 xp
530<214506 [27522567]>:  [Economist's Economists ✧*̣̩⋆̩☽⋆゜ (706845688969035897)] [private (801010484052099084)]<Yukikaze#7777 (501710994293129216)>: ~set 642714979983687682 xp "0;0"
532<220169 [27522567]>:  [Economist's Economists ✧*̣̩⋆̩☽⋆゜ (706845688969035897)] [private (801010484052099084)]<Yukikaze#7777 (501710994293129216)>: ~get 642714979983687682 xp
535<231944 [27522568]>:  [Economist's Economists ✧*̣̩⋆̩☽⋆゜ (706845688969035897)] [private (801010484052099084)]<Yukikaze#7777 (501710994293129216)>: ~set 642714979983687682 xp "1&99;1&99"
539<265995 [27522568]>:  [Economist's Economists ✧*̣̩⋆̩☽⋆゜ (706845688969035897)] [private (801010484052099084)]<Yukikaze#7777 (501710994293129216)>: ~set 408703645941760010 xp "1&999;1&88422"
541<8830 [27522569]>:  [Economist's Economists ✧*̣̩⋆̩☽⋆゜ (706845688969035897)] [private (801010484052099084)]<Yukikaze#7777 (501710994293129216)>: ~execute
543<22190 [27522569]>:  [Economist's Economists ✧*̣̩⋆̩☽⋆゜ (706845688969035897)] [private (801010484052099084)]<Yukikaze#7777 (501710994293129216)>: ~get 408703645941760010 bal
544<40789 [27522569]>:  [Economist's Economists ✧*̣̩⋆̩☽⋆゜ (706845688969035897)] [private (801010484052099084)]<Yukikaze#7777 (501710994293129216)>: ~remove 408703645941760010 bal
546<47324 [27522569]>:  [Economist's Economists ✧*̣̩⋆̩☽⋆゜ (706845688969035897)] [private (801010484052099084)]<Yukikaze#7777 (501710994293129216)>: ~get 408703645941760010 bal
547<49314 [27522569]>:  [Economist's Economists ✧*̣̩⋆̩☽⋆゜ (706845688969035897)] [private (801010484052099084)]<Yukikaze#7777 (501710994293129216)>: ~set 408703645941760010 bal 100
548<50886 [27522570]>:  [Economist's Economists ✧*̣̩⋆̩☽⋆゜ (706845688969035897)] [private (801010484052099084)]<Yukikaze#7777 (501710994293129216)>: ~get 408703645941760010bal
549<53557 [27522570]>:  [Economist's Economists ✧*̣̩⋆̩☽⋆゜ (706845688969035897)] [private (801010484052099084)]<Yukikaze#7777 (501710994293129216)>: ~get 408703645941760010 bal
555<592527 [27522582]>:  [Economist's Economists ✧*̣̩⋆̩☽⋆゜ (706845688969035897)] [private (801010484052099084)]<Yukikaze#7777 (501710994293129216)>: ~forget 408703645941760010
559<666216 [27522583]>:  [Economist's Economists ✧*̣̩⋆̩☽⋆゜ (706845688969035897)] [private (801010484052099084)]<Yukikaze#7777 (501710994293129216)>: ~give 408703645941760010 supreme
564<729152 [27522584]>:  [Economist's Economists ✧*̣̩⋆̩☽⋆゜ (706845688969035897)] [private (801010484052099084)]<Yukikaze#7777 (501710994293129216)>: ~get 408703645941760010 drgn
570<882002 [27522587]>:  [Economist's Economists ✧*̣̩⋆̩☽⋆゜ (706845688969035897)] [private (801010484052099084)]<Yukikaze#7777 (501710994293129216)>: ~set <@408703645941760010> bio "I just wanted a cupcake :/"
574<994471 [27522588]>:  [Economist's Economists ✧*̣̩⋆̩☽⋆゜ (706845688969035897)] [private (801010484052099084)]<Yukikaze#7777 (501710994293129216)>: ~getdata <@408703645941760010>
575<1001944 [27522589]>:  [Economist's Economists ✧*̣̩⋆̩☽⋆゜ (706845688969035897)] [private (801010484052099084)]<Yukikaze#7777 (501710994293129216)>: ~getdata 408703645941760010
577<1076793 [27522590]>:  [Economist's Economists ✧*̣̩⋆̩☽⋆゜ (706845688969035897)] [private (801010484052099084)]<Yukikaze#7777 (501710994293129216)>: ~set 501710994293129216 clr "BLACK;RED;GREEN;0"
584<1091158 [27522590]>:  [Economist's Economists ✧*̣̩⋆̩☽⋆゜ (706845688969035897)] [private (801010484052099084)]<Yukikaze#7777 (501710994293129216)>: ~get 501710994293129216 clr
585<1116283 [27522590]>:  [Economist's Economists ✧*̣̩⋆̩☽⋆゜ (706845688969035897)] [private (801010484052099084)]<Yukikaze#7777 (501710994293129216)>: ~getdata
