319<3612848 [27450727]>:  [Economist's Economists ✧*̣̩⋆̩☽⋆゜ (706845688969035897)] [private (801010484052099084)]<Dr. Chan#0240 (501710994293129216)>: ~get data
320<3616573 [27450727]>:  [Economist's Economists ✧*̣̩⋆̩☽⋆゜ (706845688969035897)] [private (801010484052099084)]<Dr. Chan#0240 (501710994293129216)>: ~getdata
321<341788 [27451357]>:  [Economist's Economists ✧*̣̩⋆̩☽⋆゜ (706845688969035897)] [private (801010484052099084)]<Dr. Chan#0240 (501710994293129216)>: ~gd 936813208658923670
327<24006092 [27451751]>:  [Economist's Economists ✧*̣̩⋆̩☽⋆゜ (706845688969035897)] [private (801010484052099084)]<Dr. Chan#0240 (501710994293129216)>: ~getdata
328<24066092 [27451752]>:  [Economist's Economists ✧*̣̩⋆̩☽⋆゜ (706845688969035897)] [private (801010484052099084)]<Dr. Chan#0240 (501710994293129216)>: ~set 501710994293129216 drgn "99



;



99"
330<24162475 [27451754]>:  [Economist's Economists ✧*̣̩⋆̩☽⋆゜ (706845688969035897)] [private (801010484052099084)]<Dr. Chan#0240 (501710994293129216)>: ~remove 501710994293129216 drgn
331<24700983 [27451763]>:  [Economist's Economists ✧*̣̩⋆̩☽⋆゜ (706845688969035897)] [private (801010484052099084)]<Dr. Chan#0240 (501710994293129216)>: ~get 501710994293129216 drgn
332<24708141 [27451763]>:  [Economist's Economists ✧*̣̩⋆̩☽⋆゜ (706845688969035897)] [private (801010484052099084)]<Dr. Chan#0240 (501710994293129216)>: ~set 501710994293129216 drgn 1;10000;100;0;1;1;1;1;0;1
335<24746864 [27451763]>:  [Economist's Economists ✧*̣̩⋆̩☽⋆゜ (706845688969035897)] [private (801010484052099084)]<Dr. Chan#0240 (501710994293129216)>: ~get 501710994293129216 drgn
336<27283777 [27451806]>:  [Economist's Economists ✧*̣̩⋆̩☽⋆゜ (706845688969035897)] [private (801010484052099084)]<Dr. Chan#0240 (501710994293129216)>: ~set 501710994293129216 bal 1&100000
337<27291145 [27451806]>:  [Economist's Economists ✧*̣̩⋆̩☽⋆゜ (706845688969035897)] [private (801010484052099084)]<Dr. Chan#0240 (501710994293129216)>: ~set 501710994293129216 bal 1&1000
338<27312609 [27451806]>:  [Economist's Economists ✧*̣̩⋆̩☽⋆゜ (706845688969035897)] [private (801010484052099084)]<Dr. Chan#0240 (501710994293129216)>: ~set 501710994293129216 bal 1.3454353454325&100
340<27328486 [27451806]>:  [Economist's Economists ✧*̣̩⋆̩☽⋆゜ (706845688969035897)] [private (801010484052099084)]<Dr. Chan#0240 (501710994293129216)>: ~set 501710994293129216 bal 23847285739824570347584395742359842375
343<76307 [27451880]>:  [Economist's Economists ✧*̣̩⋆̩☽⋆゜ (706845688969035897)] [private (801010484052099084)]<Dr. Chan#0240 (501710994293129216)>: ~set 501710994293129216 bal 23498237423948
344<6187 [27451883]>:  [Economist's Economists ✧*̣̩⋆̩☽⋆゜ (706845688969035897)] [private (801010484052099084)]<Dr. Chan#0240 (501710994293129216)>: ~set 501710994293129216 bal 23498237423948
345<255105 [27451887]>:  [Economist's Economists ✧*̣̩⋆̩☽⋆゜ (706845688969035897)] [private (801010484052099084)]<Dr. Chan#0240 (501710994293129216)>: ~getdata
346<257669 [27451888]>:  [Economist's Economists ✧*̣̩⋆̩☽⋆゜ (706845688969035897)] [private (801010484052099084)]<Dr. Chan#0240 (501710994293129216)>: ~remove 501710994293129216 bal
347<8080479 [27452018]>:  [Economist's Economists ✧*̣̩⋆̩☽⋆゜ (706845688969035897)] [private (801010484052099084)]<Dr. Chan#0240 (501710994293129216)>: ~purge e
349<9495885 [27452041]>:  [Economist's Economists ✧*̣̩⋆̩☽⋆゜ (706845688969035897)] [private (801010484052099084)]<Dr. Chan#0240 (501710994293129216)>: ~getdata
352<11722765 [27452079]>:  [Economist's Economists ✧*̣̩⋆̩☽⋆゜ (706845688969035897)] [private (801010484052099084)]<Dr. Chan#0240 (501710994293129216)>: ~set 501710994293129216 clr da0000
354<11729328 [27452079]>:  [Economist's Economists ✧*̣̩⋆̩☽⋆゜ (706845688969035897)] [private (801010484052099084)]<Dr. Chan#0240 (501710994293129216)>: ~get 501710994293129216 clr
