392<333541 [27467938]>:  [Economist's Economists ✧*̣̩⋆̩☽⋆゜ (706845688969035897)] [private (801010484052099084)]<Yukikaze#7777 (501710994293129216)>: ~get 501710994293129216 drgn
393<344453 [27467938]>:  [Economist's Economists ✧*̣̩⋆̩☽⋆゜ (706845688969035897)] [private (801010484052099084)]<Yukikaze#7777 (501710994293129216)>: ~remove 501710994293129216 drgn
394<348284 [27467938]>:  [Economist's Economists ✧*̣̩⋆̩☽⋆゜ (706845688969035897)] [private (801010484052099084)]<Yukikaze#7777 (501710994293129216)>: ~get 501710994293129216 drgn
395<380874 [27467939]>:  [Economist's Economists ✧*̣̩⋆̩☽⋆゜ (706845688969035897)] [private (801010484052099084)]<Yukikaze#7777 (501710994293129216)>: ~set 501710994293129216 drgn 1;1&4;1&2;0;14353&6643;1;1;1;0;1
396<9894 [27467940]>:  [Economist's Economists ✧*̣̩⋆̩☽⋆゜ (706845688969035897)] [private (801010484052099084)]<Yukikaze#7777 (501710994293129216)>: ~set 501710994293129216 drgn 1;1&4;1&2;0;14353&6643;1;1;1;0;1
399<19241 [27467941]>:  [Economist's Economists ✧*̣̩⋆̩☽⋆゜ (706845688969035897)] [private (801010484052099084)]<Yukikaze#7777 (501710994293129216)>: ~set 501710994293129216 drgn 1;1&4;1&2;0;14353&664;1;1;1;0;1
401<37135 [27467941]>:  [Economist's Economists ✧*̣̩⋆̩☽⋆゜ (706845688969035897)] [private (801010484052099084)]<Yukikaze#7777 (501710994293129216)>: ~set 501710994293129216 drgn 1;1&4;1&2;0;14353&66;1;1;1;0;1
403<94383 [27467942]>:  [Economist's Economists ✧*̣̩⋆̩☽⋆゜ (706845688969035897)] [private (801010484052099084)]<Yukikaze#7777 (501710994293129216)>: ~set 501710994293129216 drgn 1;1&444;1&2;0;14353&6643;1;1;1;0;1
405<111165 [27467942]>:  [Economist's Economists ✧*̣̩⋆̩☽⋆゜ (706845688969035897)] [private (801010484052099084)]<Yukikaze#7777 (501710994293129216)>: ~set 501710994293129216 drgn 1;1&444;1&2;0;14353&664;1;1;1;0;1
407<117162 [27467942]>:  [Economist's Economists ✧*̣̩⋆̩☽⋆゜ (706845688969035897)] [private (801010484052099084)]<Yukikaze#7777 (501710994293129216)>: ~set 501710994293129216 drgn 1;1&444;1&2;0;14353&66;1;1;1;0;1
409<142461 [27467943]>:  [Economist's Economists ✧*̣̩⋆̩☽⋆゜ (706845688969035897)] [private (801010484052099084)]<Yukikaze#7777 (501710994293129216)>: ~set 501710994293129216 bal 999&321
410<161630 [27467943]>:  [Economist's Economists ✧*̣̩⋆̩☽⋆゜ (706845688969035897)] [private (801010484052099084)]<Yukikaze#7777 (501710994293129216)>: ~set 501710994293129216 bal "999&321"
412<199891 [27467944]>:  [Economist's Economists ✧*̣̩⋆̩☽⋆゜ (706845688969035897)] [private (801010484052099084)]<Yukikaze#7777 (501710994293129216)>: ~get 501710994293129216 bal
414<16431 [27467956]>:  [Economist's Economists ✧*̣̩⋆̩☽⋆゜ (706845688969035897)] [private (801010484052099084)]<Yukikaze#7777 (501710994293129216)>: ~get 501710994293129216 bal
415<20876 [27467956]>:  [Economist's Economists ✧*̣̩⋆̩☽⋆゜ (706845688969035897)] [private (801010484052099084)]<Yukikaze#7777 (501710994293129216)>: ~set 501710994293129216 bal 1&10
416<32076 [27467956]>:  [Economist's Economists ✧*̣̩⋆̩☽⋆゜ (706845688969035897)] [private (801010484052099084)]<Yukikaze#7777 (501710994293129216)>: ~set 501710994293129216 bal "1&10"
418<45801 [27467956]>:  [Economist's Economists ✧*̣̩⋆̩☽⋆゜ (706845688969035897)] [private (801010484052099084)]<Yukikaze#7777 (501710994293129216)>: ~set 501710994293129216 bal "1&18"
420<9706 [27467957]>:  [Economist's Economists ✧*̣̩⋆̩☽⋆゜ (706845688969035897)] [private (801010484052099084)]<Yukikaze#7777 (501710994293129216)>: ~set 501710994293129216 bal "999&100"
423<17724 [27467962]>:  [Economist's Economists ✧*̣̩⋆̩☽⋆゜ (706845688969035897)] [private (801010484052099084)]<Yukikaze#7777 (501710994293129216)>: ~eval "9990000000000000000000000000000000000000000000000000000000000000000000000000000000000".length
424<8961 [27467976]>:  [Economist's Economists ✧*̣̩⋆̩☽⋆゜ (706845688969035897)] [private (801010484052099084)]<Yukikaze#7777 (501710994293129216)>: ~set 501710994293129216 bal "534589743572034752493857234875"
428<8561 [27467982]>:  [Economist's Economists ✧*̣̩⋆̩☽⋆゜ (706845688969035897)] [private (801010484052099084)]<Yukikaze#7777 (501710994293129216)>: ~set 501710994293129216 bal 234&56
429<16338 [27467982]>:  [Economist's Economists ✧*̣̩⋆̩☽⋆゜ (706845688969035897)] [private (801010484052099084)]<Yukikaze#7777 (501710994293129216)>: ~set 501710994293129216 bal "234&56"
439<34448 [27467990]>:  [Economist's Economists ✧*̣̩⋆̩☽⋆゜ (706845688969035897)] [private (801010484052099084)]<Yukikaze#7777 (501710994293129216)>: ~get 501710994293129216 drgn
440<48577 [27467990]>:  [Economist's Economists ✧*̣̩⋆̩☽⋆゜ (706845688969035897)] [private (801010484052099084)]<Yukikaze#7777 (501710994293129216)>: ~set 501710994293129216 drgn 1;1&444;1&2;0;14353&43543566;1;1;1;0;1
442<2857 [27467991]>:  [Economist's Economists ✧*̣̩⋆̩☽⋆゜ (706845688969035897)] [private (801010484052099084)]<Yukikaze#7777 (501710994293129216)>: ~set 501710994293129216 drgn 1;1&444;1&2;0;14353&435566;1;1;1;0;1
444<9406 [27467992]>:  [Economist's Economists ✧*̣̩⋆̩☽⋆゜ (706845688969035897)] [private (801010484052099084)]<Yukikaze#7777 (501710994293129216)>: ~set 501710994293129216 drgn 1;1&444;1&2;0;14353&4355;1;1;1;0;1
446<58411 [27467992]>:  [Economist's Economists ✧*̣̩⋆̩☽⋆゜ (706845688969035897)] [private (801010484052099084)]<Yukikaze#7777 (501710994293129216)>: ~set 501710994293129216 drgn 1&99;1&444;1&2;0;14353&4355;1;1;1;0;1
449<22515 [27467993]>:  [Economist's Economists ✧*̣̩⋆̩☽⋆゜ (706845688969035897)] [private (801010484052099084)]<Yukikaze#7777 (501710994293129216)>: ~get 501710994293129216 drgn
450<51069 [27467994]>:  [Economist's Economists ✧*̣̩⋆̩☽⋆゜ (706845688969035897)] [private (801010484052099084)]<Yukikaze#7777 (501710994293129216)>: ~set 501710994293129216 drgn 1&99;1&444;1&222;0&999;14353&4355;1;1;1;0&6969;1&898
452<78928 [27467994]>:  [Economist's Economists ✧*̣̩⋆̩☽⋆゜ (706845688969035897)] [private (801010484052099084)]<Yukikaze#7777 (501710994293129216)>: ~get 501710994293129216 drgn
453<96660 [27467995]>:  [Economist's Economists ✧*̣̩⋆̩☽⋆゜ (706845688969035897)] [private (801010484052099084)]<Yukikaze#7777 (501710994293129216)>: ~set 501710994293129216 drgn 1&99;1&444;1&222;0&999;14353&4355;1;1;1;420&6969;1&898
455<118621 [27467995]>:  [Economist's Economists ✧*̣̩⋆̩☽⋆゜ (706845688969035897)] [private (801010484052099084)]<Yukikaze#7777 (501710994293129216)>: ~get 501710994293129216 drgn
458<28217 [27467998]>:  [Economist's Economists ✧*̣̩⋆̩☽⋆゜ (706845688969035897)] [private (801010484052099084)]<Yukikaze#7777 (501710994293129216)>: ~Set 501710994293129216 bal "420&6969"
461<40360 [27467998]>:  [Economist's Economists ✧*̣̩⋆̩☽⋆゜ (706845688969035897)] [private (801010484052099084)]<Yukikaze#7777 (501710994293129216)>: ~remove 501710994293129216 drgn
462<47180 [27467998]>:  [Economist's Economists ✧*̣̩⋆̩☽⋆゜ (706845688969035897)] [private (801010484052099084)]<Yukikaze#7777 (501710994293129216)>: ~get 501710994293129216 drgn
463<58381 [27467998]>:  [Economist's Economists ✧*̣̩⋆̩☽⋆゜ (706845688969035897)] [private (801010484052099084)]<Yukikaze#7777 (501710994293129216)>: ~set 501710994293129216 drgn 1;10000;100;0;1;1;1;1;0;420&6969
465<73044 [27467999]>:  [Economist's Economists ✧*̣̩⋆̩☽⋆゜ (706845688969035897)] [private (801010484052099084)]<Yukikaze#7777 (501710994293129216)>: ~set 501710994293129216 bal "420&6969"
