182<94790 [27481939]>:  [Economist's Economists ✧*̣̩⋆̩☽⋆゜ (706845688969035897)] [private (801010484052099084)]<Yukikaze#7777 (501710994293129216)>: ~Eval BigInt("")
190<599469 [27481947]>:  [Economist's Economists ✧*̣̩⋆̩☽⋆゜ (706845688969035897)] [private (801010484052099084)]<Yukikaze#7777 (501710994293129216)>: ~get 501710994293129216 bal
209<5010 [27481959]>:  [Economist's Economists ✧*̣̩⋆̩☽⋆゜ (706845688969035897)] [private (801010484052099084)]<Yukikaze#7777 (501710994293129216)>: ~get 501710994293129216 drgs
210<19001 [27481959]>:  [Economist's Economists ✧*̣̩⋆̩☽⋆゜ (706845688969035897)] [private (801010484052099084)]<Yukikaze#7777 (501710994293129216)>: ~set 501710994293129216 drgs 1&653;3333442&844;99944&334;1122111&111;5555&5531;;;
214<10227 [27481976]>:  [Economist's Economists ✧*̣̩⋆̩☽⋆゜ (706845688969035897)] [private (801010484052099084)]<Yukikaze#7777 (501710994293129216)>: ~get 501710994293129216 v
215<29751 [27481976]>:  [Economist's Economists ✧*̣̩⋆̩☽⋆゜ (706845688969035897)] [private (801010484052099084)]<Yukikaze#7777 (501710994293129216)>: ~give 501710994293129216 bvault
217<88675 [27481977]>:  [Economist's Economists ✧*̣̩⋆̩☽⋆゜ (706845688969035897)] [private (801010484052099084)]<Yukikaze#7777 (501710994293129216)>: ~set 501710994293129216 v 296;100000000000000000000000000000000000000000000000000000000000000000000000000000000000000000&10
219<128315 [27481978]>:  [Economist's Economists ✧*̣̩⋆̩☽⋆゜ (706845688969035897)] [private (801010484052099084)]<Yukikaze#7777 (501710994293129216)>: ~set 501710994293129216 v 296&10;100000000000000000000000000000000000000000000000000000000000000000000000000000000000000000&10
221<136503 [27481978]>:  [Economist's Economists ✧*̣̩⋆̩☽⋆゜ (706845688969035897)] [private (801010484052099084)]<Yukikaze#7777 (501710994293129216)>: ~set 501710994293129216 v 29&10;100000000000000000000000000000000000000000000000000000000000000000000000000000000000000000&10
223<141405 [27481978]>:  [Economist's Economists ✧*̣̩⋆̩☽⋆゜ (706845688969035897)] [private (801010484052099084)]<Yukikaze#7777 (501710994293129216)>: ~set 501710994293129216 v 2&10;100000000000000000000000000000000000000000000000000000000000000000000000000000000000000000&10
225<150741 [27481978]>:  [Economist's Economists ✧*̣̩⋆̩☽⋆゜ (706845688969035897)] [private (801010484052099084)]<Yukikaze#7777 (501710994293129216)>: ~set 501710994293129216 v 2&5;100000000000000000000000000000000000000000000000000000000000000000000000000000000000000000&10
233<129547 [27482004]>:  [Economist's Economists ✧*̣̩⋆̩☽⋆゜ (706845688969035897)] [private (801010484052099084)]<Yukikaze#7777 (501710994293129216)>: ~get 501710994293129216 v
234<142041 [27482004]>:  [Economist's Economists ✧*̣̩⋆̩☽⋆゜ (706845688969035897)] [private (801010484052099084)]<Yukikaze#7777 (501710994293129216)>: ~set 501710994293129216 v 2&5555;999999999999999999999999999999999999999999999999999999999999999999999999999999999999999999999999999
240<149824 [27482013]>:  [Economist's Economists ✧*̣̩⋆̩☽⋆゜ (706845688969035897)] [private (801010484052099084)]<Yukikaze#7777 (501710994293129216)>: ~get 757958112992034918 ofncs
242<196056 [27482014]>:  [Economist's Economists ✧*̣̩⋆̩☽⋆゜ (706845688969035897)] [private (801010484052099084)]<Yukikaze#7777 (501710994293129216)>: ~get 757958112992034918 ofncs
244<12964 [27482015]>:  [Economist's Economists ✧*̣̩⋆̩☽⋆゜ (706845688969035897)] [private (801010484052099084)]<Yukikaze#7777 (501710994293129216)>: ~get 757958112992034918 ofncs
247<18276 [27482016]>:  [Economist's Economists ✧*̣̩⋆̩☽⋆゜ (706845688969035897)] [private (801010484052099084)]<Yukikaze#7777 (501710994293129216)>: ~get 757958112992034918 ofncs
249<15151 [27482019]>:  [Economist's Economists ✧*̣̩⋆̩☽⋆゜ (706845688969035897)] [private (801010484052099084)]<Yukikaze#7777 (501710994293129216)>: ~get 757958112992034918 ofncs
250<18725 [27482019]>:  [Economist's Economists ✧*̣̩⋆̩☽⋆゜ (706845688969035897)] [private (801010484052099084)]<Yukikaze#7777 (501710994293129216)>: ~get 757958112992034918 ofncs
251<28012 [27482019]>:  [Economist's Economists ✧*̣̩⋆̩☽⋆゜ (706845688969035897)] [private (801010484052099084)]<Yukikaze#7777 (501710994293129216)>: ~set 757958112992034918 ofncs -1;;;;;;0;;;;1;;;1
253<61827 [27482019]>:  [Economist's Economists ✧*̣̩⋆̩☽⋆゜ (706845688969035897)] [private (801010484052099084)]<Yukikaze#7777 (501710994293129216)>: ~get 757958112992034918 ofncs
255<566987 [27482028]>:  [Economist's Economists ✧*̣̩⋆̩☽⋆゜ (706845688969035897)] [private (801010484052099084)]<Yukikaze#7777 (501710994293129216)>: ~Eval client.utils.format(149032184901324839414310)
256<573778 [27482028]>:  [Economist's Economists ✧*̣̩⋆̩☽⋆゜ (706845688969035897)] [private (801010484052099084)]<Yukikaze#7777 (501710994293129216)>: ~Eval client.utils.format(149032184901324839414310n)
257<1050097 [27482036]>:  [Economist's Economists ✧*̣̩⋆̩☽⋆゜ (706845688969035897)] [private (801010484052099084)]<Yukikaze#7777 (501710994293129216)>: ~eval args = "title, description, description, lol"

const split = args.join(" ").split(",");
const title = split[0];
const description = split.slice(0).join(" ");

title, description
258<1070409 [27482036]>:  [Economist's Economists ✧*̣̩⋆̩☽⋆゜ (706845688969035897)] [private (801010484052099084)]<Yukikaze#7777 (501710994293129216)>: ~eval args = "title, description, description, lol".split(",");
const split = args.join(" ").split(",");
const title = split[0];
const description = split.slice(0).join(" ");

title, description
259<1078731 [27482036]>:  [Economist's Economists ✧*̣̩⋆̩☽⋆゜ (706845688969035897)] [private (801010484052099084)]<Yukikaze#7777 (501710994293129216)>: ~eval args = "title, description, description, lol".split(",");
const split = args.join(" ").split(",");
const title = split[0];
const description = split.slice(0).join(" ");

title
260<1090833 [27482036]>:  [Economist's Economists ✧*̣̩⋆̩☽⋆゜ (706845688969035897)] [private (801010484052099084)]<Yukikaze#7777 (501710994293129216)>: ~eval args = "title, description, description, lol".split(",");
const split = args.join(" ").split(",");
const title = split[0];
const description = split.slice(0).join(" ");

title
262<1112135 [27482037]>:  [Economist's Economists ✧*̣̩⋆̩☽⋆゜ (706845688969035897)] [private (801010484052099084)]<Yukikaze#7777 (501710994293129216)>: ~eval const args = "title, description, description, lol".split(",");
const split = args.join(" ").split(",");
const title = split[0];
const description = split.slice(0).join(" ");

title
