[27451879 (16726)] Executing (default): UPDATE `users` SET `cmds`=$1,`updatedAt`=$2 WHERE `id` = $3; {"$1":342,"$2":"2022-03-12 19:19:48.684 +00:00","$3":"671708767813107724"}
[27451879 (16768)] Executing (default): UPDATE `users` SET `cmds`=$1,`updatedAt`=$2 WHERE `id` = $3; {"$1":202,"$2":"2022-03-12 19:19:48.738 +00:00","$3":"501710994293129216"}
[27451880 (76289)] Executing (default): UPDATE `users` SET `cmds`=$1,`updatedAt`=$2 WHERE `id` = $3; {"$1":343,"$2":"2022-03-12 19:20:48.262 +00:00","$3":"671708767813107724"}
[27451880 (76327)] Executing (default): UPDATE `users` SET `bal`=$1,`updatedAt`=$2 WHERE `id` = $3; {"$1":23498237423948,"$2":"2022-03-12 19:20:48.300 +00:00","$3":"501710994293129216"}
[27451880 (76351)] Executing (default): UPDATE `users` SET `cmds`=$1,`updatedAt`=$2 WHERE `id` = $3; {"$1":203,"$2":"2022-03-12 19:20:48.322 +00:00","$3":"501710994293129216"}
[27451883 (6171)] Executing (default): UPDATE `users` SET `cmds`=$1,`updatedAt`=$2 WHERE `id` = $3; {"$1":344,"$2":"2022-03-12 19:23:49.522 +00:00","$3":"671708767813107724"}
[27451883 (6197)] Executing (default): UPDATE `users` SET `bal`=$1,`updatedAt`=$2 WHERE `id` = $3; {"$1":23498237423948,"$2":"2022-03-12 19:23:49.554 +00:00","$3":"501710994293129216"}
[27451883 (6216)] Executing (default): UPDATE `users` SET `cmds`=$1,`updatedAt`=$2 WHERE `id` = $3; {"$1":204,"$2":"2022-03-12 19:23:49.573 +00:00","$3":"501710994293129216"}
[27451887 (255087)] Executing (default): UPDATE `users` SET `cmds`=$1,`updatedAt`=$2 WHERE `id` = $3; {"$1":345,"$2":"2022-03-12 19:27:58.442 +00:00","$3":"671708767813107724"}
[27451887 (255135)] Executing (default): UPDATE `users` SET `cmds`=$1,`updatedAt`=$2 WHERE `id` = $3; {"$1":205,"$2":"2022-03-12 19:27:58.490 +00:00","$3":"501710994293129216"}
[27451888 (257651)] Executing (default): UPDATE `users` SET `cmds`=$1,`updatedAt`=$2 WHERE `id` = $3; {"$1":346,"$2":"2022-03-12 19:28:01.008 +00:00","$3":"671708767813107724"}
[27451888 (257677)] Executing (default): UPDATE `users` SET `bal`=$1,`updatedAt`=$2 WHERE `id` = $3; {"$1":null,"$2":"2022-03-12 19:28:01.033 +00:00","$3":"501710994293129216"}
[27451888 (257697)] Executing (default): UPDATE `users` SET `cmds`=$1,`updatedAt`=$2 WHERE `id` = $3; {"$1":206,"$2":"2022-03-12 19:28:01.051 +00:00","$3":"501710994293129216"}
[27452018 (8080465)] Executing (default): UPDATE `users` SET `cmds`=$1,`updatedAt`=$2 WHERE `id` = $3; {"$1":347,"$2":"2022-03-12 21:38:23.814 +00:00","$3":"671708767813107724"}
[27452018 (8080494)] Executing (default): UPDATE `users` SET `cmds`=$1,`updatedAt`=$2 WHERE `id` = $3; {"$1":207,"$2":"2022-03-12 21:38:23.849 +00:00","$3":"501710994293129216"}
[27452018 (8080521)] Executing (default): UPDATE `users` SET `cst`=$1,`updatedAt`=$2 WHERE `id` = $3; {"$1":"tst;rebel;tgt;noxp;rc;dragon;801010437193596949;updates;updt;allfood;adminlg;adminlg","$2":"2022-03-12 21:38:23.875 +00:00","$3":"501710994293129216"}
[27452018 (8080522)] Executing (default): UPDATE `users` SET `cst`=$1,`updatedAt`=$2 WHERE `id` = $3; {"$1":"cl;dragon;pet;fishrod;phone;phoneb;slrprmt;bvault;rebel;judge;dfnd;supreme;rc;947200161929625720;801010424157962250;801010428582297640;801010426405322762;801010422634643476;947200161929625720test;947200161929625720","$2":"2022-03-12 21:38:23.876 +00:00","$3":"642714979983687682"}
[27452018 (8080522)] Executing (default): UPDATE `users` SET `cst`=$1,`updatedAt`=$2 WHERE `id` = $3; {"$1":"fishrod;slrprmt;801010426405322762;rebel","$2":"2022-03-12 21:38:23.876 +00:00","$3":"524016475661664256"}
[27452041 (9493851)] Executing (default): UPDATE `users` SET `cmds`=$1,`updatedAt`=$2 WHERE `id` = $3; {"$1":348,"$2":"2022-03-12 22:01:57.209 +00:00","$3":"671708767813107724"}
[27452041 (9493864)] Executing (default): UPDATE `users` SET `cmds`=$1,`updatedAt`=$2 WHERE `id` = $3; {"$1":208,"$2":"2022-03-12 22:01:57.221 +00:00","$3":"501710994293129216"}
[27452041 (9495879)] Executing (default): UPDATE `users` SET `cmds`=$1,`updatedAt`=$2 WHERE `id` = $3; {"$1":349,"$2":"2022-03-12 22:01:59.236 +00:00","$3":"671708767813107724"}
[27452041 (9495892)] Executing (default): UPDATE `users` SET `cmds`=$1,`updatedAt`=$2 WHERE `id` = $3; {"$1":209,"$2":"2022-03-12 22:01:59.249 +00:00","$3":"501710994293129216"}
[27452042 (9499279)] Executing (default): UPDATE `users` SET `cmds`=$1,`updatedAt`=$2 WHERE `id` = $3; {"$1":350,"$2":"2022-03-12 22:02:02.636 +00:00","$3":"671708767813107724"}
[27452042 (9499293)] Executing (default): UPDATE `users` SET `drgn`=$1,`strc`=$2,`updatedAt`=$3 WHERE `id` = $4; {"$1":"1;10000;74;50;1;1;1;1;1;1","$2":27452222,"$3":"2022-03-12 22:02:02.650 +00:00","$4":"501710994293129216"}
[27452042 (9499300)] Executing (default): UPDATE `users` SET `cmds`=$1,`updatedAt`=$2 WHERE `id` = $3; {"$1":210,"$2":"2022-03-12 22:02:02.657 +00:00","$3":"501710994293129216"}
[27452042 (9501334)] Executing (default): UPDATE `users` SET `cmds`=$1,`updatedAt`=$2 WHERE `id` = $3; {"$1":351,"$2":"2022-03-12 22:02:04.692 +00:00","$3":"671708767813107724"}
[27452042 (9501347)] Executing (default): UPDATE `users` SET `cmds`=$1,`updatedAt`=$2 WHERE `id` = $3; {"$1":211,"$2":"2022-03-12 22:02:04.704 +00:00","$3":"501710994293129216"}
[27452079 (11722759)] Executing (default): UPDATE `users` SET `cmds`=$1,`updatedAt`=$2 WHERE `id` = $3; {"$1":352,"$2":"2022-03-12 22:39:06.115 +00:00","$3":"671708767813107724"}
[27452079 (11722774)] Executing (default): UPDATE `users` SET `clr`=$1,`updatedAt`=$2 WHERE `id` = $3; {"$1":"da0000","$2":"2022-03-12 22:39:06.131 +00:00","$3":"501710994293129216"}
[27452079 (11722781)] Executing (default): UPDATE `users` SET `cmds`=$1,`updatedAt`=$2 WHERE `id` = $3; {"$1":212,"$2":"2022-03-12 22:39:06.138 +00:00","$3":"501710994293129216"}
[27452079 (11725135)] Executing (default): UPDATE `users` SET `cmds`=$1,`updatedAt`=$2 WHERE `id` = $3; {"$1":353,"$2":"2022-03-12 22:39:08.492 +00:00","$3":"671708767813107724"}
[27452079 (11725146)] Executing (default): UPDATE `users` SET `cmds`=$1,`updatedAt`=$2 WHERE `id` = $3; {"$1":213,"$2":"2022-03-12 22:39:08.503 +00:00","$3":"501710994293129216"}
[27452079 (11729323)] Executing (default): UPDATE `users` SET `cmds`=$1,`updatedAt`=$2 WHERE `id` = $3; {"$1":354,"$2":"2022-03-12 22:39:12.680 +00:00","$3":"671708767813107724"}
[27452079 (11729335)] Executing (default): UPDATE `users` SET `cmds`=$1,`updatedAt`=$2 WHERE `id` = $3; {"$1":214,"$2":"2022-03-12 22:39:12.692 +00:00","$3":"501710994293129216"}
