[27575042 (384)] Executing (default): UPDATE `users` SET `xp`=$1,`xpc`=$2,`updatedAt`=$3 WHERE `id` = $4; {"$1":"2;236","$2":27575043,"$3":"2022-06-06 08:02:03.163 +00:00","$4":"671708767813107724"}
[27575084 (393)] Executing (default): UPDATE `users` SET `xp`=$1,`xpc`=$2,`updatedAt`=$3 WHERE `id` = $4; {"$1":"2;259","$2":27575085,"$3":"2022-06-06 08:44:50.439 +00:00","$4":"671708767813107724"}
[27575085 (287)] Executing (default): UPDATE `users` SET `xp`=$1,`xpc`=$2,`updatedAt`=$3 WHERE `id` = $4; {"$1":"2;277","$2":27575086,"$3":"2022-06-06 08:45:32.898 +00:00","$4":"671708767813107724"}
[27575086 (30039)] Executing (default): UPDATE `users` SET `clr`=$1,`updatedAt`=$2 WHERE `id` = $3; {"$1":"#00aaaa;0","$2":"2022-06-06 08:46:15.369 +00:00","$3":"974480619432206336"}
[27575086 (30067)] Executing (default): UPDATE `users` SET `cmds`=$1,`updatedAt`=$2 WHERE `id` = $3; {"$1":100,"$2":"2022-06-06 08:46:15.407 +00:00","$3":"671708767813107724"}
[27575086 (30104)] Executing (default): UPDATE `users` SET `cmds`=$1,`updatedAt`=$2 WHERE `id` = $3; {"$1":97,"$2":"2022-06-06 08:46:15.443 +00:00","$3":"974480619432206336"}
[27575086 (30377)] Executing (default): UPDATE `users` SET `xp`=$1,`xpc`=$2,`updatedAt`=$3 WHERE `id` = $4; {"$1":"2;307","$2":27575087,"$3":"2022-06-06 08:46:15.718 +00:00","$4":"671708767813107724"}
[27575086 (42383)] Executing (default): UPDATE `users` SET `clr`=$1,`updatedAt`=$2 WHERE `id` = $3; {"$1":"#00aaaa;0","$2":"2022-06-06 08:46:27.724 +00:00","$3":"974480619432206336"}
[27575086 (42410)] Executing (default): UPDATE `users` SET `cmds`=$1,`updatedAt`=$2 WHERE `id` = $3; {"$1":101,"$2":"2022-06-06 08:46:27.751 +00:00","$3":"671708767813107724"}
[27575086 (42430)] Executing (default): UPDATE `users` SET `cmds`=$1,`updatedAt`=$2 WHERE `id` = $3; {"$1":98,"$2":"2022-06-06 08:46:27.771 +00:00","$3":"974480619432206336"}
[27575086 (65789)] Executing (default): UPDATE `users` SET `clr`=$1,`updatedAt`=$2 WHERE `id` = $3; {"$1":"#00aaaa;0","$2":"2022-06-06 08:46:51.130 +00:00","$3":"974480619432206336"}
[27575086 (65811)] Executing (default): UPDATE `users` SET `cmds`=$1,`updatedAt`=$2 WHERE `id` = $3; {"$1":102,"$2":"2022-06-06 08:46:51.152 +00:00","$3":"671708767813107724"}
[27575086 (65862)] Executing (default): UPDATE `users` SET `cmds`=$1,`updatedAt`=$2 WHERE `id` = $3; {"$1":99,"$2":"2022-06-06 08:46:51.203 +00:00","$3":"974480619432206336"}
[27575087 (92727)] Executing (default): UPDATE `users` SET `clr`=$1,`updatedAt`=$2 WHERE `id` = $3; {"$1":"#00aaaa;0","$2":"2022-06-06 08:47:18.068 +00:00","$3":"974480619432206336"}
[27575087 (92750)] Executing (default): UPDATE `users` SET `cmds`=$1,`updatedAt`=$2 WHERE `id` = $3; {"$1":103,"$2":"2022-06-06 08:47:18.090 +00:00","$3":"671708767813107724"}
[27575087 (92796)] Executing (default): UPDATE `users` SET `cmds`=$1,`updatedAt`=$2 WHERE `id` = $3; {"$1":100,"$2":"2022-06-06 08:47:18.137 +00:00","$3":"974480619432206336"}
[27575087 (93037)] Executing (default): UPDATE `users` SET `xp`=$1,`xpc`=$2,`updatedAt`=$3 WHERE `id` = $4; {"$1":"2;333","$2":27575088,"$3":"2022-06-06 08:47:18.379 +00:00","$4":"671708767813107724"}
[27575094 (537754)] Executing (default): UPDATE `users` SET `clr`=$1,`updatedAt`=$2 WHERE `id` = $3; {"$1":"#00aaaa;0","$2":"2022-06-06 08:54:43.095 +00:00","$3":"974480619432206336"}
[27575094 (537777)] Executing (default): UPDATE `users` SET `cmds`=$1,`updatedAt`=$2 WHERE `id` = $3; {"$1":104,"$2":"2022-06-06 08:54:43.119 +00:00","$3":"671708767813107724"}
[27575094 (538261)] Executing (default): UPDATE `users` SET `cmds`=$1,`updatedAt`=$2 WHERE `id` = $3; {"$1":101,"$2":"2022-06-06 08:54:43.603 +00:00","$3":"974480619432206336"}
[27575094 (538287)] Executing (default): UPDATE `users` SET `xp`=$1,`xpc`=$2,`updatedAt`=$3 WHERE `id` = $4; {"$1":"2;368","$2":27575095,"$3":"2022-06-06 08:54:43.628 +00:00","$4":"671708767813107724"}
[27575094 (538995)] Executing (default): UPDATE `users` SET `clr`=$1,`updatedAt`=$2 WHERE `id` = $3; {"$1":"#00aaaa;0","$2":"2022-06-06 08:54:44.337 +00:00","$3":"974480619432206336"}
[27575094 (539016)] Executing (default): UPDATE `users` SET `cmds`=$1,`updatedAt`=$2 WHERE `id` = $3; {"$1":105,"$2":"2022-06-06 08:54:44.357 +00:00","$3":"671708767813107724"}
[27575094 (539322)] Executing (default): UPDATE `users` SET `cmds`=$1,`updatedAt`=$2 WHERE `id` = $3; {"$1":102,"$2":"2022-06-06 08:54:44.664 +00:00","$3":"974480619432206336"}
[27575094 (540501)] Executing (default): UPDATE `users` SET `clr`=$1,`updatedAt`=$2 WHERE `id` = $3; {"$1":"#00aaaa;0","$2":"2022-06-06 08:54:45.843 +00:00","$3":"974480619432206336"}
[27575094 (540521)] Executing (default): UPDATE `users` SET `cmds`=$1,`updatedAt`=$2 WHERE `id` = $3; {"$1":106,"$2":"2022-06-06 08:54:45.863 +00:00","$3":"671708767813107724"}
[27575094 (541105)] Executing (default): UPDATE `users` SET `cmds`=$1,`updatedAt`=$2 WHERE `id` = $3; {"$1":103,"$2":"2022-06-06 08:54:46.447 +00:00","$3":"974480619432206336"}
[27575094 (543078)] Executing (default): UPDATE `users` SET `clr`=$1,`updatedAt`=$2 WHERE `id` = $3; {"$1":"#00aaaa;0","$2":"2022-06-06 08:54:48.420 +00:00","$3":"974480619432206336"}
[27575094 (543103)] Executing (default): UPDATE `users` SET `cmds`=$1,`updatedAt`=$2 WHERE `id` = $3; {"$1":107,"$2":"2022-06-06 08:54:48.444 +00:00","$3":"671708767813107724"}
[27575094 (543124)] Executing (default): UPDATE `users` SET `cmds`=$1,`updatedAt`=$2 WHERE `id` = $3; {"$1":104,"$2":"2022-06-06 08:54:48.464 +00:00","$3":"974480619432206336"}
[27575110 (1472724)] Executing (default): UPDATE `users` SET `clr`=$1,`updatedAt`=$2 WHERE `id` = $3; {"$1":"#00aaaa;0","$2":"2022-06-06 09:10:18.067 +00:00","$3":"974480619432206336"}
[27575110 (1472775)] Executing (default): UPDATE `users` SET `cmds`=$1,`updatedAt`=$2 WHERE `id` = $3; {"$1":108,"$2":"2022-06-06 09:10:18.117 +00:00","$3":"671708767813107724"}
[27575110 (1473351)] Executing (default): UPDATE `users` SET `cmds`=$1,`updatedAt`=$2 WHERE `id` = $3; {"$1":105,"$2":"2022-06-06 09:10:18.693 +00:00","$3":"974480619432206336"}
[27575110 (1473372)] Executing (default): UPDATE `users` SET `xp`=$1,`xpc`=$2,`updatedAt`=$3 WHERE `id` = $4; {"$1":"2;382","$2":27575111,"$3":"2022-06-06 09:10:18.714 +00:00","$4":"671708767813107724"}
[27575110 (1490002)] Executing (default): UPDATE `users` SET `clr`=$1,`updatedAt`=$2 WHERE `id` = $3; {"$1":"#00aaaa;0","$2":"2022-06-06 09:10:35.345 +00:00","$3":"974480619432206336"}
[27575110 (1490020)] Executing (default): UPDATE `users` SET `cmds`=$1,`updatedAt`=$2 WHERE `id` = $3; {"$1":109,"$2":"2022-06-06 09:10:35.362 +00:00","$3":"671708767813107724"}
[27575110 (1490349)] Executing (default): UPDATE `users` SET `cmds`=$1,`updatedAt`=$2 WHERE `id` = $3; {"$1":106,"$2":"2022-06-06 09:10:35.691 +00:00","$3":"974480619432206336"}
[27575110 (1506821)] Executing (default): UPDATE `users` SET `clr`=$1,`updatedAt`=$2 WHERE `id` = $3; {"$1":"#00aaaa;0","$2":"2022-06-06 09:10:52.163 +00:00","$3":"974480619432206336"}
[27575110 (1506838)] Executing (default): UPDATE `users` SET `cmds`=$1,`updatedAt`=$2 WHERE `id` = $3; {"$1":110,"$2":"2022-06-06 09:10:52.179 +00:00","$3":"671708767813107724"}
[27575110 (1507179)] Executing (default): UPDATE `users` SET `cmds`=$1,`updatedAt`=$2 WHERE `id` = $3; {"$1":107,"$2":"2022-06-06 09:10:52.520 +00:00","$3":"974480619432206336"}
[27575123 (2257857)] Executing (default): UPDATE `users` SET `clr`=$1,`updatedAt`=$2 WHERE `id` = $3; {"$1":"#00aaaa;0","$2":"2022-06-06 09:23:23.199 +00:00","$3":"974480619432206336"}
[27575123 (2257880)] Executing (default): UPDATE `users` SET `cmds`=$1,`updatedAt`=$2 WHERE `id` = $3; {"$1":111,"$2":"2022-06-06 09:23:23.222 +00:00","$3":"671708767813107724"}
[27575123 (2257972)] Executing (default): UPDATE `users` SET `cmds`=$1,`updatedAt`=$2 WHERE `id` = $3; {"$1":108,"$2":"2022-06-06 09:23:23.299 +00:00","$3":"974480619432206336"}
[27575123 (2258368)] Executing (default): UPDATE `users` SET `xp`=$1,`xpc`=$2,`updatedAt`=$3 WHERE `id` = $4; {"$1":"3;408","$2":27575124,"$3":"2022-06-06 09:23:23.710 +00:00","$4":"671708767813107724"}
[27575123 (2269827)] Executing (default): UPDATE `users` SET `clr`=$1,`updatedAt`=$2 WHERE `id` = $3; {"$1":"#00aaaa;0","$2":"2022-06-06 09:23:35.169 +00:00","$3":"974480619432206336"}
[27575123 (2269848)] Executing (default): UPDATE `users` SET `cmds`=$1,`updatedAt`=$2 WHERE `id` = $3; {"$1":112,"$2":"2022-06-06 09:23:35.190 +00:00","$3":"671708767813107724"}
[27575123 (2269874)] Executing (default): UPDATE `users` SET `cmds`=$1,`updatedAt`=$2 WHERE `id` = $3; {"$1":109,"$2":"2022-06-06 09:23:35.215 +00:00","$3":"974480619432206336"}
[27575123 (2281091)] Executing (default): UPDATE `users` SET `clr`=$1,`updatedAt`=$2 WHERE `id` = $3; {"$1":"#00aaaa;0","$2":"2022-06-06 09:23:46.433 +00:00","$3":"974480619432206336"}
[27575123 (2281114)] Executing (default): UPDATE `users` SET `cmds`=$1,`updatedAt`=$2 WHERE `id` = $3; {"$1":113,"$2":"2022-06-06 09:23:46.454 +00:00","$3":"671708767813107724"}
[27575123 (2281133)] Executing (default): UPDATE `users` SET `cmds`=$1,`updatedAt`=$2 WHERE `id` = $3; {"$1":110,"$2":"2022-06-06 09:23:46.475 +00:00","$3":"974480619432206336"}
[27575123 (2281507)] Executing (default): UPDATE `users` SET `clr`=$1,`updatedAt`=$2 WHERE `id` = $3; {"$1":"#00aaaa;0","$2":"2022-06-06 09:23:46.848 +00:00","$3":"671708767813107724"}
[27575123 (2281531)] Executing (default): UPDATE `users` SET `cmds`=$1,`updatedAt`=$2 WHERE `id` = $3; {"$1":114,"$2":"2022-06-06 09:23:46.873 +00:00","$3":"671708767813107724"}
[27575123 (2281559)] Executing (default): UPDATE `users` SET `cmds`=$1,`updatedAt`=$2 WHERE `id` = $3; {"$1":115,"$2":"2022-06-06 09:23:46.901 +00:00","$3":"671708767813107724"}
[27575123 (2293051)] Executing (default): UPDATE `users` SET `clr`=$1,`updatedAt`=$2 WHERE `id` = $3; {"$1":"#00aaaa;0","$2":"2022-06-06 09:23:58.393 +00:00","$3":"974480619432206336"}
[27575123 (2293074)] Executing (default): UPDATE `users` SET `cmds`=$1,`updatedAt`=$2 WHERE `id` = $3; {"$1":116,"$2":"2022-06-06 09:23:58.415 +00:00","$3":"671708767813107724"}
[27575123 (2293096)] Executing (default): UPDATE `users` SET `cmds`=$1,`updatedAt`=$2 WHERE `id` = $3; {"$1":111,"$2":"2022-06-06 09:23:58.437 +00:00","$3":"974480619432206336"}
[27575123 (2293465)] Executing (default): UPDATE `users` SET `clr`=$1,`updatedAt`=$2 WHERE `id` = $3; {"$1":"#00aaaa;0","$2":"2022-06-06 09:23:58.807 +00:00","$3":"671708767813107724"}
[27575124 (2330596)] Executing (default): UPDATE `users` SET `clr`=$1,`updatedAt`=$2 WHERE `id` = $3; {"$1":"#00aaaa;0","$2":"2022-06-06 09:24:35.938 +00:00","$3":"974480619432206336"}
[27575124 (2330619)] Executing (default): UPDATE `users` SET `cmds`=$1,`updatedAt`=$2 WHERE `id` = $3; {"$1":117,"$2":"2022-06-06 09:24:35.961 +00:00","$3":"671708767813107724"}
[27575124 (2330646)] Executing (default): UPDATE `users` SET `cmds`=$1,`updatedAt`=$2 WHERE `id` = $3; {"$1":112,"$2":"2022-06-06 09:24:35.987 +00:00","$3":"974480619432206336"}
[27575124 (2331059)] Executing (default): UPDATE `users` SET `xp`=$1,`xpc`=$2,`updatedAt`=$3 WHERE `id` = $4; {"$1":"3;435","$2":27575125,"$3":"2022-06-06 09:24:36.401 +00:00","$4":"671708767813107724"}
[27575124 (2335526)] Executing (default): UPDATE `users` SET `clr`=$1,`updatedAt`=$2 WHERE `id` = $3; {"$1":"#00aaaa;0","$2":"2022-06-06 09:24:40.868 +00:00","$3":"974480619432206336"}
[27575124 (2335550)] Executing (default): UPDATE `users` SET `cmds`=$1,`updatedAt`=$2 WHERE `id` = $3; {"$1":118,"$2":"2022-06-06 09:24:40.892 +00:00","$3":"671708767813107724"}
[27575124 (2335580)] Executing (default): UPDATE `users` SET `cmds`=$1,`updatedAt`=$2 WHERE `id` = $3; {"$1":113,"$2":"2022-06-06 09:24:40.922 +00:00","$3":"974480619432206336"}
[27575134 (314)] Executing (default): UPDATE `users` SET `xp`=$1,`xpc`=$2,`updatedAt`=$3 WHERE `id` = $4; {"$1":"3;450","$2":27575135,"$3":"2022-06-06 09:34:35.327 +00:00","$4":"671708767813107724"}
[27575140 (429)] Executing (default): UPDATE `users` SET `xp`=$1,`xpc`=$2,`updatedAt`=$3 WHERE `id` = $4; {"$1":"3;468","$2":27575141,"$3":"2022-06-06 09:40:08.765 +00:00","$4":"671708767813107724"}
[27575140 (24718)] Executing (default): UPDATE `channels` SET `snipe`=$1,`updatedAt`=$2 WHERE `id` = $3; {"$1":"974480619432206336;aWRuYw==","$2":"2022-06-06 09:40:33.065 +00:00","$3":"977293249314189383"}
[27575140 (25053)] Executing (default): INSERT INTO `channels` (`id`,`pkg`,`snipe`,`createdAt`,`updatedAt`) VALUES ($1,$2,$3,$4,$5); {"$1":"977283907219226664","$2":false,"$3":"911799544017199124;Tm8gbWVzc2FnZSBmb3VuZCB3aXRoaW4gY3VycmVudCBjaGFubmVsLg","$4":"2022-06-06 09:40:33.402 +00:00","$5":"2022-06-06 09:40:33.402 +00:00"}
[27575141 (394)] Executing (default): UPDATE `users` SET `xp`=$1,`xpc`=$2,`updatedAt`=$3 WHERE `id` = $4; {"$1":"3;502","$2":27575142,"$3":"2022-06-06 09:41:52.762 +00:00","$4":"671708767813107724"}
[27575141 (4404)] Executing (default): UPDATE `channels` SET `snipe`=$1,`updatedAt`=$2 WHERE `id` = $3; {"$1":"974480619432206336;d2Q=","$2":"2022-06-06 09:41:56.776 +00:00","$3":"977293249314189383"}
[27575142 (288)] Executing (default): UPDATE `users` SET `xp`=$1,`xpc`=$2,`updatedAt`=$3 WHERE `id` = $4; {"$1":"3;526","$2":27575143,"$3":"2022-06-06 09:42:36.742 +00:00","$4":"671708767813107724"}
[27575142 (5963)] Executing (default): UPDATE `channels` SET `snipe`=$1,`updatedAt`=$2 WHERE `id` = $3; {"$1":"974480619432206336;RQ==","$2":"2022-06-06 09:42:42.420 +00:00","$3":"977293249314189383"}
[27575149 (322)] Executing (default): UPDATE `users` SET `xp`=$1,`xpc`=$2,`updatedAt`=$3 WHERE `id` = $4; {"$1":"3;554","$2":27575150,"$3":"2022-06-06 09:49:03.669 +00:00","$4":"671708767813107724"}
[27575149 (17431)] Executing (default): UPDATE `channels` SET `snipe`=$1,`updatedAt`=$2 WHERE `id` = $3; {"$1":"974480619432206336;ZGQ=","$2":"2022-06-06 09:49:20.784 +00:00","$3":"977293249314189383"}
[27575150 (4380)] Executing (default): UPDATE `channels` SET `snipe`=$1,`updatedAt`=$2 WHERE `id` = $3; {"$1":"974480619432206336;ZQ==","$2":"2022-06-06 09:50:00.919 +00:00","$3":"977293249314189383"}
[27575153 (338)] Executing (default): UPDATE `users` SET `xp`=$1,`xpc`=$2,`updatedAt`=$3 WHERE `id` = $4; {"$1":"3;587","$2":27575154,"$3":"2022-06-06 09:53:26.564 +00:00","$4":"671708767813107724"}
[27575153 (13520)] Executing (default): UPDATE `channels` SET `snipe`=$1,`updatedAt`=$2 WHERE `id` = $3; {"$1":"974480619432206336;cXdkd3Fk","$2":"2022-06-06 09:53:39.750 +00:00","$3":"977293249314189383"}
[27575155 (349)] Executing (default): UPDATE `users` SET `xp`=$1,`xpc`=$2,`updatedAt`=$3 WHERE `id` = $4; {"$1":"4;614","$2":27575156,"$3":"2022-06-06 09:55:35.926 +00:00","$4":"671708767813107724"}
[27575155 (7600)] Executing (default): UPDATE `channels` SET `snipe`=$1,`updatedAt`=$2 WHERE `id` = $3; {"$1":"974480619432206336;RQ==","$2":"2022-06-06 09:55:43.192 +00:00","$3":"977293249314189383"}
[27575158 (364)] Executing (default): UPDATE `users` SET `xp`=$1,`xpc`=$2,`updatedAt`=$3 WHERE `id` = $4; {"$1":"4;641","$2":27575159,"$3":"2022-06-06 09:58:30.086 +00:00","$4":"671708767813107724"}
[27575158 (3165)] Executing (default): UPDATE `channels` SET `snipe`=$1,`updatedAt`=$2 WHERE `id` = $3; {"$1":"974480619432206336;RQ==","$2":"2022-06-06 09:58:32.891 +00:00","$3":"977293249314189383"}
