[27465008 (11084)] Executing (default): UPDATE `users` SET `cmds`=$1,`updatedAt`=$2 WHERE `id` = $3; {"$1":414,"$2":"2022-03-21 22:08:18.444 +00:00","$3":"671708767813107724"}
[27465008 (11106)] Executing (default): UPDATE `users` SET `cmds`=$1,`updatedAt`=$2 WHERE `id` = $3; {"$1":272,"$2":"2022-03-21 22:08:18.471 +00:00","$3":"501710994293129216"}
[27465008 (29432)] Executing (default): UPDATE `users` SET `cmds`=$1,`updatedAt`=$2 WHERE `id` = $3; {"$1":415,"$2":"2022-03-21 22:08:36.798 +00:00","$3":"671708767813107724"}
[27465008 (29443)] Executing (default): UPDATE `users` SET `drgn`=$1,`updatedAt`=$2 WHERE `id` = $3; {"$1":"1;10000;100;0;1;1;1;1;0;1","$2":"2022-03-21 22:08:36.809 +00:00","$3":"501710994293129216"}
[27465008 (29703)] Executing (default): UPDATE `users` SET `cmds`=$1,`updatedAt`=$2 WHERE `id` = $3; {"$1":273,"$2":"2022-03-21 22:08:37.069 +00:00","$3":"501710994293129216"}
[27465008 (30141)] Executing (default): UPDATE `users` SET `cmds`=$1,`updatedAt`=$2 WHERE `id` = $3; {"$1":416,"$2":"2022-03-21 22:08:37.507 +00:00","$3":"671708767813107724"}
[27465008 (30166)] Executing (default): UPDATE `users` SET `cmds`=$1,`updatedAt`=$2 WHERE `id` = $3; {"$1":274,"$2":"2022-03-21 22:08:37.531 +00:00","$3":"501710994293129216"}
[27465009 (3634)] Executing (default): UPDATE `users` SET `cmds`=$1,`updatedAt`=$2 WHERE `id` = $3; {"$1":417,"$2":"2022-03-21 22:09:58.135 +00:00","$3":"671708767813107724"}
[27465009 (3657)] Executing (default): UPDATE `users` SET `drgn`=$1,`strc`=$2,`updatedAt`=$3 WHERE `id` = $4; {"$1":"1;10000;100;0;1;1;1;1;1;1","$2":27465189,"$3":"2022-03-21 22:09:58.163 +00:00","$4":"501710994293129216"}
[27465009 (3666)] Executing (default): UPDATE `users` SET `cmds`=$1,`updatedAt`=$2 WHERE `id` = $3; {"$1":275,"$2":"2022-03-21 22:09:58.172 +00:00","$3":"501710994293129216"}
[27465010 (6055)] Executing (default): UPDATE `users` SET `cmds`=$1,`updatedAt`=$2 WHERE `id` = $3; {"$1":418,"$2":"2022-03-21 22:10:00.561 +00:00","$3":"671708767813107724"}
[27465010 (6309)] Executing (default): UPDATE `users` SET `cmds`=$1,`updatedAt`=$2 WHERE `id` = $3; {"$1":276,"$2":"2022-03-21 22:10:00.814 +00:00","$3":"501710994293129216"}
[27465010 (15554)] Executing (default): UPDATE `users` SET `cmds`=$1,`updatedAt`=$2 WHERE `id` = $3; {"$1":419,"$2":"2022-03-21 22:10:10.060 +00:00","$3":"671708767813107724"}
[27465010 (15566)] Executing (default): UPDATE `users` SET `strc`=$1,`updatedAt`=$2 WHERE `id` = $3; {"$1":null,"$2":"2022-03-21 22:10:10.072 +00:00","$3":"501710994293129216"}
[27465010 (15574)] Executing (default): UPDATE `users` SET `cmds`=$1,`updatedAt`=$2 WHERE `id` = $3; {"$1":277,"$2":"2022-03-21 22:10:10.079 +00:00","$3":"501710994293129216"}
[27465010 (16530)] Executing (default): UPDATE `users` SET `cmds`=$1,`updatedAt`=$2 WHERE `id` = $3; {"$1":420,"$2":"2022-03-21 22:10:11.035 +00:00","$3":"671708767813107724"}
[27465010 (16545)] Executing (default): UPDATE `users` SET `drgn`=$1,`strc`=$2,`updatedAt`=$3 WHERE `id` = $4; {"$1":"1;10000;100;0;1;1;1;1;2;1","$2":27465190,"$3":"2022-03-21 22:10:11.051 +00:00","$4":"501710994293129216"}
[27465010 (16552)] Executing (default): UPDATE `users` SET `cmds`=$1,`updatedAt`=$2 WHERE `id` = $3; {"$1":278,"$2":"2022-03-21 22:10:11.058 +00:00","$3":"501710994293129216"}
[27465010 (17971)] Executing (default): UPDATE `users` SET `cmds`=$1,`updatedAt`=$2 WHERE `id` = $3; {"$1":421,"$2":"2022-03-21 22:10:12.477 +00:00","$3":"671708767813107724"}
[27465010 (18246)] Executing (default): UPDATE `users` SET `cmds`=$1,`updatedAt`=$2 WHERE `id` = $3; {"$1":279,"$2":"2022-03-21 22:10:12.752 +00:00","$3":"501710994293129216"}
[27465010 (52929)] Executing (default): UPDATE `users` SET `cmds`=$1,`updatedAt`=$2 WHERE `id` = $3; {"$1":422,"$2":"2022-03-21 22:10:47.434 +00:00","$3":"671708767813107724"}
[27465010 (52942)] Executing (default): UPDATE `users` SET `cmds`=$1,`updatedAt`=$2 WHERE `id` = $3; {"$1":280,"$2":"2022-03-21 22:10:47.449 +00:00","$3":"501710994293129216"}
[27465011 (107982)] Executing (default): UPDATE `users` SET `cmds`=$1,`updatedAt`=$2 WHERE `id` = $3; {"$1":423,"$2":"2022-03-21 22:11:42.489 +00:00","$3":"671708767813107724"}
[27465011 (107993)] Executing (default): UPDATE `users` SET `cmds`=$1,`updatedAt`=$2 WHERE `id` = $3; {"$1":281,"$2":"2022-03-21 22:11:42.499 +00:00","$3":"501710994293129216"}
[27465011 (110197)] Executing (default): UPDATE `users` SET `cmds`=$1,`updatedAt`=$2 WHERE `id` = $3; {"$1":424,"$2":"2022-03-21 22:11:44.703 +00:00","$3":"671708767813107724"}
[27465011 (110425)] Executing (default): UPDATE `users` SET `cmds`=$1,`updatedAt`=$2 WHERE `id` = $3; {"$1":282,"$2":"2022-03-21 22:11:44.931 +00:00","$3":"501710994293129216"}
[27465012 (5252)] Executing (default): UPDATE `users` SET `cmds`=$1,`updatedAt`=$2 WHERE `id` = $3; {"$1":425,"$2":"2022-03-21 22:12:21.666 +00:00","$3":"671708767813107724"}
[27465012 (5496)] Executing (default): UPDATE `users` SET `cmds`=$1,`updatedAt`=$2 WHERE `id` = $3; {"$1":283,"$2":"2022-03-21 22:12:21.913 +00:00","$3":"501710994293129216"}
[27465012 (12163)] Executing (default): UPDATE `users` SET `cmds`=$1,`updatedAt`=$2 WHERE `id` = $3; {"$1":426,"$2":"2022-03-21 22:12:28.581 +00:00","$3":"671708767813107724"}
[27465012 (12186)] Executing (default): UPDATE `users` SET `drgn`=$1,`updatedAt`=$2 WHERE `id` = $3; {"$1":"1;10000;100;0;100000;1;1;1;2;1","$2":"2022-03-21 22:12:28.604 +00:00","$3":"501710994293129216"}
[27465012 (12196)] Executing (default): UPDATE `users` SET `cmds`=$1,`updatedAt`=$2 WHERE `id` = $3; {"$1":284,"$2":"2022-03-21 22:12:28.613 +00:00","$3":"501710994293129216"}
[27465012 (23621)] Executing (default): UPDATE `users` SET `cmds`=$1,`updatedAt`=$2 WHERE `id` = $3; {"$1":427,"$2":"2022-03-21 22:12:40.039 +00:00","$3":"671708767813107724"}
[27465012 (23642)] Executing (default): UPDATE `users` SET `drgn`=$1,`updatedAt`=$2 WHERE `id` = $3; {"$1":"1;10000;100;0;435789243574230987509483275908243730925704239754932857430987509843275890432750984235089458946875065;1;1;1;2;1","$2":"2022-03-21 22:12:40.061 +00:00","$3":"501710994293129216"}
[27465012 (23651)] Executing (default): UPDATE `users` SET `cmds`=$1,`updatedAt`=$2 WHERE `id` = $3; {"$1":285,"$2":"2022-03-21 22:12:40.069 +00:00","$3":"501710994293129216"}
[27465012 (30967)] Executing (default): UPDATE `users` SET `cmds`=$1,`updatedAt`=$2 WHERE `id` = $3; {"$1":428,"$2":"2022-03-21 22:12:47.385 +00:00","$3":"671708767813107724"}
[27465012 (30987)] Executing (default): UPDATE `users` SET `cmds`=$1,`updatedAt`=$2 WHERE `id` = $3; {"$1":286,"$2":"2022-03-21 22:12:47.405 +00:00","$3":"501710994293129216"}
[27465012 (38467)] Executing (default): UPDATE `users` SET `cmds`=$1,`updatedAt`=$2 WHERE `id` = $3; {"$1":429,"$2":"2022-03-21 22:12:54.886 +00:00","$3":"671708767813107724"}
[27465012 (38482)] Executing (default): UPDATE `users` SET `cmds`=$1,`updatedAt`=$2 WHERE `id` = $3; {"$1":287,"$2":"2022-03-21 22:12:54.899 +00:00","$3":"501710994293129216"}
[27465013 (55675)] Executing (default): UPDATE `users` SET `cmds`=$1,`updatedAt`=$2 WHERE `id` = $3; {"$1":430,"$2":"2022-03-21 22:13:12.093 +00:00","$3":"671708767813107724"}
[27465013 (55691)] Executing (default): UPDATE `users` SET `cmds`=$1,`updatedAt`=$2 WHERE `id` = $3; {"$1":288,"$2":"2022-03-21 22:13:12.109 +00:00","$3":"501710994293129216"}
[27465015 (16177)] Executing (default): INSERT INTO `users` (`id`,`bio`,`clr`,`curr`,`drgn`,`petname`,`v`,`xp`,`createdAt`,`updatedAt`) VALUES ($1,$2,$3,$4,$5,$6,$7,$8,$9,$10); {"$1":"949248048545026059","$2":"User has not set a bio.","$3":"#00aaaa;0","$4":"default","$5":"1;10000;100;0;1;1;1;1;0;1","$6":"dragon","$7":"1;0","$8":"1;0","$9":"2022-03-21 22:15:16.206 +00:00","$10":"2022-03-21 22:15:16.206 +00:00"}
[27465015 (16192)] Executing (default): INSERT INTO `channels` (`id`,`pkg`,`snipe`,`createdAt`,`updatedAt`) VALUES ($1,$2,$3,$4,$5); {"$1":"952596208038318103","$2":false,"$3":"911799544017199124;Tm8gbWVzc2FnZSBmb3VuZCB3aXRoaW4gY3VycmVudCBjaGFubmVsLg","$4":"2022-03-21 22:15:16.228 +00:00","$5":"2022-03-21 22:15:16.228 +00:00"}
[27465015 (16193)] Executing (default): INSERT INTO `channels` (`id`,`pkg`,`snipe`,`createdAt`,`updatedAt`) VALUES ($1,$2,$3,$4,$5); {"$1":"952596208038318103","$2":false,"$3":"911799544017199124;Tm8gbWVzc2FnZSBmb3VuZCB3aXRoaW4gY3VycmVudCBjaGFubmVsLg","$4":"2022-03-21 22:15:16.230 +00:00","$5":"2022-03-21 22:15:16.230 +00:00"}
[27465015 (16208)] Executing (default): INSERT INTO `guilds` (`id`,`prefix`,`createdAt`,`updatedAt`) VALUES ($1,$2,$3,$4); {"$1":"952596208038318100","$2":"~","$3":"2022-03-21 22:15:16.244 +00:00","$4":"2022-03-21 22:15:16.244 +00:00"}
[27465015 (16465)] Executing (default): UPDATE `users` SET `cmds`=$1,`updatedAt`=$2 WHERE `id` = $3; {"$1":431,"$2":"2022-03-21 22:15:16.497 +00:00","$3":"671708767813107724"}
[27465015 (16485)] Executing (default): UPDATE `users` SET `drgn`=$1,`updatedAt`=$2 WHERE `id` = $3; {"$1":"1;10000;100;0;435789243574230987509483275908243730925704239754932857430987509843275000000000000000000000000000000000000000000000000000000000000000;1;1;1;2;1","$2":"2022-03-21 22:15:16.521 +00:00","$3":"501710994293129216"}
[27465015 (16498)] Executing (default): UPDATE `users` SET `cmds`=$1,`updatedAt`=$2 WHERE `id` = $3; {"$1":289,"$2":"2022-03-21 22:15:16.533 +00:00","$3":"501710994293129216"}
[27465017 (2243)] Executing (default): UPDATE `users` SET `cmds`=$1,`updatedAt`=$2 WHERE `id` = $3; {"$1":432,"$2":"2022-03-21 22:17:07.306 +00:00","$3":"671708767813107724"}
[27465017 (2260)] Executing (default): UPDATE `users` SET `cmds`=$1,`updatedAt`=$2 WHERE `id` = $3; {"$1":290,"$2":"2022-03-21 22:17:07.326 +00:00","$3":"501710994293129216"}
[27465018 (64795)] Executing (default): UPDATE `users` SET `cmds`=$1,`updatedAt`=$2 WHERE `id` = $3; {"$1":433,"$2":"2022-03-21 22:18:09.863 +00:00","$3":"671708767813107724"}
[27465018 (64816)] Executing (default): UPDATE `users` SET `drgn`=$1,`updatedAt`=$2 WHERE `id` = $3; {"$1":"1;10000;100;0;435789243574230987509483275908243730925704239754932857430987509843275000000000000000000000000000000000000000000000000000000000000000;1;1;1;2;1","$2":"2022-03-21 22:18:09.882 +00:00","$3":"501710994293129216"}
[27465018 (64826)] Executing (default): UPDATE `users` SET `cmds`=$1,`updatedAt`=$2 WHERE `id` = $3; {"$1":291,"$2":"2022-03-21 22:18:09.893 +00:00","$3":"501710994293129216"}
[27465018 (69271)] Executing (default): UPDATE `users` SET `cmds`=$1,`updatedAt`=$2 WHERE `id` = $3; {"$1":434,"$2":"2022-03-21 22:18:14.338 +00:00","$3":"671708767813107724"}
[27465018 (69282)] Executing (default): UPDATE `users` SET `cmds`=$1,`updatedAt`=$2 WHERE `id` = $3; {"$1":292,"$2":"2022-03-21 22:18:14.349 +00:00","$3":"501710994293129216"}
[27465021 (24189)] Executing (default): UPDATE `users` SET `cmds`=$1,`updatedAt`=$2 WHERE `id` = $3; {"$1":435,"$2":"2022-03-21 22:21:30.678 +00:00","$3":"671708767813107724"}
[27465021 (24204)] Executing (default): UPDATE `users` SET `cmds`=$1,`updatedAt`=$2 WHERE `id` = $3; {"$1":293,"$2":"2022-03-21 22:21:30.704 +00:00","$3":"501710994293129216"}
[27465022 (61221)] Executing (default): UPDATE `users` SET `cmds`=$1,`updatedAt`=$2 WHERE `id` = $3; {"$1":436,"$2":"2022-03-21 22:22:07.721 +00:00","$3":"671708767813107724"}
[27465022 (61238)] Executing (default): UPDATE `users` SET `cmds`=$1,`updatedAt`=$2 WHERE `id` = $3; {"$1":294,"$2":"2022-03-21 22:22:07.738 +00:00","$3":"501710994293129216"}
[27465022 (100637)] Executing (default): UPDATE `users` SET `cmds`=$1,`updatedAt`=$2 WHERE `id` = $3; {"$1":437,"$2":"2022-03-21 22:22:47.137 +00:00","$3":"671708767813107724"}
[27465022 (104682)] Executing (default): UPDATE `users` SET `cmds`=$1,`updatedAt`=$2 WHERE `id` = $3; {"$1":295,"$2":"2022-03-21 22:22:51.183 +00:00","$3":"501710994293129216"}
[27465022 (110847)] Executing (default): UPDATE `users` SET `cmds`=$1,`updatedAt`=$2 WHERE `id` = $3; {"$1":438,"$2":"2022-03-21 22:22:57.348 +00:00","$3":"671708767813107724"}
[27465022 (110860)] Executing (default): UPDATE `users` SET `cmds`=$1,`updatedAt`=$2 WHERE `id` = $3; {"$1":296,"$2":"2022-03-21 22:22:57.361 +00:00","$3":"501710994293129216"}
[27465022 (111067)] Executing (default): UPDATE `users` SET `cmds`=$1,`updatedAt`=$2 WHERE `id` = $3; {"$1":439,"$2":"2022-03-21 22:22:57.569 +00:00","$3":"671708767813107724"}
[27465022 (111470)] Executing (default): UPDATE `users` SET `cmds`=$1,`updatedAt`=$2 WHERE `id` = $3; {"$1":297,"$2":"2022-03-21 22:22:57.970 +00:00","$3":"501710994293129216"}
[27465027 (412166)] Executing (default): UPDATE `users` SET `cmds`=$1,`updatedAt`=$2 WHERE `id` = $3; {"$1":440,"$2":"2022-03-21 22:27:58.665 +00:00","$3":"671708767813107724"}
[27465027 (412425)] Executing (default): UPDATE `users` SET `cmds`=$1,`updatedAt`=$2 WHERE `id` = $3; {"$1":298,"$2":"2022-03-21 22:27:58.924 +00:00","$3":"501710994293129216"}
[27465028 (418063)] Executing (default): UPDATE `users` SET `cmds`=$1,`updatedAt`=$2 WHERE `id` = $3; {"$1":441,"$2":"2022-03-21 22:28:04.564 +00:00","$3":"671708767813107724"}
[27465028 (418274)] Executing (default): UPDATE `users` SET `cmds`=$1,`updatedAt`=$2 WHERE `id` = $3; {"$1":299,"$2":"2022-03-21 22:28:04.774 +00:00","$3":"501710994293129216"}
[27465028 (425893)] Executing (default): UPDATE `users` SET `cmds`=$1,`updatedAt`=$2 WHERE `id` = $3; {"$1":442,"$2":"2022-03-21 22:28:12.393 +00:00","$3":"671708767813107724"}
[27465028 (426132)] Executing (default): UPDATE `users` SET `cmds`=$1,`updatedAt`=$2 WHERE `id` = $3; {"$1":300,"$2":"2022-03-21 22:28:12.633 +00:00","$3":"501710994293129216"}
[27465050 (1743956)] Executing (default): UPDATE `users` SET `cmds`=$1,`updatedAt`=$2 WHERE `id` = $3; {"$1":443,"$2":"2022-03-21 22:50:10.456 +00:00","$3":"671708767813107724"}
[27465050 (1744153)] Executing (default): UPDATE `users` SET `cmds`=$1,`updatedAt`=$2 WHERE `id` = $3; {"$1":301,"$2":"2022-03-21 22:50:10.654 +00:00","$3":"501710994293129216"}
[27465056 (2130881)] Executing (default): UPDATE `users` SET `cmds`=$1,`updatedAt`=$2 WHERE `id` = $3; {"$1":444,"$2":"2022-03-21 22:56:37.381 +00:00","$3":"671708767813107724"}
[27465056 (2131103)] Executing (default): UPDATE `users` SET `cmds`=$1,`updatedAt`=$2 WHERE `id` = $3; {"$1":302,"$2":"2022-03-21 22:56:37.604 +00:00","$3":"501710994293129216"}
[27465057 (2176583)] Executing (default): UPDATE `users` SET `cmds`=$1,`updatedAt`=$2 WHERE `id` = $3; {"$1":445,"$2":"2022-03-21 22:57:23.084 +00:00","$3":"671708767813107724"}
[27465057 (2176801)] Executing (default): UPDATE `users` SET `cmds`=$1,`updatedAt`=$2 WHERE `id` = $3; {"$1":303,"$2":"2022-03-21 22:57:23.302 +00:00","$3":"501710994293129216"}
[27465065 (2648742)] Executing (default): UPDATE `users` SET `cmds`=$1,`updatedAt`=$2 WHERE `id` = $3; {"$1":446,"$2":"2022-03-21 23:05:15.243 +00:00","$3":"671708767813107724"}
[27465065 (2648985)] Executing (default): UPDATE `users` SET `cmds`=$1,`updatedAt`=$2 WHERE `id` = $3; {"$1":304,"$2":"2022-03-21 23:05:15.485 +00:00","$3":"501710994293129216"}
[27465065 (2657545)] Executing (default): UPDATE `users` SET `cmds`=$1,`updatedAt`=$2 WHERE `id` = $3; {"$1":447,"$2":"2022-03-21 23:05:24.047 +00:00","$3":"671708767813107724"}
[27465065 (2657812)] Executing (default): UPDATE `users` SET `cmds`=$1,`updatedAt`=$2 WHERE `id` = $3; {"$1":305,"$2":"2022-03-21 23:05:24.314 +00:00","$3":"501710994293129216"}
[27465065 (2667669)] Executing (default): UPDATE `users` SET `cmds`=$1,`updatedAt`=$2 WHERE `id` = $3; {"$1":448,"$2":"2022-03-21 23:05:34.170 +00:00","$3":"671708767813107724"}
[27465065 (2667935)] Executing (default): UPDATE `users` SET `cmds`=$1,`updatedAt`=$2 WHERE `id` = $3; {"$1":306,"$2":"2022-03-21 23:05:34.436 +00:00","$3":"501710994293129216"}
[27465065 (2677659)] Executing (default): UPDATE `users` SET `cmds`=$1,`updatedAt`=$2 WHERE `id` = $3; {"$1":449,"$2":"2022-03-21 23:05:44.160 +00:00","$3":"671708767813107724"}
[27465065 (2677906)] Executing (default): UPDATE `users` SET `cmds`=$1,`updatedAt`=$2 WHERE `id` = $3; {"$1":307,"$2":"2022-03-21 23:05:44.406 +00:00","$3":"501710994293129216"}
[27465066 (2725073)] Executing (default): UPDATE `users` SET `cmds`=$1,`updatedAt`=$2 WHERE `id` = $3; {"$1":450,"$2":"2022-03-21 23:06:31.574 +00:00","$3":"671708767813107724"}
[27465066 (2725343)] Executing (default): UPDATE `users` SET `cmds`=$1,`updatedAt`=$2 WHERE `id` = $3; {"$1":308,"$2":"2022-03-21 23:06:31.844 +00:00","$3":"501710994293129216"}
[27465068 (2846271)] Executing (default): UPDATE `users` SET `cmds`=$1,`updatedAt`=$2 WHERE `id` = $3; {"$1":451,"$2":"2022-03-21 23:08:32.772 +00:00","$3":"671708767813107724"}
[27465068 (2846487)] Executing (default): UPDATE `users` SET `cmds`=$1,`updatedAt`=$2 WHERE `id` = $3; {"$1":309,"$2":"2022-03-21 23:08:32.988 +00:00","$3":"501710994293129216"}
[27465072 (3063055)] Executing (default): UPDATE `users` SET `cmds`=$1,`updatedAt`=$2 WHERE `id` = $3; {"$1":452,"$2":"2022-03-21 23:12:09.557 +00:00","$3":"671708767813107724"}
[27465072 (3063274)] Executing (default): UPDATE `users` SET `cmds`=$1,`updatedAt`=$2 WHERE `id` = $3; {"$1":310,"$2":"2022-03-21 23:12:09.775 +00:00","$3":"501710994293129216"}
[27465094 (9793)] Executing (default): UPDATE `users` SET `cmds`=$1,`updatedAt`=$2 WHERE `id` = $3; {"$1":453,"$2":"2022-03-21 23:34:24.528 +00:00","$3":"671708767813107724"}
[27465094 (10157)] Executing (default): UPDATE `users` SET `cmds`=$1,`updatedAt`=$2 WHERE `id` = $3; {"$1":311,"$2":"2022-03-21 23:34:24.905 +00:00","$3":"501710994293129216"}
[27465104 (631849)] Executing (default): UPDATE `users` SET `cmds`=$1,`updatedAt`=$2 WHERE `id` = $3; {"$1":454,"$2":"2022-03-21 23:44:46.597 +00:00","$3":"671708767813107724"}
[27465104 (631862)] Executing (default): UPDATE `users` SET `cmds`=$1,`updatedAt`=$2 WHERE `id` = $3; {"$1":312,"$2":"2022-03-21 23:44:46.613 +00:00","$3":"501710994293129216"}
[27465104 (635048)] Executing (default): UPDATE `users` SET `cmds`=$1,`updatedAt`=$2 WHERE `id` = $3; {"$1":455,"$2":"2022-03-21 23:44:49.798 +00:00","$3":"671708767813107724"}
[27465104 (635078)] Executing (default): UPDATE `users` SET `cmds`=$1,`updatedAt`=$2 WHERE `id` = $3; {"$1":313,"$2":"2022-03-21 23:44:49.827 +00:00","$3":"501710994293129216"}
[27465112 (30904)] Executing (default): UPDATE `users` SET `cmds`=$1,`updatedAt`=$2 WHERE `id` = $3; {"$1":456,"$2":"2022-03-21 23:52:25.659 +00:00","$3":"671708767813107724"}
[27465112 (30938)] Executing (default): UPDATE `users` SET `cmds`=$1,`updatedAt`=$2 WHERE `id` = $3; {"$1":314,"$2":"2022-03-21 23:52:25.705 +00:00","$3":"501710994293129216"}
[27465114 (6361)] Executing (default): UPDATE `users` SET `cmds`=$1,`updatedAt`=$2 WHERE `id` = $3; {"$1":457,"$2":"2022-03-21 23:54:36.882 +00:00","$3":"671708767813107724"}
[27465114 (6388)] Executing (default): UPDATE `users` SET `cmds`=$1,`updatedAt`=$2 WHERE `id` = $3; {"$1":315,"$2":"2022-03-21 23:54:36.923 +00:00","$3":"501710994293129216"}
[27465117 (23721)] Executing (default): UPDATE `users` SET `cmds`=$1,`updatedAt`=$2 WHERE `id` = $3; {"$1":458,"$2":"2022-03-21 23:57:32.210 +00:00","$3":"671708767813107724"}
[27465117 (23757)] Executing (default): UPDATE `users` SET `cmds`=$1,`updatedAt`=$2 WHERE `id` = $3; {"$1":316,"$2":"2022-03-21 23:57:32.255 +00:00","$3":"501710994293129216"}
[27465118 (8294)] Executing (default): UPDATE `users` SET `cmds`=$1,`updatedAt`=$2 WHERE `id` = $3; {"$1":459,"$2":"2022-03-21 23:58:00.525 +00:00","$3":"671708767813107724"}
[27465118 (8335)] Executing (default): UPDATE `users` SET `cmds`=$1,`updatedAt`=$2 WHERE `id` = $3; {"$1":317,"$2":"2022-03-21 23:58:00.582 +00:00","$3":"501710994293129216"}
[27465118 (4615)] Executing (default): UPDATE `users` SET `cmds`=$1,`updatedAt`=$2 WHERE `id` = $3; {"$1":460,"$2":"2022-03-21 23:58:58.323 +00:00","$3":"671708767813107724"}
[27465118 (4676)] Executing (default): UPDATE `users` SET `cmds`=$1,`updatedAt`=$2 WHERE `id` = $3; {"$1":318,"$2":"2022-03-21 23:58:58.388 +00:00","$3":"501710994293129216"}
[27465119 (2401)] Executing (default): UPDATE `users` SET `cmds`=$1,`updatedAt`=$2 WHERE `id` = $3; {"$1":461,"$2":"2022-03-21 23:59:30.053 +00:00","$3":"671708767813107724"}
[27465119 (2423)] Executing (default): UPDATE `users` SET `cmds`=$1,`updatedAt`=$2 WHERE `id` = $3; {"$1":319,"$2":"2022-03-21 23:59:30.079 +00:00","$3":"501710994293129216"}
[27465119 (3829)] Executing (default): UPDATE `users` SET `cmds`=$1,`updatedAt`=$2 WHERE `id` = $3; {"$1":462,"$2":"2022-03-21 23:59:52.866 +00:00","$3":"671708767813107724"}
[27465119 (3850)] Executing (default): UPDATE `users` SET `cmds`=$1,`updatedAt`=$2 WHERE `id` = $3; {"$1":320,"$2":"2022-03-21 23:59:52.892 +00:00","$3":"501710994293129216"}
