[27514660 (6251)] Executing (default): UPDATE `users` SET `clr`=$1,`updatedAt`=$2 WHERE `id` = $3; {"$1":"#00aaaa;0","$2":"2022-04-25 09:40:37.591 +00:00","$3":"501710994293129216"}
[27514660 (6273)] Executing (default): UPDATE `users` SET `cmds`=$1,`updatedAt`=$2 WHERE `id` = $3; {"$1":441,"$2":"2022-04-25 09:40:37.617 +00:00","$3":"671708767813107724"}
[27514660 (6305)] Executing (default): UPDATE `users` SET `cmds`=$1,`updatedAt`=$2 WHERE `id` = $3; {"$1":260,"$2":"2022-04-25 09:40:37.651 +00:00","$3":"501710994293129216"}
[27514660 (7531)] Executing (default): UPDATE `users` SET `clr`=$1,`updatedAt`=$2 WHERE `id` = $3; {"$1":"#00aaaa;0","$2":"2022-04-25 09:40:38.878 +00:00","$3":"501710994293129216"}
[27514660 (7553)] Executing (default): UPDATE `users` SET `cmds`=$1,`updatedAt`=$2 WHERE `id` = $3; {"$1":442,"$2":"2022-04-25 09:40:38.899 +00:00","$3":"671708767813107724"}
[27514660 (7587)] Executing (default): UPDATE `users` SET `cmds`=$1,`updatedAt`=$2 WHERE `id` = $3; {"$1":261,"$2":"2022-04-25 09:40:38.934 +00:00","$3":"501710994293129216"}
[27514660 (11146)] Executing (default): UPDATE `users` SET `clr`=$1,`updatedAt`=$2 WHERE `id` = $3; {"$1":"#00aaaa;0","$2":"2022-04-25 09:40:42.493 +00:00","$3":"501710994293129216"}
[27514660 (11169)] Executing (default): UPDATE `users` SET `cmds`=$1,`updatedAt`=$2 WHERE `id` = $3; {"$1":443,"$2":"2022-04-25 09:40:42.516 +00:00","$3":"671708767813107724"}
[27514660 (11196)] Executing (default): UPDATE `users` SET `cmds`=$1,`updatedAt`=$2 WHERE `id` = $3; {"$1":262,"$2":"2022-04-25 09:40:42.542 +00:00","$3":"501710994293129216"}
[27514661 (44834)] Executing (default): UPDATE `users` SET `clr`=$1,`updatedAt`=$2 WHERE `id` = $3; {"$1":"#00aaaa;0","$2":"2022-04-25 09:41:16.180 +00:00","$3":"501710994293129216"}
[27514661 (44856)] Executing (default): UPDATE `users` SET `cmds`=$1,`updatedAt`=$2 WHERE `id` = $3; {"$1":444,"$2":"2022-04-25 09:41:16.202 +00:00","$3":"671708767813107724"}
[27514661 (44884)] Executing (default): UPDATE `users` SET `drgn`=$1,`updatedAt`=$2 WHERE `id` = $3; {"$1":"50171099429312921&932;50171099429312921650171099429312921650171099429312921&8876;344&63;22234556&542;344400000000000000000000000000000000000000000000000000000000000000000000000000000000000000000000000000000000000000000000000000000000000000000000000000000000000000000000000000000000000000000000000000000000000000000000000000000000000000000000000000000000000000000000000000000000000000000000000000000000000000000000000000000000000000000000000000000000000000000000000000000000000000000000000000000000000000000000000000000000000000000000000000000000000000000000000000000000000000000000000000000000000000000000000000000000000000000000000000000000000000000000000000000000000000000000000000000000000000000000000000;1;499&64;1;411111&111;1","$2":"2022-04-25 09:41:16.230 +00:00","$3":"501710994293129216"}
[27514661 (44900)] Executing (default): UPDATE `users` SET `cmds`=$1,`updatedAt`=$2 WHERE `id` = $3; {"$1":263,"$2":"2022-04-25 09:41:16.245 +00:00","$3":"501710994293129216"}
[27514661 (47435)] Executing (default): UPDATE `users` SET `clr`=$1,`updatedAt`=$2 WHERE `id` = $3; {"$1":"#00aaaa;0","$2":"2022-04-25 09:41:18.782 +00:00","$3":"501710994293129216"}
[27514661 (47452)] Executing (default): UPDATE `users` SET `cmds`=$1,`updatedAt`=$2 WHERE `id` = $3; {"$1":445,"$2":"2022-04-25 09:41:18.799 +00:00","$3":"671708767813107724"}
[27514661 (47468)] Executing (default): UPDATE `users` SET `cmds`=$1,`updatedAt`=$2 WHERE `id` = $3; {"$1":264,"$2":"2022-04-25 09:41:18.813 +00:00","$3":"501710994293129216"}
[27514661 (50673)] Executing (default): UPDATE `users` SET `clr`=$1,`updatedAt`=$2 WHERE `id` = $3; {"$1":"#00aaaa;0","$2":"2022-04-25 09:41:22.020 +00:00","$3":"501710994293129216"}
[27514661 (50690)] Executing (default): UPDATE `users` SET `cmds`=$1,`updatedAt`=$2 WHERE `id` = $3; {"$1":446,"$2":"2022-04-25 09:41:22.037 +00:00","$3":"671708767813107724"}
[27514661 (50711)] Executing (default): UPDATE `users` SET `cmds`=$1,`updatedAt`=$2 WHERE `id` = $3; {"$1":265,"$2":"2022-04-25 09:41:22.057 +00:00","$3":"501710994293129216"}
[27514664 (253039)] Executing (default): UPDATE `users` SET `xp`=$1,`xpc`=$2,`updatedAt`=$3 WHERE `id` = $4; {"$1":"1;134","$2":27514665,"$3":"2022-04-25 09:44:44.385 +00:00","$4":"642714979983687682"}
[27514665 (298459)] Executing (default): UPDATE `users` SET `xp`=$1,`xpc`=$2,`updatedAt`=$3 WHERE `id` = $4; {"$1":"1;164","$2":27514666,"$3":"2022-04-25 09:45:29.805 +00:00","$4":"642714979983687682"}
[27514665 (301038)] Executing (default): UPDATE `users` SET `clr`=$1,`updatedAt`=$2 WHERE `id` = $3; {"$1":"#00aaaa;0","$2":"2022-04-25 09:45:32.385 +00:00","$3":"642714979983687682"}
[27514665 (301060)] Executing (default): UPDATE `users` SET `cmds`=$1,`updatedAt`=$2 WHERE `id` = $3; {"$1":447,"$2":"2022-04-25 09:45:32.407 +00:00","$3":"671708767813107724"}
[27514665 (301349)] Executing (default): UPDATE `users` SET `cmds`=$1,`updatedAt`=$2 WHERE `id` = $3; {"$1":2,"$2":"2022-04-25 09:45:32.695 +00:00","$3":"642714979983687682"}
[27514668 (506486)] Executing (default): UPDATE `users` SET `clr`=$1,`updatedAt`=$2 WHERE `id` = $3; {"$1":"#00aaaa;0","$2":"2022-04-25 09:48:57.833 +00:00","$3":"501710994293129216"}
[27514668 (506501)] Executing (default): UPDATE `users` SET `cmds`=$1,`updatedAt`=$2 WHERE `id` = $3; {"$1":448,"$2":"2022-04-25 09:48:57.848 +00:00","$3":"671708767813107724"}
[27514668 (506780)] Executing (default): UPDATE `users` SET `cmds`=$1,`updatedAt`=$2 WHERE `id` = $3; {"$1":266,"$2":"2022-04-25 09:48:58.127 +00:00","$3":"501710994293129216"}
[27514669 (527261)] Executing (default): UPDATE `users` SET `clr`=$1,`updatedAt`=$2 WHERE `id` = $3; {"$1":"#00aaaa;0","$2":"2022-04-25 09:49:18.608 +00:00","$3":"501710994293129216"}
[27514669 (527276)] Executing (default): UPDATE `users` SET `cmds`=$1,`updatedAt`=$2 WHERE `id` = $3; {"$1":449,"$2":"2022-04-25 09:49:18.624 +00:00","$3":"671708767813107724"}
[27514669 (527482)] Executing (default): UPDATE `users` SET `cstmrl`=$1,`updatedAt`=$2 WHERE `id` = $3; {"$1":"rl;968086288840392797","$2":"2022-04-25 09:49:18.829 +00:00","$3":"642714979983687682"}
[27514669 (527493)] Executing (default): UPDATE `users` SET `cmds`=$1,`updatedAt`=$2 WHERE `id` = $3; {"$1":267,"$2":"2022-04-25 09:49:18.839 +00:00","$3":"501710994293129216"}
[27514669 (541640)] Executing (default): UPDATE `users` SET `clr`=$1,`updatedAt`=$2 WHERE `id` = $3; {"$1":"#00aaaa;0","$2":"2022-04-25 09:49:32.987 +00:00","$3":"501710994293129216"}
[27514669 (541657)] Executing (default): UPDATE `users` SET `cmds`=$1,`updatedAt`=$2 WHERE `id` = $3; {"$1":450,"$2":"2022-04-25 09:49:33.004 +00:00","$3":"671708767813107724"}
[27514669 (541672)] Executing (default): UPDATE `users` SET `cmds`=$1,`updatedAt`=$2 WHERE `id` = $3; {"$1":268,"$2":"2022-04-25 09:49:33.018 +00:00","$3":"642714979983687682"}
[27514669 (541693)] Executing (default): UPDATE `users` SET `xp`=$1,`xpc`=$2,`updatedAt`=$3 WHERE `id` = $4; {"$1":"1;188","$2":27514670,"$3":"2022-04-25 09:49:33.040 +00:00","$4":"642714979983687682"}
[27514669 (541702)] Executing (default): UPDATE `users` SET `clr`=$1,`updatedAt`=$2 WHERE `id` = $3; {"$1":"#00aaaa;0","$2":"2022-04-25 09:49:33.049 +00:00","$3":"642714979983687682"}
[27514669 (541718)] Executing (default): UPDATE `users` SET `cmds`=$1,`updatedAt`=$2 WHERE `id` = $3; {"$1":451,"$2":"2022-04-25 09:49:33.065 +00:00","$3":"671708767813107724"}
[27514669 (541925)] Executing (default): UPDATE `users` SET `nick`=$1,`updatedAt`=$2 WHERE `id` = $3; {"$1":null,"$2":"2022-04-25 09:49:33.270 +00:00","$3":"642714979983687682"}
[27514669 (541926)] Executing (default): UPDATE `users` SET `cst`=$1,`updatedAt`=$2 WHERE `id` = $3; {"$1":"968086288840392797;judge;rebel;supreme;947200161929625720","$2":"2022-04-25 09:49:33.271 +00:00","$3":"642714979983687682"}
[27514669 (542163)] Executing (default): UPDATE `users` SET `cmds`=$1,`updatedAt`=$2 WHERE `id` = $3; {"$1":269,"$2":"2022-04-25 09:49:33.511 +00:00","$3":"501710994293129216"}
[27514669 (556796)] Executing (default): UPDATE `users` SET `clr`=$1,`updatedAt`=$2 WHERE `id` = $3; {"$1":"#00aaaa;0","$2":"2022-04-25 09:49:48.143 +00:00","$3":"501710994293129216"}
[27514669 (556812)] Executing (default): UPDATE `users` SET `cmds`=$1,`updatedAt`=$2 WHERE `id` = $3; {"$1":452,"$2":"2022-04-25 09:49:48.159 +00:00","$3":"671708767813107724"}
[27514669 (556832)] Executing (default): UPDATE `users` SET `cmds`=$1,`updatedAt`=$2 WHERE `id` = $3; {"$1":270,"$2":"2022-04-25 09:49:48.179 +00:00","$3":"501710994293129216"}
[27514669 (566077)] Executing (default): UPDATE `users` SET `clr`=$1,`updatedAt`=$2 WHERE `id` = $3; {"$1":"#00aaaa;0","$2":"2022-04-25 09:49:57.424 +00:00","$3":"501710994293129216"}
[27514669 (566094)] Executing (default): UPDATE `users` SET `cmds`=$1,`updatedAt`=$2 WHERE `id` = $3; {"$1":453,"$2":"2022-04-25 09:49:57.441 +00:00","$3":"671708767813107724"}
[27514669 (566114)] Executing (default): UPDATE `users` SET `cmds`=$1,`updatedAt`=$2 WHERE `id` = $3; {"$1":271,"$2":"2022-04-25 09:49:57.461 +00:00","$3":"501710994293129216"}
[27514670 (569314)] Executing (default): UPDATE `users` SET `clr`=$1,`updatedAt`=$2 WHERE `id` = $3; {"$1":"#00aaaa;0","$2":"2022-04-25 09:50:00.662 +00:00","$3":"501710994293129216"}
[27514670 (569332)] Executing (default): UPDATE `users` SET `cmds`=$1,`updatedAt`=$2 WHERE `id` = $3; {"$1":454,"$2":"2022-04-25 09:50:00.678 +00:00","$3":"671708767813107724"}
[27514670 (569355)] Executing (default): UPDATE `users` SET `cmds`=$1,`updatedAt`=$2 WHERE `id` = $3; {"$1":272,"$2":"2022-04-25 09:50:00.702 +00:00","$3":"501710994293129216"}
