[27521475 (31761)] Executing (default): UPDATE `users` SET `clr`=$1,`updatedAt`=$2 WHERE `id` = $3; {"$1":"#00aaaa;0","$2":"2022-04-30 03:15:34.152 +00:00","$3":"501710994293129216"}
[27521475 (31773)] Executing (default): UPDATE `users` SET `cmds`=$1,`updatedAt`=$2 WHERE `id` = $3; {"$1":455,"$2":"2022-04-30 03:15:34.174 +00:00","$3":"671708767813107724"}
[27521475 (31787)] Executing (default): UPDATE `users` SET `cmds`=$1,`updatedAt`=$2 WHERE `id` = $3; {"$1":273,"$2":"2022-04-30 03:15:34.187 +00:00","$3":"501710994293129216"}
[27521523 (2882458)] Executing (default): UPDATE `users` SET `clr`=$1,`updatedAt`=$2 WHERE `id` = $3; {"$1":"#00aaaa;0","$2":"2022-04-30 04:03:04.859 +00:00","$3":"936403422322757682"}
[27521523 (2882477)] Executing (default): UPDATE `users` SET `cmds`=$1,`updatedAt`=$2 WHERE `id` = $3; {"$1":456,"$2":"2022-04-30 04:03:04.878 +00:00","$3":"671708767813107724"}
[27521523 (2882502)] Executing (default): UPDATE `users` SET `clr`=$1,`updatedAt`=$2 WHERE `id` = $3; {"$1":"#00aaaa;0","$2":"2022-04-30 04:03:04.903 +00:00","$3":"936804818301894736"}
[27521523 (2882519)] Executing (default): UPDATE `users` SET `cmds`=$1,`updatedAt`=$2 WHERE `id` = $3; {"$1":457,"$2":"2022-04-30 04:03:04.921 +00:00","$3":"671708767813107724"}
[27521523 (2882537)] Executing (default): UPDATE `users` SET `clr`=$1,`updatedAt`=$2 WHERE `id` = $3; {"$1":"#00aaaa;0","$2":"2022-04-30 04:03:04.938 +00:00","$3":"936802127995621439"}
[27521523 (2882549)] Executing (default): UPDATE `users` SET `clr`=$1,`updatedAt`=$2 WHERE `id` = $3; {"$1":"#00aaaa;0","$2":"2022-04-30 04:03:04.950 +00:00","$3":"936404591413706882"}
[27521523 (2882561)] Executing (default): UPDATE `users` SET `cmds`=$1,`updatedAt`=$2 WHERE `id` = $3; {"$1":458,"$2":"2022-04-30 04:03:04.962 +00:00","$3":"671708767813107724"}
[27521523 (2882573)] Executing (default): UPDATE `users` SET `cmds`=$1,`updatedAt`=$2 WHERE `id` = $3; {"$1":459,"$2":"2022-04-30 04:03:04.975 +00:00","$3":"671708767813107724"}
[27521523 (2882794)] Executing (default): UPDATE `users` SET `cmds`=$1,`updatedAt`=$2 WHERE `id` = $3; {"$1":10,"$2":"2022-04-30 04:03:05.193 +00:00","$3":"936804818301894736"}
[27521523 (2882801)] Executing (default): UPDATE `users` SET `cmds`=$1,`updatedAt`=$2 WHERE `id` = $3; {"$1":10,"$2":"2022-04-30 04:03:05.202 +00:00","$3":"936403422322757682"}
[27521523 (2882886)] Executing (default): UPDATE `users` SET `cmds`=$1,`updatedAt`=$2 WHERE `id` = $3; {"$1":10,"$2":"2022-04-30 04:03:05.286 +00:00","$3":"936404591413706882"}
[27521523 (2882978)] Executing (default): UPDATE `users` SET `cmds`=$1,`updatedAt`=$2 WHERE `id` = $3; {"$1":10,"$2":"2022-04-30 04:03:05.379 +00:00","$3":"936802127995621439"}
[27521523 (2887494)] Executing (default): UPDATE `users` SET `clr`=$1,`updatedAt`=$2 WHERE `id` = $3; {"$1":"#00aaaa;0","$2":"2022-04-30 04:03:09.894 +00:00","$3":"936813208658923670"}
[27521523 (2887510)] Executing (default): UPDATE `users` SET `cmds`=$1,`updatedAt`=$2 WHERE `id` = $3; {"$1":460,"$2":"2022-04-30 04:03:09.912 +00:00","$3":"671708767813107724"}
[27521523 (2887553)] Executing (default): UPDATE `users` SET `clr`=$1,`updatedAt`=$2 WHERE `id` = $3; {"$1":"#00aaaa;0","$2":"2022-04-30 04:03:09.954 +00:00","$3":"939650582208196640"}
[27521523 (2887557)] Executing (default): UPDATE `users` SET `clr`=$1,`updatedAt`=$2 WHERE `id` = $3; {"$1":"#00aaaa;0","$2":"2022-04-30 04:03:09.958 +00:00","$3":"936404216916897822"}
[27521523 (2887593)] Executing (default): UPDATE `users` SET `cmds`=$1,`updatedAt`=$2 WHERE `id` = $3; {"$1":461,"$2":"2022-04-30 04:03:09.994 +00:00","$3":"671708767813107724"}
[27521523 (2887595)] Executing (default): UPDATE `users` SET `cmds`=$1,`updatedAt`=$2 WHERE `id` = $3; {"$1":461,"$2":"2022-04-30 04:03:09.997 +00:00","$3":"671708767813107724"}
[27521523 (2887597)] Executing (default): UPDATE `users` SET `clr`=$1,`updatedAt`=$2 WHERE `id` = $3; {"$1":"#00aaaa;0","$2":"2022-04-30 04:03:09.998 +00:00","$3":"936805531018997811"}
[27521523 (2887599)] Executing (default): UPDATE `users` SET `clr`=$1,`updatedAt`=$2 WHERE `id` = $3; {"$1":"#00aaaa;0","$2":"2022-04-30 04:03:10.000 +00:00","$3":"936804182546063400"}
[27521523 (2887658)] Executing (default): UPDATE `users` SET `cmds`=$1,`updatedAt`=$2 WHERE `id` = $3; {"$1":462,"$2":"2022-04-30 04:03:10.059 +00:00","$3":"671708767813107724"}
[27521523 (2887659)] Executing (default): UPDATE `users` SET `clr`=$1,`updatedAt`=$2 WHERE `id` = $3; {"$1":"#00aaaa;0","$2":"2022-04-30 04:03:10.061 +00:00","$3":"936405341212672040"}
[27521523 (2887661)] Executing (default): UPDATE `users` SET `cmds`=$1,`updatedAt`=$2 WHERE `id` = $3; {"$1":462,"$2":"2022-04-30 04:03:10.062 +00:00","$3":"671708767813107724"}
[27521523 (2887696)] Executing (default): UPDATE `users` SET `cmds`=$1,`updatedAt`=$2 WHERE `id` = $3; {"$1":463,"$2":"2022-04-30 04:03:10.097 +00:00","$3":"671708767813107724"}
[27521523 (2887867)] Executing (default): UPDATE `users` SET `cmds`=$1,`updatedAt`=$2 WHERE `id` = $3; {"$1":10,"$2":"2022-04-30 04:03:10.269 +00:00","$3":"936813208658923670"}
[27521523 (2887984)] Executing (default): UPDATE `users` SET `cmds`=$1,`updatedAt`=$2 WHERE `id` = $3; {"$1":10,"$2":"2022-04-30 04:03:10.385 +00:00","$3":"936404216916897822"}
[27521523 (2888040)] Executing (default): UPDATE `users` SET `cmds`=$1,`updatedAt`=$2 WHERE `id` = $3; {"$1":10,"$2":"2022-04-30 04:03:10.441 +00:00","$3":"936805531018997811"}
[27521523 (2888057)] Executing (default): UPDATE `users` SET `cmds`=$1,`updatedAt`=$2 WHERE `id` = $3; {"$1":10,"$2":"2022-04-30 04:03:10.459 +00:00","$3":"936804182546063400"}
[27521523 (2888072)] Executing (default): UPDATE `users` SET `cmds`=$1,`updatedAt`=$2 WHERE `id` = $3; {"$1":10,"$2":"2022-04-30 04:03:10.474 +00:00","$3":"936405341212672040"}
[27521523 (2888110)] Executing (default): UPDATE `users` SET `cmds`=$1,`updatedAt`=$2 WHERE `id` = $3; {"$1":10,"$2":"2022-04-30 04:03:10.512 +00:00","$3":"939650582208196640"}
[27521523 (2930459)] Executing (default): UPDATE `users` SET `clr`=$1,`updatedAt`=$2 WHERE `id` = $3; {"$1":"#00aaaa;0","$2":"2022-04-30 04:03:52.860 +00:00","$3":"936403422322757682"}
[27521523 (2930472)] Executing (default): UPDATE `users` SET `cmds`=$1,`updatedAt`=$2 WHERE `id` = $3; {"$1":464,"$2":"2022-04-30 04:03:52.874 +00:00","$3":"671708767813107724"}
[27521523 (2930498)] Executing (default): UPDATE `users` SET `clr`=$1,`updatedAt`=$2 WHERE `id` = $3; {"$1":"#00aaaa;0","$2":"2022-04-30 04:03:52.899 +00:00","$3":"936804818301894736"}
[27521523 (2930507)] Executing (default): UPDATE `users` SET `cmds`=$1,`updatedAt`=$2 WHERE `id` = $3; {"$1":465,"$2":"2022-04-30 04:03:52.908 +00:00","$3":"671708767813107724"}
[27521523 (2930523)] Executing (default): UPDATE `users` SET `clr`=$1,`updatedAt`=$2 WHERE `id` = $3; {"$1":"#00aaaa;0","$2":"2022-04-30 04:03:52.924 +00:00","$3":"936404591413706882"}
[27521523 (2930531)] Executing (default): UPDATE `users` SET `cmds`=$1,`updatedAt`=$2 WHERE `id` = $3; {"$1":466,"$2":"2022-04-30 04:03:52.933 +00:00","$3":"671708767813107724"}
[27521523 (2930546)] Executing (default): UPDATE `users` SET `clr`=$1,`updatedAt`=$2 WHERE `id` = $3; {"$1":"#00aaaa;0","$2":"2022-04-30 04:03:52.947 +00:00","$3":"936802127995621439"}
[27521523 (2930554)] Executing (default): UPDATE `users` SET `cmds`=$1,`updatedAt`=$2 WHERE `id` = $3; {"$1":467,"$2":"2022-04-30 04:03:52.955 +00:00","$3":"671708767813107724"}
[27521523 (2930804)] Executing (default): UPDATE `users` SET `cmds`=$1,`updatedAt`=$2 WHERE `id` = $3; {"$1":11,"$2":"2022-04-30 04:03:53.205 +00:00","$3":"936403422322757682"}
[27521523 (2930878)] Executing (default): UPDATE `users` SET `cmds`=$1,`updatedAt`=$2 WHERE `id` = $3; {"$1":11,"$2":"2022-04-30 04:03:53.278 +00:00","$3":"936802127995621439"}
[27521523 (2930941)] Executing (default): UPDATE `users` SET `cmds`=$1,`updatedAt`=$2 WHERE `id` = $3; {"$1":11,"$2":"2022-04-30 04:03:53.342 +00:00","$3":"936404591413706882"}
[27521523 (2931264)] Executing (default): UPDATE `users` SET `cmds`=$1,`updatedAt`=$2 WHERE `id` = $3; {"$1":11,"$2":"2022-04-30 04:03:53.665 +00:00","$3":"936804818301894736"}
[27521523 (2935484)] Executing (default): UPDATE `users` SET `clr`=$1,`updatedAt`=$2 WHERE `id` = $3; {"$1":"#00aaaa;0","$2":"2022-04-30 04:03:57.885 +00:00","$3":"939650582208196640"}
[27521523 (2935486)] Executing (default): UPDATE `users` SET `clr`=$1,`updatedAt`=$2 WHERE `id` = $3; {"$1":"#00aaaa;0","$2":"2022-04-30 04:03:57.887 +00:00","$3":"936405341212672040"}
[27521523 (2935505)] Executing (default): UPDATE `users` SET `clr`=$1,`updatedAt`=$2 WHERE `id` = $3; {"$1":"#00aaaa;0","$2":"2022-04-30 04:03:57.907 +00:00","$3":"936813208658923670"}
[27521523 (2935522)] Executing (default): UPDATE `users` SET `cmds`=$1,`updatedAt`=$2 WHERE `id` = $3; {"$1":468,"$2":"2022-04-30 04:03:57.923 +00:00","$3":"671708767813107724"}
[27521523 (2935524)] Executing (default): UPDATE `users` SET `cmds`=$1,`updatedAt`=$2 WHERE `id` = $3; {"$1":468,"$2":"2022-04-30 04:03:57.925 +00:00","$3":"671708767813107724"}
[27521523 (2935540)] Executing (default): UPDATE `users` SET `cmds`=$1,`updatedAt`=$2 WHERE `id` = $3; {"$1":469,"$2":"2022-04-30 04:03:57.941 +00:00","$3":"671708767813107724"}
[27521523 (2935555)] Executing (default): UPDATE `users` SET `clr`=$1,`updatedAt`=$2 WHERE `id` = $3; {"$1":"#00aaaa;0","$2":"2022-04-30 04:03:57.957 +00:00","$3":"936404216916897822"}
[27521523 (2935566)] Executing (default): UPDATE `users` SET `cmds`=$1,`updatedAt`=$2 WHERE `id` = $3; {"$1":470,"$2":"2022-04-30 04:03:57.968 +00:00","$3":"671708767813107724"}
[27521523 (2935567)] Executing (default): UPDATE `users` SET `clr`=$1,`updatedAt`=$2 WHERE `id` = $3; {"$1":"#00aaaa;0","$2":"2022-04-30 04:03:57.969 +00:00","$3":"936805531018997811"}
[27521523 (2935581)] Executing (default): UPDATE `users` SET `cmds`=$1,`updatedAt`=$2 WHERE `id` = $3; {"$1":471,"$2":"2022-04-30 04:03:57.982 +00:00","$3":"671708767813107724"}
[27521523 (2935808)] Executing (default): UPDATE `users` SET `cmds`=$1,`updatedAt`=$2 WHERE `id` = $3; {"$1":11,"$2":"2022-04-30 04:03:58.209 +00:00","$3":"939650582208196640"}
[27521523 (2935818)] Executing (default): UPDATE `users` SET `cmds`=$1,`updatedAt`=$2 WHERE `id` = $3; {"$1":11,"$2":"2022-04-30 04:03:58.220 +00:00","$3":"936405341212672040"}
[27521523 (2935841)] Executing (default): UPDATE `users` SET `clr`=$1,`updatedAt`=$2 WHERE `id` = $3; {"$1":"#00aaaa;0","$2":"2022-04-30 04:03:58.242 +00:00","$3":"936804182546063400"}
[27521523 (2935852)] Executing (default): UPDATE `users` SET `cmds`=$1,`updatedAt`=$2 WHERE `id` = $3; {"$1":472,"$2":"2022-04-30 04:03:58.254 +00:00","$3":"671708767813107724"}
[27521523 (2935870)] Executing (default): UPDATE `users` SET `cmds`=$1,`updatedAt`=$2 WHERE `id` = $3; {"$1":11,"$2":"2022-04-30 04:03:58.271 +00:00","$3":"936813208658923670"}
[27521523 (2935894)] Executing (default): UPDATE `users` SET `cmds`=$1,`updatedAt`=$2 WHERE `id` = $3; {"$1":11,"$2":"2022-04-30 04:03:58.296 +00:00","$3":"936404216916897822"}
[27521523 (2935938)] Executing (default): UPDATE `users` SET `cmds`=$1,`updatedAt`=$2 WHERE `id` = $3; {"$1":11,"$2":"2022-04-30 04:03:58.339 +00:00","$3":"936805531018997811"}
[27521523 (2936163)] Executing (default): UPDATE `users` SET `cmds`=$1,`updatedAt`=$2 WHERE `id` = $3; {"$1":11,"$2":"2022-04-30 04:03:58.564 +00:00","$3":"936804182546063400"}
[27521536 (3678030)] Executing (default): UPDATE `users` SET `xp`=$1,`xpc`=$2,`updatedAt`=$3 WHERE `id` = $4; {"$1":"2;207","$2":27521537,"$3":"2022-04-30 04:16:20.429 +00:00","$4":"642714979983687682"}
[27521536 (3678043)] Executing (default): UPDATE `users` SET `clr`=$1,`updatedAt`=$2 WHERE `id` = $3; {"$1":"#00aaaa;0","$2":"2022-04-30 04:16:20.443 +00:00","$3":"642714979983687682"}
[27521536 (3678058)] Executing (default): UPDATE `users` SET `cmds`=$1,`updatedAt`=$2 WHERE `id` = $3; {"$1":473,"$2":"2022-04-30 04:16:20.459 +00:00","$3":"671708767813107724"}
[27521536 (3678068)] Executing (default): UPDATE `users` SET `cmds`=$1,`updatedAt`=$2 WHERE `id` = $3; {"$1":269,"$2":"2022-04-30 04:16:20.469 +00:00","$3":"642714979983687682"}
[27521536 (3691567)] Executing (default): UPDATE `users` SET `clr`=$1,`updatedAt`=$2 WHERE `id` = $3; {"$1":"#00aaaa;0","$2":"2022-04-30 04:16:33.968 +00:00","$3":"642714979983687682"}
[27521536 (3691581)] Executing (default): UPDATE `users` SET `cmds`=$1,`updatedAt`=$2 WHERE `id` = $3; {"$1":474,"$2":"2022-04-30 04:16:33.982 +00:00","$3":"671708767813107724"}
[27521536 (3691790)] Executing (default): UPDATE `users` SET `cmds`=$1,`updatedAt`=$2 WHERE `id` = $3; {"$1":270,"$2":"2022-04-30 04:16:34.191 +00:00","$3":"642714979983687682"}
[27521536 (3695321)] Executing (default): UPDATE `channels` SET `snipe`=$1,`updatedAt`=$2 WHERE `id` = $3; {"$1":"642714979983687682;fnJvbGVuYW1lIHIxIHN0YXRpYyBpcyBnYXk=","$2":"2022-04-30 04:16:37.722 +00:00","$3":"801010489105711104"}
[27521536 (3706801)] Executing (default): UPDATE `users` SET `clr`=$1,`updatedAt`=$2 WHERE `id` = $3; {"$1":"#00aaaa;0","$2":"2022-04-30 04:16:49.203 +00:00","$3":"642714979983687682"}
[27521536 (3706818)] Executing (default): UPDATE `users` SET `cmds`=$1,`updatedAt`=$2 WHERE `id` = $3; {"$1":475,"$2":"2022-04-30 04:16:49.219 +00:00","$3":"671708767813107724"}
[27521536 (3707231)] Executing (default): UPDATE `users` SET `cmds`=$1,`updatedAt`=$2 WHERE `id` = $3; {"$1":271,"$2":"2022-04-30 04:16:49.632 +00:00","$3":"642714979983687682"}
[27521536 (3709870)] Executing (default): UPDATE `channels` SET `snipe`=$1,`updatedAt`=$2 WHERE `id` = $3; {"$1":"642714979983687682;fnJvbGVuYW1lIHIxIHN0YXRpYyBpcyBnYXk=","$2":"2022-04-30 04:16:52.271 +00:00","$3":"801010489105711104"}
[27521536 (3712929)] Executing (default): UPDATE `users` SET `clr`=$1,`updatedAt`=$2 WHERE `id` = $3; {"$1":"#00aaaa;0","$2":"2022-04-30 04:16:55.330 +00:00","$3":"642714979983687682"}
[27521536 (3712940)] Executing (default): UPDATE `users` SET `cmds`=$1,`updatedAt`=$2 WHERE `id` = $3; {"$1":476,"$2":"2022-04-30 04:16:55.342 +00:00","$3":"671708767813107724"}
[27521536 (3712948)] Executing (default): UPDATE `users` SET `cmds`=$1,`updatedAt`=$2 WHERE `id` = $3; {"$1":272,"$2":"2022-04-30 04:16:55.349 +00:00","$3":"642714979983687682"}
[27521537 (3727127)] Executing (default): UPDATE `users` SET `xp`=$1,`xpc`=$2,`updatedAt`=$3 WHERE `id` = $4; {"$1":"2;229","$2":27521538,"$3":"2022-04-30 04:17:09.528 +00:00","$4":"642714979983687682"}
[27521537 (3727138)] Executing (default): UPDATE `users` SET `clr`=$1,`updatedAt`=$2 WHERE `id` = $3; {"$1":"#00aaaa;0","$2":"2022-04-30 04:17:09.539 +00:00","$3":"642714979983687682"}
[27521537 (3727150)] Executing (default): UPDATE `users` SET `cmds`=$1,`updatedAt`=$2 WHERE `id` = $3; {"$1":477,"$2":"2022-04-30 04:17:09.552 +00:00","$3":"671708767813107724"}
[27521537 (3727462)] Executing (default): UPDATE `users` SET `cmds`=$1,`updatedAt`=$2 WHERE `id` = $3; {"$1":273,"$2":"2022-04-30 04:17:09.863 +00:00","$3":"642714979983687682"}
[27521537 (3730292)] Executing (default): UPDATE `channels` SET `snipe`=$1,`updatedAt`=$2 WHERE `id` = $3; {"$1":"642714979983687682;fnJvbGVuYW1lIHJsIHN0YXRpYyBpcyBnYXk=","$2":"2022-04-30 04:17:12.693 +00:00","$3":"801010489105711104"}
[27521537 (3737393)] Executing (default): UPDATE `users` SET `clr`=$1,`updatedAt`=$2 WHERE `id` = $3; {"$1":"#00aaaa;0","$2":"2022-04-30 04:17:19.794 +00:00","$3":"642714979983687682"}
[27521537 (3737401)] Executing (default): UPDATE `users` SET `cmds`=$1,`updatedAt`=$2 WHERE `id` = $3; {"$1":478,"$2":"2022-04-30 04:17:19.802 +00:00","$3":"671708767813107724"}
[27521537 (3737628)] Executing (default): UPDATE `users` SET `cmds`=$1,`updatedAt`=$2 WHERE `id` = $3; {"$1":274,"$2":"2022-04-30 04:17:20.029 +00:00","$3":"642714979983687682"}
[27521537 (3748771)] Executing (default): UPDATE `users` SET `clr`=$1,`updatedAt`=$2 WHERE `id` = $3; {"$1":"#00aaaa;0","$2":"2022-04-30 04:17:31.173 +00:00","$3":"642714979983687682"}
[27521537 (3748782)] Executing (default): UPDATE `users` SET `cmds`=$1,`updatedAt`=$2 WHERE `id` = $3; {"$1":479,"$2":"2022-04-30 04:17:31.183 +00:00","$3":"671708767813107724"}
[27521537 (3749060)] Executing (default): UPDATE `users` SET `cmds`=$1,`updatedAt`=$2 WHERE `id` = $3; {"$1":275,"$2":"2022-04-30 04:17:31.461 +00:00","$3":"642714979983687682"}
[27521537 (3754922)] Executing (default): UPDATE `users` SET `clr`=$1,`updatedAt`=$2 WHERE `id` = $3; {"$1":"#00aaaa;0","$2":"2022-04-30 04:17:37.323 +00:00","$3":"642714979983687682"}
[27521537 (3754940)] Executing (default): UPDATE `users` SET `cmds`=$1,`updatedAt`=$2 WHERE `id` = $3; {"$1":480,"$2":"2022-04-30 04:17:37.341 +00:00","$3":"671708767813107724"}
[27521537 (3755342)] Executing (default): UPDATE `users` SET `cmds`=$1,`updatedAt`=$2 WHERE `id` = $3; {"$1":276,"$2":"2022-04-30 04:17:37.744 +00:00","$3":"642714979983687682"}
[27521538 (3787015)] Executing (default): UPDATE `users` SET `xp`=$1,`xpc`=$2,`updatedAt`=$3 WHERE `id` = $4; {"$1":"2;255","$2":27521539,"$3":"2022-04-30 04:18:09.416 +00:00","$4":"642714979983687682"}
[27521538 (3813386)] Executing (default): UPDATE `users` SET `clr`=$1,`updatedAt`=$2 WHERE `id` = $3; {"$1":"#00aaaa;0","$2":"2022-04-30 04:18:35.787 +00:00","$3":"642714979983687682"}
[27521538 (3813396)] Executing (default): UPDATE `users` SET `cmds`=$1,`updatedAt`=$2 WHERE `id` = $3; {"$1":481,"$2":"2022-04-30 04:18:35.798 +00:00","$3":"671708767813107724"}
[27521538 (3813647)] Executing (default): UPDATE `users` SET `cmds`=$1,`updatedAt`=$2 WHERE `id` = $3; {"$1":277,"$2":"2022-04-30 04:18:36.048 +00:00","$3":"642714979983687682"}
[27521538 (3818734)] Executing (default): UPDATE `users` SET `clr`=$1,`updatedAt`=$2 WHERE `id` = $3; {"$1":"#00aaaa;0","$2":"2022-04-30 04:18:41.135 +00:00","$3":"642714979983687682"}
[27521538 (3818750)] Executing (default): UPDATE `users` SET `cmds`=$1,`updatedAt`=$2 WHERE `id` = $3; {"$1":482,"$2":"2022-04-30 04:18:41.151 +00:00","$3":"671708767813107724"}
[27521538 (3819045)] Executing (default): UPDATE `users` SET `cmds`=$1,`updatedAt`=$2 WHERE `id` = $3; {"$1":278,"$2":"2022-04-30 04:18:41.446 +00:00","$3":"642714979983687682"}
[27521538 (3820375)] Executing (default): UPDATE `users` SET `clr`=$1,`updatedAt`=$2 WHERE `id` = $3; {"$1":"#00aaaa;0","$2":"2022-04-30 04:18:42.776 +00:00","$3":"642714979983687682"}
[27521538 (3820389)] Executing (default): UPDATE `users` SET `cmds`=$1,`updatedAt`=$2 WHERE `id` = $3; {"$1":483,"$2":"2022-04-30 04:18:42.790 +00:00","$3":"671708767813107724"}
[27521538 (3820405)] Executing (default): UPDATE `users` SET `cmds`=$1,`updatedAt`=$2 WHERE `id` = $3; {"$1":279,"$2":"2022-04-30 04:18:42.805 +00:00","$3":"642714979983687682"}
[27521538 (3827427)] Executing (default): UPDATE `users` SET `clr`=$1,`updatedAt`=$2 WHERE `id` = $3; {"$1":"#00aaaa;0","$2":"2022-04-30 04:18:49.828 +00:00","$3":"642714979983687682"}
[27521538 (3827442)] Executing (default): UPDATE `users` SET `cmds`=$1,`updatedAt`=$2 WHERE `id` = $3; {"$1":484,"$2":"2022-04-30 04:18:49.843 +00:00","$3":"671708767813107724"}
[27521538 (3827677)] Executing (default): UPDATE `users` SET `cmds`=$1,`updatedAt`=$2 WHERE `id` = $3; {"$1":280,"$2":"2022-04-30 04:18:50.078 +00:00","$3":"642714979983687682"}
[27521542 (4055948)] Executing (default): UPDATE `users` SET `clr`=$1,`updatedAt`=$2 WHERE `id` = $3; {"$1":"#00aaaa;0","$2":"2022-04-30 04:22:38.349 +00:00","$3":"501710994293129216"}
[27521542 (4055963)] Executing (default): UPDATE `users` SET `cmds`=$1,`updatedAt`=$2 WHERE `id` = $3; {"$1":485,"$2":"2022-04-30 04:22:38.364 +00:00","$3":"671708767813107724"}
[27521542 (4056209)] Executing (default): UPDATE `users` SET `cmds`=$1,`updatedAt`=$2 WHERE `id` = $3; {"$1":274,"$2":"2022-04-30 04:22:38.610 +00:00","$3":"501710994293129216"}
[27521542 (4066888)] Executing (default): UPDATE `users` SET `clr`=$1,`updatedAt`=$2 WHERE `id` = $3; {"$1":"#00aaaa;0","$2":"2022-04-30 04:22:49.290 +00:00","$3":"501710994293129216"}
[27521542 (4066903)] Executing (default): UPDATE `users` SET `cmds`=$1,`updatedAt`=$2 WHERE `id` = $3; {"$1":486,"$2":"2022-04-30 04:22:49.303 +00:00","$3":"671708767813107724"}
[27521542 (4066913)] Executing (default): UPDATE `users` SET `cmds`=$1,`updatedAt`=$2 WHERE `id` = $3; {"$1":275,"$2":"2022-04-30 04:22:49.314 +00:00","$3":"642714979983687682"}
[27521542 (4066924)] Executing (default): UPDATE `users` SET `xp`=$1,`xpc`=$2,`updatedAt`=$3 WHERE `id` = $4; {"$1":"2;280","$2":27521543,"$3":"2022-04-30 04:22:49.325 +00:00","$4":"642714979983687682"}
[27521542 (4066930)] Executing (default): UPDATE `users` SET `clr`=$1,`updatedAt`=$2 WHERE `id` = $3; {"$1":"#00aaaa;0","$2":"2022-04-30 04:22:49.331 +00:00","$3":"642714979983687682"}
[27521542 (4066938)] Executing (default): UPDATE `users` SET `cmds`=$1,`updatedAt`=$2 WHERE `id` = $3; {"$1":487,"$2":"2022-04-30 04:22:49.340 +00:00","$3":"671708767813107724"}
[27521542 (4067111)] Executing (default): UPDATE `users` SET `cst`=$1,`updatedAt`=$2 WHERE `id` = $3; {"$1":"judge;rebel;supreme;947200161929625720","$2":"2022-04-30 04:22:49.511 +00:00","$3":"642714979983687682"}
[27521542 (4067110)] Executing (default): UPDATE `users` SET `nick`=$1,`updatedAt`=$2 WHERE `id` = $3; {"$1":null,"$2":"2022-04-30 04:22:49.510 +00:00","$3":"642714979983687682"}
[27521542 (4067346)] Executing (default): UPDATE `users` SET `cmds`=$1,`updatedAt`=$2 WHERE `id` = $3; {"$1":276,"$2":"2022-04-30 04:22:49.748 +00:00","$3":"501710994293129216"}
[27521543 (4083092)] Executing (default): UPDATE `users` SET `clr`=$1,`updatedAt`=$2 WHERE `id` = $3; {"$1":"#00aaaa;0","$2":"2022-04-30 04:23:05.493 +00:00","$3":"939646264813969420"}
[27521543 (4083108)] Executing (default): UPDATE `users` SET `cmds`=$1,`updatedAt`=$2 WHERE `id` = $3; {"$1":488,"$2":"2022-04-30 04:23:05.508 +00:00","$3":"671708767813107724"}
[27521543 (4083122)] Executing (default): UPDATE `users` SET `clr`=$1,`updatedAt`=$2 WHERE `id` = $3; {"$1":"#00aaaa;0","$2":"2022-04-30 04:23:05.523 +00:00","$3":"939658896694452225"}
[27521543 (4083125)] Executing (default): UPDATE `users` SET `clr`=$1,`updatedAt`=$2 WHERE `id` = $3; {"$1":"#00aaaa;0","$2":"2022-04-30 04:23:05.527 +00:00","$3":"936824075349807105"}
[27521543 (4083147)] Executing (default): UPDATE `users` SET `cmds`=$1,`updatedAt`=$2 WHERE `id` = $3; {"$1":489,"$2":"2022-04-30 04:23:05.549 +00:00","$3":"671708767813107724"}
[27521543 (4083157)] Executing (default): UPDATE `users` SET `cmds`=$1,`updatedAt`=$2 WHERE `id` = $3; {"$1":490,"$2":"2022-04-30 04:23:05.558 +00:00","$3":"671708767813107724"}
[27521543 (4083158)] Executing (default): UPDATE `users` SET `clr`=$1,`updatedAt`=$2 WHERE `id` = $3; {"$1":"#00aaaa;0","$2":"2022-04-30 04:23:05.560 +00:00","$3":"939656016671440926"}
[27521543 (4083160)] Executing (default): UPDATE `users` SET `clr`=$1,`updatedAt`=$2 WHERE `id` = $3; {"$1":"#00aaaa;0","$2":"2022-04-30 04:23:05.562 +00:00","$3":"939650168268161124"}
[27521543 (4083174)] Executing (default): UPDATE `users` SET `clr`=$1,`updatedAt`=$2 WHERE `id` = $3; {"$1":"#00aaaa;0","$2":"2022-04-30 04:23:05.576 +00:00","$3":"939648238661804123"}
[27521543 (4083187)] Executing (default): UPDATE `users` SET `clr`=$1,`updatedAt`=$2 WHERE `id` = $3; {"$1":"#00aaaa;0","$2":"2022-04-30 04:23:05.589 +00:00","$3":"939648883569614860"}
[27521543 (4083205)] Executing (default): UPDATE `users` SET `cmds`=$1,`updatedAt`=$2 WHERE `id` = $3; {"$1":491,"$2":"2022-04-30 04:23:05.606 +00:00","$3":"671708767813107724"}
[27521543 (4083208)] Executing (default): UPDATE `users` SET `cmds`=$1,`updatedAt`=$2 WHERE `id` = $3; {"$1":491,"$2":"2022-04-30 04:23:05.610 +00:00","$3":"671708767813107724"}
[27521543 (4083226)] Executing (default): UPDATE `users` SET `cmds`=$1,`updatedAt`=$2 WHERE `id` = $3; {"$1":492,"$2":"2022-04-30 04:23:05.627 +00:00","$3":"671708767813107724"}
[27521543 (4083227)] Executing (default): UPDATE `users` SET `cmds`=$1,`updatedAt`=$2 WHERE `id` = $3; {"$1":492,"$2":"2022-04-30 04:23:05.628 +00:00","$3":"671708767813107724"}
[27521543 (4083253)] Executing (default): UPDATE `users` SET `clr`=$1,`updatedAt`=$2 WHERE `id` = $3; {"$1":"#00aaaa;0","$2":"2022-04-30 04:23:05.655 +00:00","$3":"939657547852435536"}
[27521543 (4083273)] Executing (default): UPDATE `users` SET `cmds`=$1,`updatedAt`=$2 WHERE `id` = $3; {"$1":493,"$2":"2022-04-30 04:23:05.675 +00:00","$3":"671708767813107724"}
[27521543 (4083302)] Executing (default): UPDATE `users` SET `clr`=$1,`updatedAt`=$2 WHERE `id` = $3; {"$1":"#00aaaa;0","$2":"2022-04-30 04:23:05.703 +00:00","$3":"939645688864727090"}
[27521543 (4083315)] Executing (default): UPDATE `users` SET `cmds`=$1,`updatedAt`=$2 WHERE `id` = $3; {"$1":494,"$2":"2022-04-30 04:23:05.717 +00:00","$3":"671708767813107724"}
[27521543 (4083433)] Executing (default): UPDATE `users` SET `cmds`=$1,`updatedAt`=$2 WHERE `id` = $3; {"$1":14,"$2":"2022-04-30 04:23:05.834 +00:00","$3":"939646264813969420"}
[27521543 (4083506)] Executing (default): UPDATE `users` SET `cmds`=$1,`updatedAt`=$2 WHERE `id` = $3; {"$1":14,"$2":"2022-04-30 04:23:05.907 +00:00","$3":"939658896694452225"}
[27521543 (4083570)] Executing (default): UPDATE `users` SET `cmds`=$1,`updatedAt`=$2 WHERE `id` = $3; {"$1":14,"$2":"2022-04-30 04:23:05.971 +00:00","$3":"939648238661804123"}
[27521543 (4083581)] Executing (default): UPDATE `users` SET `cmds`=$1,`updatedAt`=$2 WHERE `id` = $3; {"$1":14,"$2":"2022-04-30 04:23:05.982 +00:00","$3":"939648883569614860"}
[27521543 (4083614)] Executing (default): UPDATE `users` SET `cmds`=$1,`updatedAt`=$2 WHERE `id` = $3; {"$1":14,"$2":"2022-04-30 04:23:06.015 +00:00","$3":"936824075349807105"}
[27521543 (4083619)] Executing (default): UPDATE `users` SET `cmds`=$1,`updatedAt`=$2 WHERE `id` = $3; {"$1":14,"$2":"2022-04-30 04:23:06.020 +00:00","$3":"939650168268161124"}
[27521543 (4083677)] Executing (default): UPDATE `users` SET `cmds`=$1,`updatedAt`=$2 WHERE `id` = $3; {"$1":14,"$2":"2022-04-30 04:23:06.078 +00:00","$3":"939645688864727090"}
[27521543 (4083694)] Executing (default): UPDATE `users` SET `cmds`=$1,`updatedAt`=$2 WHERE `id` = $3; {"$1":14,"$2":"2022-04-30 04:23:06.096 +00:00","$3":"939656016671440926"}
[27521543 (4083726)] Executing (default): UPDATE `users` SET `cmds`=$1,`updatedAt`=$2 WHERE `id` = $3; {"$1":14,"$2":"2022-04-30 04:23:06.127 +00:00","$3":"939657547852435536"}
[27521543 (4120764)] Executing (default): UPDATE `users` SET `xp`=$1,`xpc`=$2,`updatedAt`=$3 WHERE `id` = $4; {"$1":"2;310","$2":27521544,"$3":"2022-04-30 04:23:43.165 +00:00","$4":"642714979983687682"}
[27521543 (4130937)] Executing (default): UPDATE `users` SET `clr`=$1,`updatedAt`=$2 WHERE `id` = $3; {"$1":"#00aaaa;0","$2":"2022-04-30 04:23:53.338 +00:00","$3":"939645688864727090"}
[27521543 (4130965)] Executing (default): UPDATE `users` SET `cmds`=$1,`updatedAt`=$2 WHERE `id` = $3; {"$1":495,"$2":"2022-04-30 04:23:53.367 +00:00","$3":"671708767813107724"}
[27521543 (4131079)] Executing (default): UPDATE `users` SET `clr`=$1,`updatedAt`=$2 WHERE `id` = $3; {"$1":"#00aaaa;0","$2":"2022-04-30 04:23:53.481 +00:00","$3":"939648238661804123"}
[27521543 (4131103)] Executing (default): UPDATE `users` SET `cmds`=$1,`updatedAt`=$2 WHERE `id` = $3; {"$1":496,"$2":"2022-04-30 04:23:53.504 +00:00","$3":"671708767813107724"}
[27521543 (4131126)] Executing (default): UPDATE `users` SET `clr`=$1,`updatedAt`=$2 WHERE `id` = $3; {"$1":"#00aaaa;0","$2":"2022-04-30 04:23:53.527 +00:00","$3":"936824075349807105"}
[27521543 (4131126)] Executing (default): UPDATE `users` SET `clr`=$1,`updatedAt`=$2 WHERE `id` = $3; {"$1":"#00aaaa;0","$2":"2022-04-30 04:23:53.528 +00:00","$3":"939656016671440926"}
[27521543 (4131129)] Executing (default): UPDATE `users` SET `clr`=$1,`updatedAt`=$2 WHERE `id` = $3; {"$1":"#00aaaa;0","$2":"2022-04-30 04:23:53.531 +00:00","$3":"939658896694452225"}
[27521543 (4131153)] Executing (default): UPDATE `users` SET `clr`=$1,`updatedAt`=$2 WHERE `id` = $3; {"$1":"#00aaaa;0","$2":"2022-04-30 04:23:53.554 +00:00","$3":"939646264813969420"}
[27521543 (4131154)] Executing (default): UPDATE `users` SET `cmds`=$1,`updatedAt`=$2 WHERE `id` = $3; {"$1":497,"$2":"2022-04-30 04:23:53.556 +00:00","$3":"671708767813107724"}
[27521543 (4131155)] Executing (default): UPDATE `users` SET `cmds`=$1,`updatedAt`=$2 WHERE `id` = $3; {"$1":497,"$2":"2022-04-30 04:23:53.557 +00:00","$3":"671708767813107724"}
[27521543 (4131156)] Executing (default): UPDATE `users` SET `cmds`=$1,`updatedAt`=$2 WHERE `id` = $3; {"$1":497,"$2":"2022-04-30 04:23:53.558 +00:00","$3":"671708767813107724"}
[27521543 (4131186)] Executing (default): UPDATE `users` SET `cmds`=$1,`updatedAt`=$2 WHERE `id` = $3; {"$1":498,"$2":"2022-04-30 04:23:53.587 +00:00","$3":"671708767813107724"}
[27521543 (4131188)] Executing (default): UPDATE `users` SET `clr`=$1,`updatedAt`=$2 WHERE `id` = $3; {"$1":"#00aaaa;0","$2":"2022-04-30 04:23:53.590 +00:00","$3":"939657547852435536"}
[27521543 (4131205)] Executing (default): UPDATE `users` SET `clr`=$1,`updatedAt`=$2 WHERE `id` = $3; {"$1":"#00aaaa;0","$2":"2022-04-30 04:23:53.606 +00:00","$3":"939648883569614860"}
[27521543 (4131212)] Executing (default): UPDATE `users` SET `cmds`=$1,`updatedAt`=$2 WHERE `id` = $3; {"$1":499,"$2":"2022-04-30 04:23:53.614 +00:00","$3":"671708767813107724"}
[27521543 (4131222)] Executing (default): UPDATE `users` SET `cmds`=$1,`updatedAt`=$2 WHERE `id` = $3; {"$1":500,"$2":"2022-04-30 04:23:53.624 +00:00","$3":"671708767813107724"}
[27521543 (4131339)] Executing (default): UPDATE `users` SET `clr`=$1,`updatedAt`=$2 WHERE `id` = $3; {"$1":"#00aaaa;0","$2":"2022-04-30 04:23:53.740 +00:00","$3":"939650168268161124"}
[27521543 (4131352)] Executing (default): UPDATE `users` SET `cmds`=$1,`updatedAt`=$2 WHERE `id` = $3; {"$1":501,"$2":"2022-04-30 04:23:53.753 +00:00","$3":"671708767813107724"}
[27521543 (4131430)] Executing (default): UPDATE `users` SET `cmds`=$1,`updatedAt`=$2 WHERE `id` = $3; {"$1":15,"$2":"2022-04-30 04:23:53.831 +00:00","$3":"939648238661804123"}
[27521543 (4131481)] Executing (default): UPDATE `users` SET `cmds`=$1,`updatedAt`=$2 WHERE `id` = $3; {"$1":15,"$2":"2022-04-30 04:23:53.881 +00:00","$3":"939658896694452225"}
[27521543 (4131509)] Executing (default): UPDATE `users` SET `cmds`=$1,`updatedAt`=$2 WHERE `id` = $3; {"$1":15,"$2":"2022-04-30 04:23:53.911 +00:00","$3":"939648883569614860"}
[27521543 (4131537)] Executing (default): UPDATE `users` SET `cmds`=$1,`updatedAt`=$2 WHERE `id` = $3; {"$1":15,"$2":"2022-04-30 04:23:53.938 +00:00","$3":"939657547852435536"}
[27521543 (4131540)] Executing (default): UPDATE `users` SET `cmds`=$1,`updatedAt`=$2 WHERE `id` = $3; {"$1":15,"$2":"2022-04-30 04:23:53.941 +00:00","$3":"939646264813969420"}
[27521543 (4131570)] Executing (default): UPDATE `users` SET `cmds`=$1,`updatedAt`=$2 WHERE `id` = $3; {"$1":15,"$2":"2022-04-30 04:23:53.972 +00:00","$3":"939656016671440926"}
[27521543 (4131635)] Executing (default): UPDATE `users` SET `cmds`=$1,`updatedAt`=$2 WHERE `id` = $3; {"$1":15,"$2":"2022-04-30 04:23:54.036 +00:00","$3":"936824075349807105"}
[27521543 (4131708)] Executing (default): UPDATE `users` SET `cmds`=$1,`updatedAt`=$2 WHERE `id` = $3; {"$1":15,"$2":"2022-04-30 04:23:54.110 +00:00","$3":"939650168268161124"}
[27521543 (4131712)] Executing (default): UPDATE `users` SET `cmds`=$1,`updatedAt`=$2 WHERE `id` = $3; {"$1":15,"$2":"2022-04-30 04:23:54.113 +00:00","$3":"939645688864727090"}
[27521543 (4135510)] Executing (default): UPDATE `users` SET `clr`=$1,`updatedAt`=$2 WHERE `id` = $3; {"$1":"#00aaaa;0","$2":"2022-04-30 04:23:57.911 +00:00","$3":"642714979983687682"}
[27521543 (4135524)] Executing (default): UPDATE `users` SET `cmds`=$1,`updatedAt`=$2 WHERE `id` = $3; {"$1":502,"$2":"2022-04-30 04:23:57.926 +00:00","$3":"671708767813107724"}
[27521543 (4135741)] Executing (default): UPDATE `users` SET `nick`=$1,`updatedAt`=$2 WHERE `id` = $3; {"$1":null,"$2":"2022-04-30 04:23:58.140 +00:00","$3":"642714979983687682"}
[27521543 (4135742)] Executing (default): UPDATE `users` SET `cst`=$1,`updatedAt`=$2 WHERE `id` = $3; {"$1":"judge;rebel;supreme;947200161929625720;968086288840392797","$2":"2022-04-30 04:23:58.141 +00:00","$3":"642714979983687682"}
[27521543 (4136056)] Executing (default): UPDATE `users` SET `cmds`=$1,`updatedAt`=$2 WHERE `id` = $3; {"$1":276,"$2":"2022-04-30 04:23:58.457 +00:00","$3":"642714979983687682"}
[27521544 (4139281)] Executing (default): UPDATE `users` SET `xp`=$1,`xpc`=$2,`updatedAt`=$3 WHERE `id` = $4; {"$1":"2;338","$2":27521545,"$3":"2022-04-30 04:24:01.682 +00:00","$4":"642714979983687682"}
[27521544 (4145947)] Executing (default): UPDATE `users` SET `clr`=$1,`updatedAt`=$2 WHERE `id` = $3; {"$1":"#00aaaa;0","$2":"2022-04-30 04:24:08.348 +00:00","$3":"501710994293129216"}
[27521544 (4145960)] Executing (default): UPDATE `users` SET `cmds`=$1,`updatedAt`=$2 WHERE `id` = $3; {"$1":503,"$2":"2022-04-30 04:24:08.361 +00:00","$3":"671708767813107724"}
[27521544 (4146281)] Executing (default): UPDATE `users` SET `cmds`=$1,`updatedAt`=$2 WHERE `id` = $3; {"$1":277,"$2":"2022-04-30 04:24:08.683 +00:00","$3":"501710994293129216"}
[27521544 (4163300)] Executing (default): UPDATE `users` SET `clr`=$1,`updatedAt`=$2 WHERE `id` = $3; {"$1":"#00aaaa;0","$2":"2022-04-30 04:24:25.701 +00:00","$3":"501710994293129216"}
[27521544 (4163312)] Executing (default): UPDATE `users` SET `cmds`=$1,`updatedAt`=$2 WHERE `id` = $3; {"$1":504,"$2":"2022-04-30 04:24:25.714 +00:00","$3":"671708767813107724"}
[27521544 (4163326)] Executing (default): UPDATE `users` SET `cmds`=$1,`updatedAt`=$2 WHERE `id` = $3; {"$1":278,"$2":"2022-04-30 04:24:25.727 +00:00","$3":"501710994293129216"}
[27521545 (4200076)] Executing (default): UPDATE `users` SET `xp`=$1,`xpc`=$2,`updatedAt`=$3 WHERE `id` = $4; {"$1":"2;359","$2":27521546,"$3":"2022-04-30 04:25:02.477 +00:00","$4":"642714979983687682"}
[27521545 (4250557)] Executing (default): UPDATE `users` SET `clr`=$1,`updatedAt`=$2 WHERE `id` = $3; {"$1":"#00aaaa;0","$2":"2022-04-30 04:25:52.958 +00:00","$3":"642714979983687682"}
[27521545 (4252863)] Executing (default): UPDATE `users` SET `clr`=$1,`updatedAt`=$2 WHERE `id` = $3; {"$1":"#00aaaa;0","$2":"2022-04-30 04:25:55.265 +00:00","$3":"642714979983687682"}
[27521545 (4252872)] Executing (default): UPDATE `users` SET `cmds`=$1,`updatedAt`=$2 WHERE `id` = $3; {"$1":505,"$2":"2022-04-30 04:25:55.274 +00:00","$3":"671708767813107724"}
[27521545 (4252879)] Executing (default): UPDATE `users` SET `cst`=$1,`updatedAt`=$2 WHERE `id` = $3; {"$1":"judge;rebel;supreme;947200161929625720;968086288840392797;dragon","$2":"2022-04-30 04:25:55.281 +00:00","$3":"642714979983687682"}
[27521545 (4252886)] Executing (default): UPDATE `users` SET `cmds`=$1,`updatedAt`=$2 WHERE `id` = $3; {"$1":277,"$2":"2022-04-30 04:25:55.287 +00:00","$3":"642714979983687682"}
[27521546 (4257955)] Executing (default): UPDATE `users` SET `clr`=$1,`updatedAt`=$2 WHERE `id` = $3; {"$1":"#00aaaa;0","$2":"2022-04-30 04:26:00.357 +00:00","$3":"642714979983687682"}
[27521546 (4257968)] Executing (default): UPDATE `users` SET `cmds`=$1,`updatedAt`=$2 WHERE `id` = $3; {"$1":506,"$2":"2022-04-30 04:26:00.369 +00:00","$3":"671708767813107724"}
[27521546 (4257976)] Executing (default): UPDATE `users` SET `cmds`=$1,`updatedAt`=$2 WHERE `id` = $3; {"$1":278,"$2":"2022-04-30 04:26:00.377 +00:00","$3":"642714979983687682"}
[27521546 (4266299)] Executing (default): UPDATE `users` SET `xp`=$1,`xpc`=$2,`updatedAt`=$3 WHERE `id` = $4; {"$1":"2;377","$2":27521547,"$3":"2022-04-30 04:26:08.701 +00:00","$4":"642714979983687682"}
[27521546 (4266305)] Executing (default): UPDATE `users` SET `clr`=$1,`updatedAt`=$2 WHERE `id` = $3; {"$1":"#00aaaa;0","$2":"2022-04-30 04:26:08.707 +00:00","$3":"642714979983687682"}
[27521546 (4266312)] Executing (default): UPDATE `users` SET `cmds`=$1,`updatedAt`=$2 WHERE `id` = $3; {"$1":507,"$2":"2022-04-30 04:26:08.714 +00:00","$3":"671708767813107724"}
[27521546 (4266319)] Executing (default): UPDATE `users` SET `cmds`=$1,`updatedAt`=$2 WHERE `id` = $3; {"$1":279,"$2":"2022-04-30 04:26:08.720 +00:00","$3":"642714979983687682"}
[27521546 (4275525)] Executing (default): UPDATE `users` SET `clr`=$1,`updatedAt`=$2 WHERE `id` = $3; {"$1":"#00aaaa;0","$2":"2022-04-30 04:26:17.926 +00:00","$3":"642714979983687682"}
[27521546 (4275537)] Executing (default): UPDATE `users` SET `cmds`=$1,`updatedAt`=$2 WHERE `id` = $3; {"$1":508,"$2":"2022-04-30 04:26:17.939 +00:00","$3":"671708767813107724"}
[27521546 (4275545)] Executing (default): UPDATE `users` SET `cmds`=$1,`updatedAt`=$2 WHERE `id` = $3; {"$1":280,"$2":"2022-04-30 04:26:17.946 +00:00","$3":"642714979983687682"}
[27521546 (4285258)] Executing (default): UPDATE `users` SET `clr`=$1,`updatedAt`=$2 WHERE `id` = $3; {"$1":"#00aaaa;0","$2":"2022-04-30 04:26:27.660 +00:00","$3":"501710994293129216"}
[27521546 (4285268)] Executing (default): UPDATE `users` SET `cmds`=$1,`updatedAt`=$2 WHERE `id` = $3; {"$1":509,"$2":"2022-04-30 04:26:27.669 +00:00","$3":"671708767813107724"}
[27521548 (12006)] Executing (default): UPDATE `users` SET `clr`=$1,`updatedAt`=$2 WHERE `id` = $3; {"$1":"#00aaaa;0","$2":"2022-04-30 04:28:23.081 +00:00","$3":"501710994293129216"}
[27521548 (12019)] Executing (default): UPDATE `users` SET `cmds`=$1,`updatedAt`=$2 WHERE `id` = $3; {"$1":510,"$2":"2022-04-30 04:28:23.104 +00:00","$3":"671708767813107724"}
[27521548 (12037)] Executing (default): UPDATE `users` SET `cmds`=$1,`updatedAt`=$2 WHERE `id` = $3; {"$1":279,"$2":"2022-04-30 04:28:23.121 +00:00","$3":"501710994293129216"}
[27521548 (19173)] Executing (default): UPDATE `users` SET `xp`=$1,`xpc`=$2,`updatedAt`=$3 WHERE `id` = $4; {"$1":"3;409","$2":27521549,"$3":"2022-04-30 04:28:30.255 +00:00","$4":"642714979983687682"}
[27521548 (23664)] Executing (default): UPDATE `users` SET `clr`=$1,`updatedAt`=$2 WHERE `id` = $3; {"$1":"#00aaaa;0","$2":"2022-04-30 04:28:34.749 +00:00","$3":"642714979983687682"}
[27521548 (23680)] Executing (default): UPDATE `users` SET `cmds`=$1,`updatedAt`=$2 WHERE `id` = $3; {"$1":511,"$2":"2022-04-30 04:28:34.766 +00:00","$3":"671708767813107724"}
[27521548 (23700)] Executing (default): UPDATE `users` SET `cmds`=$1,`updatedAt`=$2 WHERE `id` = $3; {"$1":281,"$2":"2022-04-30 04:28:34.785 +00:00","$3":"642714979983687682"}
[27521548 (36029)] Executing (default): UPDATE `users` SET `clr`=$1,`updatedAt`=$2 WHERE `id` = $3; {"$1":"#00aaaa;0","$2":"2022-04-30 04:28:47.114 +00:00","$3":"501710994293129216"}
[27521548 (36043)] Executing (default): UPDATE `users` SET `cmds`=$1,`updatedAt`=$2 WHERE `id` = $3; {"$1":512,"$2":"2022-04-30 04:28:47.128 +00:00","$3":"671708767813107724"}
[27521548 (36056)] Executing (default): UPDATE `users` SET `cmds`=$1,`updatedAt`=$2 WHERE `id` = $3; {"$1":280,"$2":"2022-04-30 04:28:47.141 +00:00","$3":"501710994293129216"}
[27521548 (43599)] Executing (default): UPDATE `users` SET `clr`=$1,`updatedAt`=$2 WHERE `id` = $3; {"$1":"#00aaaa;0","$2":"2022-04-30 04:28:54.684 +00:00","$3":"501710994293129216"}
[27521548 (43615)] Executing (default): UPDATE `users` SET `cmds`=$1,`updatedAt`=$2 WHERE `id` = $3; {"$1":513,"$2":"2022-04-30 04:28:54.700 +00:00","$3":"671708767813107724"}
[27521548 (43631)] Executing (default): UPDATE `users` SET `xp`=$1,`updatedAt`=$2 WHERE `id` = $3; {"$1":"1&99;1&99","$2":"2022-04-30 04:28:54.716 +00:00","$3":"642714979983687682"}
[27521548 (43642)] Executing (default): UPDATE `users` SET `cmds`=$1,`updatedAt`=$2 WHERE `id` = $3; {"$1":281,"$2":"2022-04-30 04:28:54.726 +00:00","$3":"501710994293129216"}
[27521549 (49023)] Executing (default): UPDATE `users` SET `clr`=$1,`updatedAt`=$2 WHERE `id` = $3; {"$1":"#00aaaa;0","$2":"2022-04-30 04:29:00.108 +00:00","$3":"642714979983687682"}
[27521549 (49038)] Executing (default): UPDATE `users` SET `cmds`=$1,`updatedAt`=$2 WHERE `id` = $3; {"$1":514,"$2":"2022-04-30 04:29:00.123 +00:00","$3":"671708767813107724"}
[27521549 (49053)] Executing (default): UPDATE `users` SET `cmds`=$1,`updatedAt`=$2 WHERE `id` = $3; {"$1":282,"$2":"2022-04-30 04:29:00.138 +00:00","$3":"642714979983687682"}
[27521549 (72066)] Executing (default): UPDATE `users` SET `clr`=$1,`updatedAt`=$2 WHERE `id` = $3; {"$1":"#00aaaa;0","$2":"2022-04-30 04:29:23.151 +00:00","$3":"501710994293129216"}
[27521549 (72077)] Executing (default): UPDATE `users` SET `cmds`=$1,`updatedAt`=$2 WHERE `id` = $3; {"$1":515,"$2":"2022-04-30 04:29:23.163 +00:00","$3":"671708767813107724"}
[27521549 (72088)] Executing (default): UPDATE `users` SET `cmds`=$1,`updatedAt`=$2 WHERE `id` = $3; {"$1":282,"$2":"2022-04-30 04:29:23.173 +00:00","$3":"501710994293129216"}
[27521549 (72404)] Executing (default): UPDATE `channels` SET `snipe`=$1,`updatedAt`=$2 WHERE `id` = $3; {"$1":"501710994293129216;fnNheSAxfDk5","$2":"2022-04-30 04:29:23.489 +00:00","$3":"801010489105711104"}
[27521549 (91868)] Executing (default): UPDATE `users` SET `clr`=$1,`updatedAt`=$2 WHERE `id` = $3; {"$1":"#00aaaa;0","$2":"2022-04-30 04:29:42.953 +00:00","$3":"501710994293129216"}
[27521549 (91882)] Executing (default): UPDATE `users` SET `cmds`=$1,`updatedAt`=$2 WHERE `id` = $3; {"$1":516,"$2":"2022-04-30 04:29:42.968 +00:00","$3":"671708767813107724"}
[27521549 (91895)] Executing (default): UPDATE `users` SET `xp`=$1,`updatedAt`=$2 WHERE `id` = $3; {"$1":"111111111111111111111111111111111111111111111111111111111111111111111111111111111111111111111111111;111111111111111111111111111111111111111111111111111111111111111111111111111111111111111111111111111","$2":"2022-04-30 04:29:42.981 +00:00","$3":"642714979983687682"}
[27521549 (91903)] Executing (default): UPDATE `users` SET `cmds`=$1,`updatedAt`=$2 WHERE `id` = $3; {"$1":283,"$2":"2022-04-30 04:29:42.988 +00:00","$3":"501710994293129216"}
[27521550 (111370)] Executing (default): UPDATE `users` SET `xp`=$1,`xpc`=$2,`updatedAt`=$3 WHERE `id` = $4; {"$1":"1.1111111111111112e+98;1.1111111111111112e+98","$2":27521551,"$3":"2022-04-30 04:30:02.454 +00:00","$4":"642714979983687682"}
[27521550 (115668)] Executing (default): UPDATE `users` SET `clr`=$1,`updatedAt`=$2 WHERE `id` = $3; {"$1":"#00aaaa;0","$2":"2022-04-30 04:30:06.752 +00:00","$3":"501710994293129216"}
[27521550 (115680)] Executing (default): UPDATE `users` SET `cmds`=$1,`updatedAt`=$2 WHERE `id` = $3; {"$1":517,"$2":"2022-04-30 04:30:06.766 +00:00","$3":"671708767813107724"}
[27521550 (115693)] Executing (default): UPDATE `users` SET `cmds`=$1,`updatedAt`=$2 WHERE `id` = $3; {"$1":284,"$2":"2022-04-30 04:30:06.778 +00:00","$3":"501710994293129216"}
[27521551 (174736)] Executing (default): UPDATE `users` SET `xp`=$1,`xpc`=$2,`updatedAt`=$3 WHERE `id` = $4; {"$1":"1.1111111111111112e+98;1.1111111111111112e+98","$2":27521552,"$3":"2022-04-30 04:31:05.821 +00:00","$4":"642714979983687682"}
