[27541471 (147672)] Executing (default): UPDATE `users` SET `xp`=$1,`xpc`=$2,`updatedAt`=$3 WHERE `id` = $4; {"$1":"1;25","$2":27541472,"$3":"2022-05-14 00:31:59.022 +00:00","$4":"757958112992034918"}
[27541471 (147685)] Executing (default): UPDATE `users` SET `clr`=$1,`updatedAt`=$2 WHERE `id` = $3; {"$1":"#00aaaa;0","$2":"2022-05-14 00:31:59.044 +00:00","$3":"757958112992034918"}
[27541471 (147699)] Executing (default): UPDATE `users` SET `cmds`=$1,`updatedAt`=$2 WHERE `id` = $3; {"$1":709,"$2":"2022-05-14 00:31:59.058 +00:00","$3":"671708767813107724"}
[27541471 (147729)] Executing (default): UPDATE `users` SET `cmds`=$1,`updatedAt`=$2 WHERE `id` = $3; {"$1":1,"$2":"2022-05-14 00:31:59.088 +00:00","$3":"757958112992034918"}
[27541472 (165166)] Executing (default): UPDATE `users` SET `xp`=$1,`xpc`=$2,`updatedAt`=$3 WHERE `id` = $4; {"$1":"1;45","$2":27541473,"$3":"2022-05-14 00:32:16.524 +00:00","$4":"757958112992034918"}
[27541472 (200436)] Executing (default): UPDATE `users` SET `clr`=$1,`updatedAt`=$2 WHERE `id` = $3; {"$1":"#00aaaa;0","$2":"2022-05-14 00:32:51.795 +00:00","$3":"757958112992034918"}
[27541472 (200450)] Executing (default): UPDATE `users` SET `cmds`=$1,`updatedAt`=$2 WHERE `id` = $3; {"$1":710,"$2":"2022-05-14 00:32:51.808 +00:00","$3":"671708767813107724"}
[27541472 (200466)] Executing (default): UPDATE `users` SET `cmds`=$1,`updatedAt`=$2 WHERE `id` = $3; {"$1":2,"$2":"2022-05-14 00:32:51.825 +00:00","$3":"757958112992034918"}
[27541473 (217874)] Executing (default): UPDATE `users` SET `xp`=$1,`xpc`=$2,`updatedAt`=$3 WHERE `id` = $4; {"$1":"1;72","$2":27541474,"$3":"2022-05-14 00:33:09.232 +00:00","$4":"757958112992034918"}
[27541473 (251202)] Executing (default): UPDATE `users` SET `clr`=$1,`updatedAt`=$2 WHERE `id` = $3; {"$1":"#00aaaa;0","$2":"2022-05-14 00:33:42.561 +00:00","$3":"757958112992034918"}
[27541473 (251219)] Executing (default): UPDATE `users` SET `cmds`=$1,`updatedAt`=$2 WHERE `id` = $3; {"$1":711,"$2":"2022-05-14 00:33:42.578 +00:00","$3":"671708767813107724"}
[27541473 (251229)] Executing (default): UPDATE `users` SET `xp`=$1,`updatedAt`=$2 WHERE `id` = $3; {"$1":null,"$2":"2022-05-14 00:33:42.588 +00:00","$3":"501710994293129216"}
[27541473 (251242)] Executing (default): UPDATE `users` SET `cmds`=$1,`updatedAt`=$2 WHERE `id` = $3; {"$1":3,"$2":"2022-05-14 00:33:42.600 +00:00","$3":"757958112992034918"}
[27541473 (256438)] Executing (default): UPDATE `users` SET `clr`=$1,`updatedAt`=$2 WHERE `id` = $3; {"$1":"#00aaaa;0","$2":"2022-05-14 00:33:47.797 +00:00","$3":"757958112992034918"}
[27541473 (256454)] Executing (default): UPDATE `users` SET `cmds`=$1,`updatedAt`=$2 WHERE `id` = $3; {"$1":712,"$2":"2022-05-14 00:33:47.813 +00:00","$3":"671708767813107724"}
[27541473 (256463)] Executing (default): UPDATE `users` SET `cmds`=$1,`updatedAt`=$2 WHERE `id` = $3; {"$1":4,"$2":"2022-05-14 00:33:47.823 +00:00","$3":"757958112992034918"}
[27541474 (286543)] Executing (default): UPDATE `users` SET `xp`=$1,`xpc`=$2,`updatedAt`=$3 WHERE `id` = $4; {"$1":"1;35","$2":27541475,"$3":"2022-05-14 00:34:17.901 +00:00","$4":"501710994293129216"}
[27541475 (17801)] Executing (default): UPDATE `users` SET `xp`=$1,`xpc`=$2,`updatedAt`=$3 WHERE `id` = $4; {"$1":"1;62","$2":27541476,"$3":"2022-05-14 00:35:33.210 +00:00","$4":"501710994293129216"}
[27541476 (4366)] Executing (default): UPDATE `users` SET `xp`=$1,`xpc`=$2,`updatedAt`=$3 WHERE `id` = $4; {"$1":"1;97","$2":27541477,"$3":"2022-05-14 00:36:23.371 +00:00","$4":"501710994293129216"}
[27541477 (3391)] Executing (default): UPDATE `users` SET `xp`=$1,`xpc`=$2,`updatedAt`=$3 WHERE `id` = $4; {"$1":"1;118","$2":27541478,"$3":"2022-05-14 00:37:01.223 +00:00","$4":"501710994293129216"}
[27541478 (20235)] Executing (default): UPDATE `users` SET `xp`=$1,`xpc`=$2,`updatedAt`=$3 WHERE `id` = $4; {"$1":"1;152","$2":27541479,"$3":"2022-05-14 00:38:00.962 +00:00","$4":"501710994293129216"}
[27541479 (1714)] Executing (default): UPDATE `users` SET `xp`=$1,`xpc`=$2,`updatedAt`=$3 WHERE `id` = $4; {"$1":"1;168","$2":27541480,"$3":"2022-05-14 00:39:21.778 +00:00","$4":"501710994293129216"}
[27541479 (1727)] Executing (default): UPDATE `users` SET `clr`=$1,`updatedAt`=$2 WHERE `id` = $3; {"$1":"BLACK;RED;GREEN;1","$2":"2022-05-14 00:39:21.797 +00:00","$3":"501710994293129216"}
[27541479 (1746)] Executing (default): UPDATE `users` SET `cmds`=$1,`updatedAt`=$2 WHERE `id` = $3; {"$1":713,"$2":"2022-05-14 00:39:21.816 +00:00","$3":"671708767813107724"}
[27541479 (1764)] Executing (default): UPDATE `users` SET `cmds`=$1,`updatedAt`=$2 WHERE `id` = $3; {"$1":371,"$2":"2022-05-14 00:39:21.833 +00:00","$3":"501710994293129216"}
[27541483 (239387)] Executing (default): UPDATE `users` SET `xp`=$1,`xpc`=$2,`updatedAt`=$3 WHERE `id` = $4; {"$1":"2;201","$2":27541484,"$3":"2022-05-14 00:43:19.456 +00:00","$4":"501710994293129216"}
[27541483 (239398)] Executing (default): UPDATE `users` SET `clr`=$1,`updatedAt`=$2 WHERE `id` = $3; {"$1":"BLACK;RED;GREEN;2","$2":"2022-05-14 00:43:19.468 +00:00","$3":"501710994293129216"}
[27541483 (239409)] Executing (default): UPDATE `users` SET `cmds`=$1,`updatedAt`=$2 WHERE `id` = $3; {"$1":714,"$2":"2022-05-14 00:43:19.479 +00:00","$3":"671708767813107724"}
[27541483 (239434)] Executing (default): UPDATE `users` SET `cmds`=$1,`updatedAt`=$2 WHERE `id` = $3; {"$1":372,"$2":"2022-05-14 00:43:19.504 +00:00","$3":"501710994293129216"}
[27541484 (310718)] Executing (default): UPDATE `users` SET `xp`=$1,`xpc`=$2,`updatedAt`=$3 WHERE `id` = $4; {"$1":"2;217","$2":27541485,"$3":"2022-05-14 00:44:30.788 +00:00","$4":"501710994293129216"}
[27541484 (312998)] Executing (default): UPDATE `users` SET `clr`=$1,`updatedAt`=$2 WHERE `id` = $3; {"$1":"BLACK;RED;GREEN;0","$2":"2022-05-14 00:44:33.069 +00:00","$3":"501710994293129216"}
[27541484 (313013)] Executing (default): UPDATE `users` SET `cmds`=$1,`updatedAt`=$2 WHERE `id` = $3; {"$1":715,"$2":"2022-05-14 00:44:33.083 +00:00","$3":"671708767813107724"}
[27541484 (313029)] Executing (default): UPDATE `users` SET `cmds`=$1,`updatedAt`=$2 WHERE `id` = $3; {"$1":373,"$2":"2022-05-14 00:44:33.099 +00:00","$3":"501710994293129216"}
[27541484 (319142)] Executing (default): UPDATE `users` SET `clr`=$1,`updatedAt`=$2 WHERE `id` = $3; {"$1":"BLACK;RED;GREEN;1","$2":"2022-05-14 00:44:39.213 +00:00","$3":"501710994293129216"}
[27541484 (319159)] Executing (default): UPDATE `users` SET `cmds`=$1,`updatedAt`=$2 WHERE `id` = $3; {"$1":716,"$2":"2022-05-14 00:44:39.229 +00:00","$3":"671708767813107724"}
[27541484 (319178)] Executing (default): UPDATE `users` SET `cst`=$1,`updatedAt`=$2 WHERE `id` = $3; {"$1":"pstn;tst;tgt","$2":"2022-05-14 00:44:39.248 +00:00","$3":"501710994293129216"}
[27541484 (319447)] Executing (default): UPDATE `users` SET `cmds`=$1,`updatedAt`=$2 WHERE `id` = $3; {"$1":374,"$2":"2022-05-14 00:44:39.517 +00:00","$3":"501710994293129216"}
[27541484 (324247)] Executing (default): UPDATE `users` SET `clr`=$1,`updatedAt`=$2 WHERE `id` = $3; {"$1":"BLACK;RED;GREEN;2","$2":"2022-05-14 00:44:44.317 +00:00","$3":"501710994293129216"}
[27541484 (324261)] Executing (default): UPDATE `users` SET `cmds`=$1,`updatedAt`=$2 WHERE `id` = $3; {"$1":717,"$2":"2022-05-14 00:44:44.331 +00:00","$3":"671708767813107724"}
[27541484 (324276)] Executing (default): UPDATE `users` SET `cmds`=$1,`updatedAt`=$2 WHERE `id` = $3; {"$1":375,"$2":"2022-05-14 00:44:44.346 +00:00","$3":"501710994293129216"}
[27541492 (10441)] Executing (default): UPDATE `users` SET `xp`=$1,`xpc`=$2,`updatedAt`=$3 WHERE `id` = $4; {"$1":"2;241","$2":27541493,"$3":"2022-05-14 00:52:16.912 +00:00","$4":"501710994293129216"}
[27541492 (10453)] Executing (default): UPDATE `users` SET `clr`=$1,`updatedAt`=$2 WHERE `id` = $3; {"$1":"BLACK;RED;GREEN;0","$2":"2022-05-14 00:52:16.930 +00:00","$3":"501710994293129216"}
[27541492 (10466)] Executing (default): UPDATE `users` SET `cmds`=$1,`updatedAt`=$2 WHERE `id` = $3; {"$1":718,"$2":"2022-05-14 00:52:16.943 +00:00","$3":"671708767813107724"}
[27541492 (10485)] Executing (default): UPDATE `users` SET `cmds`=$1,`updatedAt`=$2 WHERE `id` = $3; {"$1":376,"$2":"2022-05-14 00:52:16.961 +00:00","$3":"501710994293129216"}
[27541492 (15250)] Executing (default): UPDATE `users` SET `clr`=$1,`updatedAt`=$2 WHERE `id` = $3; {"$1":"BLACK;RED;GREEN;1","$2":"2022-05-14 00:52:21.726 +00:00","$3":"501710994293129216"}
[27541492 (15263)] Executing (default): UPDATE `users` SET `cmds`=$1,`updatedAt`=$2 WHERE `id` = $3; {"$1":719,"$2":"2022-05-14 00:52:21.741 +00:00","$3":"671708767813107724"}
[27541492 (15473)] Executing (default): UPDATE `users` SET `cmds`=$1,`updatedAt`=$2 WHERE `id` = $3; {"$1":377,"$2":"2022-05-14 00:52:21.950 +00:00","$3":"501710994293129216"}
[27541492 (18245)] Executing (default): UPDATE `users` SET `clr`=$1,`updatedAt`=$2 WHERE `id` = $3; {"$1":"BLACK;RED;GREEN;2","$2":"2022-05-14 00:52:24.722 +00:00","$3":"501710994293129216"}
[27541492 (21780)] Executing (default): UPDATE `users` SET `clr`=$1,`updatedAt`=$2 WHERE `id` = $3; {"$1":"BLACK;RED;GREEN;0","$2":"2022-05-14 00:52:28.257 +00:00","$3":"501710994293129216"}
[27541492 (21795)] Executing (default): UPDATE `users` SET `cmds`=$1,`updatedAt`=$2 WHERE `id` = $3; {"$1":720,"$2":"2022-05-14 00:52:28.272 +00:00","$3":"671708767813107724"}
[27541492 (21809)] Executing (default): UPDATE `users` SET `cmds`=$1,`updatedAt`=$2 WHERE `id` = $3; {"$1":378,"$2":"2022-05-14 00:52:28.286 +00:00","$3":"501710994293129216"}
[27541492 (29866)] Executing (default): UPDATE `users` SET `clr`=$1,`updatedAt`=$2 WHERE `id` = $3; {"$1":"BLACK;RED;GREEN;1","$2":"2022-05-14 00:52:36.343 +00:00","$3":"501710994293129216"}
[27541492 (29882)] Executing (default): UPDATE `users` SET `cmds`=$1,`updatedAt`=$2 WHERE `id` = $3; {"$1":721,"$2":"2022-05-14 00:52:36.359 +00:00","$3":"671708767813107724"}
[27541492 (29906)] Executing (default): UPDATE `users` SET `cmds`=$1,`updatedAt`=$2 WHERE `id` = $3; {"$1":379,"$2":"2022-05-14 00:52:36.382 +00:00","$3":"501710994293129216"}
[27541492 (38227)] Executing (default): UPDATE `users` SET `clr`=$1,`updatedAt`=$2 WHERE `id` = $3; {"$1":"BLACK;RED;GREEN;2","$2":"2022-05-14 00:52:44.705 +00:00","$3":"501710994293129216"}
[27541492 (38245)] Executing (default): UPDATE `users` SET `cmds`=$1,`updatedAt`=$2 WHERE `id` = $3; {"$1":722,"$2":"2022-05-14 00:52:44.722 +00:00","$3":"671708767813107724"}
[27541492 (38259)] Executing (default): UPDATE `users` SET `xpc`=$1,`updatedAt`=$2 WHERE `id` = $3; {"$1":1,"$2":"2022-05-14 00:52:44.736 +00:00","$3":"501710994293129216"}
[27541492 (38267)] Executing (default): UPDATE `users` SET `cmds`=$1,`updatedAt`=$2 WHERE `id` = $3; {"$1":380,"$2":"2022-05-14 00:52:44.744 +00:00","$3":"501710994293129216"}
[27541493 (61516)] Executing (default): UPDATE `users` SET `xp`=$1,`xpc`=$2,`updatedAt`=$3 WHERE `id` = $4; {"$1":"2;276","$2":27541494,"$3":"2022-05-14 00:53:07.992 +00:00","$4":"501710994293129216"}
[27541493 (61528)] Executing (default): UPDATE `users` SET `clr`=$1,`updatedAt`=$2 WHERE `id` = $3; {"$1":"BLACK;RED;GREEN;0","$2":"2022-05-14 00:53:08.005 +00:00","$3":"501710994293129216"}
[27541493 (61546)] Executing (default): UPDATE `users` SET `cmds`=$1,`updatedAt`=$2 WHERE `id` = $3; {"$1":723,"$2":"2022-05-14 00:53:08.024 +00:00","$3":"671708767813107724"}
[27541493 (61564)] Executing (default): UPDATE `users` SET `cmds`=$1,`updatedAt`=$2 WHERE `id` = $3; {"$1":381,"$2":"2022-05-14 00:53:08.041 +00:00","$3":"501710994293129216"}
[27541493 (66459)] Executing (default): UPDATE `users` SET `clr`=$1,`updatedAt`=$2 WHERE `id` = $3; {"$1":"BLACK;RED;GREEN;1","$2":"2022-05-14 00:53:12.937 +00:00","$3":"501710994293129216"}
[27541493 (66475)] Executing (default): UPDATE `users` SET `cmds`=$1,`updatedAt`=$2 WHERE `id` = $3; {"$1":724,"$2":"2022-05-14 00:53:12.952 +00:00","$3":"671708767813107724"}
[27541493 (66492)] Executing (default): UPDATE `users` SET `cmds`=$1,`updatedAt`=$2 WHERE `id` = $3; {"$1":382,"$2":"2022-05-14 00:53:12.968 +00:00","$3":"501710994293129216"}
[27541493 (70344)] Executing (default): UPDATE `users` SET `clr`=$1,`updatedAt`=$2 WHERE `id` = $3; {"$1":"BLACK;RED;GREEN;2","$2":"2022-05-14 00:53:16.822 +00:00","$3":"501710994293129216"}
[27541493 (70358)] Executing (default): UPDATE `users` SET `cmds`=$1,`updatedAt`=$2 WHERE `id` = $3; {"$1":725,"$2":"2022-05-14 00:53:16.836 +00:00","$3":"671708767813107724"}
[27541493 (70373)] Executing (default): UPDATE `users` SET `cmds`=$1,`updatedAt`=$2 WHERE `id` = $3; {"$1":383,"$2":"2022-05-14 00:53:16.850 +00:00","$3":"501710994293129216"}
[27541493 (70924)] Executing (default): UPDATE `users` SET `clr`=$1,`updatedAt`=$2 WHERE `id` = $3; {"$1":"BLACK;RED;GREEN;0","$2":"2022-05-14 00:53:17.401 +00:00","$3":"501710994293129216"}
[27541493 (71508)] Executing (default): UPDATE `users` SET `clr`=$1,`updatedAt`=$2 WHERE `id` = $3; {"$1":"BLACK;RED;GREEN;1","$2":"2022-05-14 00:53:17.986 +00:00","$3":"501710994293129216"}
[27541493 (72259)] Executing (default): UPDATE `users` SET `clr`=$1,`updatedAt`=$2 WHERE `id` = $3; {"$1":"BLACK;RED;GREEN;2","$2":"2022-05-14 00:53:18.737 +00:00","$3":"501710994293129216"}
[27541493 (75560)] Executing (default): UPDATE `users` SET `clr`=$1,`updatedAt`=$2 WHERE `id` = $3; {"$1":"BLACK;RED;GREEN;0","$2":"2022-05-14 00:53:22.037 +00:00","$3":"501710994293129216"}
[27541493 (75575)] Executing (default): UPDATE `users` SET `cmds`=$1,`updatedAt`=$2 WHERE `id` = $3; {"$1":726,"$2":"2022-05-14 00:53:22.052 +00:00","$3":"671708767813107724"}
[27541493 (75591)] Executing (default): UPDATE `users` SET `cst`=$1,`updatedAt`=$2 WHERE `id` = $3; {"$1":"pstn;tst;tgt;801010426405322762;rebel","$2":"2022-05-14 00:53:22.069 +00:00","$3":"501710994293129216"}
[27541493 (76676)] Executing (default): UPDATE `users` SET `cmds`=$1,`updatedAt`=$2 WHERE `id` = $3; {"$1":384,"$2":"2022-05-14 00:53:23.153 +00:00","$3":"501710994293129216"}
[27541493 (76692)] Executing (default): UPDATE `users` SET `clr`=$1,`updatedAt`=$2 WHERE `id` = $3; {"$1":"BLACK;RED;GREEN;1","$2":"2022-05-14 00:53:23.169 +00:00","$3":"501710994293129216"}
[27541493 (76701)] Executing (default): UPDATE `users` SET `cmds`=$1,`updatedAt`=$2 WHERE `id` = $3; {"$1":727,"$2":"2022-05-14 00:53:23.178 +00:00","$3":"671708767813107724"}
[27541493 (76714)] Executing (default): UPDATE `users` SET `cmds`=$1,`updatedAt`=$2 WHERE `id` = $3; {"$1":385,"$2":"2022-05-14 00:53:23.191 +00:00","$3":"501710994293129216"}
[27541493 (94356)] Executing (default): UPDATE `users` SET `clr`=$1,`updatedAt`=$2 WHERE `id` = $3; {"$1":"BLACK;RED;GREEN;2","$2":"2022-05-14 00:53:40.833 +00:00","$3":"501710994293129216"}
[27541493 (94371)] Executing (default): UPDATE `users` SET `cmds`=$1,`updatedAt`=$2 WHERE `id` = $3; {"$1":728,"$2":"2022-05-14 00:53:40.848 +00:00","$3":"671708767813107724"}
[27541493 (94384)] Executing (default): UPDATE `users` SET `xp`=$1,`updatedAt`=$2 WHERE `id` = $3; {"$1":";","$2":"2022-05-14 00:53:40.861 +00:00","$3":"501710994293129216"}
[27541493 (94393)] Executing (default): UPDATE `users` SET `cmds`=$1,`updatedAt`=$2 WHERE `id` = $3; {"$1":386,"$2":"2022-05-14 00:53:40.870 +00:00","$3":"501710994293129216"}
[27541493 (100353)] Executing (default): UPDATE `users` SET `clr`=$1,`updatedAt`=$2 WHERE `id` = $3; {"$1":"BLACK;RED;GREEN;0","$2":"2022-05-14 00:53:46.830 +00:00","$3":"501710994293129216"}
[27541493 (100366)] Executing (default): UPDATE `users` SET `cmds`=$1,`updatedAt`=$2 WHERE `id` = $3; {"$1":729,"$2":"2022-05-14 00:53:46.844 +00:00","$3":"671708767813107724"}
[27541493 (100384)] Executing (default): UPDATE `users` SET `xpc`=$1,`updatedAt`=$2 WHERE `id` = $3; {"$1":1,"$2":"2022-05-14 00:53:46.861 +00:00","$3":"501710994293129216"}
[27541493 (100394)] Executing (default): UPDATE `users` SET `cmds`=$1,`updatedAt`=$2 WHERE `id` = $3; {"$1":387,"$2":"2022-05-14 00:53:46.870 +00:00","$3":"501710994293129216"}
[27541493 (103034)] Executing (default): UPDATE `users` SET `xp`=$1,`xpc`=$2,`updatedAt`=$3 WHERE `id` = $4; {"$1":"1;14","$2":27541494,"$3":"2022-05-14 00:53:49.510 +00:00","$4":"501710994293129216"}
[27541493 (103044)] Executing (default): UPDATE `users` SET `clr`=$1,`updatedAt`=$2 WHERE `id` = $3; {"$1":"BLACK;RED;GREEN;1","$2":"2022-05-14 00:53:49.521 +00:00","$3":"501710994293129216"}
[27541493 (103058)] Executing (default): UPDATE `users` SET `cmds`=$1,`updatedAt`=$2 WHERE `id` = $3; {"$1":730,"$2":"2022-05-14 00:53:49.535 +00:00","$3":"671708767813107724"}
[27541493 (103075)] Executing (default): UPDATE `users` SET `cmds`=$1,`updatedAt`=$2 WHERE `id` = $3; {"$1":388,"$2":"2022-05-14 00:53:49.552 +00:00","$3":"501710994293129216"}
[27541494 (120281)] Executing (default): UPDATE `users` SET `xp`=$1,`xpc`=$2,`updatedAt`=$3 WHERE `id` = $4; {"$1":"1;43","$2":27541495,"$3":"2022-05-14 00:54:06.757 +00:00","$4":"501710994293129216"}
[27541494 (120292)] Executing (default): UPDATE `users` SET `clr`=$1,`updatedAt`=$2 WHERE `id` = $3; {"$1":"BLACK;RED;GREEN;2","$2":"2022-05-14 00:54:06.769 +00:00","$3":"501710994293129216"}
[27541494 (120307)] Executing (default): UPDATE `users` SET `cmds`=$1,`updatedAt`=$2 WHERE `id` = $3; {"$1":731,"$2":"2022-05-14 00:54:06.784 +00:00","$3":"671708767813107724"}
[27541494 (120321)] Executing (default): UPDATE `users` SET `xp`=$1,`updatedAt`=$2 WHERE `id` = $3; {"$1":"1&333;66&55","$2":"2022-05-14 00:54:06.798 +00:00","$3":"501710994293129216"}
[27541494 (120331)] Executing (default): UPDATE `users` SET `cmds`=$1,`updatedAt`=$2 WHERE `id` = $3; {"$1":389,"$2":"2022-05-14 00:54:06.808 +00:00","$3":"501710994293129216"}
[27541494 (122969)] Executing (default): UPDATE `users` SET `clr`=$1,`updatedAt`=$2 WHERE `id` = $3; {"$1":"BLACK;RED;GREEN;0","$2":"2022-05-14 00:54:09.447 +00:00","$3":"501710994293129216"}
[27541494 (122981)] Executing (default): UPDATE `users` SET `cmds`=$1,`updatedAt`=$2 WHERE `id` = $3; {"$1":732,"$2":"2022-05-14 00:54:09.459 +00:00","$3":"671708767813107724"}
[27541494 (122995)] Executing (default): UPDATE `users` SET `cmds`=$1,`updatedAt`=$2 WHERE `id` = $3; {"$1":390,"$2":"2022-05-14 00:54:09.472 +00:00","$3":"501710994293129216"}
[27541494 (128590)] Executing (default): UPDATE `users` SET `clr`=$1,`updatedAt`=$2 WHERE `id` = $3; {"$1":"BLACK;RED;GREEN;1","$2":"2022-05-14 00:54:15.068 +00:00","$3":"501710994293129216"}
[27541494 (128602)] Executing (default): UPDATE `users` SET `cmds`=$1,`updatedAt`=$2 WHERE `id` = $3; {"$1":733,"$2":"2022-05-14 00:54:15.080 +00:00","$3":"671708767813107724"}
[27541494 (128611)] Executing (default): UPDATE `users` SET `xpc`=$1,`updatedAt`=$2 WHERE `id` = $3; {"$1":null,"$2":"2022-05-14 00:54:15.088 +00:00","$3":"501710994293129216"}
[27541494 (128619)] Executing (default): UPDATE `users` SET `cmds`=$1,`updatedAt`=$2 WHERE `id` = $3; {"$1":391,"$2":"2022-05-14 00:54:15.096 +00:00","$3":"501710994293129216"}
[27541495 (5891)] Executing (default): UPDATE `users` SET `xp`=$1,`xpc`=$2,`updatedAt`=$3 WHERE `id` = $4; {"$1":"Infinity;6.6e+56","$2":27541496,"$3":"2022-05-14 00:55:01.036 +00:00","$4":"501710994293129216"}
[27541495 (5902)] Executing (default): UPDATE `users` SET `clr`=$1,`updatedAt`=$2 WHERE `id` = $3; {"$1":"BLACK;RED;GREEN;2","$2":"2022-05-14 00:55:01.052 +00:00","$3":"501710994293129216"}
[27541495 (5914)] Executing (default): UPDATE `users` SET `cmds`=$1,`updatedAt`=$2 WHERE `id` = $3; {"$1":734,"$2":"2022-05-14 00:55:01.066 +00:00","$3":"671708767813107724"}
[27541495 (5926)] Executing (default): UPDATE `users` SET `xpc`=$1,`updatedAt`=$2 WHERE `id` = $3; {"$1":null,"$2":"2022-05-14 00:55:01.077 +00:00","$3":"501710994293129216"}
[27541495 (5938)] Executing (default): UPDATE `users` SET `cmds`=$1,`updatedAt`=$2 WHERE `id` = $3; {"$1":392,"$2":"2022-05-14 00:55:01.089 +00:00","$3":"501710994293129216"}
[27541495 (39307)] Executing (default): UPDATE `users` SET `xp`=$1,`xpc`=$2,`updatedAt`=$3 WHERE `id` = $4; {"$1":"1;97","$2":27541496,"$3":"2022-05-14 00:55:34.457 +00:00","$4":"757958112992034918"}
[27541495 (39319)] Executing (default): UPDATE `users` SET `clr`=$1,`updatedAt`=$2 WHERE `id` = $3; {"$1":"#00aaaa;0","$2":"2022-05-14 00:55:34.470 +00:00","$3":"757958112992034918"}
[27541495 (39335)] Executing (default): UPDATE `users` SET `cmds`=$1,`updatedAt`=$2 WHERE `id` = $3; {"$1":735,"$2":"2022-05-14 00:55:34.486 +00:00","$3":"671708767813107724"}
[27541495 (39348)] Executing (default): UPDATE `users` SET `xp`=$1,`updatedAt`=$2 WHERE `id` = $3; {"$1":null,"$2":"2022-05-14 00:55:34.499 +00:00","$3":"501710994293129216"}
[27541495 (39361)] Executing (default): UPDATE `users` SET `cmds`=$1,`updatedAt`=$2 WHERE `id` = $3; {"$1":5,"$2":"2022-05-14 00:55:34.511 +00:00","$3":"757958112992034918"}
[27541496 (68383)] Executing (default): UPDATE `users` SET `xp`=$1,`xpc`=$2,`updatedAt`=$3 WHERE `id` = $4; {"$1":"1;14","$2":27541497,"$3":"2022-05-14 00:56:03.533 +00:00","$4":"501710994293129216"}
[27541496 (79138)] Executing (default): UPDATE `users` SET `clr`=$1,`updatedAt`=$2 WHERE `id` = $3; {"$1":"BLACK;RED;GREEN;0","$2":"2022-05-14 00:56:14.289 +00:00","$3":"501710994293129216"}
[27541496 (79152)] Executing (default): UPDATE `users` SET `cmds`=$1,`updatedAt`=$2 WHERE `id` = $3; {"$1":736,"$2":"2022-05-14 00:56:14.303 +00:00","$3":"671708767813107724"}
[27541496 (79167)] Executing (default): UPDATE `users` SET `cmds`=$1,`updatedAt`=$2 WHERE `id` = $3; {"$1":393,"$2":"2022-05-14 00:56:14.317 +00:00","$3":"501710994293129216"}
[27541496 (84246)] Executing (default): UPDATE `users` SET `clr`=$1,`updatedAt`=$2 WHERE `id` = $3; {"$1":"BLACK;RED;GREEN;1","$2":"2022-05-14 00:56:19.398 +00:00","$3":"501710994293129216"}
[27541496 (84262)] Executing (default): UPDATE `users` SET `cmds`=$1,`updatedAt`=$2 WHERE `id` = $3; {"$1":737,"$2":"2022-05-14 00:56:19.413 +00:00","$3":"671708767813107724"}
[27541496 (84288)] Executing (default): UPDATE `users` SET `cmds`=$1,`updatedAt`=$2 WHERE `id` = $3; {"$1":394,"$2":"2022-05-14 00:56:19.439 +00:00","$3":"501710994293129216"}
[27541496 (91221)] Executing (default): UPDATE `users` SET `clr`=$1,`updatedAt`=$2 WHERE `id` = $3; {"$1":"BLACK;RED;GREEN;2","$2":"2022-05-14 00:56:26.373 +00:00","$3":"501710994293129216"}
[27541496 (91237)] Executing (default): UPDATE `users` SET `cmds`=$1,`updatedAt`=$2 WHERE `id` = $3; {"$1":738,"$2":"2022-05-14 00:56:26.388 +00:00","$3":"671708767813107724"}
[27541496 (91254)] Executing (default): UPDATE `users` SET `cmds`=$1,`updatedAt`=$2 WHERE `id` = $3; {"$1":395,"$2":"2022-05-14 00:56:26.404 +00:00","$3":"501710994293129216"}
[27541496 (96125)] Executing (default): UPDATE `users` SET `clr`=$1,`updatedAt`=$2 WHERE `id` = $3; {"$1":"BLACK;RED;GREEN;0","$2":"2022-05-14 00:56:31.276 +00:00","$3":"501710994293129216"}
[27541496 (96142)] Executing (default): UPDATE `users` SET `cmds`=$1,`updatedAt`=$2 WHERE `id` = $3; {"$1":739,"$2":"2022-05-14 00:56:31.293 +00:00","$3":"671708767813107724"}
[27541496 (96159)] Executing (default): UPDATE `users` SET `cmds`=$1,`updatedAt`=$2 WHERE `id` = $3; {"$1":396,"$2":"2022-05-14 00:56:31.309 +00:00","$3":"501710994293129216"}
[27541509 (855648)] Executing (default): UPDATE `users` SET `xp`=$1,`xpc`=$2,`updatedAt`=$3 WHERE `id` = $4; {"$1":"1;44","$2":27541510,"$3":"2022-05-14 01:09:10.798 +00:00","$4":"501710994293129216"}
[27541509 (855662)] Executing (default): UPDATE `users` SET `clr`=$1,`updatedAt`=$2 WHERE `id` = $3; {"$1":"BLACK;RED;GREEN;1","$2":"2022-05-14 01:09:10.814 +00:00","$3":"501710994293129216"}
[27541509 (855674)] Executing (default): UPDATE `users` SET `cmds`=$1,`updatedAt`=$2 WHERE `id` = $3; {"$1":740,"$2":"2022-05-14 01:09:10.825 +00:00","$3":"671708767813107724"}
[27541509 (855689)] Executing (default): UPDATE `users` SET `cmds`=$1,`updatedAt`=$2 WHERE `id` = $3; {"$1":397,"$2":"2022-05-14 01:09:10.840 +00:00","$3":"501710994293129216"}
