[27477100 (null)] Executing (default): DROP TABLE IF EXISTS `bugs`;
[27477100 (null)] Executing (default): DROP TABLE IF EXISTS `channels`;
[27477100 (null)] Executing (default): DROP TABLE IF EXISTS `guilds`;
[27477100 (null)] Executing (default): DROP TABLE IF EXISTS `users`;
[27477100 (null)] Executing (default): DROP TABLE IF EXISTS `users`;
[27477100 (null)] Executing (default): CREATE TABLE IF NOT EXISTS `users` (`id` VARCHAR(255) NOT NULL UNIQUE PRIMARY KEY, `adren` NUMBER, `adrenc` NUMBER, `bal` VARCHAR(255), `bcmd` TEXT, `bgc` NUMBER, `bio` VARCHAR(2000) DEFAULT 'User has not set a bio.', `cfc` NUMBER, `chillc` NUMBER, `chillpills` NUMBER, `chnl` TEXT, `clr` VARCHAR(255) DEFAULT '#00aaaa;0', `cmds` NUMBER, `cst` TEXT, `cstmrl` TEXT, `curr` VARCHAR(255) DEFAULT 'default', `dgrc` NUMBER, `dlc` NUMBER, `dlstr` VARCHAR(255), `dns` VARCHAR(255), `dose0` NUMBER, `dose1` NUMBER, `dpc` NUMBER, `drgs` TEXT, `fdc` NUMBER, `fishc` NUMBER, `fsh` VARCHAR(255), `hgs` NUMBER, `mt` VARCHAR(255), `nick` VARCHAR(255), `ofncs` VARCHAR(255), `drgn` VARCHAR(255) NOT NULL DEFAULT '1;10000;100;0;1;1;1;1;0;1', `petbu` VARCHAR(255), `petname` VARCHAR(128) DEFAULT 'dragon', `pq` NUMBER, `qts` TEXT, `replacers` JSON, `rbc` NUMBER, `sgstc` DECIMAL, `spse` VARCHAR(255) UNIQUE, `sntc` NUMBER, `srchc` DECIMAL, `stn` NUMBER, `stnb` VARCHAR(128), `strc` NUMBER, `upgr` TEXT, `v` VARCHAR(255) NOT NULL DEFAULT '1;0', `wl` VARCHAR(255), `xp` VARCHAR(255) DEFAULT '1;0', `xpc` NUMBER, `hlc` NUMBER, `createdAt` DATETIME NOT NULL, `updatedAt` DATETIME NOT NULL);
[27477100 (null)] Executing (default): PRAGMA INDEX_LIST(`users`)
[27477100 (null)] Executing (default): PRAGMA INDEX_INFO(`sqlite_autoindex_users_2`)
[27477100 (null)] Executing (default): PRAGMA INDEX_INFO(`sqlite_autoindex_users_1`)
[27477100 (null)] Executing (default): DROP TABLE IF EXISTS `guilds`;
[27477100 (null)] Executing (default): CREATE TABLE IF NOT EXISTS `guilds` (`id` VARCHAR(255) NOT NULL UNIQUE PRIMARY KEY, `prefix` VARCHAR(255) DEFAULT '~', `createdAt` DATETIME NOT NULL, `updatedAt` DATETIME NOT NULL);
[27477100 (null)] Executing (default): PRAGMA INDEX_LIST(`guilds`)
[27477100 (null)] Executing (default): PRAGMA INDEX_INFO(`sqlite_autoindex_guilds_1`)
[27477100 (null)] Executing (default): DROP TABLE IF EXISTS `channels`;
[27477100 (null)] Executing (default): CREATE TABLE IF NOT EXISTS `channels` (`id` VARCHAR(255) NOT NULL UNIQUE PRIMARY KEY, `dsbs` TINYINT(1), `pkg` TINYINT(1) DEFAULT 0, `snipe` TEXT DEFAULT '911799544017199124;Tm8gbWVzc2FnZSBmb3VuZCB3aXRoaW4gY3VycmVudCBjaGFubmVsLg', `createdAt` DATETIME NOT NULL, `updatedAt` DATETIME NOT NULL);
[27477100 (null)] Executing (default): PRAGMA INDEX_LIST(`channels`)
[27477100 (null)] Executing (default): PRAGMA INDEX_INFO(`sqlite_autoindex_channels_1`)
[27477100 (null)] Executing (default): DROP TABLE IF EXISTS `bugs`;
[27477100 (null)] Executing (default): CREATE TABLE IF NOT EXISTS `bugs` (`id` VARCHAR(255) NOT NULL UNIQUE PRIMARY KEY, `number` NUMBER NOT NULL, `submitter` VARCHAR(255) NOT NULL, `msg` VARCHAR(255) NOT NULL, `at` DATETIME NOT NULL, `title` VARCHAR(255) NOT NULL, `createdAt` DATETIME NOT NULL, `updatedAt` DATETIME NOT NULL);
[27477100 (null)] Executing (default): PRAGMA INDEX_LIST(`bugs`)
[27477100 (null)] Executing (default): PRAGMA INDEX_INFO(`sqlite_autoindex_bugs_1`)
[27477100 (466)] Executing (default): INSERT INTO `users` (`id`,`bio`,`clr`,`curr`,`drgn`,`petname`,`v`,`xp`,`createdAt`,`updatedAt`) VALUES ($1,$2,$3,$4,$5,$6,$7,$8,$9,$10); {"$1":"671708767813107724","$2":"User has not set a bio.","$3":"#00aaaa;0","$4":"default","$5":"1;10000;100;0;1;1;1;1;0;1","$6":"dragon","$7":"1;0","$8":"1;0","$9":"2022-03-30 07:40:53.418 +00:00","$10":"2022-03-30 07:40:53.418 +00:00"}
[27477100 (488)] Executing (default): INSERT INTO `channels` (`id`,`pkg`,`snipe`,`createdAt`,`updatedAt`) VALUES ($1,$2,$3,$4,$5); {"$1":"801010503778172959","$2":false,"$3":"911799544017199124;Tm8gbWVzc2FnZSBmb3VuZCB3aXRoaW4gY3VycmVudCBjaGFubmVsLg","$4":"2022-03-30 07:40:53.445 +00:00","$5":"2022-03-30 07:40:53.445 +00:00"}
[27477100 (499)] Executing (default): INSERT INTO `guilds` (`id`,`prefix`,`createdAt`,`updatedAt`) VALUES ($1,$2,$3,$4); {"$1":"706845688969035897","$2":"~","$3":"2022-03-30 07:40:53.456 +00:00","$4":"2022-03-30 07:40:53.456 +00:00"}
[27477102 (102386)] Executing (default): INSERT INTO `users` (`id`,`bio`,`clr`,`curr`,`drgn`,`petname`,`v`,`xp`,`createdAt`,`updatedAt`) VALUES ($1,$2,$3,$4,$5,$6,$7,$8,$9,$10); {"$1":"501710994293129216","$2":"User has not set a bio.","$3":"#00aaaa;0","$4":"default","$5":"1;10000;100;0;1;1;1;1;0;1","$6":"dragon","$7":"1;0","$8":"1;0","$9":"2022-03-30 07:42:35.341 +00:00","$10":"2022-03-30 07:42:35.341 +00:00"}
[27477102 (102428)] Executing (default): INSERT INTO `channels` (`id`,`pkg`,`snipe`,`createdAt`,`updatedAt`) VALUES ($1,$2,$3,$4,$5); {"$1":"801010484052099084","$2":false,"$3":"911799544017199124;Tm8gbWVzc2FnZSBmb3VuZCB3aXRoaW4gY3VycmVudCBjaGFubmVsLg","$4":"2022-03-30 07:42:35.385 +00:00","$5":"2022-03-30 07:42:35.385 +00:00"}
[27477102 (102442)] Executing (default): UPDATE `users` SET `xp`=$1,`xpc`=$2,`updatedAt`=$3 WHERE `id` = $4; {"$1":"1;26","$2":27477103,"$3":"2022-03-30 07:42:35.398 +00:00","$4":"501710994293129216"}
[27477102 (117892)] Executing (default): UPDATE `users` SET `clr`=$1,`updatedAt`=$2 WHERE `id` = $3; {"$1":"#00aaaa;0","$2":"2022-03-30 07:42:50.849 +00:00","$3":"501710994293129216"}
[27477102 (117904)] Executing (default): UPDATE `users` SET `cmds`=$1,`updatedAt`=$2 WHERE `id` = $3; {"$1":1,"$2":"2022-03-30 07:42:50.862 +00:00","$3":"671708767813107724"}
[27477102 (117914)] Executing (default): UPDATE `users` SET `replacers`=$1,`updatedAt`=$2 WHERE `id` = $3; {"$1":"\"{\\\"e\\\":\\\"~set 501710994293129216\\\"}\"","$2":"2022-03-30 07:42:50.872 +00:00","$3":"501710994293129216"}
[27477102 (117925)] Executing (default): UPDATE `users` SET `cmds`=$1,`updatedAt`=$2 WHERE `id` = $3; {"$1":1,"$2":"2022-03-30 07:42:50.881 +00:00","$3":"501710994293129216"}
[27477102 (123916)] Executing (default): UPDATE `users` SET `clr`=$1,`updatedAt`=$2 WHERE `id` = $3; {"$1":"#00aaaa;0","$2":"2022-03-30 07:42:56.874 +00:00","$3":"501710994293129216"}
[27477102 (123929)] Executing (default): UPDATE `users` SET `cmds`=$1,`updatedAt`=$2 WHERE `id` = $3; {"$1":2,"$2":"2022-03-30 07:42:56.887 +00:00","$3":"671708767813107724"}
[27477102 (123945)] Executing (default): UPDATE `users` SET `cmds`=$1,`updatedAt`=$2 WHERE `id` = $3; {"$1":2,"$2":"2022-03-30 07:42:56.902 +00:00","$3":"501710994293129216"}
[27477102 (124485)] Executing (default): INSERT INTO `channels` (`id`,`pkg`,`snipe`,`createdAt`,`updatedAt`) VALUES ($1,$2,$3,$4,$5); {"$1":"831855178327523339","$2":false,"$3":"911799544017199124;Tm8gbWVzc2FnZSBmb3VuZCB3aXRoaW4gY3VycmVudCBjaGFubmVsLg","$4":"2022-03-30 07:42:57.443 +00:00","$5":"2022-03-30 07:42:57.443 +00:00"}
[27477106 (308948)] Executing (default): UPDATE `users` SET `xp`=$1,`xpc`=$2,`updatedAt`=$3 WHERE `id` = $4; {"$1":"1;59","$2":27477107,"$3":"2022-03-30 07:46:01.905 +00:00","$4":"501710994293129216"}
[27477106 (308958)] Executing (default): UPDATE `users` SET `clr`=$1,`updatedAt`=$2 WHERE `id` = $3; {"$1":"#00aaaa;0","$2":"2022-03-30 07:46:01.916 +00:00","$3":"501710994293129216"}
[27477106 (308972)] Executing (default): UPDATE `users` SET `cmds`=$1,`updatedAt`=$2 WHERE `id` = $3; {"$1":3,"$2":"2022-03-30 07:46:01.929 +00:00","$3":"671708767813107724"}
[27477106 (308988)] Executing (default): UPDATE `users` SET `cfc`=$1,`updatedAt`=$2 WHERE `id` = $3; {"$1":27469199.77,"$2":"2022-03-30 07:46:01.946 +00:00","$3":"501710994293129216"}
[27477106 (308996)] Executing (default): UPDATE `users` SET `cmds`=$1,`updatedAt`=$2 WHERE `id` = $3; {"$1":3,"$2":"2022-03-30 07:46:01.953 +00:00","$3":"501710994293129216"}
[27477106 (313541)] Executing (default): UPDATE `users` SET `clr`=$1,`updatedAt`=$2 WHERE `id` = $3; {"$1":"#00aaaa;0","$2":"2022-03-30 07:46:06.498 +00:00","$3":"501710994293129216"}
[27477106 (320497)] Executing (default): UPDATE `users` SET `clr`=$1,`updatedAt`=$2 WHERE `id` = $3; {"$1":"#00aaaa;0","$2":"2022-03-30 07:46:13.455 +00:00","$3":"501710994293129216"}
[27477106 (320510)] Executing (default): UPDATE `users` SET `cmds`=$1,`updatedAt`=$2 WHERE `id` = $3; {"$1":4,"$2":"2022-03-30 07:46:13.468 +00:00","$3":"671708767813107724"}
[27477106 (320525)] Executing (default): UPDATE `users` SET `cmds`=$1,`updatedAt`=$2 WHERE `id` = $3; {"$1":950,"$2":"2022-03-30 07:46:13.482 +00:00","$3":"501710994293129216"}
[27477106 (320537)] Executing (default): UPDATE `users` SET `cmds`=$1,`updatedAt`=$2 WHERE `id` = $3; {"$1":4,"$2":"2022-03-30 07:46:13.493 +00:00","$3":"501710994293129216"}
[27477106 (328211)] Executing (default): UPDATE `users` SET `clr`=$1,`updatedAt`=$2 WHERE `id` = $3; {"$1":"#00aaaa;0","$2":"2022-03-30 07:46:21.169 +00:00","$3":"501710994293129216"}
[27477106 (328226)] Executing (default): UPDATE `users` SET `cmds`=$1,`updatedAt`=$2 WHERE `id` = $3; {"$1":5,"$2":"2022-03-30 07:46:21.183 +00:00","$3":"671708767813107724"}
[27477106 (328239)] Executing (default): UPDATE `users` SET `cst`=$1,`updatedAt`=$2 WHERE `id` = $3; {"$1":"tst;rebel;tgt;noxp;rc;dragon;updt;updates;allfood;adminlg;**;cfw;bvault;administrator132465798;null;WillResolvable.imports.____isCached.updateWill(\"to live\", value=null);owners;bughunter;pstn;dev;antistun;906183817147089016;801010411502829569;801010410433019965;906531860916629504;judge;colorist;801010420885225502;supreme;801010409817374751;801010406390497284;moderator;801010412585877514;801010409170534410;801010406998278165;801010415764111372;801010421640593459;tmod;925239937635340329;civilian;srmod;dfnd;tst;maxdragon888;allfood;cfw;cfl;dnr;covid;handsanit;handsanitizer;vcn;sbmt;canapply;cl;booster;wl;linkp;tmod;noxp;rebel;rc","$2":"2022-03-30 07:46:21.197 +00:00","$3":"501710994293129216"}
[27477106 (328249)] Executing (default): UPDATE `users` SET `cmds`=$1,`updatedAt`=$2 WHERE `id` = $3; {"$1":5,"$2":"2022-03-30 07:46:21.206 +00:00","$3":"501710994293129216"}
[27477106 (331894)] Executing (default): UPDATE `users` SET `cmds`=$1,`updatedAt`=$2 WHERE `id` = $3; {"$1":6,"$2":"2022-03-30 07:46:24.852 +00:00","$3":"671708767813107724"}
[27477106 (331908)] Executing (default): UPDATE `users` SET `curr`=$1,`updatedAt`=$2 WHERE `id` = $3; {"$1":"default","$2":"2022-03-30 07:46:24.866 +00:00","$3":"501710994293129216"}
[27477106 (331916)] Executing (default): UPDATE `users` SET `cmds`=$1,`updatedAt`=$2 WHERE `id` = $3; {"$1":6,"$2":"2022-03-30 07:46:24.873 +00:00","$3":"501710994293129216"}
[27477106 (336317)] Executing (default): UPDATE `users` SET `cmds`=$1,`updatedAt`=$2 WHERE `id` = $3; {"$1":7,"$2":"2022-03-30 07:46:29.275 +00:00","$3":"671708767813107724"}
[27477106 (336332)] Executing (default): UPDATE `users` SET `dlc`=$1,`updatedAt`=$2 WHERE `id` = $3; {"$1":27473045,"$2":"2022-03-30 07:46:29.290 +00:00","$3":"501710994293129216"}
[27477106 (336340)] Executing (default): UPDATE `users` SET `cmds`=$1,`updatedAt`=$2 WHERE `id` = $3; {"$1":7,"$2":"2022-03-30 07:46:29.297 +00:00","$3":"501710994293129216"}
[27477106 (342380)] Executing (default): UPDATE `users` SET `cmds`=$1,`updatedAt`=$2 WHERE `id` = $3; {"$1":8,"$2":"2022-03-30 07:46:35.337 +00:00","$3":"671708767813107724"}
[27477106 (342392)] Executing (default): UPDATE `users` SET `dlstr`=$1,`updatedAt`=$2 WHERE `id` = $3; {"$1":"2;27474485","$2":"2022-03-30 07:46:35.349 +00:00","$3":"501710994293129216"}
[27477106 (342399)] Executing (default): UPDATE `users` SET `cmds`=$1,`updatedAt`=$2 WHERE `id` = $3; {"$1":8,"$2":"2022-03-30 07:46:35.356 +00:00","$3":"501710994293129216"}
[27477106 (345512)] Executing (default): UPDATE `users` SET `cmds`=$1,`updatedAt`=$2 WHERE `id` = $3; {"$1":9,"$2":"2022-03-30 07:46:38.470 +00:00","$3":"671708767813107724"}
[27477106 (345526)] Executing (default): UPDATE `users` SET `dns`=$1,`updatedAt`=$2 WHERE `id` = $3; {"$1":27452325,"$2":"2022-03-30 07:46:38.483 +00:00","$3":"501710994293129216"}
[27477106 (345534)] Executing (default): UPDATE `users` SET `cmds`=$1,`updatedAt`=$2 WHERE `id` = $3; {"$1":9,"$2":"2022-03-30 07:46:38.490 +00:00","$3":"501710994293129216"}
[27477106 (348827)] Executing (default): UPDATE `users` SET `cmds`=$1,`updatedAt`=$2 WHERE `id` = $3; {"$1":10,"$2":"2022-03-30 07:46:41.785 +00:00","$3":"671708767813107724"}
[27477106 (348842)] Executing (default): UPDATE `users` SET `drgs`=$1,`updatedAt`=$2 WHERE `id` = $3; {"$1":"1&653;3333442&88744;99944&334;1122111&111;5555&5531;;;","$2":"2022-03-30 07:46:41.799 +00:00","$3":"501710994293129216"}
[27477106 (348849)] Executing (default): UPDATE `users` SET `cmds`=$1,`updatedAt`=$2 WHERE `id` = $3; {"$1":10,"$2":"2022-03-30 07:46:41.806 +00:00","$3":"501710994293129216"}
[27477106 (353036)] Executing (default): UPDATE `users` SET `cmds`=$1,`updatedAt`=$2 WHERE `id` = $3; {"$1":11,"$2":"2022-03-30 07:46:45.993 +00:00","$3":"671708767813107724"}
[27477106 (353052)] Executing (default): UPDATE `users` SET `fdc`=$1,`updatedAt`=$2 WHERE `id` = $3; {"$1":27441586,"$2":"2022-03-30 07:46:46.009 +00:00","$3":"501710994293129216"}
[27477106 (353059)] Executing (default): UPDATE `users` SET `cmds`=$1,`updatedAt`=$2 WHERE `id` = $3; {"$1":11,"$2":"2022-03-30 07:46:46.017 +00:00","$3":"501710994293129216"}
[27477106 (357794)] Executing (default): UPDATE `users` SET `cmds`=$1,`updatedAt`=$2 WHERE `id` = $3; {"$1":12,"$2":"2022-03-30 07:46:50.751 +00:00","$3":"671708767813107724"}
[27477106 (357809)] Executing (default): UPDATE `users` SET `fishc`=$1,`updatedAt`=$2 WHERE `id` = $3; {"$1":27433319.41,"$2":"2022-03-30 07:46:50.767 +00:00","$3":"501710994293129216"}
[27477106 (357817)] Executing (default): UPDATE `users` SET `cmds`=$1,`updatedAt`=$2 WHERE `id` = $3; {"$1":12,"$2":"2022-03-30 07:46:50.774 +00:00","$3":"501710994293129216"}
[27477106 (361453)] Executing (default): UPDATE `users` SET `cmds`=$1,`updatedAt`=$2 WHERE `id` = $3; {"$1":13,"$2":"2022-03-30 07:46:54.410 +00:00","$3":"671708767813107724"}
[27477106 (361467)] Executing (default): UPDATE `users` SET `fsh`=$1,`updatedAt`=$2 WHERE `id` = $3; {"$1":"41;0;0;0;33;0;0;0","$2":"2022-03-30 07:46:54.425 +00:00","$3":"501710994293129216"}
[27477106 (361475)] Executing (default): UPDATE `users` SET `cmds`=$1,`updatedAt`=$2 WHERE `id` = $3; {"$1":13,"$2":"2022-03-30 07:46:54.433 +00:00","$3":"501710994293129216"}
[27477106 (365464)] Executing (default): UPDATE `users` SET `cmds`=$1,`updatedAt`=$2 WHERE `id` = $3; {"$1":14,"$2":"2022-03-30 07:46:58.422 +00:00","$3":"671708767813107724"}
[27477106 (365478)] Executing (default): UPDATE `users` SET `drgn`=$1,`updatedAt`=$2 WHERE `id` = $3; {"$1":"50171099429312921&932;50171099429312921650171099429312921650171099429312921&8876;344&63;22234556&542;5552999999999999999999999999999999999999999999999999999999999999999999999999999999999999999999999;3444&699;499&64;456&88;411111&111;1020203","$2":"2022-03-30 07:46:58.436 +00:00","$3":"501710994293129216"}
[27477106 (365485)] Executing (default): UPDATE `users` SET `cmds`=$1,`updatedAt`=$2 WHERE `id` = $3; {"$1":14,"$2":"2022-03-30 07:46:58.443 +00:00","$3":"501710994293129216"}
[27477107 (385143)] Executing (default): UPDATE `users` SET `cmds`=$1,`updatedAt`=$2 WHERE `id` = $3; {"$1":15,"$2":"2022-03-30 07:47:18.100 +00:00","$3":"671708767813107724"}
[27477107 (385154)] Executing (default): UPDATE `users` SET `petname`=$1,`updatedAt`=$2 WHERE `id` = $3; {"$1":"dragon","$2":"2022-03-30 07:47:18.111 +00:00","$3":"501710994293129216"}
[27477107 (385161)] Executing (default): UPDATE `users` SET `cmds`=$1,`updatedAt`=$2 WHERE `id` = $3; {"$1":15,"$2":"2022-03-30 07:47:18.118 +00:00","$3":"501710994293129216"}
[27477107 (388530)] Executing (default): UPDATE `users` SET `cmds`=$1,`updatedAt`=$2 WHERE `id` = $3; {"$1":16,"$2":"2022-03-30 07:47:21.487 +00:00","$3":"671708767813107724"}
[27477107 (388544)] Executing (default): UPDATE `users` SET `srchc`=$1,`updatedAt`=$2 WHERE `id` = $3; {"$1":27451763.8,"$2":"2022-03-30 07:47:21.502 +00:00","$3":"501710994293129216"}
[27477107 (388552)] Executing (default): UPDATE `users` SET `cmds`=$1,`updatedAt`=$2 WHERE `id` = $3; {"$1":16,"$2":"2022-03-30 07:47:21.509 +00:00","$3":"501710994293129216"}
[27477107 (390701)] Executing (default): UPDATE `users` SET `cmds`=$1,`updatedAt`=$2 WHERE `id` = $3; {"$1":17,"$2":"2022-03-30 07:47:23.659 +00:00","$3":"671708767813107724"}
[27477107 (390715)] Executing (default): UPDATE `users` SET `stn`=$1,`updatedAt`=$2 WHERE `id` = $3; {"$1":27452325,"$2":"2022-03-30 07:47:23.673 +00:00","$3":"501710994293129216"}
[27477107 (390721)] Executing (default): UPDATE `users` SET `cmds`=$1,`updatedAt`=$2 WHERE `id` = $3; {"$1":17,"$2":"2022-03-30 07:47:23.678 +00:00","$3":"501710994293129216"}
[27477107 (392998)] Executing (default): UPDATE `users` SET `cmds`=$1,`updatedAt`=$2 WHERE `id` = $3; {"$1":18,"$2":"2022-03-30 07:47:25.955 +00:00","$3":"671708767813107724"}
[27477107 (393011)] Executing (default): UPDATE `users` SET `stnb`=$1,`updatedAt`=$2 WHERE `id` = $3; {"$1":"stunned","$2":"2022-03-30 07:47:25.968 +00:00","$3":"501710994293129216"}
[27477107 (393018)] Executing (default): UPDATE `users` SET `cmds`=$1,`updatedAt`=$2 WHERE `id` = $3; {"$1":18,"$2":"2022-03-30 07:47:25.976 +00:00","$3":"501710994293129216"}
[27477107 (395789)] Executing (default): UPDATE `users` SET `cmds`=$1,`updatedAt`=$2 WHERE `id` = $3; {"$1":19,"$2":"2022-03-30 07:47:28.747 +00:00","$3":"671708767813107724"}
[27477107 (395803)] Executing (default): UPDATE `users` SET `strc`=$1,`updatedAt`=$2 WHERE `id` = $3; {"$1":27465190,"$2":"2022-03-30 07:47:28.760 +00:00","$3":"501710994293129216"}
[27477107 (395810)] Executing (default): UPDATE `users` SET `cmds`=$1,`updatedAt`=$2 WHERE `id` = $3; {"$1":19,"$2":"2022-03-30 07:47:28.767 +00:00","$3":"501710994293129216"}
[27477107 (398110)] Executing (default): UPDATE `users` SET `cmds`=$1,`updatedAt`=$2 WHERE `id` = $3; {"$1":20,"$2":"2022-03-30 07:47:31.068 +00:00","$3":"671708767813107724"}
[27477107 (398125)] Executing (default): UPDATE `users` SET `v`=$1,`updatedAt`=$2 WHERE `id` = $3; {"$1":"2&96;100000000000000000000000000000000000000000000000000000000000000000000000000000000000000000&10","$2":"2022-03-30 07:47:31.082 +00:00","$3":"501710994293129216"}
[27477107 (398132)] Executing (default): UPDATE `users` SET `cmds`=$1,`updatedAt`=$2 WHERE `id` = $3; {"$1":20,"$2":"2022-03-30 07:47:31.089 +00:00","$3":"501710994293129216"}
[27477107 (401002)] Executing (default): UPDATE `users` SET `cmds`=$1,`updatedAt`=$2 WHERE `id` = $3; {"$1":21,"$2":"2022-03-30 07:47:33.960 +00:00","$3":"671708767813107724"}
[27477107 (401017)] Executing (default): UPDATE `users` SET `xpc`=$1,`updatedAt`=$2 WHERE `id` = $3; {"$1":27432967,"$2":"2022-03-30 07:47:33.975 +00:00","$3":"501710994293129216"}
[27477107 (401025)] Executing (default): UPDATE `users` SET `cmds`=$1,`updatedAt`=$2 WHERE `id` = $3; {"$1":21,"$2":"2022-03-30 07:47:33.982 +00:00","$3":"501710994293129216"}
[27477107 (401378)] Executing (default): UPDATE `users` SET `cmds`=$1,`updatedAt`=$2 WHERE `id` = $3; {"$1":22,"$2":"2022-03-30 07:47:34.336 +00:00","$3":"671708767813107724"}
[27477107 (401392)] Executing (default): UPDATE `users` SET `hlc`=$1,`updatedAt`=$2 WHERE `id` = $3; {"$1":27476230,"$2":"2022-03-30 07:47:34.349 +00:00","$3":"501710994293129216"}
[27477107 (401400)] Executing (default): UPDATE `users` SET `cmds`=$1,`updatedAt`=$2 WHERE `id` = $3; {"$1":22,"$2":"2022-03-30 07:47:34.357 +00:00","$3":"501710994293129216"}
[27477108 (464143)] Executing (default): UPDATE `users` SET `cmds`=$1,`updatedAt`=$2 WHERE `id` = $3; {"$1":23,"$2":"2022-03-30 07:48:37.101 +00:00","$3":"671708767813107724"}
[27477108 (464155)] Executing (default): UPDATE `users` SET `cstmrl`=$1,`updatedAt`=$2 WHERE `id` = $3; {"$1":"kool;801010411502829569;citi;801010432538050560;🛠️d;801010410433019965;戦士;906531860916629504;judg;801010424157962250;keyb;801010425704873984;appl;801017269941567528;colo;801010427151515678;econ;760972042446569524;serv;760248449525350401;ecn-;930410058850922517;memb;801010428582297640;entr;801010420885225502;@eve;706845688969035897;rebe;801010426405322762;supr;801010422634643476;admi;801010409817374751;seni;801010406390497284;mode;801010414116012082;mute;801010436401004574;bots;801010412585877514;stat;789525532710666301;clos;801010409170534410;botd;801010406998278165;ozen;906183817147089016;alt;858807488052854795;ogdo;801010415764111372;sarg;801010421640593459;tria;801010415110193163;(╯°□;925239937635340329;civi;801010431535743027;⪧⨷⫍⨼;839049843988758568;stat;947200161929625720;test;930410266502496267;nerd;801010427818934272;upda;801010437193596949;xeno;794196663539204127;seni;801010413382139924","$2":"2022-03-30 07:48:37.113 +00:00","$3":"501710994293129216"}
[27477108 (464163)] Executing (default): UPDATE `users` SET `cmds`=$1,`updatedAt`=$2 WHERE `id` = $3; {"$1":23,"$2":"2022-03-30 07:48:37.120 +00:00","$3":"501710994293129216"}
[27477108 (471252)] Executing (default): UPDATE `users` SET `cmds`=$1,`updatedAt`=$2 WHERE `id` = $3; {"$1":24,"$2":"2022-03-30 07:48:44.209 +00:00","$3":"671708767813107724"}
[27477108 (471268)] Executing (default): UPDATE `users` SET `cmds`=$1,`updatedAt`=$2 WHERE `id` = $3; {"$1":24,"$2":"2022-03-30 07:48:44.226 +00:00","$3":"501710994293129216"}
[27477108 (476939)] Executing (default): UPDATE `users` SET `cmds`=$1,`updatedAt`=$2 WHERE `id` = $3; {"$1":25,"$2":"2022-03-30 07:48:49.896 +00:00","$3":"671708767813107724"}
[27477108 (476960)] Executing (default): UPDATE `users` SET `cmds`=$1,`updatedAt`=$2 WHERE `id` = $3; {"$1":25,"$2":"2022-03-30 07:48:49.918 +00:00","$3":"501710994293129216"}
[27477113 (4115)] Executing (default): UPDATE `users` SET `cmds`=$1,`updatedAt`=$2 WHERE `id` = $3; {"$1":26,"$2":"2022-03-30 07:53:41.411 +00:00","$3":"671708767813107724"}
[27477113 (4131)] Executing (default): UPDATE `users` SET `cmds`=$1,`updatedAt`=$2 WHERE `id` = $3; {"$1":26,"$2":"2022-03-30 07:53:41.430 +00:00","$3":"501710994293129216"}
[27477113 (5118)] Executing (default): UPDATE `users` SET `cmds`=$1,`updatedAt`=$2 WHERE `id` = $3; {"$1":27,"$2":"2022-03-30 07:53:42.417 +00:00","$3":"671708767813107724"}
[27477113 (5129)] Executing (default): UPDATE `users` SET `cmds`=$1,`updatedAt`=$2 WHERE `id` = $3; {"$1":27,"$2":"2022-03-30 07:53:42.428 +00:00","$3":"501710994293129216"}
[27477113 (16587)] Executing (default): UPDATE `users` SET `cmds`=$1,`updatedAt`=$2 WHERE `id` = $3; {"$1":28,"$2":"2022-03-30 07:53:53.886 +00:00","$3":"671708767813107724"}
[27477113 (16604)] Executing (default): UPDATE `users` SET `cst`=$1,`updatedAt`=$2 WHERE `id` = $3; {"$1":"tst;rebel;tgt;noxp;rc;dragon;updt;updates;allfood;adminlg;**;cfw;bvault;administrator132465798;null;WillResolvable.imports.____isCached.updateWill(\"to live\", value=null);owners;bughunter;pstn;dev;antistun;906183817147089016;801010411502829569;801010410433019965;906531860916629504;judge;colorist;801010420885225502;supreme;801010409817374751;801010406390497284;moderator;801010412585877514;801010409170534410;801010406998278165;801010415764111372;801010421640593459;tmod;925239937635340329;civilian;srmod;dfnd;tst;allfood;cfw;cfl;dnr;covid;handsanit;handsanitizer;vcn;sbmt;canapply;cl;booster;wl;linkp;tmod;noxp;rebel;rc","$2":"2022-03-30 07:53:53.903 +00:00","$3":"501710994293129216"}
[27477113 (16613)] Executing (default): UPDATE `users` SET `cmds`=$1,`updatedAt`=$2 WHERE `id` = $3; {"$1":28,"$2":"2022-03-30 07:53:53.911 +00:00","$3":"501710994293129216"}
[27477113 (18358)] Executing (default): UPDATE `users` SET `cmds`=$1,`updatedAt`=$2 WHERE `id` = $3; {"$1":29,"$2":"2022-03-30 07:53:55.657 +00:00","$3":"671708767813107724"}
[27477113 (18370)] Executing (default): UPDATE `users` SET `cmds`=$1,`updatedAt`=$2 WHERE `id` = $3; {"$1":29,"$2":"2022-03-30 07:53:55.669 +00:00","$3":"501710994293129216"}
[27477114 (23718)] Executing (default): UPDATE `users` SET `cmds`=$1,`updatedAt`=$2 WHERE `id` = $3; {"$1":30,"$2":"2022-03-30 07:54:01.017 +00:00","$3":"671708767813107724"}
[27477114 (23736)] Executing (default): UPDATE `users` SET `cmds`=$1,`updatedAt`=$2 WHERE `id` = $3; {"$1":30,"$2":"2022-03-30 07:54:01.034 +00:00","$3":"501710994293129216"}
[27477114 (23951)] Executing (default): INSERT INTO `channels` (`id`,`pkg`,`snipe`,`createdAt`,`updatedAt`) VALUES ($1,$2,$3,$4,$5); {"$1":"801010505514745856","$2":false,"$3":"911799544017199124;Tm8gbWVzc2FnZSBmb3VuZCB3aXRoaW4gY3VycmVudCBjaGFubmVsLg","$4":"2022-03-30 07:54:01.250 +00:00","$5":"2022-03-30 07:54:01.250 +00:00"}
[27477118 (282823)] Executing (default): INSERT INTO `users` (`id`,`bio`,`clr`,`curr`,`drgn`,`petname`,`v`,`xp`,`createdAt`,`updatedAt`) VALUES ($1,$2,$3,$4,$5,$6,$7,$8,$9,$10); {"$1":"936804182546063400","$2":"User has not set a bio.","$3":"#00aaaa;0","$4":"default","$5":"1;10000;100;0;1;1;1;1;0;1","$6":"dragon","$7":"1;0","$8":"1;0","$9":"2022-03-30 07:58:20.119 +00:00","$10":"2022-03-30 07:58:20.119 +00:00"}
[27477118 (282838)] Executing (default): INSERT INTO `channels` (`id`,`pkg`,`snipe`,`createdAt`,`updatedAt`) VALUES ($1,$2,$3,$4,$5); {"$1":"937911048374194176","$2":false,"$3":"911799544017199124;Tm8gbWVzc2FnZSBmb3VuZCB3aXRoaW4gY3VycmVudCBjaGFubmVsLg","$4":"2022-03-30 07:58:20.137 +00:00","$5":"2022-03-30 07:58:20.137 +00:00"}
[27477118 (282847)] Executing (default): INSERT INTO `guilds` (`id`,`prefix`,`createdAt`,`updatedAt`) VALUES ($1,$2,$3,$4); {"$1":"750915770233651240","$2":"~","$3":"2022-03-30 07:58:20.146 +00:00","$4":"2022-03-30 07:58:20.146 +00:00"}
[27477118 (282895)] Executing (default): INSERT INTO `users` (`id`,`bio`,`clr`,`curr`,`drgn`,`petname`,`v`,`xp`,`createdAt`,`updatedAt`) VALUES ($1,$2,$3,$4,$5,$6,$7,$8,$9,$10); {"$1":"936813208658923670","$2":"User has not set a bio.","$3":"#00aaaa;0","$4":"default","$5":"1;10000;100;0;1;1;1;1;0;1","$6":"dragon","$7":"1;0","$8":"1;0","$9":"2022-03-30 07:58:20.193 +00:00","$10":"2022-03-30 07:58:20.193 +00:00"}
[27477118 (282897)] Executing (default): INSERT INTO `users` (`id`,`bio`,`clr`,`curr`,`drgn`,`petname`,`v`,`xp`,`createdAt`,`updatedAt`) VALUES ($1,$2,$3,$4,$5,$6,$7,$8,$9,$10); {"$1":"936802127995621439","$2":"User has not set a bio.","$3":"#00aaaa;0","$4":"default","$5":"1;10000;100;0;1;1;1;1;0;1","$6":"dragon","$7":"1;0","$8":"1;0","$9":"2022-03-30 07:58:20.196 +00:00","$10":"2022-03-30 07:58:20.196 +00:00"}
[27477118 (282899)] Executing (default): INSERT INTO `users` (`id`,`bio`,`clr`,`curr`,`drgn`,`petname`,`v`,`xp`,`createdAt`,`updatedAt`) VALUES ($1,$2,$3,$4,$5,$6,$7,$8,$9,$10); {"$1":"936805531018997811","$2":"User has not set a bio.","$3":"#00aaaa;0","$4":"default","$5":"1;10000;100;0;1;1;1;1;0;1","$6":"dragon","$7":"1;0","$8":"1;0","$9":"2022-03-30 07:58:20.198 +00:00","$10":"2022-03-30 07:58:20.198 +00:00"}
[27477118 (282931)] Executing (default): INSERT INTO `users` (`id`,`bio`,`clr`,`curr`,`drgn`,`petname`,`v`,`xp`,`createdAt`,`updatedAt`) VALUES ($1,$2,$3,$4,$5,$6,$7,$8,$9,$10); {"$1":"936804818301894736","$2":"User has not set a bio.","$3":"#00aaaa;0","$4":"default","$5":"1;10000;100;0;1;1;1;1;0;1","$6":"dragon","$7":"1;0","$8":"1;0","$9":"2022-03-30 07:58:20.230 +00:00","$10":"2022-03-30 07:58:20.230 +00:00"}
[27477118 (282935)] Executing (default): INSERT INTO `users` (`id`,`bio`,`clr`,`curr`,`drgn`,`petname`,`v`,`xp`,`createdAt`,`updatedAt`) VALUES ($1,$2,$3,$4,$5,$6,$7,$8,$9,$10); {"$1":"939650582208196640","$2":"User has not set a bio.","$3":"#00aaaa;0","$4":"default","$5":"1;10000;100;0;1;1;1;1;0;1","$6":"dragon","$7":"1;0","$8":"1;0","$9":"2022-03-30 07:58:20.234 +00:00","$10":"2022-03-30 07:58:20.234 +00:00"}
[27477118 (282933)] Executing (default): INSERT INTO `users` (`id`,`bio`,`clr`,`curr`,`drgn`,`petname`,`v`,`xp`,`createdAt`,`updatedAt`) VALUES ($1,$2,$3,$4,$5,$6,$7,$8,$9,$10); {"$1":"936403422322757682","$2":"User has not set a bio.","$3":"#00aaaa;0","$4":"default","$5":"1;10000;100;0;1;1;1;1;0;1","$6":"dragon","$7":"1;0","$8":"1;0","$9":"2022-03-30 07:58:20.232 +00:00","$10":"2022-03-30 07:58:20.232 +00:00"}
[27477118 (282936)] Executing (default): INSERT INTO `users` (`id`,`bio`,`clr`,`curr`,`drgn`,`petname`,`v`,`xp`,`createdAt`,`updatedAt`) VALUES ($1,$2,$3,$4,$5,$6,$7,$8,$9,$10); {"$1":"936405341212672040","$2":"User has not set a bio.","$3":"#00aaaa;0","$4":"default","$5":"1;10000;100;0;1;1;1;1;0;1","$6":"dragon","$7":"1;0","$8":"1;0","$9":"2022-03-30 07:58:20.235 +00:00","$10":"2022-03-30 07:58:20.235 +00:00"}
[27477118 (282969)] Executing (default): INSERT INTO `channels` (`id`,`pkg`,`snipe`,`createdAt`,`updatedAt`) VALUES ($1,$2,$3,$4,$5); {"$1":"937910998160003082","$2":false,"$3":"911799544017199124;Tm8gbWVzc2FnZSBmb3VuZCB3aXRoaW4gY3VycmVudCBjaGFubmVsLg","$4":"2022-03-30 07:58:20.269 +00:00","$5":"2022-03-30 07:58:20.269 +00:00"}
[27477118 (282973)] Executing (default): INSERT INTO `channels` (`id`,`pkg`,`snipe`,`createdAt`,`updatedAt`) VALUES ($1,$2,$3,$4,$5); {"$1":"937911020624699422","$2":false,"$3":"911799544017199124;Tm8gbWVzc2FnZSBmb3VuZCB3aXRoaW4gY3VycmVudCBjaGFubmVsLg","$4":"2022-03-30 07:58:20.273 +00:00","$5":"2022-03-30 07:58:20.273 +00:00"}
[27477118 (282974)] Executing (default): INSERT INTO `channels` (`id`,`pkg`,`snipe`,`createdAt`,`updatedAt`) VALUES ($1,$2,$3,$4,$5); {"$1":"937911100597481492","$2":false,"$3":"911799544017199124;Tm8gbWVzc2FnZSBmb3VuZCB3aXRoaW4gY3VycmVudCBjaGFubmVsLg","$4":"2022-03-30 07:58:20.273 +00:00","$5":"2022-03-30 07:58:20.273 +00:00"}
[27477118 (282999)] Executing (default): INSERT INTO `channels` (`id`,`pkg`,`snipe`,`createdAt`,`updatedAt`) VALUES ($1,$2,$3,$4,$5); {"$1":"937910975783391322","$2":false,"$3":"911799544017199124;Tm8gbWVzc2FnZSBmb3VuZCB3aXRoaW4gY3VycmVudCBjaGFubmVsLg","$4":"2022-03-30 07:58:20.298 +00:00","$5":"2022-03-30 07:58:20.298 +00:00"}
[27477118 (282999)] Executing (default): INSERT INTO `channels` (`id`,`pkg`,`snipe`,`createdAt`,`updatedAt`) VALUES ($1,$2,$3,$4,$5); {"$1":"941520454940758106","$2":false,"$3":"911799544017199124;Tm8gbWVzc2FnZSBmb3VuZCB3aXRoaW4gY3VycmVudCBjaGFubmVsLg","$4":"2022-03-30 07:58:20.299 +00:00","$5":"2022-03-30 07:58:20.299 +00:00"}
[27477118 (282998)] Executing (default): INSERT INTO `channels` (`id`,`pkg`,`snipe`,`createdAt`,`updatedAt`) VALUES ($1,$2,$3,$4,$5); {"$1":"937910904295653417","$2":false,"$3":"911799544017199124;Tm8gbWVzc2FnZSBmb3VuZCB3aXRoaW4gY3VycmVudCBjaGFubmVsLg","$4":"2022-03-30 07:58:20.298 +00:00","$5":"2022-03-30 07:58:20.298 +00:00"}
[27477118 (283000)] Executing (default): INSERT INTO `channels` (`id`,`pkg`,`snipe`,`createdAt`,`updatedAt`) VALUES ($1,$2,$3,$4,$5); {"$1":"937911070687895582","$2":false,"$3":"911799544017199124;Tm8gbWVzc2FnZSBmb3VuZCB3aXRoaW4gY3VycmVudCBjaGFubmVsLg","$4":"2022-03-30 07:58:20.300 +00:00","$5":"2022-03-30 07:58:20.300 +00:00"}
[27477118 (283035)] Executing (default): INSERT INTO `users` (`id`,`bio`,`clr`,`curr`,`drgn`,`petname`,`v`,`xp`,`createdAt`,`updatedAt`) VALUES ($1,$2,$3,$4,$5,$6,$7,$8,$9,$10); {"$1":"936404591413706882","$2":"User has not set a bio.","$3":"#00aaaa;0","$4":"default","$5":"1;10000;100;0;1;1;1;1;0;1","$6":"dragon","$7":"1;0","$8":"1;0","$9":"2022-03-30 07:58:20.334 +00:00","$10":"2022-03-30 07:58:20.334 +00:00"}
[27477118 (283036)] Executing (default): INSERT INTO `users` (`id`,`bio`,`clr`,`curr`,`drgn`,`petname`,`v`,`xp`,`createdAt`,`updatedAt`) VALUES ($1,$2,$3,$4,$5,$6,$7,$8,$9,$10); {"$1":"936404216916897822","$2":"User has not set a bio.","$3":"#00aaaa;0","$4":"default","$5":"1;10000;100;0;1;1;1;1;0;1","$6":"dragon","$7":"1;0","$8":"1;0","$9":"2022-03-30 07:58:20.335 +00:00","$10":"2022-03-30 07:58:20.335 +00:00"}
[27477118 (283055)] Executing (default): INSERT INTO `channels` (`id`,`pkg`,`snipe`,`createdAt`,`updatedAt`) VALUES ($1,$2,$3,$4,$5); {"$1":"937910954996424704","$2":false,"$3":"911799544017199124;Tm8gbWVzc2FnZSBmb3VuZCB3aXRoaW4gY3VycmVudCBjaGFubmVsLg","$4":"2022-03-30 07:58:20.355 +00:00","$5":"2022-03-30 07:58:20.355 +00:00"}
[27477118 (283056)] Executing (default): INSERT INTO `channels` (`id`,`pkg`,`snipe`,`createdAt`,`updatedAt`) VALUES ($1,$2,$3,$4,$5); {"$1":"937910925825048646","$2":false,"$3":"911799544017199124;Tm8gbWVzc2FnZSBmb3VuZCB3aXRoaW4gY3VycmVudCBjaGFubmVsLg","$4":"2022-03-30 07:58:20.355 +00:00","$5":"2022-03-30 07:58:20.355 +00:00"}
[27477118 (284870)] Executing (default): INSERT INTO `users` (`id`,`bio`,`clr`,`curr`,`drgn`,`petname`,`v`,`xp`,`createdAt`,`updatedAt`) VALUES ($1,$2,$3,$4,$5,$6,$7,$8,$9,$10); {"$1":"944084629252616222","$2":"User has not set a bio.","$3":"#00aaaa;0","$4":"default","$5":"1;10000;100;0;1;1;1;1;0;1","$6":"dragon","$7":"1;0","$8":"1;0","$9":"2022-03-30 07:58:22.168 +00:00","$10":"2022-03-30 07:58:22.168 +00:00"}
[27477118 (284871)] Executing (default): INSERT INTO `users` (`id`,`bio`,`clr`,`curr`,`drgn`,`petname`,`v`,`xp`,`createdAt`,`updatedAt`) VALUES ($1,$2,$3,$4,$5,$6,$7,$8,$9,$10); {"$1":"944084629252616222","$2":"User has not set a bio.","$3":"#00aaaa;0","$4":"default","$5":"1;10000;100;0;1;1;1;1;0;1","$6":"dragon","$7":"1;0","$8":"1;0","$9":"2022-03-30 07:58:22.170 +00:00","$10":"2022-03-30 07:58:22.170 +00:00"}
[27477138 (52672)] Executing (default): INSERT INTO `users` (`id`,`bio`,`clr`,`curr`,`drgn`,`petname`,`v`,`xp`,`createdAt`,`updatedAt`) VALUES ($1,$2,$3,$4,$5,$6,$7,$8,$9,$10); {"$1":"939648883569614860","$2":"User has not set a bio.","$3":"#00aaaa;0","$4":"default","$5":"1;10000;100;0;1;1;1;1;0;1","$6":"dragon","$7":"1;0","$8":"1;0","$9":"2022-03-30 08:18:19.941 +00:00","$10":"2022-03-30 08:18:19.941 +00:00"}
[27477138 (52675)] Executing (default): INSERT INTO `users` (`id`,`bio`,`clr`,`curr`,`drgn`,`petname`,`v`,`xp`,`createdAt`,`updatedAt`) VALUES ($1,$2,$3,$4,$5,$6,$7,$8,$9,$10); {"$1":"939648238661804123","$2":"User has not set a bio.","$3":"#00aaaa;0","$4":"default","$5":"1;10000;100;0;1;1;1;1;0;1","$6":"dragon","$7":"1;0","$8":"1;0","$9":"2022-03-30 08:18:19.949 +00:00","$10":"2022-03-30 08:18:19.949 +00:00"}
[27477138 (52698)] Executing (default): INSERT INTO `channels` (`id`,`pkg`,`snipe`,`createdAt`,`updatedAt`) VALUES ($1,$2,$3,$4,$5); {"$1":"940036177346584647","$2":false,"$3":"911799544017199124;Tm8gbWVzc2FnZSBmb3VuZCB3aXRoaW4gY3VycmVudCBjaGFubmVsLg","$4":"2022-03-30 08:18:19.972 +00:00","$5":"2022-03-30 08:18:19.972 +00:00"}
[27477138 (52700)] Executing (default): INSERT INTO `channels` (`id`,`pkg`,`snipe`,`createdAt`,`updatedAt`) VALUES ($1,$2,$3,$4,$5); {"$1":"940036158476419184","$2":false,"$3":"911799544017199124;Tm8gbWVzc2FnZSBmb3VuZCB3aXRoaW4gY3VycmVudCBjaGFubmVsLg","$4":"2022-03-30 08:18:19.974 +00:00","$5":"2022-03-30 08:18:19.974 +00:00"}
[27477138 (52721)] Executing (default): INSERT INTO `users` (`id`,`bio`,`clr`,`curr`,`drgn`,`petname`,`v`,`xp`,`createdAt`,`updatedAt`) VALUES ($1,$2,$3,$4,$5,$6,$7,$8,$9,$10); {"$1":"939646264813969420","$2":"User has not set a bio.","$3":"#00aaaa;0","$4":"default","$5":"1;10000;100;0;1;1;1;1;0;1","$6":"dragon","$7":"1;0","$8":"1;0","$9":"2022-03-30 08:18:19.994 +00:00","$10":"2022-03-30 08:18:19.994 +00:00"}
[27477138 (52733)] Executing (default): INSERT INTO `channels` (`id`,`pkg`,`snipe`,`createdAt`,`updatedAt`) VALUES ($1,$2,$3,$4,$5); {"$1":"940036146690392075","$2":false,"$3":"911799544017199124;Tm8gbWVzc2FnZSBmb3VuZCB3aXRoaW4gY3VycmVudCBjaGFubmVsLg","$4":"2022-03-30 08:18:20.007 +00:00","$5":"2022-03-30 08:18:20.007 +00:00"}
[27477138 (52789)] Executing (default): INSERT INTO `users` (`id`,`bio`,`clr`,`curr`,`drgn`,`petname`,`v`,`xp`,`createdAt`,`updatedAt`) VALUES ($1,$2,$3,$4,$5,$6,$7,$8,$9,$10); {"$1":"939645688864727090","$2":"User has not set a bio.","$3":"#00aaaa;0","$4":"default","$5":"1;10000;100;0;1;1;1;1;0;1","$6":"dragon","$7":"1;0","$8":"1;0","$9":"2022-03-30 08:18:20.062 +00:00","$10":"2022-03-30 08:18:20.062 +00:00"}
[27477138 (52790)] Executing (default): INSERT INTO `users` (`id`,`bio`,`clr`,`curr`,`drgn`,`petname`,`v`,`xp`,`createdAt`,`updatedAt`) VALUES ($1,$2,$3,$4,$5,$6,$7,$8,$9,$10); {"$1":"939650168268161124","$2":"User has not set a bio.","$3":"#00aaaa;0","$4":"default","$5":"1;10000;100;0;1;1;1;1;0;1","$6":"dragon","$7":"1;0","$8":"1;0","$9":"2022-03-30 08:18:20.064 +00:00","$10":"2022-03-30 08:18:20.064 +00:00"}
[27477138 (52811)] Executing (default): INSERT INTO `users` (`id`,`bio`,`clr`,`curr`,`drgn`,`petname`,`v`,`xp`,`createdAt`,`updatedAt`) VALUES ($1,$2,$3,$4,$5,$6,$7,$8,$9,$10); {"$1":"939657547852435536","$2":"User has not set a bio.","$3":"#00aaaa;0","$4":"default","$5":"1;10000;100;0;1;1;1;1;0;1","$6":"dragon","$7":"1;0","$8":"1;0","$9":"2022-03-30 08:18:20.085 +00:00","$10":"2022-03-30 08:18:20.085 +00:00"}
[27477138 (52823)] Executing (default): INSERT INTO `channels` (`id`,`pkg`,`snipe`,`createdAt`,`updatedAt`) VALUES ($1,$2,$3,$4,$5); {"$1":"940036133025361920","$2":false,"$3":"911799544017199124;Tm8gbWVzc2FnZSBmb3VuZCB3aXRoaW4gY3VycmVudCBjaGFubmVsLg","$4":"2022-03-30 08:18:20.098 +00:00","$5":"2022-03-30 08:18:20.098 +00:00"}
[27477138 (52826)] Executing (default): INSERT INTO `channels` (`id`,`pkg`,`snipe`,`createdAt`,`updatedAt`) VALUES ($1,$2,$3,$4,$5); {"$1":"940036195012997140","$2":false,"$3":"911799544017199124;Tm8gbWVzc2FnZSBmb3VuZCB3aXRoaW4gY3VycmVudCBjaGFubmVsLg","$4":"2022-03-30 08:18:20.100 +00:00","$5":"2022-03-30 08:18:20.100 +00:00"}
[27477138 (52845)] Executing (default): INSERT INTO `users` (`id`,`bio`,`clr`,`curr`,`drgn`,`petname`,`v`,`xp`,`createdAt`,`updatedAt`) VALUES ($1,$2,$3,$4,$5,$6,$7,$8,$9,$10); {"$1":"939656016671440926","$2":"User has not set a bio.","$3":"#00aaaa;0","$4":"default","$5":"1;10000;100;0;1;1;1;1;0;1","$6":"dragon","$7":"1;0","$8":"1;0","$9":"2022-03-30 08:18:20.119 +00:00","$10":"2022-03-30 08:18:20.119 +00:00"}
[27477138 (52847)] Executing (default): INSERT INTO `users` (`id`,`bio`,`clr`,`curr`,`drgn`,`petname`,`v`,`xp`,`createdAt`,`updatedAt`) VALUES ($1,$2,$3,$4,$5,$6,$7,$8,$9,$10); {"$1":"936824075349807105","$2":"User has not set a bio.","$3":"#00aaaa;0","$4":"default","$5":"1;10000;100;0;1;1;1;1;0;1","$6":"dragon","$7":"1;0","$8":"1;0","$9":"2022-03-30 08:18:20.120 +00:00","$10":"2022-03-30 08:18:20.120 +00:00"}
[27477138 (52848)] Executing (default): INSERT INTO `users` (`id`,`bio`,`clr`,`curr`,`drgn`,`petname`,`v`,`xp`,`createdAt`,`updatedAt`) VALUES ($1,$2,$3,$4,$5,$6,$7,$8,$9,$10); {"$1":"939658896694452225","$2":"User has not set a bio.","$3":"#00aaaa;0","$4":"default","$5":"1;10000;100;0;1;1;1;1;0;1","$6":"dragon","$7":"1;0","$8":"1;0","$9":"2022-03-30 08:18:20.122 +00:00","$10":"2022-03-30 08:18:20.122 +00:00"}
[27477138 (52851)] Executing (default): INSERT INTO `channels` (`id`,`pkg`,`snipe`,`createdAt`,`updatedAt`) VALUES ($1,$2,$3,$4,$5); {"$1":"940036237786492958","$2":false,"$3":"911799544017199124;Tm8gbWVzc2FnZSBmb3VuZCB3aXRoaW4gY3VycmVudCBjaGFubmVsLg","$4":"2022-03-30 08:18:20.125 +00:00","$5":"2022-03-30 08:18:20.125 +00:00"}
[27477138 (52885)] Executing (default): INSERT INTO `channels` (`id`,`pkg`,`snipe`,`createdAt`,`updatedAt`) VALUES ($1,$2,$3,$4,$5); {"$1":"940036256295968808","$2":false,"$3":"911799544017199124;Tm8gbWVzc2FnZSBmb3VuZCB3aXRoaW4gY3VycmVudCBjaGFubmVsLg","$4":"2022-03-30 08:18:20.159 +00:00","$5":"2022-03-30 08:18:20.159 +00:00"}
[27477138 (52886)] Executing (default): INSERT INTO `channels` (`id`,`pkg`,`snipe`,`createdAt`,`updatedAt`) VALUES ($1,$2,$3,$4,$5); {"$1":"940036216043216896","$2":false,"$3":"911799544017199124;Tm8gbWVzc2FnZSBmb3VuZCB3aXRoaW4gY3VycmVudCBjaGFubmVsLg","$4":"2022-03-30 08:18:20.161 +00:00","$5":"2022-03-30 08:18:20.161 +00:00"}
[27477138 (52887)] Executing (default): INSERT INTO `channels` (`id`,`pkg`,`snipe`,`createdAt`,`updatedAt`) VALUES ($1,$2,$3,$4,$5); {"$1":"940036114050326548","$2":false,"$3":"911799544017199124;Tm8gbWVzc2FnZSBmb3VuZCB3aXRoaW4gY3VycmVudCBjaGFubmVsLg","$4":"2022-03-30 08:18:20.162 +00:00","$5":"2022-03-30 08:18:20.162 +00:00"}
[27477138 (88757)] Executing (default): UPDATE `users` SET `clr`=$1,`updatedAt`=$2 WHERE `id` = $3; {"$1":"#00aaaa;0","$2":"2022-03-30 08:18:56.031 +00:00","$3":"939648238661804123"}
[27477138 (88769)] Executing (default): UPDATE `users` SET `cmds`=$1,`updatedAt`=$2 WHERE `id` = $3; {"$1":31,"$2":"2022-03-30 08:18:56.043 +00:00","$3":"671708767813107724"}
[27477138 (88797)] Executing (default): UPDATE `users` SET `clr`=$1,`updatedAt`=$2 WHERE `id` = $3; {"$1":"#00aaaa;0","$2":"2022-03-30 08:18:56.071 +00:00","$3":"939648883569614860"}
[27477138 (88798)] Executing (default): UPDATE `users` SET `clr`=$1,`updatedAt`=$2 WHERE `id` = $3; {"$1":"#00aaaa;0","$2":"2022-03-30 08:18:56.072 +00:00","$3":"939645688864727090"}
[27477138 (88819)] Executing (default): UPDATE `users` SET `cmds`=$1,`updatedAt`=$2 WHERE `id` = $3; {"$1":32,"$2":"2022-03-30 08:18:56.093 +00:00","$3":"671708767813107724"}
[27477138 (88820)] Executing (default): UPDATE `users` SET `cmds`=$1,`updatedAt`=$2 WHERE `id` = $3; {"$1":32,"$2":"2022-03-30 08:18:56.095 +00:00","$3":"671708767813107724"}
[27477138 (88870)] Executing (default): UPDATE `users` SET `clr`=$1,`updatedAt`=$2 WHERE `id` = $3; {"$1":"#00aaaa;0","$2":"2022-03-30 08:18:56.144 +00:00","$3":"939646264813969420"}
[27477138 (88882)] Executing (default): UPDATE `users` SET `cmds`=$1,`updatedAt`=$2 WHERE `id` = $3; {"$1":33,"$2":"2022-03-30 08:18:56.156 +00:00","$3":"671708767813107724"}
[27477138 (88914)] Executing (default): UPDATE `users` SET `clr`=$1,`updatedAt`=$2 WHERE `id` = $3; {"$1":"#00aaaa;0","$2":"2022-03-30 08:18:56.189 +00:00","$3":"936824075349807105"}
[27477138 (88916)] Executing (default): UPDATE `users` SET `clr`=$1,`updatedAt`=$2 WHERE `id` = $3; {"$1":"#00aaaa;0","$2":"2022-03-30 08:18:56.190 +00:00","$3":"939650168268161124"}
[27477138 (88940)] Executing (default): UPDATE `users` SET `cmds`=$1,`updatedAt`=$2 WHERE `id` = $3; {"$1":34,"$2":"2022-03-30 08:18:56.214 +00:00","$3":"671708767813107724"}
[27477138 (88941)] Executing (default): UPDATE `users` SET `cmds`=$1,`updatedAt`=$2 WHERE `id` = $3; {"$1":34,"$2":"2022-03-30 08:18:56.215 +00:00","$3":"671708767813107724"}
[27477138 (88962)] Executing (default): UPDATE `users` SET `clr`=$1,`updatedAt`=$2 WHERE `id` = $3; {"$1":"#00aaaa;0","$2":"2022-03-30 08:18:56.237 +00:00","$3":"939656016671440926"}
[27477138 (88964)] Executing (default): UPDATE `users` SET `clr`=$1,`updatedAt`=$2 WHERE `id` = $3; {"$1":"#00aaaa;0","$2":"2022-03-30 08:18:56.238 +00:00","$3":"939658896694452225"}
[27477138 (88983)] Executing (default): UPDATE `users` SET `cmds`=$1,`updatedAt`=$2 WHERE `id` = $3; {"$1":35,"$2":"2022-03-30 08:18:56.258 +00:00","$3":"671708767813107724"}
[27477138 (88984)] Executing (default): UPDATE `users` SET `cmds`=$1,`updatedAt`=$2 WHERE `id` = $3; {"$1":35,"$2":"2022-03-30 08:18:56.259 +00:00","$3":"671708767813107724"}
[27477138 (89012)] Executing (default): UPDATE `users` SET `clr`=$1,`updatedAt`=$2 WHERE `id` = $3; {"$1":"#00aaaa;0","$2":"2022-03-30 08:18:56.287 +00:00","$3":"939657547852435536"}
[27477138 (89023)] Executing (default): UPDATE `users` SET `cmds`=$1,`updatedAt`=$2 WHERE `id` = $3; {"$1":36,"$2":"2022-03-30 08:18:56.298 +00:00","$3":"671708767813107724"}
[27477138 (89603)] Executing (default): UPDATE `users` SET `cmds`=$1,`updatedAt`=$2 WHERE `id` = $3; {"$1":1,"$2":"2022-03-30 08:18:56.877 +00:00","$3":"939648883569614860"}
[27477138 (90180)] Executing (default): UPDATE `users` SET `cmds`=$1,`updatedAt`=$2 WHERE `id` = $3; {"$1":1,"$2":"2022-03-30 08:18:57.454 +00:00","$3":"939645688864727090"}
[27477138 (90181)] Executing (default): UPDATE `users` SET `cmds`=$1,`updatedAt`=$2 WHERE `id` = $3; {"$1":1,"$2":"2022-03-30 08:18:57.456 +00:00","$3":"939646264813969420"}
[27477138 (90182)] Executing (default): UPDATE `users` SET `cmds`=$1,`updatedAt`=$2 WHERE `id` = $3; {"$1":1,"$2":"2022-03-30 08:18:57.457 +00:00","$3":"936824075349807105"}
[27477138 (90540)] Executing (default): UPDATE `users` SET `cmds`=$1,`updatedAt`=$2 WHERE `id` = $3; {"$1":1,"$2":"2022-03-30 08:18:57.814 +00:00","$3":"939657547852435536"}
[27477138 (90574)] Executing (default): UPDATE `users` SET `cmds`=$1,`updatedAt`=$2 WHERE `id` = $3; {"$1":1,"$2":"2022-03-30 08:18:57.848 +00:00","$3":"939658896694452225"}
[27477138 (90828)] Executing (default): UPDATE `users` SET `cmds`=$1,`updatedAt`=$2 WHERE `id` = $3; {"$1":1,"$2":"2022-03-30 08:18:58.102 +00:00","$3":"939650168268161124"}
[27477138 (90829)] Executing (default): UPDATE `users` SET `cmds`=$1,`updatedAt`=$2 WHERE `id` = $3; {"$1":1,"$2":"2022-03-30 08:18:58.104 +00:00","$3":"939656016671440926"}
[27477138 (91019)] Executing (default): UPDATE `users` SET `cmds`=$1,`updatedAt`=$2 WHERE `id` = $3; {"$1":1,"$2":"2022-03-30 08:18:58.293 +00:00","$3":"939648238661804123"}
[27477139 (94736)] Executing (default): UPDATE `users` SET `clr`=$1,`updatedAt`=$2 WHERE `id` = $3; {"$1":"#00aaaa;0","$2":"2022-03-30 08:19:02.011 +00:00","$3":"939648883569614860"}
[27477139 (94735)] Executing (default): UPDATE `users` SET `clr`=$1,`updatedAt`=$2 WHERE `id` = $3; {"$1":"#00aaaa;0","$2":"2022-03-30 08:19:02.010 +00:00","$3":"939648238661804123"}
[27477139 (94737)] Executing (default): UPDATE `users` SET `clr`=$1,`updatedAt`=$2 WHERE `id` = $3; {"$1":"#00aaaa;0","$2":"2022-03-30 08:19:02.012 +00:00","$3":"939646264813969420"}
[27477139 (94768)] Executing (default): UPDATE `users` SET `cmds`=$1,`updatedAt`=$2 WHERE `id` = $3; {"$1":37,"$2":"2022-03-30 08:19:02.042 +00:00","$3":"671708767813107724"}
[27477139 (94767)] Executing (default): UPDATE `users` SET `cmds`=$1,`updatedAt`=$2 WHERE `id` = $3; {"$1":37,"$2":"2022-03-30 08:19:02.041 +00:00","$3":"671708767813107724"}
[27477139 (94769)] Executing (default): UPDATE `users` SET `cmds`=$1,`updatedAt`=$2 WHERE `id` = $3; {"$1":37,"$2":"2022-03-30 08:19:02.043 +00:00","$3":"671708767813107724"}
[27477139 (94830)] Executing (default): UPDATE `users` SET `clr`=$1,`updatedAt`=$2 WHERE `id` = $3; {"$1":"#00aaaa;0","$2":"2022-03-30 08:19:02.105 +00:00","$3":"939645688864727090"}
[27477139 (94831)] Executing (default): UPDATE `users` SET `clr`=$1,`updatedAt`=$2 WHERE `id` = $3; {"$1":"#00aaaa;0","$2":"2022-03-30 08:19:02.105 +00:00","$3":"939658896694452225"}
[27477139 (94858)] Executing (default): UPDATE `users` SET `cmds`=$1,`updatedAt`=$2 WHERE `id` = $3; {"$1":38,"$2":"2022-03-30 08:19:02.133 +00:00","$3":"671708767813107724"}
[27477139 (94860)] Executing (default): UPDATE `users` SET `cmds`=$1,`updatedAt`=$2 WHERE `id` = $3; {"$1":38,"$2":"2022-03-30 08:19:02.134 +00:00","$3":"671708767813107724"}
[27477139 (94882)] Executing (default): UPDATE `users` SET `clr`=$1,`updatedAt`=$2 WHERE `id` = $3; {"$1":"#00aaaa;0","$2":"2022-03-30 08:19:02.157 +00:00","$3":"939656016671440926"}
[27477139 (94884)] Executing (default): UPDATE `users` SET `clr`=$1,`updatedAt`=$2 WHERE `id` = $3; {"$1":"#00aaaa;0","$2":"2022-03-30 08:19:02.159 +00:00","$3":"939650168268161124"}
[27477139 (94883)] Executing (default): UPDATE `users` SET `clr`=$1,`updatedAt`=$2 WHERE `id` = $3; {"$1":"#00aaaa;0","$2":"2022-03-30 08:19:02.158 +00:00","$3":"936824075349807105"}
[27477139 (94885)] Executing (default): UPDATE `users` SET `clr`=$1,`updatedAt`=$2 WHERE `id` = $3; {"$1":"#00aaaa;0","$2":"2022-03-30 08:19:02.159 +00:00","$3":"939657547852435536"}
[27477139 (94918)] Executing (default): UPDATE `users` SET `cmds`=$1,`updatedAt`=$2 WHERE `id` = $3; {"$1":39,"$2":"2022-03-30 08:19:02.192 +00:00","$3":"671708767813107724"}
[27477139 (94919)] Executing (default): UPDATE `users` SET `cmds`=$1,`updatedAt`=$2 WHERE `id` = $3; {"$1":39,"$2":"2022-03-30 08:19:02.193 +00:00","$3":"671708767813107724"}
[27477139 (94920)] Executing (default): UPDATE `users` SET `cmds`=$1,`updatedAt`=$2 WHERE `id` = $3; {"$1":39,"$2":"2022-03-30 08:19:02.195 +00:00","$3":"671708767813107724"}
[27477139 (94921)] Executing (default): UPDATE `users` SET `cmds`=$1,`updatedAt`=$2 WHERE `id` = $3; {"$1":39,"$2":"2022-03-30 08:19:02.196 +00:00","$3":"671708767813107724"}
[27477139 (95451)] Executing (default): UPDATE `users` SET `cmds`=$1,`updatedAt`=$2 WHERE `id` = $3; {"$1":2,"$2":"2022-03-30 08:19:02.726 +00:00","$3":"939646264813969420"}
[27477139 (95829)] Executing (default): UPDATE `users` SET `cmds`=$1,`updatedAt`=$2 WHERE `id` = $3; {"$1":2,"$2":"2022-03-30 08:19:03.104 +00:00","$3":"939645688864727090"}
[27477139 (96105)] Executing (default): UPDATE `users` SET `cmds`=$1,`updatedAt`=$2 WHERE `id` = $3; {"$1":2,"$2":"2022-03-30 08:19:03.380 +00:00","$3":"939648238661804123"}
[27477139 (96281)] Executing (default): UPDATE `users` SET `cmds`=$1,`updatedAt`=$2 WHERE `id` = $3; {"$1":2,"$2":"2022-03-30 08:19:03.555 +00:00","$3":"939658896694452225"}
[27477139 (96283)] Executing (default): UPDATE `users` SET `cmds`=$1,`updatedAt`=$2 WHERE `id` = $3; {"$1":2,"$2":"2022-03-30 08:19:03.557 +00:00","$3":"936824075349807105"}
[27477139 (96282)] Executing (default): UPDATE `users` SET `cmds`=$1,`updatedAt`=$2 WHERE `id` = $3; {"$1":2,"$2":"2022-03-30 08:19:03.556 +00:00","$3":"939657547852435536"}
[27477139 (96283)] Executing (default): UPDATE `users` SET `cmds`=$1,`updatedAt`=$2 WHERE `id` = $3; {"$1":2,"$2":"2022-03-30 08:19:03.558 +00:00","$3":"939656016671440926"}
[27477139 (97143)] Executing (default): UPDATE `users` SET `cmds`=$1,`updatedAt`=$2 WHERE `id` = $3; {"$1":2,"$2":"2022-03-30 08:19:04.417 +00:00","$3":"939650168268161124"}
[27477139 (110256)] Executing (default): UPDATE `users` SET `cmds`=$1,`updatedAt`=$2 WHERE `id` = $3; {"$1":2,"$2":"2022-03-30 08:19:17.531 +00:00","$3":"939648883569614860"}
[27477139 (142644)] Executing (default): UPDATE `users` SET `clr`=$1,`updatedAt`=$2 WHERE `id` = $3; {"$1":"#00aaaa;0","$2":"2022-03-30 08:19:49.918 +00:00","$3":"939648238661804123"}
[27477139 (142657)] Executing (default): UPDATE `users` SET `cmds`=$1,`updatedAt`=$2 WHERE `id` = $3; {"$1":40,"$2":"2022-03-30 08:19:49.932 +00:00","$3":"671708767813107724"}
[27477139 (142675)] Executing (default): UPDATE `users` SET `clr`=$1,`updatedAt`=$2 WHERE `id` = $3; {"$1":"#00aaaa;0","$2":"2022-03-30 08:19:49.950 +00:00","$3":"939648883569614860"}
[27477139 (142685)] Executing (default): UPDATE `users` SET `cmds`=$1,`updatedAt`=$2 WHERE `id` = $3; {"$1":41,"$2":"2022-03-30 08:19:49.960 +00:00","$3":"671708767813107724"}
[27477139 (142698)] Executing (default): UPDATE `users` SET `clr`=$1,`updatedAt`=$2 WHERE `id` = $3; {"$1":"#00aaaa;0","$2":"2022-03-30 08:19:49.972 +00:00","$3":"939645688864727090"}
[27477139 (142698)] Executing (default): UPDATE `users` SET `clr`=$1,`updatedAt`=$2 WHERE `id` = $3; {"$1":"#00aaaa;0","$2":"2022-03-30 08:19:49.973 +00:00","$3":"939646264813969420"}
[27477139 (142712)] Executing (default): UPDATE `users` SET `cmds`=$1,`updatedAt`=$2 WHERE `id` = $3; {"$1":42,"$2":"2022-03-30 08:19:49.987 +00:00","$3":"671708767813107724"}
[27477139 (142714)] Executing (default): UPDATE `users` SET `cmds`=$1,`updatedAt`=$2 WHERE `id` = $3; {"$1":42,"$2":"2022-03-30 08:19:49.988 +00:00","$3":"671708767813107724"}
[27477139 (142811)] Executing (default): UPDATE `users` SET `clr`=$1,`updatedAt`=$2 WHERE `id` = $3; {"$1":"#00aaaa;0","$2":"2022-03-30 08:19:50.086 +00:00","$3":"939650168268161124"}
[27477139 (142825)] Executing (default): UPDATE `users` SET `cmds`=$1,`updatedAt`=$2 WHERE `id` = $3; {"$1":43,"$2":"2022-03-30 08:19:50.100 +00:00","$3":"671708767813107724"}
[27477139 (142826)] Executing (default): UPDATE `users` SET `clr`=$1,`updatedAt`=$2 WHERE `id` = $3; {"$1":"#00aaaa;0","$2":"2022-03-30 08:19:50.101 +00:00","$3":"939656016671440926"}
[27477139 (142843)] Executing (default): UPDATE `users` SET `cmds`=$1,`updatedAt`=$2 WHERE `id` = $3; {"$1":44,"$2":"2022-03-30 08:19:50.118 +00:00","$3":"671708767813107724"}
[27477139 (142858)] Executing (default): UPDATE `users` SET `clr`=$1,`updatedAt`=$2 WHERE `id` = $3; {"$1":"#00aaaa;0","$2":"2022-03-30 08:19:50.133 +00:00","$3":"936824075349807105"}
[27477139 (142859)] Executing (default): UPDATE `users` SET `clr`=$1,`updatedAt`=$2 WHERE `id` = $3; {"$1":"#00aaaa;0","$2":"2022-03-30 08:19:50.133 +00:00","$3":"939657547852435536"}
[27477139 (142871)] Executing (default): UPDATE `users` SET `cmds`=$1,`updatedAt`=$2 WHERE `id` = $3; {"$1":45,"$2":"2022-03-30 08:19:50.146 +00:00","$3":"671708767813107724"}
[27477139 (142872)] Executing (default): UPDATE `users` SET `cmds`=$1,`updatedAt`=$2 WHERE `id` = $3; {"$1":45,"$2":"2022-03-30 08:19:50.147 +00:00","$3":"671708767813107724"}
[27477139 (142965)] Executing (default): UPDATE `users` SET `cmds`=$1,`updatedAt`=$2 WHERE `id` = $3; {"$1":3,"$2":"2022-03-30 08:19:50.239 +00:00","$3":"939648238661804123"}
[27477139 (143030)] Executing (default): UPDATE `users` SET `cmds`=$1,`updatedAt`=$2 WHERE `id` = $3; {"$1":3,"$2":"2022-03-30 08:19:50.305 +00:00","$3":"939648883569614860"}
[27477139 (143039)] Executing (default): UPDATE `users` SET `cmds`=$1,`updatedAt`=$2 WHERE `id` = $3; {"$1":3,"$2":"2022-03-30 08:19:50.314 +00:00","$3":"939646264813969420"}
[27477139 (143101)] Executing (default): UPDATE `users` SET `clr`=$1,`updatedAt`=$2 WHERE `id` = $3; {"$1":"#00aaaa;0","$2":"2022-03-30 08:19:50.375 +00:00","$3":"939658896694452225"}
[27477139 (143103)] Executing (default): UPDATE `users` SET `cmds`=$1,`updatedAt`=$2 WHERE `id` = $3; {"$1":3,"$2":"2022-03-30 08:19:50.378 +00:00","$3":"939645688864727090"}
[27477139 (143119)] Executing (default): UPDATE `users` SET `cmds`=$1,`updatedAt`=$2 WHERE `id` = $3; {"$1":46,"$2":"2022-03-30 08:19:50.394 +00:00","$3":"671708767813107724"}
[27477139 (143831)] Executing (default): UPDATE `users` SET `cmds`=$1,`updatedAt`=$2 WHERE `id` = $3; {"$1":3,"$2":"2022-03-30 08:19:51.105 +00:00","$3":"939657547852435536"}
[27477139 (143865)] Executing (default): UPDATE `users` SET `cmds`=$1,`updatedAt`=$2 WHERE `id` = $3; {"$1":3,"$2":"2022-03-30 08:19:51.139 +00:00","$3":"936824075349807105"}
[27477139 (143888)] Executing (default): UPDATE `users` SET `cmds`=$1,`updatedAt`=$2 WHERE `id` = $3; {"$1":3,"$2":"2022-03-30 08:19:51.163 +00:00","$3":"939650168268161124"}
[27477139 (144433)] Executing (default): UPDATE `users` SET `cmds`=$1,`updatedAt`=$2 WHERE `id` = $3; {"$1":3,"$2":"2022-03-30 08:19:51.708 +00:00","$3":"939658896694452225"}
[27477139 (145360)] Executing (default): UPDATE `users` SET `cmds`=$1,`updatedAt`=$2 WHERE `id` = $3; {"$1":3,"$2":"2022-03-30 08:19:52.634 +00:00","$3":"939656016671440926"}
[27477155 (1059466)] Executing (default): INSERT INTO `users` (`id`,`bio`,`clr`,`curr`,`drgn`,`petname`,`v`,`xp`,`createdAt`,`updatedAt`) VALUES ($1,$2,$3,$4,$5,$6,$7,$8,$9,$10); {"$1":"861209428066172939","$2":"User has not set a bio.","$3":"#00aaaa;0","$4":"default","$5":"1;10000;100;0;1;1;1;1;0;1","$6":"dragon","$7":"1;0","$8":"1;0","$9":"2022-03-30 08:35:06.738 +00:00","$10":"2022-03-30 08:35:06.738 +00:00"}
[27477158 (1252780)] Executing (default): INSERT INTO `users` (`id`,`bio`,`clr`,`curr`,`drgn`,`petname`,`v`,`xp`,`createdAt`,`updatedAt`) VALUES ($1,$2,$3,$4,$5,$6,$7,$8,$9,$10); {"$1":"939659883006017537","$2":"User has not set a bio.","$3":"#00aaaa;0","$4":"default","$5":"1;10000;100;0;1;1;1;1;0;1","$6":"dragon","$7":"1;0","$8":"1;0","$9":"2022-03-30 08:38:20.053 +00:00","$10":"2022-03-30 08:38:20.053 +00:00"}
[27477158 (1252797)] Executing (default): INSERT INTO `channels` (`id`,`pkg`,`snipe`,`createdAt`,`updatedAt`) VALUES ($1,$2,$3,$4,$5); {"$1":"940036270619504660","$2":false,"$3":"911799544017199124;Tm8gbWVzc2FnZSBmb3VuZCB3aXRoaW4gY3VycmVudCBjaGFubmVsLg","$4":"2022-03-30 08:38:20.071 +00:00","$5":"2022-03-30 08:38:20.071 +00:00"}
[27477158 (1288734)] Executing (default): UPDATE `users` SET `clr`=$1,`updatedAt`=$2 WHERE `id` = $3; {"$1":"#00aaaa;0","$2":"2022-03-30 08:38:56.007 +00:00","$3":"939659883006017537"}
[27477158 (1288752)] Executing (default): UPDATE `users` SET `cmds`=$1,`updatedAt`=$2 WHERE `id` = $3; {"$1":47,"$2":"2022-03-30 08:38:56.027 +00:00","$3":"671708767813107724"}
[27477158 (1289115)] Executing (default): UPDATE `users` SET `cmds`=$1,`updatedAt`=$2 WHERE `id` = $3; {"$1":1,"$2":"2022-03-30 08:38:56.389 +00:00","$3":"939659883006017537"}
[27477159 (1294802)] Executing (default): UPDATE `users` SET `clr`=$1,`updatedAt`=$2 WHERE `id` = $3; {"$1":"#00aaaa;0","$2":"2022-03-30 08:39:02.076 +00:00","$3":"939659883006017537"}
[27477159 (1294821)] Executing (default): UPDATE `users` SET `cmds`=$1,`updatedAt`=$2 WHERE `id` = $3; {"$1":48,"$2":"2022-03-30 08:39:02.095 +00:00","$3":"671708767813107724"}
[27477159 (1295817)] Executing (default): UPDATE `users` SET `cmds`=$1,`updatedAt`=$2 WHERE `id` = $3; {"$1":2,"$2":"2022-03-30 08:39:03.090 +00:00","$3":"939659883006017537"}
[27477159 (1343182)] Executing (default): UPDATE `users` SET `clr`=$1,`updatedAt`=$2 WHERE `id` = $3; {"$1":"#00aaaa;0","$2":"2022-03-30 08:39:50.456 +00:00","$3":"939659883006017537"}
[27477159 (1343201)] Executing (default): UPDATE `users` SET `cmds`=$1,`updatedAt`=$2 WHERE `id` = $3; {"$1":49,"$2":"2022-03-30 08:39:50.475 +00:00","$3":"671708767813107724"}
[27477159 (1343661)] Executing (default): UPDATE `users` SET `cmds`=$1,`updatedAt`=$2 WHERE `id` = $3; {"$1":3,"$2":"2022-03-30 08:39:50.935 +00:00","$3":"939659883006017537"}
[27477210 (7328)] Executing (default): UPDATE `users` SET `cmds`=$1,`updatedAt`=$2 WHERE `id` = $3; {"$1":50,"$2":"2022-03-30 09:30:39.957 +00:00","$3":"671708767813107724"}
[27477210 (7349)] Executing (default): UPDATE `users` SET `cmds`=$1,`updatedAt`=$2 WHERE `id` = $3; {"$1":31,"$2":"2022-03-30 09:30:39.981 +00:00","$3":"501710994293129216"}
[27477212 (5058)] Executing (default): UPDATE `users` SET `cmds`=$1,`updatedAt`=$2 WHERE `id` = $3; {"$1":51,"$2":"2022-03-30 09:32:15.682 +00:00","$3":"671708767813107724"}
[27477212 (5078)] Executing (default): UPDATE `users` SET `cmds`=$1,`updatedAt`=$2 WHERE `id` = $3; {"$1":32,"$2":"2022-03-30 09:32:15.705 +00:00","$3":"501710994293129216"}
[27477222 (637163)] Executing (default): INSERT INTO `users` (`id`,`bio`,`clr`,`curr`,`drgn`,`petname`,`v`,`xp`,`createdAt`,`updatedAt`) VALUES ($1,$2,$3,$4,$5,$6,$7,$8,$9,$10); {"$1":"642714979983687682","$2":"User has not set a bio.","$3":"#00aaaa;0","$4":"default","$5":"1;10000;100;0;1;1;1;1;0;1","$6":"dragon","$7":"1;0","$8":"1;0","$9":"2022-03-30 09:42:47.784 +00:00","$10":"2022-03-30 09:42:47.784 +00:00"}
[27477222 (637181)] Executing (default): INSERT INTO `channels` (`id`,`pkg`,`snipe`,`createdAt`,`updatedAt`) VALUES ($1,$2,$3,$4,$5); {"$1":"801010489105711104","$2":false,"$3":"911799544017199124;Tm8gbWVzc2FnZSBmb3VuZCB3aXRoaW4gY3VycmVudCBjaGFubmVsLg","$4":"2022-03-30 09:42:47.808 +00:00","$5":"2022-03-30 09:42:47.808 +00:00"}
[27477222 (637198)] Executing (default): UPDATE `users` SET `xp`=$1,`xpc`=$2,`updatedAt`=$3 WHERE `id` = $4; {"$1":"1;26","$2":27477223,"$3":"2022-03-30 09:42:47.824 +00:00","$4":"642714979983687682"}
[27477222 (642307)] Executing (default): UPDATE `users` SET `clr`=$1,`updatedAt`=$2 WHERE `id` = $3; {"$1":"#00aaaa;0","$2":"2022-03-30 09:42:52.935 +00:00","$3":"642714979983687682"}
[27477223 (652644)] Executing (default): UPDATE `users` SET `xp`=$1,`xpc`=$2,`updatedAt`=$3 WHERE `id` = $4; {"$1":"1;55","$2":27477224,"$3":"2022-03-30 09:43:03.272 +00:00","$4":"642714979983687682"}
[27477230 (1099076)] Executing (default): UPDATE `users` SET `xp`=$1,`xpc`=$2,`updatedAt`=$3 WHERE `id` = $4; {"$1":"1;71","$2":27477231,"$3":"2022-03-30 09:50:29.703 +00:00","$4":"642714979983687682"}
[27477232 (1222489)] Executing (default): UPDATE `users` SET `cmds`=$1,`updatedAt`=$2 WHERE `id` = $3; {"$1":52,"$2":"2022-03-30 09:52:33.116 +00:00","$3":"671708767813107724"}
[27477232 (1222514)] Executing (default): UPDATE `users` SET `cmds`=$1,`updatedAt`=$2 WHERE `id` = $3; {"$1":33,"$2":"2022-03-30 09:52:33.142 +00:00","$3":"501710994293129216"}
[27477246 (2033941)] Executing (default): UPDATE `users` SET `clr`=$1,`updatedAt`=$2 WHERE `id` = $3; {"$1":"#00aaaa;0","$2":"2022-03-30 10:06:04.568 +00:00","$3":"936804182546063400"}
[27477246 (2033953)] Executing (default): UPDATE `users` SET `cmds`=$1,`updatedAt`=$2 WHERE `id` = $3; {"$1":53,"$2":"2022-03-30 10:06:04.581 +00:00","$3":"671708767813107724"}
[27477246 (2033982)] Executing (default): UPDATE `users` SET `clr`=$1,`updatedAt`=$2 WHERE `id` = $3; {"$1":"#00aaaa;0","$2":"2022-03-30 10:06:04.609 +00:00","$3":"936802127995621439"}
[27477246 (2033982)] Executing (default): UPDATE `users` SET `clr`=$1,`updatedAt`=$2 WHERE `id` = $3; {"$1":"#00aaaa;0","$2":"2022-03-30 10:06:04.610 +00:00","$3":"936403422322757682"}
[27477246 (2033983)] Executing (default): UPDATE `users` SET `clr`=$1,`updatedAt`=$2 WHERE `id` = $3; {"$1":"#00aaaa;0","$2":"2022-03-30 10:06:04.611 +00:00","$3":"936813208658923670"}
[27477246 (2034013)] Executing (default): UPDATE `users` SET `cmds`=$1,`updatedAt`=$2 WHERE `id` = $3; {"$1":54,"$2":"2022-03-30 10:06:04.641 +00:00","$3":"671708767813107724"}
[27477246 (2034014)] Executing (default): UPDATE `users` SET `cmds`=$1,`updatedAt`=$2 WHERE `id` = $3; {"$1":54,"$2":"2022-03-30 10:06:04.642 +00:00","$3":"671708767813107724"}
[27477246 (2034017)] Executing (default): UPDATE `users` SET `cmds`=$1,`updatedAt`=$2 WHERE `id` = $3; {"$1":54,"$2":"2022-03-30 10:06:04.645 +00:00","$3":"671708767813107724"}
[27477246 (2034055)] Executing (default): UPDATE `users` SET `clr`=$1,`updatedAt`=$2 WHERE `id` = $3; {"$1":"#00aaaa;0","$2":"2022-03-30 10:06:04.683 +00:00","$3":"936404216916897822"}
[27477246 (2034066)] Executing (default): UPDATE `users` SET `cmds`=$1,`updatedAt`=$2 WHERE `id` = $3; {"$1":55,"$2":"2022-03-30 10:06:04.694 +00:00","$3":"671708767813107724"}
[27477246 (2034194)] Executing (default): UPDATE `users` SET `clr`=$1,`updatedAt`=$2 WHERE `id` = $3; {"$1":"#00aaaa;0","$2":"2022-03-30 10:06:04.821 +00:00","$3":"936805531018997811"}
[27477246 (2034195)] Executing (default): UPDATE `users` SET `clr`=$1,`updatedAt`=$2 WHERE `id` = $3; {"$1":"#00aaaa;0","$2":"2022-03-30 10:06:04.823 +00:00","$3":"936405341212672040"}
[27477246 (2034196)] Executing (default): UPDATE `users` SET `clr`=$1,`updatedAt`=$2 WHERE `id` = $3; {"$1":"#00aaaa;0","$2":"2022-03-30 10:06:04.823 +00:00","$3":"936404591413706882"}
[27477246 (2034194)] Executing (default): UPDATE `users` SET `clr`=$1,`updatedAt`=$2 WHERE `id` = $3; {"$1":"#00aaaa;0","$2":"2022-03-30 10:06:04.822 +00:00","$3":"939650582208196640"}
[27477246 (2034197)] Executing (default): UPDATE `users` SET `clr`=$1,`updatedAt`=$2 WHERE `id` = $3; {"$1":"#00aaaa;0","$2":"2022-03-30 10:06:04.824 +00:00","$3":"936804818301894736"}
[27477246 (2034248)] Executing (default): UPDATE `users` SET `cmds`=$1,`updatedAt`=$2 WHERE `id` = $3; {"$1":56,"$2":"2022-03-30 10:06:04.876 +00:00","$3":"671708767813107724"}
[27477246 (2034250)] Executing (default): UPDATE `users` SET `cmds`=$1,`updatedAt`=$2 WHERE `id` = $3; {"$1":56,"$2":"2022-03-30 10:06:04.878 +00:00","$3":"671708767813107724"}
[27477246 (2034251)] Executing (default): UPDATE `users` SET `cmds`=$1,`updatedAt`=$2 WHERE `id` = $3; {"$1":56,"$2":"2022-03-30 10:06:04.879 +00:00","$3":"671708767813107724"}
[27477246 (2034252)] Executing (default): UPDATE `users` SET `cmds`=$1,`updatedAt`=$2 WHERE `id` = $3; {"$1":56,"$2":"2022-03-30 10:06:04.880 +00:00","$3":"671708767813107724"}
[27477246 (2034249)] Executing (default): UPDATE `users` SET `cmds`=$1,`updatedAt`=$2 WHERE `id` = $3; {"$1":56,"$2":"2022-03-30 10:06:04.877 +00:00","$3":"671708767813107724"}
[27477246 (2034682)] Executing (default): UPDATE `users` SET `cmds`=$1,`updatedAt`=$2 WHERE `id` = $3; {"$1":1,"$2":"2022-03-30 10:06:05.310 +00:00","$3":"936804182546063400"}
[27477246 (2035378)] Executing (default): UPDATE `users` SET `cmds`=$1,`updatedAt`=$2 WHERE `id` = $3; {"$1":1,"$2":"2022-03-30 10:06:06.005 +00:00","$3":"936802127995621439"}
[27477246 (2035379)] Executing (default): UPDATE `users` SET `cmds`=$1,`updatedAt`=$2 WHERE `id` = $3; {"$1":1,"$2":"2022-03-30 10:06:06.006 +00:00","$3":"936405341212672040"}
[27477246 (2035470)] Executing (default): UPDATE `users` SET `cmds`=$1,`updatedAt`=$2 WHERE `id` = $3; {"$1":1,"$2":"2022-03-30 10:06:06.098 +00:00","$3":"936403422322757682"}
[27477246 (2035472)] Executing (default): UPDATE `users` SET `cmds`=$1,`updatedAt`=$2 WHERE `id` = $3; {"$1":1,"$2":"2022-03-30 10:06:06.099 +00:00","$3":"936805531018997811"}
[27477246 (2035471)] Executing (default): UPDATE `users` SET `cmds`=$1,`updatedAt`=$2 WHERE `id` = $3; {"$1":1,"$2":"2022-03-30 10:06:06.099 +00:00","$3":"936813208658923670"}
[27477246 (2035977)] Executing (default): UPDATE `users` SET `cmds`=$1,`updatedAt`=$2 WHERE `id` = $3; {"$1":1,"$2":"2022-03-30 10:06:06.604 +00:00","$3":"936404216916897822"}
[27477246 (2037508)] Executing (default): UPDATE `users` SET `cmds`=$1,`updatedAt`=$2 WHERE `id` = $3; {"$1":1,"$2":"2022-03-30 10:06:08.135 +00:00","$3":"936404591413706882"}
[27477246 (2037918)] Executing (default): UPDATE `users` SET `cmds`=$1,`updatedAt`=$2 WHERE `id` = $3; {"$1":1,"$2":"2022-03-30 10:06:08.545 +00:00","$3":"936804818301894736"}
[27477246 (2038004)] Executing (default): UPDATE `users` SET `cmds`=$1,`updatedAt`=$2 WHERE `id` = $3; {"$1":1,"$2":"2022-03-30 10:06:08.632 +00:00","$3":"939650582208196640"}
[27477246 (2079484)] Executing (default): UPDATE `users` SET `clr`=$1,`updatedAt`=$2 WHERE `id` = $3; {"$1":"#00aaaa;0","$2":"2022-03-30 10:06:50.112 +00:00","$3":"936804182546063400"}
[27477246 (2079497)] Executing (default): UPDATE `users` SET `cmds`=$1,`updatedAt`=$2 WHERE `id` = $3; {"$1":57,"$2":"2022-03-30 10:06:50.124 +00:00","$3":"671708767813107724"}
[27477246 (2079751)] Executing (default): UPDATE `users` SET `clr`=$1,`updatedAt`=$2 WHERE `id` = $3; {"$1":"#00aaaa;0","$2":"2022-03-30 10:06:50.379 +00:00","$3":"936404216916897822"}
[27477246 (2079752)] Executing (default): UPDATE `users` SET `clr`=$1,`updatedAt`=$2 WHERE `id` = $3; {"$1":"#00aaaa;0","$2":"2022-03-30 10:06:50.380 +00:00","$3":"939650582208196640"}
[27477246 (2079753)] Executing (default): UPDATE `users` SET `clr`=$1,`updatedAt`=$2 WHERE `id` = $3; {"$1":"#00aaaa;0","$2":"2022-03-30 10:06:50.380 +00:00","$3":"936404591413706882"}
[27477246 (2079754)] Executing (default): UPDATE `users` SET `clr`=$1,`updatedAt`=$2 WHERE `id` = $3; {"$1":"#00aaaa;0","$2":"2022-03-30 10:06:50.381 +00:00","$3":"936813208658923670"}
[27477246 (2079756)] Executing (default): UPDATE `users` SET `clr`=$1,`updatedAt`=$2 WHERE `id` = $3; {"$1":"#00aaaa;0","$2":"2022-03-30 10:06:50.384 +00:00","$3":"936802127995621439"}
[27477246 (2079800)] Executing (default): UPDATE `users` SET `cmds`=$1,`updatedAt`=$2 WHERE `id` = $3; {"$1":58,"$2":"2022-03-30 10:06:50.428 +00:00","$3":"671708767813107724"}
[27477246 (2079804)] Executing (default): UPDATE `users` SET `clr`=$1,`updatedAt`=$2 WHERE `id` = $3; {"$1":"#00aaaa;0","$2":"2022-03-30 10:06:50.432 +00:00","$3":"936405341212672040"}
[27477246 (2079806)] Executing (default): UPDATE `users` SET `cmds`=$1,`updatedAt`=$2 WHERE `id` = $3; {"$1":58,"$2":"2022-03-30 10:06:50.433 +00:00","$3":"671708767813107724"}
[27477246 (2079816)] Executing (default): UPDATE `users` SET `clr`=$1,`updatedAt`=$2 WHERE `id` = $3; {"$1":"#00aaaa;0","$2":"2022-03-30 10:06:50.444 +00:00","$3":"936804818301894736"}
[27477246 (2079817)] Executing (default): UPDATE `users` SET `cmds`=$1,`updatedAt`=$2 WHERE `id` = $3; {"$1":59,"$2":"2022-03-30 10:06:50.445 +00:00","$3":"671708767813107724"}
[27477246 (2079818)] Executing (default): UPDATE `users` SET `cmds`=$1,`updatedAt`=$2 WHERE `id` = $3; {"$1":59,"$2":"2022-03-30 10:06:50.445 +00:00","$3":"671708767813107724"}
[27477246 (2079834)] Executing (default): UPDATE `users` SET `cmds`=$1,`updatedAt`=$2 WHERE `id` = $3; {"$1":59,"$2":"2022-03-30 10:06:50.461 +00:00","$3":"671708767813107724"}
[27477246 (2079869)] Executing (default): UPDATE `users` SET `clr`=$1,`updatedAt`=$2 WHERE `id` = $3; {"$1":"#00aaaa;0","$2":"2022-03-30 10:06:50.497 +00:00","$3":"936805531018997811"}
[27477246 (2079873)] Executing (default): UPDATE `users` SET `cmds`=$1,`updatedAt`=$2 WHERE `id` = $3; {"$1":60,"$2":"2022-03-30 10:06:50.500 +00:00","$3":"671708767813107724"}
[27477246 (2079890)] Executing (default): UPDATE `users` SET `cmds`=$1,`updatedAt`=$2 WHERE `id` = $3; {"$1":61,"$2":"2022-03-30 10:06:50.517 +00:00","$3":"671708767813107724"}
[27477246 (2079903)] Executing (default): UPDATE `users` SET `cmds`=$1,`updatedAt`=$2 WHERE `id` = $3; {"$1":62,"$2":"2022-03-30 10:06:50.531 +00:00","$3":"671708767813107724"}
[27477246 (2079918)] Executing (default): UPDATE `users` SET `clr`=$1,`updatedAt`=$2 WHERE `id` = $3; {"$1":"#00aaaa;0","$2":"2022-03-30 10:06:50.546 +00:00","$3":"936403422322757682"}
[27477246 (2079930)] Executing (default): UPDATE `users` SET `cmds`=$1,`updatedAt`=$2 WHERE `id` = $3; {"$1":63,"$2":"2022-03-30 10:06:50.557 +00:00","$3":"671708767813107724"}
[27477246 (2080319)] Executing (default): UPDATE `users` SET `cmds`=$1,`updatedAt`=$2 WHERE `id` = $3; {"$1":2,"$2":"2022-03-30 10:06:50.946 +00:00","$3":"936804182546063400"}
[27477246 (2080342)] Executing (default): UPDATE `users` SET `cmds`=$1,`updatedAt`=$2 WHERE `id` = $3; {"$1":2,"$2":"2022-03-30 10:06:50.969 +00:00","$3":"936404591413706882"}
[27477246 (2080343)] Executing (default): UPDATE `users` SET `cmds`=$1,`updatedAt`=$2 WHERE `id` = $3; {"$1":2,"$2":"2022-03-30 10:06:50.971 +00:00","$3":"936813208658923670"}
[27477246 (2080345)] Executing (default): UPDATE `users` SET `cmds`=$1,`updatedAt`=$2 WHERE `id` = $3; {"$1":2,"$2":"2022-03-30 10:06:50.972 +00:00","$3":"939650582208196640"}
[27477246 (2080353)] Executing (default): UPDATE `users` SET `cmds`=$1,`updatedAt`=$2 WHERE `id` = $3; {"$1":2,"$2":"2022-03-30 10:06:50.980 +00:00","$3":"936404216916897822"}
[27477246 (2080354)] Executing (default): UPDATE `users` SET `cmds`=$1,`updatedAt`=$2 WHERE `id` = $3; {"$1":2,"$2":"2022-03-30 10:06:50.982 +00:00","$3":"936802127995621439"}
[27477246 (2080356)] Executing (default): UPDATE `users` SET `cmds`=$1,`updatedAt`=$2 WHERE `id` = $3; {"$1":2,"$2":"2022-03-30 10:06:50.983 +00:00","$3":"936804818301894736"}
[27477246 (2080492)] Executing (default): UPDATE `users` SET `cmds`=$1,`updatedAt`=$2 WHERE `id` = $3; {"$1":2,"$2":"2022-03-30 10:06:51.119 +00:00","$3":"936405341212672040"}
[27477246 (2080493)] Executing (default): UPDATE `users` SET `cmds`=$1,`updatedAt`=$2 WHERE `id` = $3; {"$1":2,"$2":"2022-03-30 10:06:51.121 +00:00","$3":"936403422322757682"}
[27477246 (2080505)] Executing (default): UPDATE `users` SET `cmds`=$1,`updatedAt`=$2 WHERE `id` = $3; {"$1":2,"$2":"2022-03-30 10:06:51.132 +00:00","$3":"936805531018997811"}
[27477266 (3231413)] Executing (default): UPDATE `users` SET `clr`=$1,`updatedAt`=$2 WHERE `id` = $3; {"$1":"#00aaaa;0","$2":"2022-03-30 10:26:02.040 +00:00","$3":"939646264813969420"}
[27477266 (3231445)] Executing (default): UPDATE `users` SET `cmds`=$1,`updatedAt`=$2 WHERE `id` = $3; {"$1":64,"$2":"2022-03-30 10:26:02.072 +00:00","$3":"671708767813107724"}
[27477266 (3231569)] Executing (default): UPDATE `users` SET `clr`=$1,`updatedAt`=$2 WHERE `id` = $3; {"$1":"#00aaaa;0","$2":"2022-03-30 10:26:02.197 +00:00","$3":"939648883569614860"}
[27477266 (3231572)] Executing (default): UPDATE `users` SET `clr`=$1,`updatedAt`=$2 WHERE `id` = $3; {"$1":"#00aaaa;0","$2":"2022-03-30 10:26:02.199 +00:00","$3":"939656016671440926"}
[27477266 (3231587)] Executing (default): UPDATE `users` SET `clr`=$1,`updatedAt`=$2 WHERE `id` = $3; {"$1":"#00aaaa;0","$2":"2022-03-30 10:26:02.214 +00:00","$3":"939645688864727090"}
[27477266 (3231588)] Executing (default): UPDATE `users` SET `clr`=$1,`updatedAt`=$2 WHERE `id` = $3; {"$1":"#00aaaa;0","$2":"2022-03-30 10:26:02.216 +00:00","$3":"939648238661804123"}
[27477266 (3231589)] Executing (default): UPDATE `users` SET `clr`=$1,`updatedAt`=$2 WHERE `id` = $3; {"$1":"#00aaaa;0","$2":"2022-03-30 10:26:02.217 +00:00","$3":"939658896694452225"}
[27477266 (3231607)] Executing (default): UPDATE `users` SET `cmds`=$1,`updatedAt`=$2 WHERE `id` = $3; {"$1":65,"$2":"2022-03-30 10:26:02.235 +00:00","$3":"671708767813107724"}
[27477266 (3231608)] Executing (default): UPDATE `users` SET `cmds`=$1,`updatedAt`=$2 WHERE `id` = $3; {"$1":65,"$2":"2022-03-30 10:26:02.236 +00:00","$3":"671708767813107724"}
[27477266 (3231620)] Executing (default): UPDATE `users` SET `cmds`=$1,`updatedAt`=$2 WHERE `id` = $3; {"$1":66,"$2":"2022-03-30 10:26:02.248 +00:00","$3":"671708767813107724"}
[27477266 (3231621)] Executing (default): UPDATE `users` SET `cmds`=$1,`updatedAt`=$2 WHERE `id` = $3; {"$1":66,"$2":"2022-03-30 10:26:02.249 +00:00","$3":"671708767813107724"}
[27477266 (3231623)] Executing (default): UPDATE `users` SET `cmds`=$1,`updatedAt`=$2 WHERE `id` = $3; {"$1":66,"$2":"2022-03-30 10:26:02.251 +00:00","$3":"671708767813107724"}
[27477266 (3231658)] Executing (default): UPDATE `users` SET `clr`=$1,`updatedAt`=$2 WHERE `id` = $3; {"$1":"#00aaaa;0","$2":"2022-03-30 10:26:02.285 +00:00","$3":"939650168268161124"}
[27477266 (3231658)] Executing (default): UPDATE `users` SET `clr`=$1,`updatedAt`=$2 WHERE `id` = $3; {"$1":"#00aaaa;0","$2":"2022-03-30 10:26:02.286 +00:00","$3":"939657547852435536"}
[27477266 (3231671)] Executing (default): UPDATE `users` SET `cmds`=$1,`updatedAt`=$2 WHERE `id` = $3; {"$1":67,"$2":"2022-03-30 10:26:02.299 +00:00","$3":"671708767813107724"}
[27477266 (3231672)] Executing (default): UPDATE `users` SET `cmds`=$1,`updatedAt`=$2 WHERE `id` = $3; {"$1":67,"$2":"2022-03-30 10:26:02.300 +00:00","$3":"671708767813107724"}
[27477266 (3231763)] Executing (default): UPDATE `users` SET `clr`=$1,`updatedAt`=$2 WHERE `id` = $3; {"$1":"#00aaaa;0","$2":"2022-03-30 10:26:02.391 +00:00","$3":"936824075349807105"}
[27477266 (3231772)] Executing (default): UPDATE `users` SET `cmds`=$1,`updatedAt`=$2 WHERE `id` = $3; {"$1":68,"$2":"2022-03-30 10:26:02.400 +00:00","$3":"671708767813107724"}
[27477266 (3232094)] Executing (default): UPDATE `users` SET `cmds`=$1,`updatedAt`=$2 WHERE `id` = $3; {"$1":4,"$2":"2022-03-30 10:26:02.721 +00:00","$3":"939656016671440926"}
[27477266 (3232176)] Executing (default): UPDATE `users` SET `cmds`=$1,`updatedAt`=$2 WHERE `id` = $3; {"$1":4,"$2":"2022-03-30 10:26:02.804 +00:00","$3":"939648238661804123"}
[27477266 (3232290)] Executing (default): UPDATE `users` SET `cmds`=$1,`updatedAt`=$2 WHERE `id` = $3; {"$1":4,"$2":"2022-03-30 10:26:02.918 +00:00","$3":"939658896694452225"}
[27477266 (3232405)] Executing (default): UPDATE `users` SET `cmds`=$1,`updatedAt`=$2 WHERE `id` = $3; {"$1":4,"$2":"2022-03-30 10:26:03.032 +00:00","$3":"939646264813969420"}
[27477266 (3232455)] Executing (default): UPDATE `users` SET `cmds`=$1,`updatedAt`=$2 WHERE `id` = $3; {"$1":4,"$2":"2022-03-30 10:26:03.082 +00:00","$3":"939648883569614860"}
[27477266 (3232523)] Executing (default): UPDATE `users` SET `cmds`=$1,`updatedAt`=$2 WHERE `id` = $3; {"$1":4,"$2":"2022-03-30 10:26:03.151 +00:00","$3":"939645688864727090"}
[27477266 (3232579)] Executing (default): UPDATE `users` SET `cmds`=$1,`updatedAt`=$2 WHERE `id` = $3; {"$1":4,"$2":"2022-03-30 10:26:03.207 +00:00","$3":"939650168268161124"}
[27477266 (3232858)] Executing (default): UPDATE `users` SET `cmds`=$1,`updatedAt`=$2 WHERE `id` = $3; {"$1":4,"$2":"2022-03-30 10:26:03.486 +00:00","$3":"939657547852435536"}
[27477266 (3233863)] Executing (default): UPDATE `users` SET `cmds`=$1,`updatedAt`=$2 WHERE `id` = $3; {"$1":4,"$2":"2022-03-30 10:26:04.490 +00:00","$3":"936824075349807105"}
[27477266 (3279425)] Executing (default): UPDATE `users` SET `clr`=$1,`updatedAt`=$2 WHERE `id` = $3; {"$1":"#00aaaa;0","$2":"2022-03-30 10:26:50.053 +00:00","$3":"939646264813969420"}
[27477266 (3279436)] Executing (default): UPDATE `users` SET `cmds`=$1,`updatedAt`=$2 WHERE `id` = $3; {"$1":69,"$2":"2022-03-30 10:26:50.064 +00:00","$3":"671708767813107724"}
[27477266 (3279625)] Executing (default): UPDATE `users` SET `clr`=$1,`updatedAt`=$2 WHERE `id` = $3; {"$1":"#00aaaa;0","$2":"2022-03-30 10:26:50.253 +00:00","$3":"939645688864727090"}
[27477266 (3279638)] Executing (default): UPDATE `users` SET `cmds`=$1,`updatedAt`=$2 WHERE `id` = $3; {"$1":70,"$2":"2022-03-30 10:26:50.266 +00:00","$3":"671708767813107724"}
[27477266 (3279683)] Executing (default): UPDATE `users` SET `clr`=$1,`updatedAt`=$2 WHERE `id` = $3; {"$1":"#00aaaa;0","$2":"2022-03-30 10:26:50.311 +00:00","$3":"939658896694452225"}
[27477266 (3279684)] Executing (default): UPDATE `users` SET `clr`=$1,`updatedAt`=$2 WHERE `id` = $3; {"$1":"#00aaaa;0","$2":"2022-03-30 10:26:50.312 +00:00","$3":"936824075349807105"}
[27477266 (3279685)] Executing (default): UPDATE `users` SET `clr`=$1,`updatedAt`=$2 WHERE `id` = $3; {"$1":"#00aaaa;0","$2":"2022-03-30 10:26:50.312 +00:00","$3":"939648883569614860"}
[27477266 (3279685)] Executing (default): UPDATE `users` SET `clr`=$1,`updatedAt`=$2 WHERE `id` = $3; {"$1":"#00aaaa;0","$2":"2022-03-30 10:26:50.313 +00:00","$3":"939657547852435536"}
[27477266 (3279686)] Executing (default): UPDATE `users` SET `clr`=$1,`updatedAt`=$2 WHERE `id` = $3; {"$1":"#00aaaa;0","$2":"2022-03-30 10:26:50.313 +00:00","$3":"939650168268161124"}
[27477266 (3279686)] Executing (default): UPDATE `users` SET `clr`=$1,`updatedAt`=$2 WHERE `id` = $3; {"$1":"#00aaaa;0","$2":"2022-03-30 10:26:50.314 +00:00","$3":"939656016671440926"}
[27477266 (3279731)] Executing (default): UPDATE `users` SET `cmds`=$1,`updatedAt`=$2 WHERE `id` = $3; {"$1":71,"$2":"2022-03-30 10:26:50.359 +00:00","$3":"671708767813107724"}
[27477266 (3279732)] Executing (default): UPDATE `users` SET `cmds`=$1,`updatedAt`=$2 WHERE `id` = $3; {"$1":71,"$2":"2022-03-30 10:26:50.360 +00:00","$3":"671708767813107724"}
[27477266 (3279733)] Executing (default): UPDATE `users` SET `cmds`=$1,`updatedAt`=$2 WHERE `id` = $3; {"$1":71,"$2":"2022-03-30 10:26:50.361 +00:00","$3":"671708767813107724"}
[27477266 (3279734)] Executing (default): UPDATE `users` SET `cmds`=$1,`updatedAt`=$2 WHERE `id` = $3; {"$1":71,"$2":"2022-03-30 10:26:50.362 +00:00","$3":"671708767813107724"}
[27477266 (3279735)] Executing (default): UPDATE `users` SET `cmds`=$1,`updatedAt`=$2 WHERE `id` = $3; {"$1":71,"$2":"2022-03-30 10:26:50.363 +00:00","$3":"671708767813107724"}
[27477266 (3279736)] Executing (default): UPDATE `users` SET `cmds`=$1,`updatedAt`=$2 WHERE `id` = $3; {"$1":71,"$2":"2022-03-30 10:26:50.363 +00:00","$3":"671708767813107724"}
[27477266 (3279770)] Executing (default): UPDATE `users` SET `cmds`=$1,`updatedAt`=$2 WHERE `id` = $3; {"$1":5,"$2":"2022-03-30 10:26:50.397 +00:00","$3":"939646264813969420"}
[27477266 (3279937)] Executing (default): UPDATE `users` SET `clr`=$1,`updatedAt`=$2 WHERE `id` = $3; {"$1":"#00aaaa;0","$2":"2022-03-30 10:26:50.564 +00:00","$3":"939648238661804123"}
[27477266 (3279947)] Executing (default): UPDATE `users` SET `cmds`=$1,`updatedAt`=$2 WHERE `id` = $3; {"$1":72,"$2":"2022-03-30 10:26:50.575 +00:00","$3":"671708767813107724"}
[27477266 (3280016)] Executing (default): UPDATE `users` SET `cmds`=$1,`updatedAt`=$2 WHERE `id` = $3; {"$1":5,"$2":"2022-03-30 10:26:50.643 +00:00","$3":"939645688864727090"}
[27477266 (3280318)] Executing (default): UPDATE `users` SET `cmds`=$1,`updatedAt`=$2 WHERE `id` = $3; {"$1":5,"$2":"2022-03-30 10:26:50.945 +00:00","$3":"939656016671440926"}
[27477266 (3280322)] Executing (default): UPDATE `users` SET `cmds`=$1,`updatedAt`=$2 WHERE `id` = $3; {"$1":5,"$2":"2022-03-30 10:26:50.950 +00:00","$3":"939648238661804123"}
[27477266 (3280325)] Executing (default): UPDATE `users` SET `cmds`=$1,`updatedAt`=$2 WHERE `id` = $3; {"$1":5,"$2":"2022-03-30 10:26:50.953 +00:00","$3":"939658896694452225"}
[27477266 (3280337)] Executing (default): UPDATE `users` SET `cmds`=$1,`updatedAt`=$2 WHERE `id` = $3; {"$1":5,"$2":"2022-03-30 10:26:50.964 +00:00","$3":"939648883569614860"}
[27477266 (3280369)] Executing (default): UPDATE `users` SET `cmds`=$1,`updatedAt`=$2 WHERE `id` = $3; {"$1":5,"$2":"2022-03-30 10:26:50.996 +00:00","$3":"939657547852435536"}
[27477266 (3280369)] Executing (default): UPDATE `users` SET `cmds`=$1,`updatedAt`=$2 WHERE `id` = $3; {"$1":5,"$2":"2022-03-30 10:26:50.997 +00:00","$3":"936824075349807105"}
[27477266 (3280370)] Executing (default): UPDATE `users` SET `cmds`=$1,`updatedAt`=$2 WHERE `id` = $3; {"$1":5,"$2":"2022-03-30 10:26:50.998 +00:00","$3":"939650168268161124"}
