[27456312 (10424058)] Executing (default): UPDATE `users` SET `cmds`=$1,`updatedAt`=$2 WHERE `id` = $3; {"$1":361,"$2":"2022-03-15 21:12:36.732 +00:00","$3":"671708767813107724"}
[27456312 (10425468)] Executing (default): UPDATE `users` SET `cmds`=$1,`updatedAt`=$2 WHERE `id` = $3; {"$1":362,"$2":"2022-03-15 21:12:38.161 +00:00","$3":"671708767813107724"}
[27456312 (10425676)] Executing (default): UPDATE `users` SET `cmds`=$1,`updatedAt`=$2 WHERE `id` = $3; {"$1":220,"$2":"2022-03-15 21:12:38.368 +00:00","$3":"501710994293129216"}
[27456312 (10426960)] Executing (default): UPDATE `users` SET `cmds`=$1,`updatedAt`=$2 WHERE `id` = $3; {"$1":220,"$2":"2022-03-15 21:12:39.651 +00:00","$3":"501710994293129216"}
[27456325 (11218217)] Executing (default): UPDATE `users` SET `chnl`=$1,`updatedAt`=$2 WHERE `id` = $3; {"$1":"801010498048098305;0;0;904733092764332093;0;0","$2":"2022-03-15 21:25:50.909 +00:00","$3":"491769129318088714"}
[27456325 (11221757)] Executing (default): UPDATE `users` SET `chnl`=$1,`updatedAt`=$2 WHERE `id` = $3; {"$1":"801010498048098305;0;0;904733092764332093;0;16","$2":"2022-03-15 21:25:54.450 +00:00","$3":"491769129318088714"}
[27456328 (13860)] Executing (default): UPDATE `users` SET `chnl`=$1,`updatedAt`=$2 WHERE `id` = $3; {"$1":"801010498048098305;0;0;904733092764332093;0;0","$2":"2022-03-15 21:28:49.485 +00:00","$3":"491769129318088714"}
[27456330 (20487)] Executing (default): UPDATE `users` SET `chnl`=$1,`updatedAt`=$2 WHERE `id` = $3; {"$1":"801010498048098305;0;0;904733092764332093;0;16","$2":"2022-03-15 21:30:06.341 +00:00","$3":"491769129318088714"}
[27456330 (52803)] Executing (default): UPDATE `users` SET `chnl`=$1,`updatedAt`=$2 WHERE `id` = $3; {"$1":"801010498048098305;0;0;904733092764332093;0;0","$2":"2022-03-15 21:30:38.672 +00:00","$3":"491769129318088714"}
[27456337 (453900)] Executing (default): UPDATE `users` SET `cmds`=$1,`updatedAt`=$2 WHERE `id` = $3; {"$1":363,"$2":"2022-03-15 21:37:19.771 +00:00","$3":"671708767813107724"}
[27456337 (454150)] Executing (default): UPDATE `users` SET `cmds`=$1,`updatedAt`=$2 WHERE `id` = $3; {"$1":221,"$2":"2022-03-15 21:37:20.020 +00:00","$3":"501710994293129216"}
[27456338 (5407)] Executing (default): UPDATE `users` SET `cmds`=$1,`updatedAt`=$2 WHERE `id` = $3; {"$1":364,"$2":"2022-03-15 21:38:21.676 +00:00","$3":"671708767813107724"}
[27456338 (5897)] Executing (default): UPDATE `users` SET `cmds`=$1,`updatedAt`=$2 WHERE `id` = $3; {"$1":222,"$2":"2022-03-15 21:38:22.171 +00:00","$3":"501710994293129216"}
[27456338 (31915)] Executing (default): UPDATE `users` SET `cmds`=$1,`updatedAt`=$2 WHERE `id` = $3; {"$1":365,"$2":"2022-03-15 21:38:48.188 +00:00","$3":"671708767813107724"}
[27456338 (32395)] Executing (default): UPDATE `users` SET `cmds`=$1,`updatedAt`=$2 WHERE `id` = $3; {"$1":223,"$2":"2022-03-15 21:38:48.666 +00:00","$3":"501710994293129216"}
[27456340 (20698)] Executing (default): UPDATE `users` SET `chnl`=$1,`updatedAt`=$2 WHERE `id` = $3; {"$1":"801010498048098305;0;0;904733092764332093;0;16","$2":"2022-03-15 21:40:43.035 +00:00","$3":"491769129318088714"}
[27456340 (23576)] Executing (default): UPDATE `users` SET `chnl`=$1,`updatedAt`=$2 WHERE `id` = $3; {"$1":"801010498048098305;0;0;904733092764332093;0;0","$2":"2022-03-15 21:40:45.930 +00:00","$3":"491769129318088714"}
[27456352 (12261)] Executing (default): UPDATE `users` SET `chnl`=$1,`updatedAt`=$2 WHERE `id` = $3; {"$1":"801010498048098305;0;0;904733092764332093;0;16","$2":"2022-03-15 21:52:06.194 +00:00","$3":"491769129318088714"}
[27456352 (15318)] Executing (default): UPDATE `users` SET `chnl`=$1,`updatedAt`=$2 WHERE `id` = $3; {"$1":"801010498048098305;0;0","$2":"2022-03-15 21:52:09.262 +00:00","$3":"491769129318088714"}
[27456358 (13995)] Executing (default): UPDATE `users` SET `chnl`=$1,`updatedAt`=$2 WHERE `id` = $3; {"$1":"801010498048098305;0;0;904733092764332093;0;0","$2":"2022-03-15 21:58:10.180 +00:00","$3":"491769129318088714"}
[27456358 (22204)] Executing (default): UPDATE `users` SET `chnl`=$1,`updatedAt`=$2 WHERE `id` = $3; {"$1":"801010498048098305;0;0;904733092764332093;0;16","$2":"2022-03-15 21:58:18.397 +00:00","$3":"491769129318088714"}
[27456358 (24737)] Executing (default): UPDATE `users` SET `chnl`=$1,`updatedAt`=$2 WHERE `id` = $3; {"$1":"801010498048098305;0;0;904733092764332093;0;0","$2":"2022-03-15 21:58:20.932 +00:00","$3":"491769129318088714"}
[27456359 (122565)] Executing (default): UPDATE `users` SET `cmds`=$1,`updatedAt`=$2 WHERE `id` = $3; {"$1":366,"$2":"2022-03-15 21:59:58.761 +00:00","$3":"671708767813107724"}
[27456359 (122583)] Executing (default): UPDATE `users` SET `chnl`=$1,`updatedAt`=$2 WHERE `id` = $3; {"$1":null,"$2":"2022-03-15 21:59:58.778 +00:00","$3":"491769129318088714"}
[27456359 (122596)] Executing (default): UPDATE `users` SET `cmds`=$1,`updatedAt`=$2 WHERE `id` = $3; {"$1":224,"$2":"2022-03-15 21:59:58.792 +00:00","$3":"501710994293129216"}
[27456361 (9935)] Executing (default): UPDATE `users` SET `chnl`=$1,`updatedAt`=$2 WHERE `id` = $3; {"$1":"904733092764332093;0;0","$2":"2022-03-15 22:01:04.607 +00:00","$3":"491769129318088714"}
[27456364 (40547)] Executing (default): UPDATE `users` SET `chnl`=$1,`updatedAt`=$2 WHERE `id` = $3; {"$1":"904733092764332093;0;268435456","$2":"2022-03-15 22:04:58.490 +00:00","$3":"491769129318088714"}
[27456365 (49913)] Executing (default): UPDATE `users` SET `chnl`=$1,`updatedAt`=$2 WHERE `id` = $3; {"$1":"904733092764332093;268435456;0","$2":"2022-03-15 22:05:07.865 +00:00","$3":"491769129318088714"}
[27456365 (58936)] Executing (default): UPDATE `users` SET `chnl`=$1,`updatedAt`=$2 WHERE `id` = $3; {"$1":"904733092764332093;0;16","$2":"2022-03-15 22:05:16.888 +00:00","$3":"491769129318088714"}
[27456365 (98501)] Executing (default): UPDATE `users` SET `cmds`=$1,`updatedAt`=$2 WHERE `id` = $3; {"$1":367,"$2":"2022-03-15 22:05:56.454 +00:00","$3":"671708767813107724"}
[27456365 (98520)] Executing (default): UPDATE `users` SET `chnl`=$1,`updatedAt`=$2 WHERE `id` = $3; {"$1":null,"$2":"2022-03-15 22:05:56.473 +00:00","$3":"491769129318088714"}
[27456365 (98536)] Executing (default): UPDATE `users` SET `cmds`=$1,`updatedAt`=$2 WHERE `id` = $3; {"$1":225,"$2":"2022-03-15 22:05:56.489 +00:00","$3":"501710994293129216"}
[27456366 (124279)] Executing (default): UPDATE `users` SET `chnl`=$1,`updatedAt`=$2 WHERE `id` = $3; {"$1":"904733092764332093;0;16","$2":"2022-03-15 22:06:22.231 +00:00","$3":"491769129318088714"}
[27456370 (876)] Executing (default): UPDATE `users` SET `chnl`=$1,`updatedAt`=$2 WHERE `id` = $3; {"$1":"904733092764332093;0;268436496","$2":"2022-03-15 22:10:23.832 +00:00","$3":"491769129318088714"}
[27456370 (11550)] Executing (default): UPDATE `users` SET `chnl`=$1,`updatedAt`=$2 WHERE `id` = $3; {"$1":"904733092764332093;0;805307408","$2":"2022-03-15 22:10:34.511 +00:00","$3":"491769129318088714"}
[27456371 (44346)] Executing (default): UPDATE `users` SET `chnl`=$1,`updatedAt`=$2 WHERE `id` = $3; {"$1":"904733092764332093;16;805307392","$2":"2022-03-15 22:11:07.308 +00:00","$3":"491769129318088714"}
[27456371 (48613)] Executing (default): UPDATE `users` SET `chnl`=$1,`updatedAt`=$2 WHERE `id` = $3; {"$1":"904733092764332093;0;805307408","$2":"2022-03-15 22:11:11.575 +00:00","$3":"491769129318088714"}
[27456374 (2866)] Executing (default): UPDATE `users` SET `chnl`=$1,`updatedAt`=$2 WHERE `id` = $3; {"$1":"904733092764332093;0;805307392","$2":"2022-03-15 22:14:11.857 +00:00","$3":"491769129318088714"}
[27456374 (16159)] Executing (default): UPDATE `users` SET `chnl`=$1,`updatedAt`=$2 WHERE `id` = $3; {"$1":"904733092764332093;0;805307408","$2":"2022-03-15 22:14:25.155 +00:00","$3":"491769129318088714"}
[27456379 (10203)] Executing (default): UPDATE `users` SET `cmds`=$1,`updatedAt`=$2 WHERE `id` = $3; {"$1":368,"$2":"2022-03-15 22:19:34.374 +00:00","$3":"671708767813107724"}
[27456379 (10220)] Executing (default): UPDATE `users` SET `chnl`=$1,`updatedAt`=$2 WHERE `id` = $3; {"$1":null,"$2":"2022-03-15 22:19:34.394 +00:00","$3":"491769129318088714"}
[27456379 (10230)] Executing (default): UPDATE `users` SET `cmds`=$1,`updatedAt`=$2 WHERE `id` = $3; {"$1":226,"$2":"2022-03-15 22:19:34.404 +00:00","$3":"501710994293129216"}
[27456380 (37728)] Executing (default): UPDATE `users` SET `chnl`=$1,`updatedAt`=$2 WHERE `id` = $3; {"$1":"904733092764332093;0;0","$2":"2022-03-15 22:20:01.900 +00:00","$3":"491769129318088714"}
[27456380 (41139)] Executing (default): UPDATE `users` SET `chnl`=$1,`updatedAt`=$2 WHERE `id` = $3; {"$1":"904733092764332093;0;16","$2":"2022-03-15 22:20:05.313 +00:00","$3":"491769129318088714"}
[27456380 (69884)] Executing (default): UPDATE `users` SET `chnl`=$1,`updatedAt`=$2 WHERE `id` = $3; {"$1":"904733092764332093;0;268435472","$2":"2022-03-15 22:20:34.057 +00:00","$3":"491769129318088714"}
[27456380 (74208)] Executing (default): UPDATE `users` SET `chnl`=$1,`updatedAt`=$2 WHERE `id` = $3; {"$1":"904733092764332093;536870912;268435472","$2":"2022-03-15 22:20:38.382 +00:00","$3":"491769129318088714"}
[27456380 (77101)] Executing (default): UPDATE `users` SET `chnl`=$1,`updatedAt`=$2 WHERE `id` = $3; {"$1":"904733092764332093;536870913;268435472","$2":"2022-03-15 22:20:41.274 +00:00","$3":"491769129318088714"}
[27456382 (27467)] Executing (default): UPDATE `users` SET `chnl`=$1,`updatedAt`=$2 WHERE `id` = $3; {"$1":"904733092764332093;0;0","$2":"2022-03-15 22:22:30.722 +00:00","$3":"491769129318088714"}
[27456385 (39885)] Executing (default): UPDATE `users` SET `chnl`=$1,`updatedAt`=$2 WHERE `id` = $3; {"$1":"904733092764332093;0;16","$2":"2022-03-15 22:25:07.077 +00:00","$3":"491769129318088714"}
[27456385 (47980)] Executing (default): UPDATE `users` SET `chnl`=$1,`updatedAt`=$2 WHERE `id` = $3; {"$1":"904733092764332093;0;268435472","$2":"2022-03-15 22:25:15.176 +00:00","$3":"491769129318088714"}
[27456385 (53027)] Executing (default): UPDATE `users` SET `chnl`=$1,`updatedAt`=$2 WHERE `id` = $3; {"$1":"904733092764332093;0;268435456","$2":"2022-03-15 22:25:20.224 +00:00","$3":"491769129318088714"}
[27456385 (55638)] Executing (default): UPDATE `users` SET `chnl`=$1,`updatedAt`=$2 WHERE `id` = $3; {"$1":"904733092764332093;16;268435456","$2":"2022-03-15 22:25:22.834 +00:00","$3":"491769129318088714"}
[27456385 (58077)] Executing (default): UPDATE `users` SET `chnl`=$1,`updatedAt`=$2 WHERE `id` = $3; {"$1":"904733092764332093;0;268435472","$2":"2022-03-15 22:25:25.274 +00:00","$3":"491769129318088714"}
[27456387 (7760)] Executing (default): UPDATE `users` SET `cmds`=$1,`updatedAt`=$2 WHERE `id` = $3; {"$1":369,"$2":"2022-03-15 22:27:06.747 +00:00","$3":"671708767813107724"}
[27456387 (7773)] Executing (default): UPDATE `users` SET `chnl`=$1,`updatedAt`=$2 WHERE `id` = $3; {"$1":null,"$2":"2022-03-15 22:27:06.764 +00:00","$3":"491769129318088714"}
[27456387 (7782)] Executing (default): UPDATE `users` SET `cmds`=$1,`updatedAt`=$2 WHERE `id` = $3; {"$1":227,"$2":"2022-03-15 22:27:06.773 +00:00","$3":"501710994293129216"}
[27456387 (31428)] Executing (default): UPDATE `users` SET `cmds`=$1,`updatedAt`=$2 WHERE `id` = $3; {"$1":370,"$2":"2022-03-15 22:27:30.419 +00:00","$3":"671708767813107724"}
[27456387 (31441)] Executing (default): UPDATE `users` SET `replacers`=$1,`updatedAt`=$2 WHERE `id` = $3; {"$1":"\"{\\\"f\\\":\\\"~remove 491769129318088714 chnl\\\"}\"","$2":"2022-03-15 22:27:30.432 +00:00","$3":"501710994293129216"}
[27456387 (31450)] Executing (default): UPDATE `users` SET `cmds`=$1,`updatedAt`=$2 WHERE `id` = $3; {"$1":228,"$2":"2022-03-15 22:27:30.440 +00:00","$3":"501710994293129216"}
[27456387 (35747)] Executing (default): UPDATE `users` SET `cmds`=$1,`updatedAt`=$2 WHERE `id` = $3; {"$1":371,"$2":"2022-03-15 22:27:34.739 +00:00","$3":"671708767813107724"}
[27456387 (35760)] Executing (default): UPDATE `users` SET `chnl`=$1,`updatedAt`=$2 WHERE `id` = $3; {"$1":null,"$2":"2022-03-15 22:27:34.751 +00:00","$3":"491769129318088714"}
[27456387 (35768)] Executing (default): UPDATE `users` SET `cmds`=$1,`updatedAt`=$2 WHERE `id` = $3; {"$1":229,"$2":"2022-03-15 22:27:34.759 +00:00","$3":"501710994293129216"}
[27456388 (73211)] Executing (default): UPDATE `users` SET `chnl`=$1,`updatedAt`=$2 WHERE `id` = $3; {"$1":"904733092764332093;0;0","$2":"2022-03-15 22:28:12.201 +00:00","$3":"491769129318088714"}
[27456388 (78753)] Executing (default): UPDATE `users` SET `chnl`=$1,`updatedAt`=$2 WHERE `id` = $3; {"$1":"904733092764332093;0;16","$2":"2022-03-15 22:28:17.743 +00:00","$3":"491769129318088714"}
[27456388 (84162)] Executing (default): UPDATE `users` SET `chnl`=$1,`updatedAt`=$2 WHERE `id` = $3; {"$1":"904733092764332093;16;0","$2":"2022-03-15 22:28:23.152 +00:00","$3":"491769129318088714"}
[27456388 (90363)] Executing (default): UPDATE `users` SET `chnl`=$1,`updatedAt`=$2 WHERE `id` = $3; {"$1":"904733092764332093;0;0","$2":"2022-03-15 22:28:29.353 +00:00","$3":"491769129318088714"}
[27456390 (2094)] Executing (default): UPDATE `users` SET `cmds`=$1,`updatedAt`=$2 WHERE `id` = $3; {"$1":372,"$2":"2022-03-15 22:30:32.261 +00:00","$3":"671708767813107724"}
[27456390 (2107)] Executing (default): UPDATE `users` SET `chnl`=$1,`updatedAt`=$2 WHERE `id` = $3; {"$1":null,"$2":"2022-03-15 22:30:32.277 +00:00","$3":"491769129318088714"}
[27456390 (2116)] Executing (default): UPDATE `users` SET `cmds`=$1,`updatedAt`=$2 WHERE `id` = $3; {"$1":230,"$2":"2022-03-15 22:30:32.286 +00:00","$3":"501710994293129216"}
[27456390 (8365)] Executing (default): UPDATE `users` SET `chnl`=$1,`updatedAt`=$2 WHERE `id` = $3; {"$1":"904733092764332093;0;16","$2":"2022-03-15 22:30:38.534 +00:00","$3":"491769129318088714"}
[27456390 (13956)] Executing (default): UPDATE `users` SET `chnl`=$1,`updatedAt`=$2 WHERE `id` = $3; {"$1":"904733092764332093;0;0","$2":"2022-03-15 22:30:44.126 +00:00","$3":"491769129318088714"}
[27456390 (23134)] Executing (default): UPDATE `users` SET `chnl`=$1,`updatedAt`=$2 WHERE `id` = $3; {"$1":"904733092764332093;16;0","$2":"2022-03-15 22:30:53.303 +00:00","$3":"491769129318088714"}
[27456395 (7544)] Executing (default): UPDATE `users` SET `cmds`=$1,`updatedAt`=$2 WHERE `id` = $3; {"$1":373,"$2":"2022-03-15 22:35:44.725 +00:00","$3":"671708767813107724"}
[27456395 (7555)] Executing (default): UPDATE `users` SET `chnl`=$1,`updatedAt`=$2 WHERE `id` = $3; {"$1":null,"$2":"2022-03-15 22:35:44.739 +00:00","$3":"491769129318088714"}
[27456395 (7564)] Executing (default): UPDATE `users` SET `cmds`=$1,`updatedAt`=$2 WHERE `id` = $3; {"$1":231,"$2":"2022-03-15 22:35:44.748 +00:00","$3":"501710994293129216"}
[27456395 (10366)] Executing (default): UPDATE `users` SET `chnl`=$1,`updatedAt`=$2 WHERE `id` = $3; {"$1":"904733092764332093;0;16","$2":"2022-03-15 22:35:47.549 +00:00","$3":"491769129318088714"}
[27456395 (17500)] Executing (default): UPDATE `users` SET `chnl`=$1,`updatedAt`=$2 WHERE `id` = $3; {"$1":"904733092764332093;0;0","$2":"2022-03-15 22:35:54.682 +00:00","$3":"491769129318088714"}
[27456396 (23236)] Executing (default): UPDATE `users` SET `chnl`=$1,`updatedAt`=$2 WHERE `id` = $3; {"$1":"904733092764332093;16;0","$2":"2022-03-15 22:36:00.420 +00:00","$3":"491769129318088714"}
[27456398 (6532)] Executing (default): UPDATE `users` SET `cmds`=$1,`updatedAt`=$2 WHERE `id` = $3; {"$1":374,"$2":"2022-03-15 22:38:40.545 +00:00","$3":"671708767813107724"}
[27456398 (6546)] Executing (default): UPDATE `users` SET `chnl`=$1,`updatedAt`=$2 WHERE `id` = $3; {"$1":null,"$2":"2022-03-15 22:38:40.562 +00:00","$3":"491769129318088714"}
[27456398 (6555)] Executing (default): UPDATE `users` SET `cmds`=$1,`updatedAt`=$2 WHERE `id` = $3; {"$1":232,"$2":"2022-03-15 22:38:40.571 +00:00","$3":"501710994293129216"}
[27456398 (9220)] Executing (default): UPDATE `users` SET `chnl`=$1,`updatedAt`=$2 WHERE `id` = $3; {"$1":"904733092764332093;0;16","$2":"2022-03-15 22:38:43.236 +00:00","$3":"491769129318088714"}
[27456398 (11409)] Executing (default): UPDATE `users` SET `chnl`=$1,`updatedAt`=$2 WHERE `id` = $3; {"$1":"904733092764332093;0;0","$2":"2022-03-15 22:38:45.425 +00:00","$3":"491769129318088714"}
[27456400 (5424)] Executing (default): UPDATE `users` SET `chnl`=$1,`updatedAt`=$2 WHERE `id` = $3; {"$1":"904733092764332093;0;16","$2":"2022-03-15 22:40:28.901 +00:00","$3":"491769129318088714"}
[27456400 (7951)] Executing (default): UPDATE `users` SET `chnl`=$1,`updatedAt`=$2 WHERE `id` = $3; {"$1":"904733092764332093;16;0","$2":"2022-03-15 22:40:31.433 +00:00","$3":"491769129318088714"}
[27456400 (10121)] Executing (default): UPDATE `users` SET `chnl`=$1,`updatedAt`=$2 WHERE `id` = $3; {"$1":"904733092764332093;0;0","$2":"2022-03-15 22:40:33.602 +00:00","$3":"491769129318088714"}
[27456401 (20655)] Executing (default): UPDATE `users` SET `cmds`=$1,`updatedAt`=$2 WHERE `id` = $3; {"$1":375,"$2":"2022-03-15 22:41:20.452 +00:00","$3":"671708767813107724"}
[27456401 (20667)] Executing (default): UPDATE `users` SET `chnl`=$1,`updatedAt`=$2 WHERE `id` = $3; {"$1":null,"$2":"2022-03-15 22:41:20.468 +00:00","$3":"491769129318088714"}
[27456401 (20676)] Executing (default): UPDATE `users` SET `cmds`=$1,`updatedAt`=$2 WHERE `id` = $3; {"$1":233,"$2":"2022-03-15 22:41:20.476 +00:00","$3":"501710994293129216"}
[27456401 (22870)] Executing (default): UPDATE `users` SET `chnl`=$1,`updatedAt`=$2 WHERE `id` = $3; {"$1":"904733092764332093;0;16","$2":"2022-03-15 22:41:22.670 +00:00","$3":"491769129318088714"}
[27456401 (1477)] Executing (default): UPDATE `users` SET `chnl`=$1,`updatedAt`=$2 WHERE `id` = $3; {"$1":"904733092764332093;16;0","$2":"2022-03-15 22:41:51.740 +00:00","$3":"491769129318088714"}
[27456401 (5910)] Executing (default): UPDATE `users` SET `chnl`=$1,`updatedAt`=$2 WHERE `id` = $3; {"$1":"904733092764332093;0;16","$2":"2022-03-15 22:41:56.176 +00:00","$3":"491769129318088714"}
[27456401 (7208)] Executing (default): UPDATE `users` SET `chnl`=$1,`updatedAt`=$2 WHERE `id` = $3; {"$1":"904733092764332093;268435456;16","$2":"2022-03-15 22:41:57.475 +00:00","$3":"491769129318088714"}
[27456401 (8042)] Executing (default): UPDATE `users` SET `chnl`=$1,`updatedAt`=$2 WHERE `id` = $3; {"$1":"904733092764332093;0;268435472","$2":"2022-03-15 22:41:58.308 +00:00","$3":"491769129318088714"}
[27456402 (10360)] Executing (default): UPDATE `users` SET `chnl`=$1,`updatedAt`=$2 WHERE `id` = $3; {"$1":"904733092764332093;0;805306384","$2":"2022-03-15 22:42:00.627 +00:00","$3":"491769129318088714"}
[27456402 (11620)] Executing (default): UPDATE `users` SET `cmds`=$1,`updatedAt`=$2 WHERE `id` = $3; {"$1":376,"$2":"2022-03-15 22:42:45.584 +00:00","$3":"671708767813107724"}
[27456402 (11633)] Executing (default): UPDATE `users` SET `chnl`=$1,`updatedAt`=$2 WHERE `id` = $3; {"$1":null,"$2":"2022-03-15 22:42:45.600 +00:00","$3":"491769129318088714"}
[27456402 (11640)] Executing (default): UPDATE `users` SET `cmds`=$1,`updatedAt`=$2 WHERE `id` = $3; {"$1":234,"$2":"2022-03-15 22:42:45.607 +00:00","$3":"501710994293129216"}
[27456402 (20173)] Executing (default): UPDATE `users` SET `chnl`=$1,`updatedAt`=$2 WHERE `id` = $3; {"$1":"904733092764332093;0;0","$2":"2022-03-15 22:42:54.140 +00:00","$3":"491769129318088714"}
[27456403 (30207)] Executing (default): UPDATE `users` SET `chnl`=$1,`updatedAt`=$2 WHERE `id` = $3; {"$1":"904733092764332093;0;16","$2":"2022-03-15 22:43:04.173 +00:00","$3":"491769129318088714"}
[27456403 (32835)] Executing (default): UPDATE `users` SET `chnl`=$1,`updatedAt`=$2 WHERE `id` = $3; {"$1":"904733092764332093;0;0","$2":"2022-03-15 22:43:06.802 +00:00","$3":"491769129318088714"}
[27456403 (33326)] Executing (default): UPDATE `users` SET `chnl`=$1,`updatedAt`=$2 WHERE `id` = $3; {"$1":"904733092764332093;16;0","$2":"2022-03-15 22:43:07.292 +00:00","$3":"491769129318088714"}
[27456403 (37344)] Executing (default): UPDATE `users` SET `chnl`=$1,`updatedAt`=$2 WHERE `id` = $3; {"$1":"904733092764332093;268435472;0","$2":"2022-03-15 22:43:11.310 +00:00","$3":"491769129318088714"}
[27456403 (40681)] Executing (default): UPDATE `users` SET `chnl`=$1,`updatedAt`=$2 WHERE `id` = $3; {"$1":"904733092764332093;805306384;0","$2":"2022-03-15 22:43:14.647 +00:00","$3":"491769129318088714"}
[27456405 (7890)] Executing (default): UPDATE `users` SET `cmds`=$1,`updatedAt`=$2 WHERE `id` = $3; {"$1":377,"$2":"2022-03-15 22:45:52.315 +00:00","$3":"671708767813107724"}
[27456405 (7906)] Executing (default): UPDATE `users` SET `cmds`=$1,`updatedAt`=$2 WHERE `id` = $3; {"$1":235,"$2":"2022-03-15 22:45:52.334 +00:00","$3":"501710994293129216"}
[27456405 (14768)] Executing (default): UPDATE `users` SET `cmds`=$1,`updatedAt`=$2 WHERE `id` = $3; {"$1":378,"$2":"2022-03-15 22:45:59.195 +00:00","$3":"671708767813107724"}
[27456405 (14780)] Executing (default): UPDATE `users` SET `chnl`=$1,`updatedAt`=$2 WHERE `id` = $3; {"$1":null,"$2":"2022-03-15 22:45:59.208 +00:00","$3":"491769129318088714"}
[27456405 (14788)] Executing (default): UPDATE `users` SET `cmds`=$1,`updatedAt`=$2 WHERE `id` = $3; {"$1":236,"$2":"2022-03-15 22:45:59.215 +00:00","$3":"501710994293129216"}
[27456406 (72513)] Executing (default): UPDATE `users` SET `chnl`=$1,`updatedAt`=$2 WHERE `id` = $3; {"$1":"904733092764332093;0;0","$2":"2022-03-15 22:46:56.940 +00:00","$3":"491769129318088714"}
[27456408 (7094)] Executing (default): UPDATE `users` SET `cmds`=$1,`updatedAt`=$2 WHERE `id` = $3; {"$1":379,"$2":"2022-03-15 22:48:02.489 +00:00","$3":"671708767813107724"}
[27456408 (7107)] Executing (default): UPDATE `users` SET `chnl`=$1,`updatedAt`=$2 WHERE `id` = $3; {"$1":null,"$2":"2022-03-15 22:48:02.505 +00:00","$3":"491769129318088714"}
[27456408 (7116)] Executing (default): UPDATE `users` SET `cmds`=$1,`updatedAt`=$2 WHERE `id` = $3; {"$1":237,"$2":"2022-03-15 22:48:02.513 +00:00","$3":"501710994293129216"}
[27456408 (14658)] Executing (default): UPDATE `users` SET `chnl`=$1,`updatedAt`=$2 WHERE `id` = $3; {"$1":"904733092764332093;0;536870912","$2":"2022-03-15 22:48:10.055 +00:00","$3":"491769129318088714"}
[27456409 (7122)] Executing (default): UPDATE `users` SET `chnl`=$1,`updatedAt`=$2 WHERE `id` = $3; {"$1":"904733092764332093;0;805306368","$2":"2022-03-15 22:49:32.857 +00:00","$3":"491769129318088714"}
[27456409 (1905)] Executing (default): UPDATE `users` SET `chnl`=$1,`updatedAt`=$2 WHERE `id` = $3; {"$1":"904733092764332093;0;805306369","$2":"2022-03-15 22:49:58.305 +00:00","$3":"491769129318088714"}
[27456410 (3069)] Executing (default): UPDATE `users` SET `chnl`=$1,`updatedAt`=$2 WHERE `id` = $3; {"$1":"904733092764332093;0;805308417","$2":"2022-03-15 22:50:25.469 +00:00","$3":"491769129318088714"}
[27456410 (13083)] Executing (default): UPDATE `users` SET `chnl`=$1,`updatedAt`=$2 WHERE `id` = $3; {"$1":"904733092764332093;0;805308433","$2":"2022-03-15 22:50:35.487 +00:00","$3":"491769129318088714"}
[27456411 (1823)] Executing (default): UPDATE `users` SET `chnl`=$1,`updatedAt`=$2 WHERE `id` = $3; {"$1":"904733092764332093;16;805308417","$2":"2022-03-15 22:51:31.925 +00:00","$3":"491769129318088714"}
[27456411 (6338)] Executing (default): UPDATE `users` SET `chnl`=$1,`updatedAt`=$2 WHERE `id` = $3; {"$1":"904733092764332093;0;805308433","$2":"2022-03-15 22:51:36.443 +00:00","$3":"491769129318088714"}
[27456411 (9052)] Executing (default): UPDATE `users` SET `chnl`=$1,`updatedAt`=$2 WHERE `id` = $3; {"$1":"904733092764332093;0;805309457","$2":"2022-03-15 22:51:39.158 +00:00","$3":"491769129318088714"}
[27456411 (11796)] Executing (default): UPDATE `users` SET `chnl`=$1,`updatedAt`=$2 WHERE `id` = $3; {"$1":"904733092764332093;16;805309441","$2":"2022-03-15 22:51:41.902 +00:00","$3":"491769129318088714"}
[27456411 (16383)] Executing (default): UPDATE `users` SET `chnl`=$1,`updatedAt`=$2 WHERE `id` = $3; {"$1":"904733092764332093;16;275683216385","$2":"2022-03-15 22:51:46.489 +00:00","$3":"491769129318088714"}
[27456414 (19589)] Executing (default): UPDATE `users` SET `chnl`=$1,`updatedAt`=$2 WHERE `id` = $3; {"$1":"904733092764332093;0;0","$2":"2022-03-15 22:54:07.144 +00:00","$3":"491769129318088714"}
[27456415 (1816)] Executing (default): UPDATE `users` SET `chnl`=$1,`updatedAt`=$2 WHERE `id` = $3; {"$1":"904733092764332093;0;536870912","$2":"2022-03-15 22:55:13.605 +00:00","$3":"491769129318088714"}
[27456415 (21107)] Executing (default): UPDATE `users` SET `chnl`=$1,`updatedAt`=$2 WHERE `id` = $3; {"$1":"904733092764332093;0;805306368","$2":"2022-03-15 22:55:32.899 +00:00","$3":"491769129318088714"}
[27456415 (2893)] Executing (default): UPDATE `users` SET `chnl`=$1,`updatedAt`=$2 WHERE `id` = $3; {"$1":"904733092764332093;0;805307392","$2":"2022-03-15 22:55:40.806 +00:00","$3":"491769129318088714"}
[27456416 (30798)] Executing (default): UPDATE `users` SET `cmds`=$1,`updatedAt`=$2 WHERE `id` = $3; {"$1":380,"$2":"2022-03-15 22:56:08.713 +00:00","$3":"671708767813107724"}
[27456416 (31055)] Executing (default): UPDATE `users` SET `cmds`=$1,`updatedAt`=$2 WHERE `id` = $3; {"$1":238,"$2":"2022-03-15 22:56:08.971 +00:00","$3":"501710994293129216"}
[27456416 (68060)] Executing (default): UPDATE `users` SET `chnl`=$1,`updatedAt`=$2 WHERE `id` = $3; {"$1":"904733092764332093;0;0","$2":"2022-03-15 22:56:45.976 +00:00","$3":"757958112992034918"}
[27456417 (83263)] Executing (default): INSERT INTO `users` (`id`,`bio`,`clr`,`curr`,`drgn`,`petname`,`v`,`xp`,`createdAt`,`updatedAt`) VALUES ($1,$2,$3,$4,$5,$6,$7,$8,$9,$10); {"$1":"911799544017199124","$2":"User has not set a bio.","$3":"#00aaaa;0","$4":"default","$5":"1;10000;100;0;1;1;1;1;0;1","$6":"dragon","$7":"1;0","$8":"1;0","$9":"2022-03-15 22:57:01.178 +00:00","$10":"2022-03-15 22:57:01.178 +00:00"}
[27456417 (83279)] Executing (default): UPDATE `users` SET `chnl`=$1,`updatedAt`=$2 WHERE `id` = $3; {"$1":"904733092764332093;0;0","$2":"2022-03-15 22:57:01.195 +00:00","$3":"911799544017199124"}
[27456417 (98940)] Executing (default): UPDATE `users` SET `chnl`=$1,`updatedAt`=$2 WHERE `id` = $3; {"$1":"904733092764332093;0;16","$2":"2022-03-15 22:57:16.855 +00:00","$3":"911799544017199124"}
[27456417 (111745)] Executing (default): UPDATE `users` SET `chnl`=$1,`updatedAt`=$2 WHERE `id` = $3; {"$1":"904733092764332093;0;268435472","$2":"2022-03-15 22:57:29.661 +00:00","$3":"911799544017199124"}
[27456417 (138506)] Executing (default): UPDATE `users` SET `cmds`=$1,`updatedAt`=$2 WHERE `id` = $3; {"$1":381,"$2":"2022-03-15 22:57:56.422 +00:00","$3":"671708767813107724"}
[27456417 (138528)] Executing (default): UPDATE `users` SET `cmds`=$1,`updatedAt`=$2 WHERE `id` = $3; {"$1":239,"$2":"2022-03-15 22:57:56.445 +00:00","$3":"501710994293129216"}
[27456418 (146040)] Executing (default): UPDATE `users` SET `cmds`=$1,`updatedAt`=$2 WHERE `id` = $3; {"$1":382,"$2":"2022-03-15 22:58:03.956 +00:00","$3":"671708767813107724"}
[27456418 (146049)] Executing (default): UPDATE `users` SET `chnl`=$1,`updatedAt`=$2 WHERE `id` = $3; {"$1":null,"$2":"2022-03-15 22:58:03.966 +00:00","$3":"911799544017199124"}
[27456418 (146059)] Executing (default): UPDATE `users` SET `cmds`=$1,`updatedAt`=$2 WHERE `id` = $3; {"$1":240,"$2":"2022-03-15 22:58:03.975 +00:00","$3":"501710994293129216"}
[27456418 (151226)] Executing (default): UPDATE `users` SET `chnl`=$1,`updatedAt`=$2 WHERE `id` = $3; {"$1":"904733092764332093;16;268435456","$2":"2022-03-15 22:58:09.142 +00:00","$3":"911799544017199124"}
[27456418 (4636)] Executing (default): UPDATE `users` SET `chnl`=$1,`updatedAt`=$2 WHERE `id` = $3; {"$1":"904733092764332093;16;805306368","$2":"2022-03-15 22:58:34.961 +00:00","$3":"911799544017199124"}
[27456418 (17295)] Executing (default): UPDATE `users` SET `cmds`=$1,`updatedAt`=$2 WHERE `id` = $3; {"$1":383,"$2":"2022-03-15 22:58:47.624 +00:00","$3":"671708767813107724"}
[27456418 (17312)] Executing (default): UPDATE `users` SET `cmds`=$1,`updatedAt`=$2 WHERE `id` = $3; {"$1":241,"$2":"2022-03-15 22:58:47.640 +00:00","$3":"501710994293129216"}
