[27551253 (89653)] Executing (default): INSERT INTO `channels` (`id`,`pkg`,`snipe`,`createdAt`,`updatedAt`) VALUES ($1,$2,$3,$4,$5); {"$1":"975566112827785239","$2":false,"$3":"911799544017199124;Tm8gbWVzc2FnZSBmb3VuZCB3aXRoaW4gY3VycmVudCBjaGFubmVsLg","$4":"2022-05-20 19:33:26.906 +00:00","$5":"2022-05-20 19:33:26.906 +00:00"}
[27551253 (89664)] Executing (default): INSERT INTO `guilds` (`id`,`prefix`,`createdAt`,`updatedAt`) VALUES ($1,$2,$3,$4); {"$1":"975566112827785236","$2":"~","$3":"2022-05-20 19:33:26.919 +00:00","$4":"2022-05-20 19:33:26.919 +00:00"}
[27551253 (10094)] Executing (default): UPDATE `users` SET `nick`=$1,`updatedAt`=$2 WHERE `id` = $3; {"$1":null,"$2":"2022-05-20 19:33:46.497 +00:00","$3":"671708767813107724"}
[27551253 (10094)] Executing (default): UPDATE `users` SET `cst`=$1,`updatedAt`=$2 WHERE `id` = $3; {"$1":"977289979220856852;977292986872373332","$2":"2022-05-20 19:33:46.498 +00:00","$3":"671708767813107724"}
[27551253 (12409)] Executing (default): UPDATE `users` SET `nick`=$1,`updatedAt`=$2 WHERE `id` = $3; {"$1":null,"$2":"2022-05-20 19:33:48.815 +00:00","$3":"671708767813107724"}
[27551253 (12409)] Executing (default): UPDATE `users` SET `cst`=$1,`updatedAt`=$2 WHERE `id` = $3; {"$1":"977289979220856852;977292986872373332;977291387911422022","$2":"2022-05-20 19:33:48.815 +00:00","$3":"671708767813107724"}
[27551253 (198)] Executing (default): INSERT INTO `channels` (`id`,`pkg`,`snipe`,`createdAt`,`updatedAt`) VALUES ($1,$2,$3,$4,$5); {"$1":"977280570478460948","$2":false,"$3":"911799544017199124;Tm8gbWVzc2FnZSBmb3VuZCB3aXRoaW4gY3VycmVudCBjaGFubmVsLg","$4":"2022-05-20 19:33:57.025 +00:00","$5":"2022-05-20 19:33:57.025 +00:00"}
[27551254 (36672)] Executing (default): INSERT INTO `users` (`id`,`bio`,`clr`,`curr`,`drgn`,`petname`,`v`,`xp`,`createdAt`,`updatedAt`) VALUES ($1,$2,$3,$4,$5,$6,$7,$8,$9,$10); {"$1":"974480619432206336","$2":"User has not set a bio.","$3":"#00aaaa;0","$4":"default","$5":"1;10000;100;0;1;1;1;1;0;1","$6":"dragon","$7":"1;0","$8":"1;0","$9":"2022-05-20 19:34:33.501 +00:00","$10":"2022-05-20 19:34:33.501 +00:00"}
[27551254 (36691)] Executing (default): INSERT INTO `channels` (`id`,`pkg`,`snipe`,`createdAt`,`updatedAt`) VALUES ($1,$2,$3,$4,$5); {"$1":"977293249314189383","$2":false,"$3":"911799544017199124;Tm8gbWVzc2FnZSBmb3VuZCB3aXRoaW4gY3VycmVudCBjaGFubmVsLg","$4":"2022-05-20 19:34:33.522 +00:00","$5":"2022-05-20 19:34:33.522 +00:00"}
[27551254 (36707)] Executing (default): UPDATE `users` SET `xp`=$1,`xpc`=$2,`updatedAt`=$3 WHERE `id` = $4; {"$1":"1;22","$2":27551255,"$3":"2022-05-20 19:34:33.537 +00:00","$4":"974480619432206336"}
[27551254 (36722)] Executing (default): UPDATE `users` SET `clr`=$1,`updatedAt`=$2 WHERE `id` = $3; {"$1":"#00aaaa;0","$2":"2022-05-20 19:34:33.553 +00:00","$3":"974480619432206336"}
[27551254 (36739)] Executing (default): UPDATE `users` SET `cmds`=$1,`updatedAt`=$2 WHERE `id` = $3; {"$1":26668,"$2":"2022-05-20 19:34:33.570 +00:00","$3":"671708767813107724"}
[27551254 (36758)] Executing (default): UPDATE `users` SET `cmds`=$1,`updatedAt`=$2 WHERE `id` = $3; {"$1":1,"$2":"2022-05-20 19:34:33.589 +00:00","$3":"974480619432206336"}
[27551254 (40741)] Executing (default): UPDATE `users` SET `clr`=$1,`updatedAt`=$2 WHERE `id` = $3; {"$1":"#00aaaa;0","$2":"2022-05-20 19:34:37.573 +00:00","$3":"974480619432206336"}
[27551300 (105287)] Executing (default): UPDATE `users` SET `xp`=$1,`xpc`=$2,`updatedAt`=$3 WHERE `id` = $4; {"$1":"1;39","$2":27551301,"$3":"2022-05-20 20:20:05.328 +00:00","$4":"974480619432206336"}
[27551300 (105303)] Executing (default): UPDATE `users` SET `clr`=$1,`updatedAt`=$2 WHERE `id` = $3; {"$1":"#00aaaa;0","$2":"2022-05-20 20:20:05.354 +00:00","$3":"974480619432206336"}
[27551300 (105330)] Executing (default): UPDATE `users` SET `cmds`=$1,`updatedAt`=$2 WHERE `id` = $3; {"$1":26669,"$2":"2022-05-20 20:20:05.382 +00:00","$3":"671708767813107724"}
[27551300 (105381)] Executing (default): UPDATE `users` SET `cmds`=$1,`updatedAt`=$2 WHERE `id` = $3; {"$1":2,"$2":"2022-05-20 20:20:05.433 +00:00","$3":"974480619432206336"}
[27551300 (105668)] Executing (default): INSERT INTO `channels` (`id`,`pkg`,`snipe`,`createdAt`,`updatedAt`) VALUES ($1,$2,$3,$4,$5); {"$1":"977282017920188506","$2":false,"$3":"911799544017199124;Tm8gbWVzc2FnZSBmb3VuZCB3aXRoaW4gY3VycmVudCBjaGFubmVsLg","$4":"2022-05-20 20:20:05.719 +00:00","$5":"2022-05-20 20:20:05.719 +00:00"}
[27551300 (114789)] Executing (default): UPDATE `users` SET `clr`=$1,`updatedAt`=$2 WHERE `id` = $3; {"$1":"#00aaaa;0","$2":"2022-05-20 20:20:14.842 +00:00","$3":"974480619432206336"}
[27551300 (114815)] Executing (default): UPDATE `users` SET `cmds`=$1,`updatedAt`=$2 WHERE `id` = $3; {"$1":26670,"$2":"2022-05-20 20:20:14.867 +00:00","$3":"671708767813107724"}
[27551300 (115098)] Executing (default): UPDATE `users` SET `cmds`=$1,`updatedAt`=$2 WHERE `id` = $3; {"$1":3,"$2":"2022-05-20 20:20:15.150 +00:00","$3":"974480619432206336"}
[27551301 (4222)] Executing (default): UPDATE `users` SET `xp`=$1,`xpc`=$2,`updatedAt`=$3 WHERE `id` = $4; {"$1":"1;72","$2":27551302,"$3":"2022-05-20 20:21:42.635 +00:00","$4":"974480619432206336"}
[27551301 (4233)] Executing (default): UPDATE `users` SET `clr`=$1,`updatedAt`=$2 WHERE `id` = $3; {"$1":"#00aaaa;0","$2":"2022-05-20 20:21:42.650 +00:00","$3":"974480619432206336"}
[27551301 (4248)] Executing (default): UPDATE `users` SET `cmds`=$1,`updatedAt`=$2 WHERE `id` = $3; {"$1":26671,"$2":"2022-05-20 20:21:42.665 +00:00","$3":"671708767813107724"}
[27551301 (4609)] Executing (default): UPDATE `users` SET `cmds`=$1,`updatedAt`=$2 WHERE `id` = $3; {"$1":4,"$2":"2022-05-20 20:21:43.026 +00:00","$3":"974480619432206336"}
[27551302 (5728)] Executing (default): UPDATE `users` SET `xp`=$1,`xpc`=$2,`updatedAt`=$3 WHERE `id` = $4; {"$1":"1;99","$2":27551303,"$3":"2022-05-20 20:22:21.476 +00:00","$4":"974480619432206336"}
[27551302 (5739)] Executing (default): UPDATE `users` SET `clr`=$1,`updatedAt`=$2 WHERE `id` = $3; {"$1":"#00aaaa;0","$2":"2022-05-20 20:22:21.492 +00:00","$3":"974480619432206336"}
[27551302 (5755)] Executing (default): UPDATE `users` SET `cmds`=$1,`updatedAt`=$2 WHERE `id` = $3; {"$1":26672,"$2":"2022-05-20 20:22:21.508 +00:00","$3":"671708767813107724"}
[27551302 (6024)] Executing (default): UPDATE `users` SET `cmds`=$1,`updatedAt`=$2 WHERE `id` = $3; {"$1":5,"$2":"2022-05-20 20:22:21.777 +00:00","$3":"974480619432206336"}
[27551304 (8751)] Executing (default): UPDATE `users` SET `xp`=$1,`xpc`=$2,`updatedAt`=$3 WHERE `id` = $4; {"$1":"1;134","$2":27551305,"$3":"2022-05-20 20:24:51.587 +00:00","$4":"974480619432206336"}
[27551304 (13314)] Executing (default): UPDATE `users` SET `clr`=$1,`updatedAt`=$2 WHERE `id` = $3; {"$1":"#00aaaa;0","$2":"2022-05-20 20:24:56.153 +00:00","$3":"974480619432206336"}
[27551304 (13338)] Executing (default): UPDATE `users` SET `cmds`=$1,`updatedAt`=$2 WHERE `id` = $3; {"$1":26673,"$2":"2022-05-20 20:24:56.177 +00:00","$3":"671708767813107724"}
[27551304 (13355)] Executing (default): UPDATE `users` SET `cmds`=$1,`updatedAt`=$2 WHERE `id` = $3; {"$1":6,"$2":"2022-05-20 20:24:56.193 +00:00","$3":"974480619432206336"}
[27551305 (5199)] Executing (default): UPDATE `users` SET `xp`=$1,`xpc`=$2,`updatedAt`=$3 WHERE `id` = $4; {"$1":"1;166","$2":27551306,"$3":"2022-05-20 20:25:15.480 +00:00","$4":"974480619432206336"}
[27551305 (5210)] Executing (default): UPDATE `users` SET `clr`=$1,`updatedAt`=$2 WHERE `id` = $3; {"$1":"#00aaaa;0","$2":"2022-05-20 20:25:15.497 +00:00","$3":"974480619432206336"}
[27551305 (5224)] Executing (default): UPDATE `users` SET `cmds`=$1,`updatedAt`=$2 WHERE `id` = $3; {"$1":26674,"$2":"2022-05-20 20:25:15.511 +00:00","$3":"671708767813107724"}
[27551305 (5528)] Executing (default): UPDATE `users` SET `cmds`=$1,`updatedAt`=$2 WHERE `id` = $3; {"$1":7,"$2":"2022-05-20 20:25:15.815 +00:00","$3":"974480619432206336"}
[27551305 (1048)] Executing (default): UPDATE `users` SET `clr`=$1,`updatedAt`=$2 WHERE `id` = $3; {"$1":"#00aaaa;0","$2":"2022-05-20 20:25:37.248 +00:00","$3":"974480619432206336"}
[27551305 (1067)] Executing (default): UPDATE `users` SET `cmds`=$1,`updatedAt`=$2 WHERE `id` = $3; {"$1":26675,"$2":"2022-05-20 20:25:37.273 +00:00","$3":"671708767813107724"}
[27551305 (1348)] Executing (default): UPDATE `users` SET `cmds`=$1,`updatedAt`=$2 WHERE `id` = $3; {"$1":8,"$2":"2022-05-20 20:25:37.554 +00:00","$3":"974480619432206336"}
[27551306 (1232)] Executing (default): UPDATE `users` SET `xp`=$1,`xpc`=$2,`updatedAt`=$3 WHERE `id` = $4; {"$1":"1;191","$2":27551307,"$3":"2022-05-20 20:26:53.563 +00:00","$4":"974480619432206336"}
[27551306 (1245)] Executing (default): UPDATE `users` SET `clr`=$1,`updatedAt`=$2 WHERE `id` = $3; {"$1":"#00aaaa;0","$2":"2022-05-20 20:26:53.582 +00:00","$3":"974480619432206336"}
[27551306 (1262)] Executing (default): UPDATE `users` SET `cmds`=$1,`updatedAt`=$2 WHERE `id` = $3; {"$1":26676,"$2":"2022-05-20 20:26:53.599 +00:00","$3":"671708767813107724"}
[27551306 (1638)] Executing (default): UPDATE `users` SET `cmds`=$1,`updatedAt`=$2 WHERE `id` = $3; {"$1":9,"$2":"2022-05-20 20:26:53.975 +00:00","$3":"974480619432206336"}
[27551307 (16916)] Executing (default): UPDATE `users` SET `xp`=$1,`xpc`=$2,`updatedAt`=$3 WHERE `id` = $4; {"$1":"2;205","$2":27551308,"$3":"2022-05-20 20:27:09.252 +00:00","$4":"974480619432206336"}
[27551307 (16928)] Executing (default): UPDATE `users` SET `clr`=$1,`updatedAt`=$2 WHERE `id` = $3; {"$1":"#00aaaa;0","$2":"2022-05-20 20:27:09.265 +00:00","$3":"974480619432206336"}
[27551307 (16941)] Executing (default): UPDATE `users` SET `cmds`=$1,`updatedAt`=$2 WHERE `id` = $3; {"$1":26677,"$2":"2022-05-20 20:27:09.279 +00:00","$3":"671708767813107724"}
[27551307 (16960)] Executing (default): UPDATE `users` SET `cmds`=$1,`updatedAt`=$2 WHERE `id` = $3; {"$1":10,"$2":"2022-05-20 20:27:09.298 +00:00","$3":"974480619432206336"}
[27551307 (26029)] Executing (default): UPDATE `users` SET `clr`=$1,`updatedAt`=$2 WHERE `id` = $3; {"$1":"#00aaaa;0","$2":"2022-05-20 20:27:18.366 +00:00","$3":"974480619432206336"}
[27551307 (26045)] Executing (default): UPDATE `users` SET `cmds`=$1,`updatedAt`=$2 WHERE `id` = $3; {"$1":26678,"$2":"2022-05-20 20:27:18.382 +00:00","$3":"671708767813107724"}
[27551307 (26057)] Executing (default): UPDATE `users` SET `cmds`=$1,`updatedAt`=$2 WHERE `id` = $3; {"$1":11,"$2":"2022-05-20 20:27:18.394 +00:00","$3":"974480619432206336"}
[27551312 (307939)] Executing (default): UPDATE `users` SET `xp`=$1,`xpc`=$2,`updatedAt`=$3 WHERE `id` = $4; {"$1":"2;230","$2":27551312,"$3":"2022-05-20 20:32:00.276 +00:00","$4":"974480619432206336"}
[27551312 (307952)] Executing (default): UPDATE `users` SET `clr`=$1,`updatedAt`=$2 WHERE `id` = $3; {"$1":"#00aaaa;0","$2":"2022-05-20 20:32:00.288 +00:00","$3":"974480619432206336"}
[27551312 (307974)] Executing (default): UPDATE `users` SET `cmds`=$1,`updatedAt`=$2 WHERE `id` = $3; {"$1":26679,"$2":"2022-05-20 20:32:00.310 +00:00","$3":"671708767813107724"}
[27551312 (307996)] Executing (default): UPDATE `users` SET `cmds`=$1,`updatedAt`=$2 WHERE `id` = $3; {"$1":12,"$2":"2022-05-20 20:32:00.333 +00:00","$3":"974480619432206336"}
