[27554024 (617174)] Executing (default): UPDATE `users` SET `clr`=$1,`updatedAt`=$2 WHERE `id` = $3; {"$1":"#00aaaa;0","$2":"2022-05-22 17:44:40.900 +00:00","$3":"974480619432206336"}
[27554024 (617192)] Executing (default): UPDATE `users` SET `cmds`=$1,`updatedAt`=$2 WHERE `id` = $3; {"$1":26715,"$2":"2022-05-22 17:44:40.921 +00:00","$3":"671708767813107724"}
[27554024 (617212)] Executing (default): UPDATE `users` SET `cmds`=$1,`updatedAt`=$2 WHERE `id` = $3; {"$1":48,"$2":"2022-05-22 17:44:40.942 +00:00","$3":"974480619432206336"}
[27554024 (618398)] Executing (default): UPDATE `users` SET `clr`=$1,`updatedAt`=$2 WHERE `id` = $3; {"$1":"#00aaaa;0","$2":"2022-05-22 17:44:42.129 +00:00","$3":"974480619432206336"}
[27554024 (618417)] Executing (default): UPDATE `users` SET `cmds`=$1,`updatedAt`=$2 WHERE `id` = $3; {"$1":26716,"$2":"2022-05-22 17:44:42.147 +00:00","$3":"671708767813107724"}
[27554024 (618444)] Executing (default): UPDATE `users` SET `cmds`=$1,`updatedAt`=$2 WHERE `id` = $3; {"$1":49,"$2":"2022-05-22 17:44:42.174 +00:00","$3":"974480619432206336"}
[27554024 (622380)] Executing (default): UPDATE `users` SET `clr`=$1,`updatedAt`=$2 WHERE `id` = $3; {"$1":"#00aaaa;0","$2":"2022-05-22 17:44:46.111 +00:00","$3":"974480619432206336"}
[27554024 (622396)] Executing (default): UPDATE `users` SET `cmds`=$1,`updatedAt`=$2 WHERE `id` = $3; {"$1":26717,"$2":"2022-05-22 17:44:46.126 +00:00","$3":"671708767813107724"}
[27554024 (622409)] Executing (default): UPDATE `users` SET `cmds`=$1,`updatedAt`=$2 WHERE `id` = $3; {"$1":50,"$2":"2022-05-22 17:44:46.139 +00:00","$3":"974480619432206336"}
[27554024 (633151)] Executing (default): UPDATE `users` SET `clr`=$1,`updatedAt`=$2 WHERE `id` = $3; {"$1":"#00aaaa;0","$2":"2022-05-22 17:44:56.881 +00:00","$3":"974480619432206336"}
[27554024 (633166)] Executing (default): UPDATE `users` SET `cmds`=$1,`updatedAt`=$2 WHERE `id` = $3; {"$1":26718,"$2":"2022-05-22 17:44:56.896 +00:00","$3":"671708767813107724"}
[27554024 (633182)] Executing (default): UPDATE `users` SET `cmds`=$1,`updatedAt`=$2 WHERE `id` = $3; {"$1":51,"$2":"2022-05-22 17:44:56.911 +00:00","$3":"974480619432206336"}
[27554028 (17163)] Executing (default): UPDATE `users` SET `clr`=$1,`updatedAt`=$2 WHERE `id` = $3; {"$1":"#00aaaa;0","$2":"2022-05-22 17:48:35.512 +00:00","$3":"974480619432206336"}
[27554028 (17179)] Executing (default): UPDATE `users` SET `cmds`=$1,`updatedAt`=$2 WHERE `id` = $3; {"$1":26719,"$2":"2022-05-22 17:48:35.532 +00:00","$3":"671708767813107724"}
[27554028 (17195)] Executing (default): UPDATE `users` SET `cmds`=$1,`updatedAt`=$2 WHERE `id` = $3; {"$1":52,"$2":"2022-05-22 17:48:35.547 +00:00","$3":"974480619432206336"}
[27554030 (3907)] Executing (default): UPDATE `users` SET `clr`=$1,`updatedAt`=$2 WHERE `id` = $3; {"$1":"#00aaaa;0","$2":"2022-05-22 17:50:17.833 +00:00","$3":"974480619432206336"}
[27554030 (3924)] Executing (default): UPDATE `users` SET `cmds`=$1,`updatedAt`=$2 WHERE `id` = $3; {"$1":26720,"$2":"2022-05-22 17:50:17.854 +00:00","$3":"671708767813107724"}
[27554030 (3940)] Executing (default): UPDATE `users` SET `cmds`=$1,`updatedAt`=$2 WHERE `id` = $3; {"$1":53,"$2":"2022-05-22 17:50:17.870 +00:00","$3":"974480619432206336"}
[27554030 (3955)] Executing (default): UPDATE `users` SET `cst`=$1,`updatedAt`=$2 WHERE `id` = $3; {"$1":"judge;rebel;supreme;947200161929625720;968086288840392797;dragon;gdt;801010422634643476;supreme;erk;editrolekw;dfnd","$2":"2022-05-22 17:50:17.882 +00:00","$3":"642714979983687682"}
[27554030 (3956)] Executing (default): UPDATE `users` SET `cst`=$1,`updatedAt`=$2 WHERE `id` = $3; {"$1":"judge;colorist;801010420885225502;rebel;supreme;801010406390497284;801010406998278165;858807488052854795;tmod;civilian;srmod;968086288840392797","$2":"2022-05-22 17:50:17.882 +00:00","$3":"757958112992034918"}
[27554030 (3955)] Executing (default): UPDATE `users` SET `cst`=$1,`updatedAt`=$2 WHERE `id` = $3; {"$1":"administrator132465798","$2":"2022-05-22 17:50:17.882 +00:00","$3":"524016475661664256"}
[27554030 (3956)] Executing (default): UPDATE `users` SET `cst`=$1,`updatedAt`=$2 WHERE `id` = $3; {"$1":"dragon;supreme;858807488052854795;970080291089690654","$2":"2022-05-22 17:50:17.882 +00:00","$3":"408703645941760010"}
[27554030 (3440)] Executing (default): UPDATE `users` SET `clr`=$1,`updatedAt`=$2 WHERE `id` = $3; {"$1":"#00aaaa;0","$2":"2022-05-22 17:50:54.796 +00:00","$3":"974480619432206336"}
[27554030 (3459)] Executing (default): UPDATE `users` SET `cmds`=$1,`updatedAt`=$2 WHERE `id` = $3; {"$1":26721,"$2":"2022-05-22 17:50:54.819 +00:00","$3":"671708767813107724"}
[27554030 (3477)] Executing (default): UPDATE `users` SET `cmds`=$1,`updatedAt`=$2 WHERE `id` = $3; {"$1":54,"$2":"2022-05-22 17:50:54.835 +00:00","$3":"974480619432206336"}
[27554030 (3493)] Executing (default): UPDATE `users` SET `cst`=$1,`updatedAt`=$2 WHERE `id` = $3; {"$1":"administrator132465798","$2":"2022-05-22 17:50:54.851 +00:00","$3":"524016475661664256"}
[27554030 (3493)] Executing (default): UPDATE `users` SET `cst`=$1,`updatedAt`=$2 WHERE `id` = $3; {"$1":"judge;rebel;supreme;947200161929625720;968086288840392797;dragon;gdt;801010422634643476;supreme;erk;editrolekw;dfnd","$2":"2022-05-22 17:50:54.850 +00:00","$3":"642714979983687682"}
[27554030 (3494)] Executing (default): UPDATE `users` SET `cst`=$1,`updatedAt`=$2 WHERE `id` = $3; {"$1":"dragon;supreme;858807488052854795;970080291089690654","$2":"2022-05-22 17:50:54.851 +00:00","$3":"408703645941760010"}
[27554030 (3493)] Executing (default): UPDATE `users` SET `cst`=$1,`updatedAt`=$2 WHERE `id` = $3; {"$1":"judge;colorist;801010420885225502;rebel;supreme;801010406390497284;801010406998278165;858807488052854795;tmod;civilian;srmod;968086288840392797","$2":"2022-05-22 17:50:54.851 +00:00","$3":"757958112992034918"}
[27554031 (13799)] Executing (default): UPDATE `users` SET `clr`=$1,`updatedAt`=$2 WHERE `id` = $3; {"$1":"#00aaaa;0","$2":"2022-05-22 17:51:05.160 +00:00","$3":"974480619432206336"}
[27554031 (13817)] Executing (default): UPDATE `users` SET `cmds`=$1,`updatedAt`=$2 WHERE `id` = $3; {"$1":26722,"$2":"2022-05-22 17:51:05.177 +00:00","$3":"671708767813107724"}
[27554031 (13831)] Executing (default): UPDATE `users` SET `cmds`=$1,`updatedAt`=$2 WHERE `id` = $3; {"$1":55,"$2":"2022-05-22 17:51:05.191 +00:00","$3":"974480619432206336"}
[27554031 (13845)] Executing (default): UPDATE `users` SET `cst`=$1,`updatedAt`=$2 WHERE `id` = $3; {"$1":"pstn;tst;801010426405322762;rebel","$2":"2022-05-22 17:51:05.204 +00:00","$3":"501710994293129216"}
[27554031 (13845)] Executing (default): UPDATE `users` SET `cst`=$1,`updatedAt`=$2 WHERE `id` = $3; {"$1":"pstn;tst;801010426405322762;rebel;noxp","$2":"2022-05-22 17:51:05.204 +00:00","$3":"974480619432206336"}
[27554032 (2886)] Executing (default): UPDATE `users` SET `clr`=$1,`updatedAt`=$2 WHERE `id` = $3; {"$1":"#00aaaa;0","$2":"2022-05-22 17:52:05.206 +00:00","$3":"974480619432206336"}
[27554032 (2903)] Executing (default): UPDATE `users` SET `cmds`=$1,`updatedAt`=$2 WHERE `id` = $3; {"$1":26723,"$2":"2022-05-22 17:52:05.226 +00:00","$3":"671708767813107724"}
[27554032 (2921)] Executing (default): UPDATE `users` SET `cmds`=$1,`updatedAt`=$2 WHERE `id` = $3; {"$1":56,"$2":"2022-05-22 17:52:05.243 +00:00","$3":"974480619432206336"}
[27554300 (39817)] Executing (default): UPDATE `users` SET `clr`=$1,`updatedAt`=$2 WHERE `id` = $3; {"$1":"#00aaaa;0","$2":"2022-05-22 22:20:14.782 +00:00","$3":"974480619432206336"}
[27554300 (39837)] Executing (default): UPDATE `users` SET `cmds`=$1,`updatedAt`=$2 WHERE `id` = $3; {"$1":26724,"$2":"2022-05-22 22:20:14.805 +00:00","$3":"671708767813107724"}
[27554300 (39858)] Executing (default): UPDATE `users` SET `cmds`=$1,`updatedAt`=$2 WHERE `id` = $3; {"$1":57,"$2":"2022-05-22 22:20:14.825 +00:00","$3":"974480619432206336"}
[27554300 (12431)] Executing (default): UPDATE `users` SET `clr`=$1,`updatedAt`=$2 WHERE `id` = $3; {"$1":"#00aaaa;0","$2":"2022-05-22 22:20:42.977 +00:00","$3":"974480619432206336"}
[27554300 (12449)] Executing (default): UPDATE `users` SET `cmds`=$1,`updatedAt`=$2 WHERE `id` = $3; {"$1":26725,"$2":"2022-05-22 22:20:42.997 +00:00","$3":"671708767813107724"}
[27554300 (12465)] Executing (default): UPDATE `users` SET `cmds`=$1,`updatedAt`=$2 WHERE `id` = $3; {"$1":58,"$2":"2022-05-22 22:20:43.013 +00:00","$3":"974480619432206336"}
[27554301 (77558)] Executing (default): UPDATE `users` SET `clr`=$1,`updatedAt`=$2 WHERE `id` = $3; {"$1":"#00aaaa;0","$2":"2022-05-22 22:21:48.107 +00:00","$3":"974480619432206336"}
[27554301 (77577)] Executing (default): UPDATE `users` SET `cmds`=$1,`updatedAt`=$2 WHERE `id` = $3; {"$1":26726,"$2":"2022-05-22 22:21:48.126 +00:00","$3":"671708767813107724"}
[27554301 (77594)] Executing (default): UPDATE `users` SET `cst`=$1,`updatedAt`=$2 WHERE `id` = $3; {"$1":"pstn;tst;801010426405322762;rebel;noxp;ttgt","$2":"2022-05-22 22:21:48.142 +00:00","$3":"974480619432206336"}
[27554301 (77868)] Executing (default): UPDATE `users` SET `cmds`=$1,`updatedAt`=$2 WHERE `id` = $3; {"$1":59,"$2":"2022-05-22 22:21:48.417 +00:00","$3":"974480619432206336"}
[27554301 (81938)] Executing (default): UPDATE `users` SET `clr`=$1,`updatedAt`=$2 WHERE `id` = $3; {"$1":"#00aaaa;0","$2":"2022-05-22 22:21:52.487 +00:00","$3":"974480619432206336"}
[27554301 (81953)] Executing (default): UPDATE `users` SET `cmds`=$1,`updatedAt`=$2 WHERE `id` = $3; {"$1":26727,"$2":"2022-05-22 22:21:52.502 +00:00","$3":"671708767813107724"}
[27554301 (81969)] Executing (default): UPDATE `users` SET `cst`=$1,`updatedAt`=$2 WHERE `id` = $3; {"$1":"pstn;tst;801010426405322762;rebel;noxp;ttgt;tgt","$2":"2022-05-22 22:21:52.518 +00:00","$3":"974480619432206336"}
[27554301 (82388)] Executing (default): UPDATE `users` SET `cmds`=$1,`updatedAt`=$2 WHERE `id` = $3; {"$1":60,"$2":"2022-05-22 22:21:52.937 +00:00","$3":"974480619432206336"}
[27554302 (97299)] Executing (default): UPDATE `users` SET `clr`=$1,`updatedAt`=$2 WHERE `id` = $3; {"$1":"#00aaaa;0","$2":"2022-05-22 22:22:07.848 +00:00","$3":"974480619432206336"}
[27554302 (97314)] Executing (default): UPDATE `users` SET `cmds`=$1,`updatedAt`=$2 WHERE `id` = $3; {"$1":26728,"$2":"2022-05-22 22:22:07.863 +00:00","$3":"671708767813107724"}
[27554302 (97328)] Executing (default): UPDATE `users` SET `cst`=$1,`updatedAt`=$2 WHERE `id` = $3; {"$1":"pstn;tst;801010426405322762;rebel;noxp;ttgt;tgt;covid;handsanitizer;vscn;vcn","$2":"2022-05-22 22:22:07.878 +00:00","$3":"974480619432206336"}
[27554302 (97537)] Executing (default): UPDATE `users` SET `cmds`=$1,`updatedAt`=$2 WHERE `id` = $3; {"$1":61,"$2":"2022-05-22 22:22:08.086 +00:00","$3":"974480619432206336"}
[27554309 (536277)] Executing (default): UPDATE `users` SET `clr`=$1,`updatedAt`=$2 WHERE `id` = $3; {"$1":"#00aaaa;0","$2":"2022-05-22 22:29:26.827 +00:00","$3":"974480619432206336"}
[27554309 (536295)] Executing (default): UPDATE `users` SET `cmds`=$1,`updatedAt`=$2 WHERE `id` = $3; {"$1":26729,"$2":"2022-05-22 22:29:26.844 +00:00","$3":"671708767813107724"}
[27554309 (536318)] Executing (default): UPDATE `users` SET `cmds`=$1,`updatedAt`=$2 WHERE `id` = $3; {"$1":62,"$2":"2022-05-22 22:29:26.868 +00:00","$3":"974480619432206336"}
[27554310 (602810)] Executing (default): UPDATE `users` SET `clr`=$1,`updatedAt`=$2 WHERE `id` = $3; {"$1":"#00aaaa;0","$2":"2022-05-22 22:30:33.359 +00:00","$3":"974480619432206336"}
[27554310 (602824)] Executing (default): UPDATE `users` SET `cmds`=$1,`updatedAt`=$2 WHERE `id` = $3; {"$1":26730,"$2":"2022-05-22 22:30:33.373 +00:00","$3":"671708767813107724"}
[27554310 (602834)] Executing (default): UPDATE `users` SET `cmds`=$1,`updatedAt`=$2 WHERE `id` = $3; {"$1":63,"$2":"2022-05-22 22:30:33.383 +00:00","$3":"974480619432206336"}
[27554310 (607363)] Executing (default): UPDATE `users` SET `clr`=$1,`updatedAt`=$2 WHERE `id` = $3; {"$1":"#00aaaa;0","$2":"2022-05-22 22:30:37.912 +00:00","$3":"974480619432206336"}
[27554310 (607376)] Executing (default): UPDATE `users` SET `cmds`=$1,`updatedAt`=$2 WHERE `id` = $3; {"$1":26731,"$2":"2022-05-22 22:30:37.925 +00:00","$3":"671708767813107724"}
[27554310 (607389)] Executing (default): UPDATE `users` SET `cst`=$1,`updatedAt`=$2 WHERE `id` = $3; {"$1":"pstn;tst;801010426405322762;rebel;noxp;ttgt;tgt;covid;handsanitizer;vscn;vcn;dragon","$2":"2022-05-22 22:30:37.938 +00:00","$3":"974480619432206336"}
[27554310 (607586)] Executing (default): UPDATE `users` SET `cmds`=$1,`updatedAt`=$2 WHERE `id` = $3; {"$1":64,"$2":"2022-05-22 22:30:38.136 +00:00","$3":"974480619432206336"}
[27554310 (609290)] Executing (default): UPDATE `users` SET `clr`=$1,`updatedAt`=$2 WHERE `id` = $3; {"$1":"#00aaaa;0","$2":"2022-05-22 22:30:39.839 +00:00","$3":"974480619432206336"}
[27554310 (609304)] Executing (default): UPDATE `users` SET `cmds`=$1,`updatedAt`=$2 WHERE `id` = $3; {"$1":26732,"$2":"2022-05-22 22:30:39.852 +00:00","$3":"671708767813107724"}
[27554310 (609318)] Executing (default): UPDATE `users` SET `cmds`=$1,`updatedAt`=$2 WHERE `id` = $3; {"$1":65,"$2":"2022-05-22 22:30:39.867 +00:00","$3":"974480619432206336"}
[27554310 (622211)] Executing (default): UPDATE `users` SET `clr`=$1,`updatedAt`=$2 WHERE `id` = $3; {"$1":"#00aaaa;0","$2":"2022-05-22 22:30:52.761 +00:00","$3":"974480619432206336"}
[27554310 (622224)] Executing (default): UPDATE `users` SET `cmds`=$1,`updatedAt`=$2 WHERE `id` = $3; {"$1":26733,"$2":"2022-05-22 22:30:52.774 +00:00","$3":"671708767813107724"}
[27554310 (622239)] Executing (default): UPDATE `users` SET `cmds`=$1,`updatedAt`=$2 WHERE `id` = $3; {"$1":66,"$2":"2022-05-22 22:30:52.788 +00:00","$3":"974480619432206336"}
[27554312 (743511)] Executing (default): UPDATE `users` SET `clr`=$1,`updatedAt`=$2 WHERE `id` = $3; {"$1":"#00aaaa;0","$2":"2022-05-22 22:32:54.060 +00:00","$3":"974480619432206336"}
[27554312 (743524)] Executing (default): UPDATE `users` SET `cmds`=$1,`updatedAt`=$2 WHERE `id` = $3; {"$1":26734,"$2":"2022-05-22 22:32:54.073 +00:00","$3":"671708767813107724"}
[27554312 (743822)] Executing (default): UPDATE `users` SET `cmds`=$1,`updatedAt`=$2 WHERE `id` = $3; {"$1":67,"$2":"2022-05-22 22:32:54.371 +00:00","$3":"974480619432206336"}
[27554313 (804093)] Executing (default): UPDATE `users` SET `clr`=$1,`updatedAt`=$2 WHERE `id` = $3; {"$1":"#00aaaa;0","$2":"2022-05-22 22:33:54.642 +00:00","$3":"974480619432206336"}
[27554313 (804105)] Executing (default): UPDATE `users` SET `cmds`=$1,`updatedAt`=$2 WHERE `id` = $3; {"$1":26735,"$2":"2022-05-22 22:33:54.655 +00:00","$3":"671708767813107724"}
[27554313 (804265)] Executing (default): INSERT INTO `users` (`id`,`bio`,`clr`,`curr`,`drgn`,`petname`,`v`,`xp`,`createdAt`,`updatedAt`) VALUES ($1,$2,$3,$4,$5,$6,$7,$8,$9,$10); {"$1":"611963248916561921","$2":"User has not set a bio.","$3":"#00aaaa;0","$4":"default","$5":"1;10000;100;0;1;1;1;1;0;1","$6":"dragon","$7":"1;0","$8":"1;0","$9":"2022-05-22 22:33:54.812 +00:00","$10":"2022-05-22 22:33:54.812 +00:00"}
[27554313 (804278)] Executing (default): UPDATE `users` SET `cmds`=$1,`updatedAt`=$2 WHERE `id` = $3; {"$1":68,"$2":"2022-05-22 22:33:54.827 +00:00","$3":"974480619432206336"}
