[27524900 (5206)] Executing (default): UPDATE `users` SET `clr`=$1,`updatedAt`=$2 WHERE `id` = $3; {"$1":"BLACK;RED;GREEN;1","$2":"2022-05-02 12:20:52.897 +00:00","$3":"501710994293129216"}
[27524900 (5223)] Executing (default): UPDATE `users` SET `cmds`=$1,`updatedAt`=$2 WHERE `id` = $3; {"$1":627,"$2":"2022-05-02 12:20:52.916 +00:00","$3":"671708767813107724"}
[27524900 (5234)] Executing (default): UPDATE `channels` SET `dsbs`=$1,`updatedAt`=$2 WHERE `id` = $3; {"$1":true,"$2":"2022-05-02 12:20:52.929 +00:00","$3":"801010489105711104"}
[27524900 (5243)] Executing (default): UPDATE `users` SET `cmds`=$1,`updatedAt`=$2 WHERE `id` = $3; {"$1":328,"$2":"2022-05-02 12:20:52.937 +00:00","$3":"501710994293129216"}
[27524900 (7957)] Executing (default): UPDATE `users` SET `clr`=$1,`updatedAt`=$2 WHERE `id` = $3; {"$1":"BLACK;RED;GREEN;2","$2":"2022-05-02 12:20:55.652 +00:00","$3":"501710994293129216"}
[27524900 (7974)] Executing (default): UPDATE `users` SET `cmds`=$1,`updatedAt`=$2 WHERE `id` = $3; {"$1":628,"$2":"2022-05-02 12:20:55.668 +00:00","$3":"671708767813107724"}
[27524900 (7992)] Executing (default): UPDATE `channels` SET `dsbs`=$1,`updatedAt`=$2 WHERE `id` = $3; {"$1":false,"$2":"2022-05-02 12:20:55.685 +00:00","$3":"801010489105711104"}
[27524900 (8005)] Executing (default): UPDATE `users` SET `cmds`=$1,`updatedAt`=$2 WHERE `id` = $3; {"$1":329,"$2":"2022-05-02 12:20:55.698 +00:00","$3":"501710994293129216"}
[27524900 (9352)] Executing (default): UPDATE `users` SET `clr`=$1,`updatedAt`=$2 WHERE `id` = $3; {"$1":"BLACK;RED;GREEN;0","$2":"2022-05-02 12:20:57.046 +00:00","$3":"501710994293129216"}
[27524900 (9364)] Executing (default): UPDATE `users` SET `cmds`=$1,`updatedAt`=$2 WHERE `id` = $3; {"$1":629,"$2":"2022-05-02 12:20:57.058 +00:00","$3":"671708767813107724"}
[27524900 (9383)] Executing (default): UPDATE `users` SET `cmds`=$1,`updatedAt`=$2 WHERE `id` = $3; {"$1":330,"$2":"2022-05-02 12:20:57.076 +00:00","$3":"501710994293129216"}
[27524907 (381887)] Executing (default): INSERT INTO `channels` (`id`,`pkg`,`snipe`,`createdAt`,`updatedAt`) VALUES ($1,$2,$3,$4,$5); {"$1":"801010489844695050","$2":false,"$3":"911799544017199124;Tm8gbWVzc2FnZSBmb3VuZCB3aXRoaW4gY3VycmVudCBjaGFubmVsLg","$4":"2022-05-02 12:27:09.580 +00:00","$5":"2022-05-02 12:27:09.580 +00:00"}
[27524907 (403123)] Executing (default): INSERT INTO `channels` (`id`,`pkg`,`snipe`,`createdAt`,`updatedAt`) VALUES ($1,$2,$3,$4,$5); {"$1":"928254941460574219","$2":false,"$3":"911799544017199124;Tm8gbWVzc2FnZSBmb3VuZCB3aXRoaW4gY3VycmVudCBjaGFubmVsLg","$4":"2022-05-02 12:27:30.817 +00:00","$5":"2022-05-02 12:27:30.817 +00:00"}
[27524910 (566451)] Executing (default): UPDATE `users` SET `clr`=$1,`updatedAt`=$2 WHERE `id` = $3; {"$1":"BLACK;RED;GREEN;1","$2":"2022-05-02 12:30:14.145 +00:00","$3":"501710994293129216"}
[27524910 (566464)] Executing (default): UPDATE `users` SET `cmds`=$1,`updatedAt`=$2 WHERE `id` = $3; {"$1":630,"$2":"2022-05-02 12:30:14.159 +00:00","$3":"671708767813107724"}
[27524910 (566709)] Executing (default): UPDATE `users` SET `cmds`=$1,`updatedAt`=$2 WHERE `id` = $3; {"$1":331,"$2":"2022-05-02 12:30:14.403 +00:00","$3":"501710994293129216"}
[27524910 (571298)] Executing (default): UPDATE `users` SET `clr`=$1,`updatedAt`=$2 WHERE `id` = $3; {"$1":"BLACK;RED;GREEN;2","$2":"2022-05-02 12:30:18.992 +00:00","$3":"501710994293129216"}
[27524910 (571308)] Executing (default): UPDATE `users` SET `cmds`=$1,`updatedAt`=$2 WHERE `id` = $3; {"$1":631,"$2":"2022-05-02 12:30:19.003 +00:00","$3":"671708767813107724"}
[27524910 (571331)] Executing (default): UPDATE `users` SET `cmds`=$1,`updatedAt`=$2 WHERE `id` = $3; {"$1":332,"$2":"2022-05-02 12:30:19.025 +00:00","$3":"501710994293129216"}
[27524910 (593957)] Executing (default): UPDATE `users` SET `clr`=$1,`updatedAt`=$2 WHERE `id` = $3; {"$1":"BLACK;RED;GREEN;0","$2":"2022-05-02 12:30:41.651 +00:00","$3":"501710994293129216"}
[27524910 (593967)] Executing (default): UPDATE `users` SET `cmds`=$1,`updatedAt`=$2 WHERE `id` = $3; {"$1":632,"$2":"2022-05-02 12:30:41.662 +00:00","$3":"671708767813107724"}
[27524910 (594224)] Executing (default): UPDATE `users` SET `cmds`=$1,`updatedAt`=$2 WHERE `id` = $3; {"$1":333,"$2":"2022-05-02 12:30:41.918 +00:00","$3":"501710994293129216"}
[27524910 (597815)] Executing (default): UPDATE `users` SET `clr`=$1,`updatedAt`=$2 WHERE `id` = $3; {"$1":"BLACK;RED;GREEN;1","$2":"2022-05-02 12:30:45.509 +00:00","$3":"501710994293129216"}
[27524910 (597830)] Executing (default): UPDATE `users` SET `cmds`=$1,`updatedAt`=$2 WHERE `id` = $3; {"$1":633,"$2":"2022-05-02 12:30:45.524 +00:00","$3":"671708767813107724"}
[27524910 (597844)] Executing (default): UPDATE `users` SET `xp`=$1,`updatedAt`=$2 WHERE `id` = $3; {"$1":"1;1","$2":"2022-05-02 12:30:45.537 +00:00","$3":"642714979983687682"}
[27524910 (597854)] Executing (default): UPDATE `users` SET `cmds`=$1,`updatedAt`=$2 WHERE `id` = $3; {"$1":334,"$2":"2022-05-02 12:30:45.548 +00:00","$3":"501710994293129216"}
[27524910 (603332)] Executing (default): UPDATE `users` SET `xp`=$1,`xpc`=$2,`updatedAt`=$3 WHERE `id` = $4; {"$1":"1;17","$2":27524911,"$3":"2022-05-02 12:30:51.026 +00:00","$4":"642714979983687682"}
[27524910 (603342)] Executing (default): UPDATE `users` SET `clr`=$1,`updatedAt`=$2 WHERE `id` = $3; {"$1":"#00aaaa;0","$2":"2022-05-02 12:30:51.037 +00:00","$3":"642714979983687682"}
[27524910 (603353)] Executing (default): UPDATE `users` SET `cmds`=$1,`updatedAt`=$2 WHERE `id` = $3; {"$1":634,"$2":"2022-05-02 12:30:51.048 +00:00","$3":"671708767813107724"}
[27524910 (603364)] Executing (default): UPDATE `users` SET `cmds`=$1,`updatedAt`=$2 WHERE `id` = $3; {"$1":299,"$2":"2022-05-02 12:30:51.058 +00:00","$3":"642714979983687682"}
[27524911 (622492)] Executing (default): UPDATE `users` SET `xp`=$1,`xpc`=$2,`updatedAt`=$3 WHERE `id` = $4; {"$1":"1;37","$2":27524912,"$3":"2022-05-02 12:31:10.186 +00:00","$4":"642714979983687682"}
[27524911 (645819)] Executing (default): UPDATE `users` SET `clr`=$1,`updatedAt`=$2 WHERE `id` = $3; {"$1":"#00aaaa;0","$2":"2022-05-02 12:31:33.514 +00:00","$3":"642714979983687682"}
[27524911 (652510)] Executing (default): UPDATE `users` SET `clr`=$1,`updatedAt`=$2 WHERE `id` = $3; {"$1":"BLACK;RED;GREEN;2","$2":"2022-05-02 12:31:40.204 +00:00","$3":"501710994293129216"}
[27524911 (652524)] Executing (default): UPDATE `users` SET `cmds`=$1,`updatedAt`=$2 WHERE `id` = $3; {"$1":635,"$2":"2022-05-02 12:31:40.218 +00:00","$3":"671708767813107724"}
[27524911 (652539)] Executing (default): UPDATE `users` SET `cst`=$1,`updatedAt`=$2 WHERE `id` = $3; {"$1":"judge;rebel;supreme;947200161929625720;968086288840392797;dragon;gdt","$2":"2022-05-02 12:31:40.233 +00:00","$3":"642714979983687682"}
[27524911 (652863)] Executing (default): UPDATE `users` SET `cmds`=$1,`updatedAt`=$2 WHERE `id` = $3; {"$1":335,"$2":"2022-05-02 12:31:40.557 +00:00","$3":"501710994293129216"}
[27524911 (654855)] Executing (default): UPDATE `channels` SET `snipe`=$1,`updatedAt`=$2 WHERE `id` = $3; {"$1":"642714979983687682;PEA2NzE3MDg3Njc4MTMxMDc3MjQ+IG5pZw==","$2":"2022-05-02 12:31:42.550 +00:00","$3":"801010489105711104"}
[27524911 (665513)] Executing (default): UPDATE `users` SET `clr`=$1,`updatedAt`=$2 WHERE `id` = $3; {"$1":"BLACK;RED;GREEN;0","$2":"2022-05-02 12:31:53.207 +00:00","$3":"501710994293129216"}
[27524911 (665525)] Executing (default): UPDATE `users` SET `cmds`=$1,`updatedAt`=$2 WHERE `id` = $3; {"$1":636,"$2":"2022-05-02 12:31:53.220 +00:00","$3":"671708767813107724"}
[27524911 (665535)] Executing (default): UPDATE `users` SET `cmds`=$1,`updatedAt`=$2 WHERE `id` = $3; {"$1":336,"$2":"2022-05-02 12:31:53.228 +00:00","$3":"642714979983687682"}
[27524911 (665548)] Executing (default): UPDATE `users` SET `clr`=$1,`updatedAt`=$2 WHERE `id` = $3; {"$1":"#00aaaa;0","$2":"2022-05-02 12:31:53.242 +00:00","$3":"642714979983687682"}
[27524911 (665558)] Executing (default): UPDATE `users` SET `cmds`=$1,`updatedAt`=$2 WHERE `id` = $3; {"$1":637,"$2":"2022-05-02 12:31:53.252 +00:00","$3":"671708767813107724"}
[27524911 (665569)] Executing (default): UPDATE `users` SET `cmds`=$1,`updatedAt`=$2 WHERE `id` = $3; {"$1":337,"$2":"2022-05-02 12:31:53.264 +00:00","$3":"642714979983687682"}
[27524912 (674616)] Executing (default): UPDATE `users` SET `xp`=$1,`xpc`=$2,`updatedAt`=$3 WHERE `id` = $4; {"$1":"1;72","$2":27524913,"$3":"2022-05-02 12:32:02.310 +00:00","$4":"642714979983687682"}
[27524913 (747759)] Executing (default): UPDATE `users` SET `xp`=$1,`xpc`=$2,`updatedAt`=$3 WHERE `id` = $4; {"$1":"1;96","$2":27524914,"$3":"2022-05-02 12:33:15.453 +00:00","$4":"642714979983687682"}
[27524913 (769607)] Executing (default): UPDATE `users` SET `clr`=$1,`updatedAt`=$2 WHERE `id` = $3; {"$1":"BLACK;RED;GREEN;1","$2":"2022-05-02 12:33:37.301 +00:00","$3":"501710994293129216"}
[27524913 (769620)] Executing (default): UPDATE `users` SET `cmds`=$1,`updatedAt`=$2 WHERE `id` = $3; {"$1":638,"$2":"2022-05-02 12:33:37.315 +00:00","$3":"671708767813107724"}
[27524913 (769916)] Executing (default): UPDATE `users` SET `cmds`=$1,`updatedAt`=$2 WHERE `id` = $3; {"$1":336,"$2":"2022-05-02 12:33:37.610 +00:00","$3":"501710994293129216"}
[27524913 (779333)] Executing (default): UPDATE `users` SET `clr`=$1,`updatedAt`=$2 WHERE `id` = $3; {"$1":"#00aaaa;0","$2":"2022-05-02 12:33:47.027 +00:00","$3":"642714979983687682"}
[27524913 (779349)] Executing (default): UPDATE `users` SET `cmds`=$1,`updatedAt`=$2 WHERE `id` = $3; {"$1":639,"$2":"2022-05-02 12:33:47.044 +00:00","$3":"671708767813107724"}
[27524913 (779593)] Executing (default): UPDATE `users` SET `cmds`=$1,`updatedAt`=$2 WHERE `id` = $3; {"$1":338,"$2":"2022-05-02 12:33:47.287 +00:00","$3":"642714979983687682"}
[27524914 (797746)] Executing (default): UPDATE `users` SET `xp`=$1,`xpc`=$2,`updatedAt`=$3 WHERE `id` = $4; {"$1":"1;127","$2":27524915,"$3":"2022-05-02 12:34:05.440 +00:00","$4":"642714979983687682"}
[27524914 (810261)] Executing (default): UPDATE `users` SET `clr`=$1,`updatedAt`=$2 WHERE `id` = $3; {"$1":"BLACK;RED;GREEN;2","$2":"2022-05-02 12:34:17.956 +00:00","$3":"501710994293129216"}
[27524914 (810273)] Executing (default): UPDATE `users` SET `cmds`=$1,`updatedAt`=$2 WHERE `id` = $3; {"$1":640,"$2":"2022-05-02 12:34:17.968 +00:00","$3":"671708767813107724"}
[27524914 (810284)] Executing (default): UPDATE `users` SET `cmds`=$1,`updatedAt`=$2 WHERE `id` = $3; {"$1":337,"$2":"2022-05-02 12:34:17.979 +00:00","$3":"501710994293129216"}
[27524914 (828291)] Executing (default): UPDATE `users` SET `clr`=$1,`updatedAt`=$2 WHERE `id` = $3; {"$1":"BLACK;RED;GREEN;0","$2":"2022-05-02 12:34:35.986 +00:00","$3":"501710994293129216"}
[27524914 (828303)] Executing (default): UPDATE `users` SET `cmds`=$1,`updatedAt`=$2 WHERE `id` = $3; {"$1":641,"$2":"2022-05-02 12:34:35.998 +00:00","$3":"671708767813107724"}
[27524914 (828613)] Executing (default): UPDATE `users` SET `cmds`=$1,`updatedAt`=$2 WHERE `id` = $3; {"$1":338,"$2":"2022-05-02 12:34:36.308 +00:00","$3":"501710994293129216"}
[27524914 (840592)] Executing (default): UPDATE `users` SET `clr`=$1,`updatedAt`=$2 WHERE `id` = $3; {"$1":"#00aaaa;0","$2":"2022-05-02 12:34:48.287 +00:00","$3":"642714979983687682"}
[27524914 (849041)] Executing (default): UPDATE `users` SET `clr`=$1,`updatedAt`=$2 WHERE `id` = $3; {"$1":"BLACK;RED;GREEN;1","$2":"2022-05-02 12:34:56.736 +00:00","$3":"501710994293129216"}
[27524914 (849053)] Executing (default): UPDATE `users` SET `cmds`=$1,`updatedAt`=$2 WHERE `id` = $3; {"$1":642,"$2":"2022-05-02 12:34:56.747 +00:00","$3":"671708767813107724"}
[27524914 (849064)] Executing (default): UPDATE `users` SET `cmds`=$1,`updatedAt`=$2 WHERE `id` = $3; {"$1":339,"$2":"2022-05-02 12:34:56.757 +00:00","$3":"501710994293129216"}
[27524915 (854172)] Executing (default): UPDATE `users` SET `xp`=$1,`xpc`=$2,`updatedAt`=$3 WHERE `id` = $4; {"$1":"1;162","$2":27524916,"$3":"2022-05-02 12:35:01.866 +00:00","$4":"642714979983687682"}
[27524915 (856365)] Executing (default): UPDATE `users` SET `clr`=$1,`updatedAt`=$2 WHERE `id` = $3; {"$1":"#00aaaa;0","$2":"2022-05-02 12:35:04.059 +00:00","$3":"642714979983687682"}
[27524915 (856376)] Executing (default): UPDATE `users` SET `cmds`=$1,`updatedAt`=$2 WHERE `id` = $3; {"$1":643,"$2":"2022-05-02 12:35:04.071 +00:00","$3":"671708767813107724"}
[27524915 (856386)] Executing (default): UPDATE `users` SET `cmds`=$1,`updatedAt`=$2 WHERE `id` = $3; {"$1":339,"$2":"2022-05-02 12:35:04.080 +00:00","$3":"642714979983687682"}
[27524915 (865893)] Executing (default): UPDATE `users` SET `clr`=$1,`updatedAt`=$2 WHERE `id` = $3; {"$1":"#00aaaa;0","$2":"2022-05-02 12:35:13.588 +00:00","$3":"642714979983687682"}
[27524915 (865905)] Executing (default): UPDATE `users` SET `cmds`=$1,`updatedAt`=$2 WHERE `id` = $3; {"$1":644,"$2":"2022-05-02 12:35:13.600 +00:00","$3":"671708767813107724"}
[27524915 (865914)] Executing (default): UPDATE `users` SET `cmds`=$1,`updatedAt`=$2 WHERE `id` = $3; {"$1":340,"$2":"2022-05-02 12:35:13.608 +00:00","$3":"642714979983687682"}
[27524916 (918472)] Executing (default): UPDATE `users` SET `xp`=$1,`xpc`=$2,`updatedAt`=$3 WHERE `id` = $4; {"$1":"1;190","$2":27524917,"$3":"2022-05-02 12:36:06.166 +00:00","$4":"642714979983687682"}
[27524916 (918483)] Executing (default): UPDATE `users` SET `clr`=$1,`updatedAt`=$2 WHERE `id` = $3; {"$1":"#00aaaa;0","$2":"2022-05-02 12:36:06.177 +00:00","$3":"642714979983687682"}
[27524916 (918493)] Executing (default): UPDATE `users` SET `cmds`=$1,`updatedAt`=$2 WHERE `id` = $3; {"$1":645,"$2":"2022-05-02 12:36:06.188 +00:00","$3":"671708767813107724"}
[27524916 (918505)] Executing (default): UPDATE `users` SET `cmds`=$1,`updatedAt`=$2 WHERE `id` = $3; {"$1":341,"$2":"2022-05-02 12:36:06.200 +00:00","$3":"642714979983687682"}
[27524916 (932853)] Executing (default): UPDATE `users` SET `clr`=$1,`updatedAt`=$2 WHERE `id` = $3; {"$1":"#00aaaa;0","$2":"2022-05-02 12:36:20.548 +00:00","$3":"642714979983687682"}
[27524916 (932865)] Executing (default): UPDATE `users` SET `cmds`=$1,`updatedAt`=$2 WHERE `id` = $3; {"$1":646,"$2":"2022-05-02 12:36:20.560 +00:00","$3":"671708767813107724"}
[27524916 (932882)] Executing (default): UPDATE `users` SET `cmds`=$1,`updatedAt`=$2 WHERE `id` = $3; {"$1":342,"$2":"2022-05-02 12:36:20.576 +00:00","$3":"642714979983687682"}
[27524917 (975049)] Executing (default): UPDATE `users` SET `xp`=$1,`xpc`=$2,`updatedAt`=$3 WHERE `id` = $4; {"$1":"2;215","$2":27524918,"$3":"2022-05-02 12:37:02.743 +00:00","$4":"642714979983687682"}
[27524917 (983942)] Executing (default): UPDATE `users` SET `clr`=$1,`updatedAt`=$2 WHERE `id` = $3; {"$1":"BLACK;RED;GREEN;2","$2":"2022-05-02 12:37:11.637 +00:00","$3":"501710994293129216"}
[27524917 (983954)] Executing (default): UPDATE `users` SET `cmds`=$1,`updatedAt`=$2 WHERE `id` = $3; {"$1":647,"$2":"2022-05-02 12:37:11.649 +00:00","$3":"671708767813107724"}
[27524917 (983968)] Executing (default): UPDATE `users` SET `cmds`=$1,`updatedAt`=$2 WHERE `id` = $3; {"$1":340,"$2":"2022-05-02 12:37:11.662 +00:00","$3":"501710994293129216"}
[27524917 (10843)] Executing (default): UPDATE `users` SET `clr`=$1,`updatedAt`=$2 WHERE `id` = $3; {"$1":"BLACK;RED;GREEN;0","$2":"2022-05-02 12:37:38.182 +00:00","$3":"501710994293129216"}
[27524917 (10867)] Executing (default): UPDATE `users` SET `cmds`=$1,`updatedAt`=$2 WHERE `id` = $3; {"$1":648,"$2":"2022-05-02 12:37:38.214 +00:00","$3":"671708767813107724"}
[27524917 (10885)] Executing (default): UPDATE `users` SET `xp`=$1,`updatedAt`=$2 WHERE `id` = $3; {"$1":"1&88;43","$2":"2022-05-02 12:37:38.234 +00:00","$3":"757958112992034918"}
[27524917 (10896)] Executing (default): UPDATE `users` SET `cmds`=$1,`updatedAt`=$2 WHERE `id` = $3; {"$1":341,"$2":"2022-05-02 12:37:38.245 +00:00","$3":"501710994293129216"}
[27524917 (25317)] Executing (default): UPDATE `users` SET `clr`=$1,`updatedAt`=$2 WHERE `id` = $3; {"$1":"BLACK;RED;GREEN;1","$2":"2022-05-02 12:37:52.666 +00:00","$3":"501710994293129216"}
[27524917 (25331)] Executing (default): UPDATE `users` SET `cmds`=$1,`updatedAt`=$2 WHERE `id` = $3; {"$1":649,"$2":"2022-05-02 12:37:52.681 +00:00","$3":"671708767813107724"}
[27524917 (25346)] Executing (default): UPDATE `users` SET `cmds`=$1,`updatedAt`=$2 WHERE `id` = $3; {"$1":342,"$2":"2022-05-02 12:37:52.696 +00:00","$3":"501710994293129216"}
[27524919 (24189)] Executing (default): UPDATE `users` SET `clr`=$1,`updatedAt`=$2 WHERE `id` = $3; {"$1":"BLACK;RED;GREEN;2","$2":"2022-05-02 12:39:02.973 +00:00","$3":"501710994293129216"}
[27524919 (24204)] Executing (default): UPDATE `users` SET `cmds`=$1,`updatedAt`=$2 WHERE `id` = $3; {"$1":650,"$2":"2022-05-02 12:39:02.991 +00:00","$3":"671708767813107724"}
[27524919 (24214)] Executing (default): UPDATE `users` SET `cmds`=$1,`updatedAt`=$2 WHERE `id` = $3; {"$1":343,"$2":"2022-05-02 12:39:03.001 +00:00","$3":"501710994293129216"}
[27524919 (27820)] Executing (default): UPDATE `users` SET `xp`=$1,`xpc`=$2,`updatedAt`=$3 WHERE `id` = $4; {"$1":"2;234","$2":27524920,"$3":"2022-05-02 12:39:06.605 +00:00","$4":"642714979983687682"}
[27524919 (62915)] Executing (default): UPDATE `users` SET `clr`=$1,`updatedAt`=$2 WHERE `id` = $3; {"$1":"#00aaaa;0","$2":"2022-05-02 12:39:41.702 +00:00","$3":"642714979983687682"}
[27524919 (62931)] Executing (default): UPDATE `users` SET `cmds`=$1,`updatedAt`=$2 WHERE `id` = $3; {"$1":651,"$2":"2022-05-02 12:39:41.718 +00:00","$3":"671708767813107724"}
[27524919 (62943)] Executing (default): UPDATE `users` SET `cmds`=$1,`updatedAt`=$2 WHERE `id` = $3; {"$1":343,"$2":"2022-05-02 12:39:41.730 +00:00","$3":"642714979983687682"}
[27524919 (74509)] Executing (default): UPDATE `channels` SET `snipe`=$1,`updatedAt`=$2 WHERE `id` = $3; {"$1":"642714979983687682;RXcgaXTigJlzIGljZSBjdWJl","$2":"2022-05-02 12:39:53.295 +00:00","$3":"801010489105711104"}
[27524919 (78525)] Executing (default): UPDATE `channels` SET `snipe`=$1,`updatedAt`=$2 WHERE `id` = $3; {"$1":"642714979983687682;Lg==","$2":"2022-05-02 12:39:57.312 +00:00","$3":"801010489105711104"}
[27524920 (87085)] Executing (default): UPDATE `users` SET `xp`=$1,`xpc`=$2,`updatedAt`=$3 WHERE `id` = $4; {"$1":"2;253","$2":27524921,"$3":"2022-05-02 12:40:05.871 +00:00","$4":"642714979983687682"}
[27524920 (87100)] Executing (default): UPDATE `users` SET `clr`=$1,`updatedAt`=$2 WHERE `id` = $3; {"$1":"#00aaaa;0","$2":"2022-05-02 12:40:05.887 +00:00","$3":"642714979983687682"}
[27524920 (87112)] Executing (default): UPDATE `users` SET `cmds`=$1,`updatedAt`=$2 WHERE `id` = $3; {"$1":652,"$2":"2022-05-02 12:40:05.899 +00:00","$3":"671708767813107724"}
[27524920 (87387)] Executing (default): UPDATE `users` SET `cmds`=$1,`updatedAt`=$2 WHERE `id` = $3; {"$1":344,"$2":"2022-05-02 12:40:06.173 +00:00","$3":"642714979983687682"}
[27524920 (103486)] Executing (default): UPDATE `users` SET `clr`=$1,`updatedAt`=$2 WHERE `id` = $3; {"$1":"#00aaaa;0","$2":"2022-05-02 12:40:22.273 +00:00","$3":"642714979983687682"}
[27524920 (103504)] Executing (default): UPDATE `users` SET `cmds`=$1,`updatedAt`=$2 WHERE `id` = $3; {"$1":653,"$2":"2022-05-02 12:40:22.292 +00:00","$3":"671708767813107724"}
[27524920 (103803)] Executing (default): UPDATE `users` SET `cmds`=$1,`updatedAt`=$2 WHERE `id` = $3; {"$1":345,"$2":"2022-05-02 12:40:22.590 +00:00","$3":"642714979983687682"}
[27524920 (117484)] Executing (default): UPDATE `users` SET `clr`=$1,`updatedAt`=$2 WHERE `id` = $3; {"$1":"#00aaaa;0","$2":"2022-05-02 12:40:36.271 +00:00","$3":"642714979983687682"}
[27524920 (117505)] Executing (default): UPDATE `users` SET `cmds`=$1,`updatedAt`=$2 WHERE `id` = $3; {"$1":654,"$2":"2022-05-02 12:40:36.292 +00:00","$3":"671708767813107724"}
[27524920 (117765)] Executing (default): UPDATE `users` SET `cmds`=$1,`updatedAt`=$2 WHERE `id` = $3; {"$1":346,"$2":"2022-05-02 12:40:36.551 +00:00","$3":"642714979983687682"}
[27524920 (121481)] Executing (default): UPDATE `channels` SET `snipe`=$1,`updatedAt`=$2 WHERE `id` = $3; {"$1":"642714979983687682;SSBnaXZlIHVw","$2":"2022-05-02 12:40:40.268 +00:00","$3":"801010489105711104"}
[27524921 (179006)] Executing (default): UPDATE `users` SET `xp`=$1,`xpc`=$2,`updatedAt`=$3 WHERE `id` = $4; {"$1":"2;276","$2":27524922,"$3":"2022-05-02 12:41:37.793 +00:00","$4":"642714979983687682"}
[27524921 (187235)] Executing (default): UPDATE `users` SET `clr`=$1,`updatedAt`=$2 WHERE `id` = $3; {"$1":"#00aaaa;0","$2":"2022-05-02 12:41:46.022 +00:00","$3":"642714979983687682"}
[27524921 (187252)] Executing (default): UPDATE `users` SET `cmds`=$1,`updatedAt`=$2 WHERE `id` = $3; {"$1":655,"$2":"2022-05-02 12:41:46.039 +00:00","$3":"671708767813107724"}
[27524921 (5110)] Executing (default): UPDATE `users` SET `clr`=$1,`updatedAt`=$2 WHERE `id` = $3; {"$1":"#00aaaa;0","$2":"2022-05-02 12:41:53.976 +00:00","$3":"642714979983687682"}
[27524921 (5127)] Executing (default): UPDATE `users` SET `cmds`=$1,`updatedAt`=$2 WHERE `id` = $3; {"$1":656,"$2":"2022-05-02 12:41:53.997 +00:00","$3":"671708767813107724"}
[27524921 (5322)] Executing (default): UPDATE `users` SET `nick`=$1,`updatedAt`=$2 WHERE `id` = $3; {"$1":null,"$2":"2022-05-02 12:41:54.192 +00:00","$3":"757958112992034918"}
[27524921 (5323)] Executing (default): UPDATE `users` SET `cst`=$1,`updatedAt`=$2 WHERE `id` = $3; {"$1":"judge;colorist;801010420885225502;rebel;supreme;801010406390497284;801010406998278165;858807488052854795;tmod;civilian;srmod;968086288840392797","$2":"2022-05-02 12:41:54.193 +00:00","$3":"757958112992034918"}
[27524921 (5636)] Executing (default): UPDATE `users` SET `cmds`=$1,`updatedAt`=$2 WHERE `id` = $3; {"$1":347,"$2":"2022-05-02 12:41:54.507 +00:00","$3":"642714979983687682"}
[27524922 (12171)] Executing (default): UPDATE `users` SET `xp`=$1,`xpc`=$2,`updatedAt`=$3 WHERE `id` = $4; {"$1":"2;303","$2":27524923,"$3":"2022-05-02 12:42:01.040 +00:00","$4":"642714979983687682"}
[27524922 (33880)] Executing (default): UPDATE `users` SET `clr`=$1,`updatedAt`=$2 WHERE `id` = $3; {"$1":"#00aaaa;0","$2":"2022-05-02 12:42:22.750 +00:00","$3":"642714979983687682"}
[27524922 (33892)] Executing (default): UPDATE `users` SET `cmds`=$1,`updatedAt`=$2 WHERE `id` = $3; {"$1":657,"$2":"2022-05-02 12:42:22.762 +00:00","$3":"671708767813107724"}
[27524922 (34270)] Executing (default): UPDATE `users` SET `cmds`=$1,`updatedAt`=$2 WHERE `id` = $3; {"$1":348,"$2":"2022-05-02 12:42:23.140 +00:00","$3":"642714979983687682"}
[27524922 (48907)] Executing (default): UPDATE `users` SET `clr`=$1,`updatedAt`=$2 WHERE `id` = $3; {"$1":"#00aaaa;0","$2":"2022-05-02 12:42:37.777 +00:00","$3":"642714979983687682"}
[27524922 (48923)] Executing (default): UPDATE `users` SET `cmds`=$1,`updatedAt`=$2 WHERE `id` = $3; {"$1":658,"$2":"2022-05-02 12:42:37.793 +00:00","$3":"671708767813107724"}
[27524922 (48940)] Executing (default): UPDATE `users` SET `cmds`=$1,`updatedAt`=$2 WHERE `id` = $3; {"$1":349,"$2":"2022-05-02 12:42:37.810 +00:00","$3":"642714979983687682"}
[27524926 (6747)] Executing (default): UPDATE `users` SET `xp`=$1,`xpc`=$2,`updatedAt`=$3 WHERE `id` = $4; {"$1":"2;334","$2":27524927,"$3":"2022-05-02 12:46:59.027 +00:00","$4":"642714979983687682"}
[27524926 (6756)] Executing (default): UPDATE `users` SET `clr`=$1,`updatedAt`=$2 WHERE `id` = $3; {"$1":"#00aaaa;0","$2":"2022-05-02 12:46:59.040 +00:00","$3":"642714979983687682"}
[27524926 (6767)] Executing (default): UPDATE `users` SET `cmds`=$1,`updatedAt`=$2 WHERE `id` = $3; {"$1":659,"$2":"2022-05-02 12:46:59.050 +00:00","$3":"671708767813107724"}
[27524926 (7019)] Executing (default): UPDATE `users` SET `cmds`=$1,`updatedAt`=$2 WHERE `id` = $3; {"$1":350,"$2":"2022-05-02 12:46:59.302 +00:00","$3":"642714979983687682"}
[27524927 (15950)] Executing (default): UPDATE `users` SET `xp`=$1,`xpc`=$2,`updatedAt`=$3 WHERE `id` = $4; {"$1":"2;365","$2":27524928,"$3":"2022-05-02 12:47:08.232 +00:00","$4":"642714979983687682"}
[27524927 (15961)] Executing (default): UPDATE `users` SET `clr`=$1,`updatedAt`=$2 WHERE `id` = $3; {"$1":"#00aaaa;0","$2":"2022-05-02 12:47:08.243 +00:00","$3":"642714979983687682"}
[27524927 (15977)] Executing (default): UPDATE `users` SET `cmds`=$1,`updatedAt`=$2 WHERE `id` = $3; {"$1":660,"$2":"2022-05-02 12:47:08.260 +00:00","$3":"671708767813107724"}
[27524927 (16207)] Executing (default): UPDATE `users` SET `cmds`=$1,`updatedAt`=$2 WHERE `id` = $3; {"$1":351,"$2":"2022-05-02 12:47:08.490 +00:00","$3":"642714979983687682"}
[27524927 (24222)] Executing (default): UPDATE `users` SET `clr`=$1,`updatedAt`=$2 WHERE `id` = $3; {"$1":"#00aaaa;0","$2":"2022-05-02 12:47:16.504 +00:00","$3":"642714979983687682"}
[27524927 (24239)] Executing (default): UPDATE `users` SET `cmds`=$1,`updatedAt`=$2 WHERE `id` = $3; {"$1":661,"$2":"2022-05-02 12:47:16.523 +00:00","$3":"671708767813107724"}
[27524927 (24672)] Executing (default): UPDATE `users` SET `cmds`=$1,`updatedAt`=$2 WHERE `id` = $3; {"$1":352,"$2":"2022-05-02 12:47:16.956 +00:00","$3":"642714979983687682"}
[27524928 (78257)] Executing (default): UPDATE `users` SET `xp`=$1,`xpc`=$2,`updatedAt`=$3 WHERE `id` = $4; {"$1":"2;383","$2":27524929,"$3":"2022-05-02 12:48:10.540 +00:00","$4":"642714979983687682"}
[27524928 (84141)] Executing (default): UPDATE `users` SET `clr`=$1,`updatedAt`=$2 WHERE `id` = $3; {"$1":"#00aaaa;0","$2":"2022-05-02 12:48:16.425 +00:00","$3":"642714979983687682"}
[27524928 (87031)] Executing (default): UPDATE `channels` SET `snipe`=$1,`updatedAt`=$2 WHERE `id` = $3; {"$1":"642714979983687682;YH5lcmsgcmwgYWNpZGA=","$2":"2022-05-02 12:48:19.314 +00:00","$3":"801010489105711104"}
[27524928 (119308)] Executing (default): UPDATE `users` SET `clr`=$1,`updatedAt`=$2 WHERE `id` = $3; {"$1":"BLACK;RED;GREEN;0","$2":"2022-05-02 12:48:51.592 +00:00","$3":"501710994293129216"}
[27524928 (119320)] Executing (default): UPDATE `users` SET `cmds`=$1,`updatedAt`=$2 WHERE `id` = $3; {"$1":662,"$2":"2022-05-02 12:48:51.603 +00:00","$3":"671708767813107724"}
[27524928 (119336)] Executing (default): UPDATE `users` SET `cst`=$1,`updatedAt`=$2 WHERE `id` = $3; {"$1":"judge;rebel;supreme;947200161929625720;968086288840392797;dragon;gdt;801010422634643476;supreme","$2":"2022-05-02 12:48:51.619 +00:00","$3":"642714979983687682"}
[27524928 (119583)] Executing (default): UPDATE `users` SET `cmds`=$1,`updatedAt`=$2 WHERE `id` = $3; {"$1":344,"$2":"2022-05-02 12:48:51.866 +00:00","$3":"501710994293129216"}
[27524928 (125697)] Executing (default): UPDATE `users` SET `clr`=$1,`updatedAt`=$2 WHERE `id` = $3; {"$1":"BLACK;RED;GREEN;1","$2":"2022-05-02 12:48:57.981 +00:00","$3":"501710994293129216"}
[27524928 (125714)] Executing (default): UPDATE `users` SET `cmds`=$1,`updatedAt`=$2 WHERE `id` = $3; {"$1":663,"$2":"2022-05-02 12:48:57.997 +00:00","$3":"671708767813107724"}
[27524928 (125727)] Executing (default): UPDATE `users` SET `cmds`=$1,`updatedAt`=$2 WHERE `id` = $3; {"$1":345,"$2":"2022-05-02 12:48:58.009 +00:00","$3":"642714979983687682"}
[27524928 (125739)] Executing (default): UPDATE `users` SET `clr`=$1,`updatedAt`=$2 WHERE `id` = $3; {"$1":"#00aaaa;0","$2":"2022-05-02 12:48:58.022 +00:00","$3":"642714979983687682"}
[27524929 (131977)] Executing (default): UPDATE `users` SET `clr`=$1,`updatedAt`=$2 WHERE `id` = $3; {"$1":"BLACK;RED;GREEN;2","$2":"2022-05-02 12:49:04.261 +00:00","$3":"501710994293129216"}
[27524929 (131989)] Executing (default): UPDATE `users` SET `cmds`=$1,`updatedAt`=$2 WHERE `id` = $3; {"$1":664,"$2":"2022-05-02 12:49:04.273 +00:00","$3":"671708767813107724"}
[27524929 (132001)] Executing (default): UPDATE `users` SET `cst`=$1,`updatedAt`=$2 WHERE `id` = $3; {"$1":"judge;rebel;supreme;947200161929625720;968086288840392797;dragon;gdt;801010422634643476;supreme;erk","$2":"2022-05-02 12:49:04.285 +00:00","$3":"642714979983687682"}
[27524929 (132214)] Executing (default): UPDATE `users` SET `cmds`=$1,`updatedAt`=$2 WHERE `id` = $3; {"$1":345,"$2":"2022-05-02 12:49:04.498 +00:00","$3":"501710994293129216"}
[27524929 (136263)] Executing (default): UPDATE `users` SET `clr`=$1,`updatedAt`=$2 WHERE `id` = $3; {"$1":"BLACK;RED;GREEN;0","$2":"2022-05-02 12:49:08.546 +00:00","$3":"501710994293129216"}
[27524929 (136279)] Executing (default): UPDATE `users` SET `cmds`=$1,`updatedAt`=$2 WHERE `id` = $3; {"$1":665,"$2":"2022-05-02 12:49:08.563 +00:00","$3":"671708767813107724"}
[27524929 (136290)] Executing (default): UPDATE `users` SET `cmds`=$1,`updatedAt`=$2 WHERE `id` = $3; {"$1":346,"$2":"2022-05-02 12:49:08.572 +00:00","$3":"642714979983687682"}
[27524929 (136302)] Executing (default): UPDATE `users` SET `xp`=$1,`xpc`=$2,`updatedAt`=$3 WHERE `id` = $4; {"$1":"2;399","$2":27524930,"$3":"2022-05-02 12:49:08.585 +00:00","$4":"642714979983687682"}
[27524929 (136315)] Executing (default): UPDATE `users` SET `clr`=$1,`updatedAt`=$2 WHERE `id` = $3; {"$1":"#00aaaa;0","$2":"2022-05-02 12:49:08.598 +00:00","$3":"642714979983687682"}
[27524929 (156486)] Executing (default): UPDATE `users` SET `clr`=$1,`updatedAt`=$2 WHERE `id` = $3; {"$1":"BLACK;RED;GREEN;1","$2":"2022-05-02 12:49:28.769 +00:00","$3":"501710994293129216"}
[27524929 (156497)] Executing (default): UPDATE `users` SET `cmds`=$1,`updatedAt`=$2 WHERE `id` = $3; {"$1":666,"$2":"2022-05-02 12:49:28.780 +00:00","$3":"671708767813107724"}
[27524929 (156507)] Executing (default): UPDATE `users` SET `cst`=$1,`updatedAt`=$2 WHERE `id` = $3; {"$1":"judge;rebel;supreme;947200161929625720;968086288840392797;dragon;gdt;801010422634643476;supreme;erk;editrolekw","$2":"2022-05-02 12:49:28.791 +00:00","$3":"642714979983687682"}
[27524929 (156804)] Executing (default): UPDATE `users` SET `cmds`=$1,`updatedAt`=$2 WHERE `id` = $3; {"$1":346,"$2":"2022-05-02 12:49:29.087 +00:00","$3":"501710994293129216"}
[27524929 (162720)] Executing (default): UPDATE `users` SET `clr`=$1,`updatedAt`=$2 WHERE `id` = $3; {"$1":"BLACK;RED;GREEN;2","$2":"2022-05-02 12:49:35.004 +00:00","$3":"501710994293129216"}
[27524929 (162732)] Executing (default): UPDATE `users` SET `cmds`=$1,`updatedAt`=$2 WHERE `id` = $3; {"$1":667,"$2":"2022-05-02 12:49:35.016 +00:00","$3":"671708767813107724"}
[27524929 (162740)] Executing (default): UPDATE `users` SET `cmds`=$1,`updatedAt`=$2 WHERE `id` = $3; {"$1":347,"$2":"2022-05-02 12:49:35.024 +00:00","$3":"642714979983687682"}
[27524929 (177070)] Executing (default): UPDATE `users` SET `clr`=$1,`updatedAt`=$2 WHERE `id` = $3; {"$1":"BLACK;RED;GREEN;0","$2":"2022-05-02 12:49:49.353 +00:00","$3":"501710994293129216"}
[27524929 (177082)] Executing (default): UPDATE `users` SET `cmds`=$1,`updatedAt`=$2 WHERE `id` = $3; {"$1":668,"$2":"2022-05-02 12:49:49.366 +00:00","$3":"671708767813107724"}
[27524929 (177092)] Executing (default): UPDATE `users` SET `cmds`=$1,`updatedAt`=$2 WHERE `id` = $3; {"$1":347,"$2":"2022-05-02 12:49:49.375 +00:00","$3":"642714979983687682"}
[27524929 (177102)] Executing (default): UPDATE `users` SET `clr`=$1,`updatedAt`=$2 WHERE `id` = $3; {"$1":"#00aaaa;0","$2":"2022-05-02 12:49:49.385 +00:00","$3":"642714979983687682"}
[27524929 (177109)] Executing (default): UPDATE `users` SET `cmds`=$1,`updatedAt`=$2 WHERE `id` = $3; {"$1":669,"$2":"2022-05-02 12:49:49.393 +00:00","$3":"671708767813107724"}
[27524929 (177118)] Executing (default): UPDATE `users` SET `cstmrl`=$1,`updatedAt`=$2 WHERE `id` = $3; {"$1":"acid;968086288840392797","$2":"2022-05-02 12:49:49.401 +00:00","$3":"642714979983687682"}
[27524929 (177125)] Executing (default): UPDATE `users` SET `cmds`=$1,`updatedAt`=$2 WHERE `id` = $3; {"$1":348,"$2":"2022-05-02 12:49:49.408 +00:00","$3":"642714979983687682"}
[27524929 (185537)] Executing (default): UPDATE `users` SET `clr`=$1,`updatedAt`=$2 WHERE `id` = $3; {"$1":"BLACK;RED;GREEN;1","$2":"2022-05-02 12:49:57.821 +00:00","$3":"501710994293129216"}
[27524929 (185551)] Executing (default): UPDATE `users` SET `cmds`=$1,`updatedAt`=$2 WHERE `id` = $3; {"$1":670,"$2":"2022-05-02 12:49:57.834 +00:00","$3":"671708767813107724"}
[27524929 (185568)] Executing (default): UPDATE `users` SET `cmds`=$1,`updatedAt`=$2 WHERE `id` = $3; {"$1":347,"$2":"2022-05-02 12:49:57.851 +00:00","$3":"501710994293129216"}
[27524930 (195347)] Executing (default): UPDATE `users` SET `clr`=$1,`updatedAt`=$2 WHERE `id` = $3; {"$1":"BLACK;RED;GREEN;2","$2":"2022-05-02 12:50:07.630 +00:00","$3":"501710994293129216"}
[27524930 (195360)] Executing (default): UPDATE `users` SET `cmds`=$1,`updatedAt`=$2 WHERE `id` = $3; {"$1":671,"$2":"2022-05-02 12:50:07.643 +00:00","$3":"671708767813107724"}
[27524930 (195373)] Executing (default): UPDATE `users` SET `cmds`=$1,`updatedAt`=$2 WHERE `id` = $3; {"$1":348,"$2":"2022-05-02 12:50:07.656 +00:00","$3":"501710994293129216"}
[27524930 (198005)] Executing (default): UPDATE `users` SET `xp`=$1,`xpc`=$2,`updatedAt`=$3 WHERE `id` = $4; {"$1":"3;425","$2":27524931,"$3":"2022-05-02 12:50:10.286 +00:00","$4":"642714979983687682"}
[27524930 (198014)] Executing (default): UPDATE `users` SET `clr`=$1,`updatedAt`=$2 WHERE `id` = $3; {"$1":"#00aaaa;0","$2":"2022-05-02 12:50:10.298 +00:00","$3":"642714979983687682"}
[27524930 (198031)] Executing (default): UPDATE `users` SET `cmds`=$1,`updatedAt`=$2 WHERE `id` = $3; {"$1":672,"$2":"2022-05-02 12:50:10.313 +00:00","$3":"671708767813107724"}
[27524930 (198040)] Executing (default): UPDATE `users` SET `cstmrl`=$1,`updatedAt`=$2 WHERE `id` = $3; {"$1":"ac1d;968086288840392797","$2":"2022-05-02 12:50:10.324 +00:00","$3":"642714979983687682"}
[27524930 (198046)] Executing (default): UPDATE `users` SET `cmds`=$1,`updatedAt`=$2 WHERE `id` = $3; {"$1":349,"$2":"2022-05-02 12:50:10.329 +00:00","$3":"642714979983687682"}
[27524930 (204894)] Executing (default): UPDATE `users` SET `clr`=$1,`updatedAt`=$2 WHERE `id` = $3; {"$1":"#00aaaa;0","$2":"2022-05-02 12:50:17.177 +00:00","$3":"642714979983687682"}
[27524930 (204908)] Executing (default): UPDATE `users` SET `cmds`=$1,`updatedAt`=$2 WHERE `id` = $3; {"$1":673,"$2":"2022-05-02 12:50:17.192 +00:00","$3":"671708767813107724"}
[27524930 (204920)] Executing (default): UPDATE `users` SET `cmds`=$1,`updatedAt`=$2 WHERE `id` = $3; {"$1":350,"$2":"2022-05-02 12:50:17.203 +00:00","$3":"642714979983687682"}
[27524932 (335032)] Executing (default): UPDATE `users` SET `xp`=$1,`xpc`=$2,`updatedAt`=$3 WHERE `id` = $4; {"$1":"3;446","$2":27524933,"$3":"2022-05-02 12:52:27.315 +00:00","$4":"642714979983687682"}
[27524932 (335040)] Executing (default): UPDATE `users` SET `clr`=$1,`updatedAt`=$2 WHERE `id` = $3; {"$1":"#00aaaa;0","$2":"2022-05-02 12:52:27.324 +00:00","$3":"642714979983687682"}
[27524932 (335048)] Executing (default): UPDATE `users` SET `cmds`=$1,`updatedAt`=$2 WHERE `id` = $3; {"$1":674,"$2":"2022-05-02 12:52:27.332 +00:00","$3":"671708767813107724"}
[27524932 (335272)] Executing (default): UPDATE `users` SET `cmds`=$1,`updatedAt`=$2 WHERE `id` = $3; {"$1":351,"$2":"2022-05-02 12:52:27.555 +00:00","$3":"642714979983687682"}
[27524932 (342057)] Executing (default): UPDATE `users` SET `clr`=$1,`updatedAt`=$2 WHERE `id` = $3; {"$1":"BLACK;RED;GREEN;0","$2":"2022-05-02 12:52:34.341 +00:00","$3":"501710994293129216"}
[27524932 (342070)] Executing (default): UPDATE `users` SET `cmds`=$1,`updatedAt`=$2 WHERE `id` = $3; {"$1":675,"$2":"2022-05-02 12:52:34.354 +00:00","$3":"671708767813107724"}
[27524932 (342079)] Executing (default): UPDATE `users` SET `xp`=$1,`updatedAt`=$2 WHERE `id` = $3; {"$1":null,"$2":"2022-05-02 12:52:34.362 +00:00","$3":"757958112992034918"}
[27524932 (342087)] Executing (default): UPDATE `users` SET `cmds`=$1,`updatedAt`=$2 WHERE `id` = $3; {"$1":349,"$2":"2022-05-02 12:52:34.371 +00:00","$3":"501710994293129216"}
[27524932 (347111)] Executing (default): UPDATE `users` SET `clr`=$1,`updatedAt`=$2 WHERE `id` = $3; {"$1":"#00aaaa;0","$2":"2022-05-02 12:52:39.395 +00:00","$3":"642714979983687682"}
[27524932 (347124)] Executing (default): UPDATE `users` SET `cmds`=$1,`updatedAt`=$2 WHERE `id` = $3; {"$1":676,"$2":"2022-05-02 12:52:39.408 +00:00","$3":"671708767813107724"}
[27524932 (347381)] Executing (default): UPDATE `users` SET `cmds`=$1,`updatedAt`=$2 WHERE `id` = $3; {"$1":352,"$2":"2022-05-02 12:52:39.665 +00:00","$3":"642714979983687682"}
[27524932 (348037)] Executing (default): UPDATE `users` SET `clr`=$1,`updatedAt`=$2 WHERE `id` = $3; {"$1":"BLACK;RED;GREEN;1","$2":"2022-05-02 12:52:40.321 +00:00","$3":"501710994293129216"}
[27524932 (348053)] Executing (default): UPDATE `users` SET `cmds`=$1,`updatedAt`=$2 WHERE `id` = $3; {"$1":677,"$2":"2022-05-02 12:52:40.336 +00:00","$3":"671708767813107724"}
[27524932 (348072)] Executing (default): UPDATE `users` SET `xp`=$1,`updatedAt`=$2 WHERE `id` = $3; {"$1":"1&1;1&1","$2":"2022-05-02 12:52:40.354 +00:00","$3":"757958112992034918"}
[27524932 (348081)] Executing (default): UPDATE `users` SET `cmds`=$1,`updatedAt`=$2 WHERE `id` = $3; {"$1":350,"$2":"2022-05-02 12:52:40.364 +00:00","$3":"501710994293129216"}
[27524932 (351994)] Executing (default): UPDATE `users` SET `clr`=$1,`updatedAt`=$2 WHERE `id` = $3; {"$1":"BLACK;RED;GREEN;2","$2":"2022-05-02 12:52:44.278 +00:00","$3":"501710994293129216"}
[27524932 (352010)] Executing (default): UPDATE `users` SET `cmds`=$1,`updatedAt`=$2 WHERE `id` = $3; {"$1":678,"$2":"2022-05-02 12:52:44.292 +00:00","$3":"671708767813107724"}
[27524932 (352021)] Executing (default): UPDATE `users` SET `cmds`=$1,`updatedAt`=$2 WHERE `id` = $3; {"$1":351,"$2":"2022-05-02 12:52:44.304 +00:00","$3":"501710994293129216"}
[27524932 (359384)] Executing (default): UPDATE `users` SET `clr`=$1,`updatedAt`=$2 WHERE `id` = $3; {"$1":"#00aaaa;0","$2":"2022-05-02 12:52:51.668 +00:00","$3":"642714979983687682"}
[27524932 (359395)] Executing (default): UPDATE `users` SET `cmds`=$1,`updatedAt`=$2 WHERE `id` = $3; {"$1":679,"$2":"2022-05-02 12:52:51.679 +00:00","$3":"671708767813107724"}
[27524932 (359639)] Executing (default): UPDATE `users` SET `cmds`=$1,`updatedAt`=$2 WHERE `id` = $3; {"$1":353,"$2":"2022-05-02 12:52:51.923 +00:00","$3":"642714979983687682"}
[27524933 (390291)] Executing (default): UPDATE `users` SET `clr`=$1,`updatedAt`=$2 WHERE `id` = $3; {"$1":"BLACK;RED;GREEN;0","$2":"2022-05-02 12:53:22.575 +00:00","$3":"501710994293129216"}
[27524933 (390302)] Executing (default): UPDATE `users` SET `cmds`=$1,`updatedAt`=$2 WHERE `id` = $3; {"$1":680,"$2":"2022-05-02 12:53:22.585 +00:00","$3":"671708767813107724"}
[27524933 (390315)] Executing (default): UPDATE `users` SET `cmds`=$1,`updatedAt`=$2 WHERE `id` = $3; {"$1":352,"$2":"2022-05-02 12:53:22.598 +00:00","$3":"501710994293129216"}
[27524933 (392969)] Executing (default): UPDATE `users` SET `clr`=$1,`updatedAt`=$2 WHERE `id` = $3; {"$1":"BLACK;RED;GREEN;1","$2":"2022-05-02 12:53:25.253 +00:00","$3":"501710994293129216"}
[27524933 (392985)] Executing (default): UPDATE `users` SET `cmds`=$1,`updatedAt`=$2 WHERE `id` = $3; {"$1":681,"$2":"2022-05-02 12:53:25.268 +00:00","$3":"671708767813107724"}
[27524933 (393005)] Executing (default): UPDATE `users` SET `cmds`=$1,`updatedAt`=$2 WHERE `id` = $3; {"$1":353,"$2":"2022-05-02 12:53:25.288 +00:00","$3":"501710994293129216"}
[27524933 (399427)] Executing (default): UPDATE `users` SET `clr`=$1,`updatedAt`=$2 WHERE `id` = $3; {"$1":"BLACK;RED;GREEN;2","$2":"2022-05-02 12:53:31.711 +00:00","$3":"501710994293129216"}
[27524933 (399440)] Executing (default): UPDATE `users` SET `cmds`=$1,`updatedAt`=$2 WHERE `id` = $3; {"$1":682,"$2":"2022-05-02 12:53:31.723 +00:00","$3":"671708767813107724"}
[27524933 (399450)] Executing (default): UPDATE `users` SET `cmds`=$1,`updatedAt`=$2 WHERE `id` = $3; {"$1":354,"$2":"2022-05-02 12:53:31.734 +00:00","$3":"501710994293129216"}
[27524933 (401269)] Executing (default): UPDATE `users` SET `clr`=$1,`updatedAt`=$2 WHERE `id` = $3; {"$1":"BLACK;RED;GREEN;0","$2":"2022-05-02 12:53:33.553 +00:00","$3":"501710994293129216"}
[27524933 (401283)] Executing (default): UPDATE `users` SET `cmds`=$1,`updatedAt`=$2 WHERE `id` = $3; {"$1":683,"$2":"2022-05-02 12:53:33.567 +00:00","$3":"671708767813107724"}
[27524933 (401291)] Executing (default): UPDATE `users` SET `xp`=$1,`updatedAt`=$2 WHERE `id` = $3; {"$1":null,"$2":"2022-05-02 12:53:33.575 +00:00","$3":"757958112992034918"}
[27524933 (401297)] Executing (default): UPDATE `users` SET `cmds`=$1,`updatedAt`=$2 WHERE `id` = $3; {"$1":355,"$2":"2022-05-02 12:53:33.580 +00:00","$3":"501710994293129216"}
[27524933 (404078)] Executing (default): UPDATE `users` SET `clr`=$1,`updatedAt`=$2 WHERE `id` = $3; {"$1":"BLACK;RED;GREEN;1","$2":"2022-05-02 12:53:36.361 +00:00","$3":"501710994293129216"}
[27524933 (404091)] Executing (default): UPDATE `users` SET `cmds`=$1,`updatedAt`=$2 WHERE `id` = $3; {"$1":684,"$2":"2022-05-02 12:53:36.375 +00:00","$3":"671708767813107724"}
[27524933 (404100)] Executing (default): UPDATE `users` SET `cmds`=$1,`updatedAt`=$2 WHERE `id` = $3; {"$1":356,"$2":"2022-05-02 12:53:36.384 +00:00","$3":"501710994293129216"}
[27524934 (429841)] Executing (default): UPDATE `users` SET `xp`=$1,`xpc`=$2,`updatedAt`=$3 WHERE `id` = $4; {"$1":"3;461","$2":27524935,"$3":"2022-05-02 12:54:02.124 +00:00","$4":"642714979983687682"}
[27524935 (495695)] Executing (default): UPDATE `users` SET `xp`=$1,`xpc`=$2,`updatedAt`=$3 WHERE `id` = $4; {"$1":"3;491","$2":27524936,"$3":"2022-05-02 12:55:07.978 +00:00","$4":"642714979983687682"}
[27524935 (495706)] Executing (default): UPDATE `users` SET `clr`=$1,`updatedAt`=$2 WHERE `id` = $3; {"$1":"#00aaaa;0","$2":"2022-05-02 12:55:07.989 +00:00","$3":"642714979983687682"}
[27524935 (495718)] Executing (default): UPDATE `users` SET `cmds`=$1,`updatedAt`=$2 WHERE `id` = $3; {"$1":685,"$2":"2022-05-02 12:55:08.002 +00:00","$3":"671708767813107724"}
[27524935 (495728)] Executing (default): UPDATE `users` SET `cmds`=$1,`updatedAt`=$2 WHERE `id` = $3; {"$1":354,"$2":"2022-05-02 12:55:08.011 +00:00","$3":"642714979983687682"}
[27524936 (551578)] Executing (default): UPDATE `users` SET `xp`=$1,`xpc`=$2,`updatedAt`=$3 WHERE `id` = $4; {"$1":"3;510","$2":27524937,"$3":"2022-05-02 12:56:03.861 +00:00","$4":"642714979983687682"}
[27524936 (26796)] Executing (default): UPDATE `users` SET `clr`=$1,`updatedAt`=$2 WHERE `id` = $3; {"$1":"#00aaaa;0","$2":"2022-05-02 12:56:36.798 +00:00","$3":"642714979983687682"}
[27524936 (26814)] Executing (default): UPDATE `users` SET `cmds`=$1,`updatedAt`=$2 WHERE `id` = $3; {"$1":686,"$2":"2022-05-02 12:56:36.820 +00:00","$3":"671708767813107724"}
[27524936 (27090)] Executing (default): UPDATE `users` SET `cmds`=$1,`updatedAt`=$2 WHERE `id` = $3; {"$1":355,"$2":"2022-05-02 12:56:37.096 +00:00","$3":"642714979983687682"}
[27524936 (38473)] Executing (default): UPDATE `users` SET `clr`=$1,`updatedAt`=$2 WHERE `id` = $3; {"$1":"#00aaaa;0","$2":"2022-05-02 12:56:48.478 +00:00","$3":"642714979983687682"}
[27524936 (38486)] Executing (default): UPDATE `users` SET `cmds`=$1,`updatedAt`=$2 WHERE `id` = $3; {"$1":687,"$2":"2022-05-02 12:56:48.492 +00:00","$3":"671708767813107724"}
[27524936 (38717)] Executing (default): UPDATE `users` SET `cmds`=$1,`updatedAt`=$2 WHERE `id` = $3; {"$1":356,"$2":"2022-05-02 12:56:48.723 +00:00","$3":"642714979983687682"}
[27524938 (68383)] Executing (default): UPDATE `channels` SET `snipe`=$1,`updatedAt`=$2 WHERE `id` = $3; {"$1":"642714979983687682;fnJvbGVuYW1lIGFjMWQgYGBgYGBgQGV2ZXJ5b25l","$2":"2022-05-02 12:58:16.026 +00:00","$3":"801010489105711104"}
[27524942 (344504)] Executing (default): UPDATE `users` SET `clr`=$1,`updatedAt`=$2 WHERE `id` = $3; {"$1":"BLACK;RED;GREEN;2","$2":"2022-05-02 13:02:52.155 +00:00","$3":"501710994293129216"}
[27524942 (344517)] Executing (default): UPDATE `users` SET `cmds`=$1,`updatedAt`=$2 WHERE `id` = $3; {"$1":688,"$2":"2022-05-02 13:02:52.170 +00:00","$3":"671708767813107724"}
[27524942 (344534)] Executing (default): UPDATE `users` SET `xp`=$1,`updatedAt`=$2 WHERE `id` = $3; {"$1":null,"$2":"2022-05-02 13:02:52.186 +00:00","$3":"757958112992034918"}
[27524942 (344548)] Executing (default): UPDATE `users` SET `cmds`=$1,`updatedAt`=$2 WHERE `id` = $3; {"$1":357,"$2":"2022-05-02 13:02:52.199 +00:00","$3":"501710994293129216"}
[27524942 (346663)] Executing (default): UPDATE `users` SET `clr`=$1,`updatedAt`=$2 WHERE `id` = $3; {"$1":"BLACK;RED;GREEN;0","$2":"2022-05-02 13:02:54.316 +00:00","$3":"501710994293129216"}
[27524942 (346676)] Executing (default): UPDATE `users` SET `cmds`=$1,`updatedAt`=$2 WHERE `id` = $3; {"$1":689,"$2":"2022-05-02 13:02:54.329 +00:00","$3":"671708767813107724"}
[27524942 (346692)] Executing (default): UPDATE `users` SET `cmds`=$1,`updatedAt`=$2 WHERE `id` = $3; {"$1":358,"$2":"2022-05-02 13:02:54.345 +00:00","$3":"501710994293129216"}
[27524942 (347421)] Executing (default): UPDATE `users` SET `clr`=$1,`updatedAt`=$2 WHERE `id` = $3; {"$1":"BLACK;RED;GREEN;1","$2":"2022-05-02 13:02:55.074 +00:00","$3":"501710994293129216"}
[27524942 (347443)] Executing (default): UPDATE `users` SET `cmds`=$1,`updatedAt`=$2 WHERE `id` = $3; {"$1":690,"$2":"2022-05-02 13:02:55.095 +00:00","$3":"671708767813107724"}
[27524942 (347984)] Executing (default): UPDATE `users` SET `cmds`=$1,`updatedAt`=$2 WHERE `id` = $3; {"$1":359,"$2":"2022-05-02 13:02:55.638 +00:00","$3":"501710994293129216"}
[27524943 (376861)] Executing (default): UPDATE `users` SET `clr`=$1,`updatedAt`=$2 WHERE `id` = $3; {"$1":"BLACK;RED;GREEN;2","$2":"2022-05-02 13:03:24.514 +00:00","$3":"501710994293129216"}
[27524943 (376877)] Executing (default): UPDATE `users` SET `cmds`=$1,`updatedAt`=$2 WHERE `id` = $3; {"$1":691,"$2":"2022-05-02 13:03:24.529 +00:00","$3":"671708767813107724"}
[27524943 (377208)] Executing (default): UPDATE `users` SET `cmds`=$1,`updatedAt`=$2 WHERE `id` = $3; {"$1":360,"$2":"2022-05-02 13:03:24.861 +00:00","$3":"501710994293129216"}
[27524944 (16200)] Executing (default): UPDATE `users` SET `clr`=$1,`updatedAt`=$2 WHERE `id` = $3; {"$1":"BLACK;RED;GREEN;0","$2":"2022-05-02 13:04:38.448 +00:00","$3":"501710994293129216"}
[27524944 (16222)] Executing (default): UPDATE `users` SET `cmds`=$1,`updatedAt`=$2 WHERE `id` = $3; {"$1":692,"$2":"2022-05-02 13:04:38.477 +00:00","$3":"671708767813107724"}
[27524944 (16240)] Executing (default): UPDATE `users` SET `cmds`=$1,`updatedAt`=$2 WHERE `id` = $3; {"$1":361,"$2":"2022-05-02 13:04:38.496 +00:00","$3":"501710994293129216"}
[27524944 (21430)] Executing (default): UPDATE `users` SET `clr`=$1,`updatedAt`=$2 WHERE `id` = $3; {"$1":"BLACK;RED;GREEN;1","$2":"2022-05-02 13:04:43.686 +00:00","$3":"501710994293129216"}
[27524944 (21449)] Executing (default): UPDATE `users` SET `cmds`=$1,`updatedAt`=$2 WHERE `id` = $3; {"$1":693,"$2":"2022-05-02 13:04:43.706 +00:00","$3":"671708767813107724"}
[27524944 (21473)] Executing (default): UPDATE `users` SET `cmds`=$1,`updatedAt`=$2 WHERE `id` = $3; {"$1":362,"$2":"2022-05-02 13:04:43.729 +00:00","$3":"501710994293129216"}
[27524944 (27825)] Executing (default): UPDATE `users` SET `xp`=$1,`xpc`=$2,`updatedAt`=$3 WHERE `id` = $4; {"$1":"3;541","$2":27524945,"$3":"2022-05-02 13:04:50.079 +00:00","$4":"642714979983687682"}
[27524944 (28167)] Executing (default): UPDATE `users` SET `clr`=$1,`updatedAt`=$2 WHERE `id` = $3; {"$1":"BLACK;RED;GREEN;2","$2":"2022-05-02 13:04:50.424 +00:00","$3":"501710994293129216"}
[27524944 (28180)] Executing (default): UPDATE `users` SET `cmds`=$1,`updatedAt`=$2 WHERE `id` = $3; {"$1":694,"$2":"2022-05-02 13:04:50.437 +00:00","$3":"671708767813107724"}
[27524944 (28195)] Executing (default): UPDATE `users` SET `xp`=$1,`updatedAt`=$2 WHERE `id` = $3; {"$1":"1&5;1&555","$2":"2022-05-02 13:04:50.452 +00:00","$3":"501710994293129216"}
[27524944 (28205)] Executing (default): UPDATE `users` SET `cmds`=$1,`updatedAt`=$2 WHERE `id` = $3; {"$1":363,"$2":"2022-05-02 13:04:50.462 +00:00","$3":"501710994293129216"}
[27524944 (30260)] Executing (default): UPDATE `users` SET `clr`=$1,`updatedAt`=$2 WHERE `id` = $3; {"$1":"BLACK;RED;GREEN;0","$2":"2022-05-02 13:04:52.516 +00:00","$3":"501710994293129216"}
[27524944 (30275)] Executing (default): UPDATE `users` SET `cmds`=$1,`updatedAt`=$2 WHERE `id` = $3; {"$1":695,"$2":"2022-05-02 13:04:52.533 +00:00","$3":"671708767813107724"}
[27524944 (30289)] Executing (default): UPDATE `users` SET `cmds`=$1,`updatedAt`=$2 WHERE `id` = $3; {"$1":364,"$2":"2022-05-02 13:04:52.546 +00:00","$3":"501710994293129216"}
[27524944 (32128)] Executing (default): UPDATE `users` SET `clr`=$1,`updatedAt`=$2 WHERE `id` = $3; {"$1":"#00aaaa;0","$2":"2022-05-02 13:04:54.386 +00:00","$3":"642714979983687682"}
[27524944 (34916)] Executing (default): UPDATE `users` SET `clr`=$1,`updatedAt`=$2 WHERE `id` = $3; {"$1":"BLACK;RED;GREEN;1","$2":"2022-05-02 13:04:57.173 +00:00","$3":"501710994293129216"}
[27524944 (34933)] Executing (default): UPDATE `users` SET `cmds`=$1,`updatedAt`=$2 WHERE `id` = $3; {"$1":696,"$2":"2022-05-02 13:04:57.191 +00:00","$3":"671708767813107724"}
[27524944 (34969)] Executing (default): UPDATE `users` SET `cmds`=$1,`updatedAt`=$2 WHERE `id` = $3; {"$1":365,"$2":"2022-05-02 13:04:57.225 +00:00","$3":"501710994293129216"}
[27524945 (44062)] Executing (default): UPDATE `users` SET `xp`=$1,`xpc`=$2,`updatedAt`=$3 WHERE `id` = $4; {"$1":"3;562","$2":27524946,"$3":"2022-05-02 13:05:06.319 +00:00","$4":"642714979983687682"}
[27524945 (44069)] Executing (default): UPDATE `users` SET `clr`=$1,`updatedAt`=$2 WHERE `id` = $3; {"$1":"#00aaaa;0","$2":"2022-05-02 13:05:06.327 +00:00","$3":"642714979983687682"}
[27524945 (44079)] Executing (default): UPDATE `users` SET `cmds`=$1,`updatedAt`=$2 WHERE `id` = $3; {"$1":697,"$2":"2022-05-02 13:05:06.336 +00:00","$3":"671708767813107724"}
[27524945 (44371)] Executing (default): UPDATE `users` SET `cmds`=$1,`updatedAt`=$2 WHERE `id` = $3; {"$1":357,"$2":"2022-05-02 13:05:06.629 +00:00","$3":"642714979983687682"}
[27524945 (68318)] Executing (default): UPDATE `users` SET `clr`=$1,`updatedAt`=$2 WHERE `id` = $3; {"$1":"#00aaaa;0","$2":"2022-05-02 13:05:30.574 +00:00","$3":"642714979983687682"}
[27524945 (68333)] Executing (default): UPDATE `users` SET `cmds`=$1,`updatedAt`=$2 WHERE `id` = $3; {"$1":698,"$2":"2022-05-02 13:05:30.590 +00:00","$3":"671708767813107724"}
[27524945 (68574)] Executing (default): UPDATE `users` SET `cmds`=$1,`updatedAt`=$2 WHERE `id` = $3; {"$1":358,"$2":"2022-05-02 13:05:30.831 +00:00","$3":"642714979983687682"}
[27524946 (98866)] Executing (default): UPDATE `users` SET `clr`=$1,`updatedAt`=$2 WHERE `id` = $3; {"$1":"BLACK;RED;GREEN;2","$2":"2022-05-02 13:06:01.123 +00:00","$3":"501710994293129216"}
[27524946 (98874)] Executing (default): UPDATE `users` SET `cmds`=$1,`updatedAt`=$2 WHERE `id` = $3; {"$1":699,"$2":"2022-05-02 13:06:01.132 +00:00","$3":"671708767813107724"}
[27524946 (99481)] Executing (default): UPDATE `users` SET `cmds`=$1,`updatedAt`=$2 WHERE `id` = $3; {"$1":366,"$2":"2022-05-02 13:06:01.738 +00:00","$3":"501710994293129216"}
[27524946 (100562)] Executing (default): UPDATE `users` SET `xp`=$1,`xpc`=$2,`updatedAt`=$3 WHERE `id` = $4; {"$1":"3;576","$2":27524947,"$3":"2022-05-02 13:06:02.818 +00:00","$4":"642714979983687682"}
[27524946 (131547)] Executing (default): UPDATE `users` SET `clr`=$1,`updatedAt`=$2 WHERE `id` = $3; {"$1":"#00aaaa;0","$2":"2022-05-02 13:06:33.803 +00:00","$3":"642714979983687682"}
[27524946 (131569)] Executing (default): UPDATE `users` SET `cmds`=$1,`updatedAt`=$2 WHERE `id` = $3; {"$1":700,"$2":"2022-05-02 13:06:33.824 +00:00","$3":"671708767813107724"}
[27524946 (131589)] Executing (default): INSERT INTO `users` (`id`,`bio`,`clr`,`curr`,`drgn`,`petname`,`v`,`xp`,`createdAt`,`updatedAt`) VALUES ($1,$2,$3,$4,$5,$6,$7,$8,$9,$10); {"$1":"523579776749928449","$2":"User has not set a bio.","$3":"#00aaaa;0","$4":"default","$5":"1;10000;100;0;1;1;1;1;0;1","$6":"dragon","$7":"1;0","$8":"1;0","$9":"2022-05-02 13:06:33.840 +00:00","$10":"2022-05-02 13:06:33.840 +00:00"}
[27524946 (131605)] Executing (default): UPDATE `users` SET `cmds`=$1,`updatedAt`=$2 WHERE `id` = $3; {"$1":359,"$2":"2022-05-02 13:06:33.862 +00:00","$3":"642714979983687682"}
[27524946 (141883)] Executing (default): UPDATE `users` SET `clr`=$1,`updatedAt`=$2 WHERE `id` = $3; {"$1":"#00aaaa;0","$2":"2022-05-02 13:06:44.140 +00:00","$3":"642714979983687682"}
[27524946 (141904)] Executing (default): UPDATE `users` SET `cmds`=$1,`updatedAt`=$2 WHERE `id` = $3; {"$1":701,"$2":"2022-05-02 13:06:44.157 +00:00","$3":"671708767813107724"}
[27524946 (141929)] Executing (default): UPDATE `users` SET `cmds`=$1,`updatedAt`=$2 WHERE `id` = $3; {"$1":360,"$2":"2022-05-02 13:06:44.186 +00:00","$3":"642714979983687682"}
[27524946 (154386)] Executing (default): UPDATE `users` SET `clr`=$1,`updatedAt`=$2 WHERE `id` = $3; {"$1":"#00aaaa;0","$2":"2022-05-02 13:06:56.643 +00:00","$3":"642714979983687682"}
[27524946 (154402)] Executing (default): UPDATE `users` SET `cmds`=$1,`updatedAt`=$2 WHERE `id` = $3; {"$1":702,"$2":"2022-05-02 13:06:56.659 +00:00","$3":"671708767813107724"}
[27524946 (154420)] Executing (default): UPDATE `users` SET `cmds`=$1,`updatedAt`=$2 WHERE `id` = $3; {"$1":361,"$2":"2022-05-02 13:06:56.677 +00:00","$3":"642714979983687682"}
[27524947 (191898)] Executing (default): UPDATE `users` SET `xp`=$1,`xpc`=$2,`updatedAt`=$3 WHERE `id` = $4; {"$1":"3;597","$2":27524948,"$3":"2022-05-02 13:07:34.154 +00:00","$4":"642714979983687682"}
[27524948 (220888)] Executing (default): UPDATE `users` SET `xp`=$1,`xpc`=$2,`updatedAt`=$3 WHERE `id` = $4; {"$1":"4;621","$2":27524949,"$3":"2022-05-02 13:08:03.145 +00:00","$4":"642714979983687682"}
[27524948 (246540)] Executing (default): UPDATE `users` SET `clr`=$1,`updatedAt`=$2 WHERE `id` = $3; {"$1":"#00aaaa;0","$2":"2022-05-02 13:08:28.797 +00:00","$3":"642714979983687682"}
[27524948 (246554)] Executing (default): UPDATE `users` SET `cmds`=$1,`updatedAt`=$2 WHERE `id` = $3; {"$1":703,"$2":"2022-05-02 13:08:28.811 +00:00","$3":"671708767813107724"}
[27524948 (246573)] Executing (default): UPDATE `users` SET `cst`=$1,`updatedAt`=$2 WHERE `id` = $3; {"$1":"judge;rebel;supreme;947200161929625720;968086288840392797;dragon;gdt;801010422634643476;supreme;erk;editrolekw;dfnd","$2":"2022-05-02 13:08:28.829 +00:00","$3":"642714979983687682"}
[27524948 (246581)] Executing (default): UPDATE `users` SET `cmds`=$1,`updatedAt`=$2 WHERE `id` = $3; {"$1":362,"$2":"2022-05-02 13:08:28.839 +00:00","$3":"642714979983687682"}
[27525549 (10788)] Executing (default): UPDATE `users` SET `clr`=$1,`updatedAt`=$2 WHERE `id` = $3; {"$1":"BLACK;RED;GREEN;0","$2":"2022-05-02 23:09:58.086 +00:00","$3":"501710994293129216"}
[27525549 (10812)] Executing (default): UPDATE `users` SET `cmds`=$1,`updatedAt`=$2 WHERE `id` = $3; {"$1":704,"$2":"2022-05-02 23:09:58.117 +00:00","$3":"671708767813107724"}
[27525549 (11087)] Executing (default): UPDATE `users` SET `cmds`=$1,`updatedAt`=$2 WHERE `id` = $3; {"$1":367,"$2":"2022-05-02 23:09:58.391 +00:00","$3":"501710994293129216"}
