[27552751 (9312)] Executing (default): UPDATE `users` SET `xp`=$1,`xpc`=$2,`updatedAt`=$3 WHERE `id` = $4; {"$1":"2;258","$2":27552752,"$3":"2022-05-21 20:31:28.723 +00:00","$4":"974480619432206336"}
[27552751 (9324)] Executing (default): UPDATE `users` SET `clr`=$1,`updatedAt`=$2 WHERE `id` = $3; {"$1":"#00aaaa;0","$2":"2022-05-21 20:31:28.739 +00:00","$3":"974480619432206336"}
[27552751 (9339)] Executing (default): UPDATE `users` SET `cmds`=$1,`updatedAt`=$2 WHERE `id` = $3; {"$1":26680,"$2":"2022-05-21 20:31:28.754 +00:00","$3":"671708767813107724"}
[27552751 (9352)] Executing (default): UPDATE `users` SET `cmds`=$1,`updatedAt`=$2 WHERE `id` = $3; {"$1":13,"$2":"2022-05-21 20:31:28.767 +00:00","$3":"974480619432206336"}
[27552751 (23550)] Executing (default): UPDATE `users` SET `nick`=$1,`updatedAt`=$2 WHERE `id` = $3; {"$1":null,"$2":"2022-05-21 20:31:42.964 +00:00","$3":"974480619432206336"}
[27552751 (23551)] Executing (default): UPDATE `users` SET `cst`=$1,`updatedAt`=$2 WHERE `id` = $3; {"$1":"tmod","$2":"2022-05-21 20:31:42.965 +00:00","$3":"974480619432206336"}
[27552758 (435852)] Executing (default): UPDATE `users` SET `xp`=$1,`xpc`=$2,`updatedAt`=$3 WHERE `id` = $4; {"$1":"2;279","$2":27552759,"$3":"2022-05-21 20:38:35.267 +00:00","$4":"974480619432206336"}
[27552758 (435860)] Executing (default): UPDATE `users` SET `clr`=$1,`updatedAt`=$2 WHERE `id` = $3; {"$1":"#00aaaa;0","$2":"2022-05-21 20:38:35.275 +00:00","$3":"974480619432206336"}
[27552758 (435880)] Executing (default): UPDATE `users` SET `cmds`=$1,`updatedAt`=$2 WHERE `id` = $3; {"$1":26681,"$2":"2022-05-21 20:38:35.295 +00:00","$3":"671708767813107724"}
[27552758 (435908)] Executing (default): UPDATE `users` SET `cmds`=$1,`updatedAt`=$2 WHERE `id` = $3; {"$1":14,"$2":"2022-05-21 20:38:35.323 +00:00","$3":"974480619432206336"}
[27552758 (441652)] Executing (default): UPDATE `users` SET `clr`=$1,`updatedAt`=$2 WHERE `id` = $3; {"$1":"#00aaaa;0","$2":"2022-05-21 20:38:41.067 +00:00","$3":"974480619432206336"}
[27552758 (441667)] Executing (default): UPDATE `users` SET `cmds`=$1,`updatedAt`=$2 WHERE `id` = $3; {"$1":26682,"$2":"2022-05-21 20:38:41.082 +00:00","$3":"671708767813107724"}
[27552758 (441848)] Executing (default): UPDATE `users` SET `cmds`=$1,`updatedAt`=$2 WHERE `id` = $3; {"$1":15,"$2":"2022-05-21 20:38:41.263 +00:00","$3":"974480619432206336"}
[27552758 (446765)] Executing (default): UPDATE `users` SET `clr`=$1,`updatedAt`=$2 WHERE `id` = $3; {"$1":"#00aaaa;0","$2":"2022-05-21 20:38:46.180 +00:00","$3":"974480619432206336"}
[27552758 (446779)] Executing (default): UPDATE `users` SET `cmds`=$1,`updatedAt`=$2 WHERE `id` = $3; {"$1":26683,"$2":"2022-05-21 20:38:46.194 +00:00","$3":"671708767813107724"}
[27552758 (446796)] Executing (default): UPDATE `users` SET `cmds`=$1,`updatedAt`=$2 WHERE `id` = $3; {"$1":16,"$2":"2022-05-21 20:38:46.211 +00:00","$3":"974480619432206336"}
[27552758 (454405)] Executing (default): UPDATE `users` SET `clr`=$1,`updatedAt`=$2 WHERE `id` = $3; {"$1":"#00aaaa;0","$2":"2022-05-21 20:38:53.821 +00:00","$3":"974480619432206336"}
[27552758 (454418)] Executing (default): UPDATE `users` SET `cmds`=$1,`updatedAt`=$2 WHERE `id` = $3; {"$1":26684,"$2":"2022-05-21 20:38:53.834 +00:00","$3":"671708767813107724"}
[27552758 (454434)] Executing (default): UPDATE `users` SET `cst`=$1,`updatedAt`=$2 WHERE `id` = $3; {"$1":"pstn;tst;tgt;801010426405322762;rebel","$2":"2022-05-21 20:38:53.849 +00:00","$3":"974480619432206336"}
[27552758 (454443)] Executing (default): UPDATE `users` SET `cmds`=$1,`updatedAt`=$2 WHERE `id` = $3; {"$1":17,"$2":"2022-05-21 20:38:53.858 +00:00","$3":"974480619432206336"}
[27552759 (495697)] Executing (default): UPDATE `users` SET `xp`=$1,`xpc`=$2,`updatedAt`=$3 WHERE `id` = $4; {"$1":"2;297","$2":27552760,"$3":"2022-05-21 20:39:35.112 +00:00","$4":"974480619432206336"}
[27552759 (499328)] Executing (default): UPDATE `users` SET `clr`=$1,`updatedAt`=$2 WHERE `id` = $3; {"$1":"#00aaaa;0","$2":"2022-05-21 20:39:38.744 +00:00","$3":"974480619432206336"}
[27552759 (499341)] Executing (default): UPDATE `users` SET `cmds`=$1,`updatedAt`=$2 WHERE `id` = $3; {"$1":26685,"$2":"2022-05-21 20:39:38.756 +00:00","$3":"671708767813107724"}
[27552759 (499359)] Executing (default): UPDATE `users` SET `cmds`=$1,`updatedAt`=$2 WHERE `id` = $3; {"$1":18,"$2":"2022-05-21 20:39:38.774 +00:00","$3":"974480619432206336"}
[27552759 (519236)] Executing (default): UPDATE `users` SET `clr`=$1,`updatedAt`=$2 WHERE `id` = $3; {"$1":"#00aaaa;0","$2":"2022-05-21 20:39:58.652 +00:00","$3":"974480619432206336"}
[27552759 (519249)] Executing (default): UPDATE `users` SET `cmds`=$1,`updatedAt`=$2 WHERE `id` = $3; {"$1":26686,"$2":"2022-05-21 20:39:58.665 +00:00","$3":"671708767813107724"}
[27552759 (519264)] Executing (default): UPDATE `users` SET `cmds`=$1,`updatedAt`=$2 WHERE `id` = $3; {"$1":19,"$2":"2022-05-21 20:39:58.679 +00:00","$3":"974480619432206336"}
[27552760 (574867)] Executing (default): UPDATE `users` SET `xp`=$1,`xpc`=$2,`updatedAt`=$3 WHERE `id` = $4; {"$1":"2;322","$2":27552761,"$3":"2022-05-21 20:40:54.282 +00:00","$4":"974480619432206336"}
[27552760 (574884)] Executing (default): UPDATE `users` SET `clr`=$1,`updatedAt`=$2 WHERE `id` = $3; {"$1":"#00aaaa;0","$2":"2022-05-21 20:40:54.299 +00:00","$3":"974480619432206336"}
[27552760 (574899)] Executing (default): UPDATE `users` SET `cmds`=$1,`updatedAt`=$2 WHERE `id` = $3; {"$1":26687,"$2":"2022-05-21 20:40:54.315 +00:00","$3":"671708767813107724"}
[27552760 (574913)] Executing (default): UPDATE `users` SET `id`=$1,`updatedAt`=$2 WHERE `id` = $3; {"$1":"974480619432206336","$2":"2022-05-21 20:40:54.329 +00:00","$3":"501710994293129216"}
[27552760 (574916)] Executing (default): UPDATE `users` SET `cmds`=$1,`updatedAt`=$2 WHERE `id` = $3; {"$1":20,"$2":"2022-05-21 20:40:54.331 +00:00","$3":"974480619432206336"}
[27552761 (604577)] Executing (default): UPDATE `users` SET `xp`=$1,`xpc`=$2,`updatedAt`=$3 WHERE `id` = $4; {"$1":"2;340","$2":27552762,"$3":"2022-05-21 20:41:23.993 +00:00","$4":"974480619432206336"}
[27552761 (604587)] Executing (default): UPDATE `users` SET `clr`=$1,`updatedAt`=$2 WHERE `id` = $3; {"$1":"#00aaaa;0","$2":"2022-05-21 20:41:24.002 +00:00","$3":"974480619432206336"}
[27552761 (604599)] Executing (default): UPDATE `users` SET `cmds`=$1,`updatedAt`=$2 WHERE `id` = $3; {"$1":26688,"$2":"2022-05-21 20:41:24.014 +00:00","$3":"671708767813107724"}
[27552761 (604614)] Executing (default): UPDATE `users` SET `id`=$1,`updatedAt`=$2 WHERE `id` = $3; {"$1":"501710994293129216","$2":"2022-05-21 20:41:24.030 +00:00","$3":"974480619432206336"}
[27552761 (604617)] Executing (default): UPDATE `users` SET `cmds`=$1,`updatedAt`=$2 WHERE `id` = $3; {"$1":21,"$2":"2022-05-21 20:41:24.032 +00:00","$3":"974480619432206336"}
[27552762 (686223)] Executing (default): UPDATE `users` SET `xp`=$1,`xpc`=$2,`updatedAt`=$3 WHERE `id` = $4; {"$1":"2;360","$2":27552763,"$3":"2022-05-21 20:42:45.639 +00:00","$4":"974480619432206336"}
[27552762 (686233)] Executing (default): UPDATE `users` SET `clr`=$1,`updatedAt`=$2 WHERE `id` = $3; {"$1":"#00aaaa;0","$2":"2022-05-21 20:42:45.648 +00:00","$3":"974480619432206336"}
[27552762 (686248)] Executing (default): UPDATE `users` SET `cmds`=$1,`updatedAt`=$2 WHERE `id` = $3; {"$1":26689,"$2":"2022-05-21 20:42:45.664 +00:00","$3":"671708767813107724"}
[27552762 (686260)] Executing (default): UPDATE `users` SET `cmds`=$1,`updatedAt`=$2 WHERE `id` = $3; {"$1":22,"$2":"2022-05-21 20:42:45.675 +00:00","$3":"974480619432206336"}
[27552762 (696005)] Executing (default): UPDATE `users` SET `clr`=$1,`updatedAt`=$2 WHERE `id` = $3; {"$1":"#00aaaa;0","$2":"2022-05-21 20:42:55.421 +00:00","$3":"974480619432206336"}
[27552762 (696018)] Executing (default): UPDATE `users` SET `cmds`=$1,`updatedAt`=$2 WHERE `id` = $3; {"$1":26690,"$2":"2022-05-21 20:42:55.434 +00:00","$3":"671708767813107724"}
[27552762 (696033)] Executing (default): UPDATE `users` SET `cmds`=$1,`updatedAt`=$2 WHERE `id` = $3; {"$1":23,"$2":"2022-05-21 20:42:55.448 +00:00","$3":"974480619432206336"}
[27552762 (699301)] Executing (default): UPDATE `users` SET `clr`=$1,`updatedAt`=$2 WHERE `id` = $3; {"$1":"#00aaaa;0","$2":"2022-05-21 20:42:58.717 +00:00","$3":"974480619432206336"}
[27552762 (699317)] Executing (default): UPDATE `users` SET `cmds`=$1,`updatedAt`=$2 WHERE `id` = $3; {"$1":26691,"$2":"2022-05-21 20:42:58.733 +00:00","$3":"671708767813107724"}
[27552762 (699327)] Executing (default): UPDATE `users` SET `cmds`=$1,`updatedAt`=$2 WHERE `id` = $3; {"$1":24,"$2":"2022-05-21 20:42:58.742 +00:00","$3":"974480619432206336"}
[27552764 (5732)] Executing (default): UPDATE `users` SET `xp`=$1,`xpc`=$2,`updatedAt`=$3 WHERE `id` = $4; {"$1":"2;376","$2":27552765,"$3":"2022-05-21 20:44:37.415 +00:00","$4":"974480619432206336"}
[27552764 (5744)] Executing (default): UPDATE `users` SET `clr`=$1,`updatedAt`=$2 WHERE `id` = $3; {"$1":"#00aaaa;0","$2":"2022-05-21 20:44:37.430 +00:00","$3":"974480619432206336"}
[27552764 (5759)] Executing (default): UPDATE `users` SET `cmds`=$1,`updatedAt`=$2 WHERE `id` = $3; {"$1":26692,"$2":"2022-05-21 20:44:37.446 +00:00","$3":"671708767813107724"}
[27552764 (6234)] Executing (default): UPDATE `users` SET `cmds`=$1,`updatedAt`=$2 WHERE `id` = $3; {"$1":25,"$2":"2022-05-21 20:44:37.921 +00:00","$3":"974480619432206336"}
[27552766 (4473)] Executing (default): UPDATE `users` SET `xp`=$1,`xpc`=$2,`updatedAt`=$3 WHERE `id` = $4; {"$1":"2;398","$2":27552767,"$3":"2022-05-21 20:46:26.036 +00:00","$4":"974480619432206336"}
[27552766 (4485)] Executing (default): UPDATE `users` SET `clr`=$1,`updatedAt`=$2 WHERE `id` = $3; {"$1":"#00aaaa;0","$2":"2022-05-21 20:46:26.051 +00:00","$3":"974480619432206336"}
[27552766 (4500)] Executing (default): UPDATE `users` SET `cmds`=$1,`updatedAt`=$2 WHERE `id` = $3; {"$1":26693,"$2":"2022-05-21 20:46:26.067 +00:00","$3":"671708767813107724"}
[27552766 (4902)] Executing (default): UPDATE `users` SET `cmds`=$1,`updatedAt`=$2 WHERE `id` = $3; {"$1":26,"$2":"2022-05-21 20:46:26.469 +00:00","$3":"974480619432206336"}
[27552774 (472364)] Executing (default): UPDATE `users` SET `xp`=$1,`xpc`=$2,`updatedAt`=$3 WHERE `id` = $4; {"$1":"3;417","$2":27552775,"$3":"2022-05-21 20:54:13.931 +00:00","$4":"974480619432206336"}
[27552774 (472378)] Executing (default): UPDATE `users` SET `clr`=$1,`updatedAt`=$2 WHERE `id` = $3; {"$1":"#00aaaa;0","$2":"2022-05-21 20:54:13.945 +00:00","$3":"974480619432206336"}
[27552774 (472393)] Executing (default): UPDATE `users` SET `cmds`=$1,`updatedAt`=$2 WHERE `id` = $3; {"$1":26694,"$2":"2022-05-21 20:54:13.961 +00:00","$3":"671708767813107724"}
[27552774 (472413)] Executing (default): UPDATE `users` SET `cmds`=$1,`updatedAt`=$2 WHERE `id` = $3; {"$1":27,"$2":"2022-05-21 20:54:13.980 +00:00","$3":"974480619432206336"}
[27552774 (472639)] Executing (default): INSERT INTO `channels` (`id`,`pkg`,`snipe`,`createdAt`,`updatedAt`) VALUES ($1,$2,$3,$4,$5); {"$1":"977280589109526548","$2":false,"$3":"911799544017199124;Tm8gbWVzc2FnZSBmb3VuZCB3aXRoaW4gY3VycmVudCBjaGFubmVsLg","$4":"2022-05-21 20:54:14.206 +00:00","$5":"2022-05-21 20:54:14.206 +00:00"}
[27552778 (204126)] Executing (default): UPDATE `users` SET `xp`=$1,`xpc`=$2,`updatedAt`=$3 WHERE `id` = $4; {"$1":"3;449","$2":27552779,"$3":"2022-05-21 20:58:52.841 +00:00","$4":"974480619432206336"}
[27552778 (204136)] Executing (default): UPDATE `users` SET `clr`=$1,`updatedAt`=$2 WHERE `id` = $3; {"$1":"#00aaaa;0","$2":"2022-05-21 20:58:52.854 +00:00","$3":"974480619432206336"}
[27552778 (204157)] Executing (default): UPDATE `users` SET `cmds`=$1,`updatedAt`=$2 WHERE `id` = $3; {"$1":26695,"$2":"2022-05-21 20:58:52.875 +00:00","$3":"671708767813107724"}
[27552778 (204178)] Executing (default): UPDATE `users` SET `cst`=$1,`updatedAt`=$2 WHERE `id` = $3; {"$1":"pstn;tst;tgt;801010426405322762;rebel;noxp","$2":"2022-05-21 20:58:52.897 +00:00","$3":"974480619432206336"}
[27552778 (204409)] Executing (default): UPDATE `users` SET `cmds`=$1,`updatedAt`=$2 WHERE `id` = $3; {"$1":28,"$2":"2022-05-21 20:58:53.128 +00:00","$3":"974480619432206336"}
[27552778 (205708)] Executing (default): UPDATE `users` SET `clr`=$1,`updatedAt`=$2 WHERE `id` = $3; {"$1":"#00aaaa;0","$2":"2022-05-21 20:58:54.427 +00:00","$3":"974480619432206336"}
[27552778 (205723)] Executing (default): UPDATE `users` SET `cmds`=$1,`updatedAt`=$2 WHERE `id` = $3; {"$1":26696,"$2":"2022-05-21 20:58:54.442 +00:00","$3":"671708767813107724"}
[27552778 (205742)] Executing (default): UPDATE `users` SET `cmds`=$1,`updatedAt`=$2 WHERE `id` = $3; {"$1":29,"$2":"2022-05-21 20:58:54.461 +00:00","$3":"974480619432206336"}
[27552792 (5630)] Executing (default): UPDATE `users` SET `clr`=$1,`updatedAt`=$2 WHERE `id` = $3; {"$1":"#00aaaa;0","$2":"2022-05-21 21:12:55.530 +00:00","$3":"974480619432206336"}
[27552792 (5648)] Executing (default): UPDATE `users` SET `cmds`=$1,`updatedAt`=$2 WHERE `id` = $3; {"$1":26697,"$2":"2022-05-21 21:12:55.550 +00:00","$3":"671708767813107724"}
[27552792 (5672)] Executing (default): UPDATE `users` SET `cmds`=$1,`updatedAt`=$2 WHERE `id` = $3; {"$1":30,"$2":"2022-05-21 21:12:55.574 +00:00","$3":"974480619432206336"}
[27552793 (18309)] Executing (default): UPDATE `users` SET `clr`=$1,`updatedAt`=$2 WHERE `id` = $3; {"$1":"#00aaaa;0","$2":"2022-05-21 21:13:08.212 +00:00","$3":"974480619432206336"}
[27552793 (18328)] Executing (default): UPDATE `users` SET `cmds`=$1,`updatedAt`=$2 WHERE `id` = $3; {"$1":26698,"$2":"2022-05-21 21:13:08.230 +00:00","$3":"671708767813107724"}
[27552793 (18348)] Executing (default): UPDATE `users` SET `cmds`=$1,`updatedAt`=$2 WHERE `id` = $3; {"$1":31,"$2":"2022-05-21 21:13:08.251 +00:00","$3":"974480619432206336"}
[27552793 (2347)] Executing (default): UPDATE `users` SET `clr`=$1,`updatedAt`=$2 WHERE `id` = $3; {"$1":"#00aaaa;0","$2":"2022-05-21 21:13:46.670 +00:00","$3":"974480619432206336"}
[27552793 (2368)] Executing (default): UPDATE `users` SET `cmds`=$1,`updatedAt`=$2 WHERE `id` = $3; {"$1":26699,"$2":"2022-05-21 21:13:46.694 +00:00","$3":"671708767813107724"}
[27552793 (2387)] Executing (default): UPDATE `users` SET `cmds`=$1,`updatedAt`=$2 WHERE `id` = $3; {"$1":32,"$2":"2022-05-21 21:13:46.714 +00:00","$3":"974480619432206336"}
[27552794 (3415)] Executing (default): UPDATE `users` SET `clr`=$1,`updatedAt`=$2 WHERE `id` = $3; {"$1":"#00aaaa;0","$2":"2022-05-21 21:14:44.827 +00:00","$3":"974480619432206336"}
[27552794 (3431)] Executing (default): UPDATE `users` SET `cmds`=$1,`updatedAt`=$2 WHERE `id` = $3; {"$1":26700,"$2":"2022-05-21 21:14:44.847 +00:00","$3":"671708767813107724"}
[27552794 (3452)] Executing (default): UPDATE `users` SET `cmds`=$1,`updatedAt`=$2 WHERE `id` = $3; {"$1":33,"$2":"2022-05-21 21:14:44.867 +00:00","$3":"974480619432206336"}
[27552795 (2078)] Executing (default): UPDATE `users` SET `clr`=$1,`updatedAt`=$2 WHERE `id` = $3; {"$1":"#00aaaa;0","$2":"2022-05-21 21:15:58.226 +00:00","$3":"974480619432206336"}
[27552795 (2097)] Executing (default): UPDATE `users` SET `cmds`=$1,`updatedAt`=$2 WHERE `id` = $3; {"$1":26701,"$2":"2022-05-21 21:15:58.247 +00:00","$3":"671708767813107724"}
[27552795 (2124)] Executing (default): UPDATE `users` SET `cmds`=$1,`updatedAt`=$2 WHERE `id` = $3; {"$1":34,"$2":"2022-05-21 21:15:58.269 +00:00","$3":"974480619432206336"}
[27552796 (2851)] Executing (default): UPDATE `users` SET `clr`=$1,`updatedAt`=$2 WHERE `id` = $3; {"$1":"#00aaaa;0","$2":"2022-05-21 21:16:41.509 +00:00","$3":"974480619432206336"}
[27552796 (2869)] Executing (default): UPDATE `users` SET `cmds`=$1,`updatedAt`=$2 WHERE `id` = $3; {"$1":26702,"$2":"2022-05-21 21:16:41.532 +00:00","$3":"671708767813107724"}
[27552796 (2906)] Executing (default): UPDATE `users` SET `cmds`=$1,`updatedAt`=$2 WHERE `id` = $3; {"$1":35,"$2":"2022-05-21 21:16:41.569 +00:00","$3":"974480619432206336"}
[27552797 (5024)] Executing (default): UPDATE `users` SET `clr`=$1,`updatedAt`=$2 WHERE `id` = $3; {"$1":"#00aaaa;0","$2":"2022-05-21 21:17:50.574 +00:00","$3":"974480619432206336"}
[27552797 (5043)] Executing (default): UPDATE `users` SET `cmds`=$1,`updatedAt`=$2 WHERE `id` = $3; {"$1":26703,"$2":"2022-05-21 21:17:50.598 +00:00","$3":"671708767813107724"}
[27552797 (5062)] Executing (default): UPDATE `users` SET `cmds`=$1,`updatedAt`=$2 WHERE `id` = $3; {"$1":36,"$2":"2022-05-21 21:17:50.617 +00:00","$3":"974480619432206336"}
[27552798 (3029)] Executing (default): UPDATE `users` SET `clr`=$1,`updatedAt`=$2 WHERE `id` = $3; {"$1":"#00aaaa;0","$2":"2022-05-21 21:18:47.284 +00:00","$3":"974480619432206336"}
[27552798 (3045)] Executing (default): UPDATE `users` SET `cmds`=$1,`updatedAt`=$2 WHERE `id` = $3; {"$1":26704,"$2":"2022-05-21 21:18:47.304 +00:00","$3":"671708767813107724"}
[27552798 (3074)] Executing (default): UPDATE `users` SET `cmds`=$1,`updatedAt`=$2 WHERE `id` = $3; {"$1":37,"$2":"2022-05-21 21:18:47.332 +00:00","$3":"974480619432206336"}
[27552799 (2931)] Executing (default): UPDATE `users` SET `clr`=$1,`updatedAt`=$2 WHERE `id` = $3; {"$1":"#00aaaa;0","$2":"2022-05-21 21:19:32.397 +00:00","$3":"974480619432206336"}
[27552799 (2949)] Executing (default): UPDATE `users` SET `cmds`=$1,`updatedAt`=$2 WHERE `id` = $3; {"$1":26705,"$2":"2022-05-21 21:19:32.416 +00:00","$3":"671708767813107724"}
[27552799 (2968)] Executing (default): UPDATE `users` SET `cmds`=$1,`updatedAt`=$2 WHERE `id` = $3; {"$1":38,"$2":"2022-05-21 21:19:32.435 +00:00","$3":"974480619432206336"}
[27552800 (1605)] Executing (default): UPDATE `users` SET `clr`=$1,`updatedAt`=$2 WHERE `id` = $3; {"$1":"#00aaaa;0","$2":"2022-05-21 21:20:07.934 +00:00","$3":"974480619432206336"}
[27552800 (1622)] Executing (default): UPDATE `users` SET `cmds`=$1,`updatedAt`=$2 WHERE `id` = $3; {"$1":26706,"$2":"2022-05-21 21:20:07.954 +00:00","$3":"671708767813107724"}
[27552800 (1644)] Executing (default): UPDATE `users` SET `cmds`=$1,`updatedAt`=$2 WHERE `id` = $3; {"$1":39,"$2":"2022-05-21 21:20:07.977 +00:00","$3":"974480619432206336"}
[27552800 (24651)] Executing (default): UPDATE `users` SET `clr`=$1,`updatedAt`=$2 WHERE `id` = $3; {"$1":"#00aaaa;0","$2":"2022-05-21 21:20:30.984 +00:00","$3":"974480619432206336"}
[27552800 (24664)] Executing (default): UPDATE `users` SET `cmds`=$1,`updatedAt`=$2 WHERE `id` = $3; {"$1":26707,"$2":"2022-05-21 21:20:30.998 +00:00","$3":"671708767813107724"}
[27552800 (24687)] Executing (default): UPDATE `users` SET `cmds`=$1,`updatedAt`=$2 WHERE `id` = $3; {"$1":40,"$2":"2022-05-21 21:20:31.019 +00:00","$3":"974480619432206336"}
[27552801 (8029)] Executing (default): UPDATE `users` SET `clr`=$1,`updatedAt`=$2 WHERE `id` = $3; {"$1":"#00aaaa;0","$2":"2022-05-21 21:21:05.473 +00:00","$3":"974480619432206336"}
[27552801 (8046)] Executing (default): UPDATE `users` SET `cmds`=$1,`updatedAt`=$2 WHERE `id` = $3; {"$1":26708,"$2":"2022-05-21 21:21:05.492 +00:00","$3":"671708767813107724"}
[27552801 (8069)] Executing (default): UPDATE `users` SET `cmds`=$1,`updatedAt`=$2 WHERE `id` = $3; {"$1":41,"$2":"2022-05-21 21:21:05.515 +00:00","$3":"974480619432206336"}
[27552804 (38402)] Executing (default): UPDATE `users` SET `clr`=$1,`updatedAt`=$2 WHERE `id` = $3; {"$1":"#00aaaa;0","$2":"2022-05-21 21:24:04.483 +00:00","$3":"974480619432206336"}
[27552804 (38420)] Executing (default): UPDATE `users` SET `cmds`=$1,`updatedAt`=$2 WHERE `id` = $3; {"$1":26709,"$2":"2022-05-21 21:24:04.503 +00:00","$3":"671708767813107724"}
[27552804 (38438)] Executing (default): UPDATE `users` SET `cmds`=$1,`updatedAt`=$2 WHERE `id` = $3; {"$1":42,"$2":"2022-05-21 21:24:04.521 +00:00","$3":"974480619432206336"}
[27552804 (3059)] Executing (default): UPDATE `users` SET `clr`=$1,`updatedAt`=$2 WHERE `id` = $3; {"$1":"#00aaaa;0","$2":"2022-05-21 21:24:51.546 +00:00","$3":"974480619432206336"}
[27552804 (3077)] Executing (default): UPDATE `users` SET `cmds`=$1,`updatedAt`=$2 WHERE `id` = $3; {"$1":26710,"$2":"2022-05-21 21:24:51.569 +00:00","$3":"671708767813107724"}
[27552804 (3095)] Executing (default): UPDATE `users` SET `drgs`=$1,`srchc`=$2,`updatedAt`=$3 WHERE `id` = $4; {"$1":";;;;32;;;;;;;;;;;;;;;","$2":"27552805.19","$3":"2022-05-21 21:24:51.588 +00:00","$4":"974480619432206336"}
[27552804 (7630)] Executing (default): UPDATE `users` SET `drgn`=$1,`updatedAt`=$2 WHERE `id` = $3; {"$1":"1;1&4;7&1;1&2;1;1;1;1;0;1","$2":"2022-05-21 21:24:56.123 +00:00","$3":"974480619432206336"}
[27552804 (7642)] Executing (default): UPDATE `users` SET `cmds`=$1,`updatedAt`=$2 WHERE `id` = $3; {"$1":43,"$2":"2022-05-21 21:24:56.135 +00:00","$3":"974480619432206336"}
[27552807 (175232)] Executing (default): UPDATE `users` SET `clr`=$1,`updatedAt`=$2 WHERE `id` = $3; {"$1":"#00aaaa;0","$2":"2022-05-21 21:27:43.726 +00:00","$3":"974480619432206336"}
[27552807 (175248)] Executing (default): UPDATE `users` SET `cmds`=$1,`updatedAt`=$2 WHERE `id` = $3; {"$1":26711,"$2":"2022-05-21 21:27:43.741 +00:00","$3":"671708767813107724"}
[27552807 (175267)] Executing (default): UPDATE `users` SET `cmds`=$1,`updatedAt`=$2 WHERE `id` = $3; {"$1":44,"$2":"2022-05-21 21:27:43.760 +00:00","$3":"974480619432206336"}
[27552817 (773690)] Executing (default): UPDATE `users` SET `clr`=$1,`updatedAt`=$2 WHERE `id` = $3; {"$1":"#00aaaa;0","$2":"2022-05-21 21:37:42.182 +00:00","$3":"974480619432206336"}
[27552817 (773707)] Executing (default): UPDATE `users` SET `cmds`=$1,`updatedAt`=$2 WHERE `id` = $3; {"$1":26712,"$2":"2022-05-21 21:37:42.200 +00:00","$3":"671708767813107724"}
[27552817 (774038)] Executing (default): UPDATE `users` SET `cmds`=$1,`updatedAt`=$2 WHERE `id` = $3; {"$1":45,"$2":"2022-05-21 21:37:42.531 +00:00","$3":"974480619432206336"}
[27552858 (3218911)] Executing (default): UPDATE `users` SET `clr`=$1,`updatedAt`=$2 WHERE `id` = $3; {"$1":"#00aaaa;0","$2":"2022-05-21 22:18:27.403 +00:00","$3":"974480619432206336"}
[27552858 (3218926)] Executing (default): UPDATE `users` SET `cmds`=$1,`updatedAt`=$2 WHERE `id` = $3; {"$1":26713,"$2":"2022-05-21 22:18:27.419 +00:00","$3":"671708767813107724"}
[27552858 (3219227)] Executing (default): UPDATE `users` SET `cmds`=$1,`updatedAt`=$2 WHERE `id` = $3; {"$1":46,"$2":"2022-05-21 22:18:27.719 +00:00","$3":"974480619432206336"}
[27552859 (3255031)] Executing (default): UPDATE `users` SET `clr`=$1,`updatedAt`=$2 WHERE `id` = $3; {"$1":"#00aaaa;0","$2":"2022-05-21 22:19:03.524 +00:00","$3":"974480619432206336"}
[27552859 (3255044)] Executing (default): UPDATE `users` SET `cmds`=$1,`updatedAt`=$2 WHERE `id` = $3; {"$1":26714,"$2":"2022-05-21 22:19:03.537 +00:00","$3":"671708767813107724"}
[27552859 (3255266)] Executing (default): UPDATE `users` SET `cmds`=$1,`updatedAt`=$2 WHERE `id` = $3; {"$1":47,"$2":"2022-05-21 22:19:03.760 +00:00","$3":"974480619432206336"}
