[27562341 (56988)] Executing (default): UPDATE `users` SET `clr`=$1,`updatedAt`=$2 WHERE `id` = $3; {"$1":"#00aaaa;0","$2":"2022-05-28 12:21:07.120 +00:00","$3":"974480619432206336"}
[27562341 (57002)] Executing (default): UPDATE `users` SET `cmds`=$1,`updatedAt`=$2 WHERE `id` = $3; {"$1":26746,"$2":"2022-05-28 12:21:07.140 +00:00","$3":"671708767813107724"}
[27562341 (57012)] Executing (default): UPDATE `guilds` SET `prefix`=$1,`updatedAt`=$2 WHERE `id` = $3; {"$1":".","$2":"2022-05-28 12:21:07.151 +00:00","$3":"975566112827785236"}
[27562341 (57022)] Executing (default): UPDATE `users` SET `cmds`=$1,`updatedAt`=$2 WHERE `id` = $3; {"$1":79,"$2":"2022-05-28 12:21:07.159 +00:00","$3":"974480619432206336"}
[27562342 (128429)] Executing (default): UPDATE `users` SET `clr`=$1,`updatedAt`=$2 WHERE `id` = $3; {"$1":"#00aaaa;0","$2":"2022-05-28 12:22:18.567 +00:00","$3":"974480619432206336"}
[27562342 (128441)] Executing (default): UPDATE `users` SET `cmds`=$1,`updatedAt`=$2 WHERE `id` = $3; {"$1":26747,"$2":"2022-05-28 12:22:18.579 +00:00","$3":"671708767813107724"}
[27562342 (128451)] Executing (default): UPDATE `guilds` SET `prefix`=$1,`updatedAt`=$2 WHERE `id` = $3; {"$1":"~","$2":"2022-05-28 12:22:18.589 +00:00","$3":"975566112827785236"}
[27562342 (128460)] Executing (default): UPDATE `users` SET `cmds`=$1,`updatedAt`=$2 WHERE `id` = $3; {"$1":80,"$2":"2022-05-28 12:22:18.598 +00:00","$3":"974480619432206336"}
[27562372 (1937632)] Executing (default): UPDATE `users` SET `clr`=$1,`updatedAt`=$2 WHERE `id` = $3; {"$1":"#00aaaa;0","$2":"2022-05-28 12:52:27.771 +00:00","$3":"974480619432206336"}
[27562372 (1937645)] Executing (default): UPDATE `users` SET `cmds`=$1,`updatedAt`=$2 WHERE `id` = $3; {"$1":26748,"$2":"2022-05-28 12:52:27.783 +00:00","$3":"671708767813107724"}
[27562372 (1937660)] Executing (default): UPDATE `users` SET `cmds`=$1,`updatedAt`=$2 WHERE `id` = $3; {"$1":81,"$2":"2022-05-28 12:52:27.798 +00:00","$3":"974480619432206336"}
[27562372 (1939345)] Executing (default): UPDATE `users` SET `clr`=$1,`updatedAt`=$2 WHERE `id` = $3; {"$1":"#00aaaa;0","$2":"2022-05-28 12:52:29.483 +00:00","$3":"974480619432206336"}
[27562372 (1939358)] Executing (default): UPDATE `users` SET `cmds`=$1,`updatedAt`=$2 WHERE `id` = $3; {"$1":26749,"$2":"2022-05-28 12:52:29.496 +00:00","$3":"671708767813107724"}
[27562372 (1939377)] Executing (default): UPDATE `users` SET `cmds`=$1,`updatedAt`=$2 WHERE `id` = $3; {"$1":82,"$2":"2022-05-28 12:52:29.515 +00:00","$3":"974480619432206336"}
[27562372 (1947906)] Executing (default): UPDATE `users` SET `clr`=$1,`updatedAt`=$2 WHERE `id` = $3; {"$1":"#00aaaa;0","$2":"2022-05-28 12:52:38.044 +00:00","$3":"974480619432206336"}
[27562372 (1947920)] Executing (default): UPDATE `users` SET `cmds`=$1,`updatedAt`=$2 WHERE `id` = $3; {"$1":26750,"$2":"2022-05-28 12:52:38.058 +00:00","$3":"671708767813107724"}
[27562372 (1947933)] Executing (default): UPDATE `users` SET `drgs`=$1,`srchc`=$2,`updatedAt`=$3 WHERE `id` = $4; {"$1":";;;;63;;;;;;;;;;;;;;;","$2":"27562372.97","$3":"2022-05-28 12:52:38.071 +00:00","$4":"974480619432206336"}
[27562372 (1952472)] Executing (default): UPDATE `users` SET `drgn`=$1,`updatedAt`=$2 WHERE `id` = $3; {"$1":"1;1&4;4&1;2&2;1;1;1;1;0;1","$2":"2022-05-28 12:52:42.610 +00:00","$3":"974480619432206336"}
[27562372 (1952480)] Executing (default): UPDATE `users` SET `cmds`=$1,`updatedAt`=$2 WHERE `id` = $3; {"$1":83,"$2":"2022-05-28 12:52:42.618 +00:00","$3":"974480619432206336"}
[27562372 (1957161)] Executing (default): UPDATE `users` SET `clr`=$1,`updatedAt`=$2 WHERE `id` = $3; {"$1":"#00aaaa;0","$2":"2022-05-28 12:52:47.300 +00:00","$3":"974480619432206336"}
[27562372 (1957174)] Executing (default): UPDATE `users` SET `cmds`=$1,`updatedAt`=$2 WHERE `id` = $3; {"$1":26751,"$2":"2022-05-28 12:52:47.312 +00:00","$3":"671708767813107724"}
[27562372 (1957184)] Executing (default): UPDATE `users` SET `cmds`=$1,`updatedAt`=$2 WHERE `id` = $3; {"$1":84,"$2":"2022-05-28 12:52:47.322 +00:00","$3":"974480619432206336"}
[27562372 (1964034)] Executing (default): UPDATE `users` SET `clr`=$1,`updatedAt`=$2 WHERE `id` = $3; {"$1":"#00aaaa;0","$2":"2022-05-28 12:52:54.172 +00:00","$3":"974480619432206336"}
[27562372 (1964047)] Executing (default): UPDATE `users` SET `cmds`=$1,`updatedAt`=$2 WHERE `id` = $3; {"$1":26752,"$2":"2022-05-28 12:52:54.186 +00:00","$3":"671708767813107724"}
[27562372 (1964059)] Executing (default): UPDATE `users` SET `cmds`=$1,`updatedAt`=$2 WHERE `id` = $3; {"$1":85,"$2":"2022-05-28 12:52:54.197 +00:00","$3":"974480619432206336"}
[27562373 (8317)] Executing (default): UPDATE `users` SET `clr`=$1,`updatedAt`=$2 WHERE `id` = $3; {"$1":"#00aaaa;0","$2":"2022-05-28 12:53:56.882 +00:00","$3":"974480619432206336"}
[27562373 (8333)] Executing (default): UPDATE `users` SET `cmds`=$1,`updatedAt`=$2 WHERE `id` = $3; {"$1":26753,"$2":"2022-05-28 12:53:56.901 +00:00","$3":"671708767813107724"}
[27562373 (8352)] Executing (default): UPDATE `users` SET `drgn`=$1,`strc`=$2,`updatedAt`=$3 WHERE `id` = $4; {"$1":"1;1&4;4&1;2&2;1;1;1;1;1;1","$2":27562553,"$3":"2022-05-28 12:53:56.921 +00:00","$4":"974480619432206336"}
[27562373 (8364)] Executing (default): UPDATE `users` SET `cmds`=$1,`updatedAt`=$2 WHERE `id` = $3; {"$1":86,"$2":"2022-05-28 12:53:56.933 +00:00","$3":"974480619432206336"}
[27562376 (133615)] Executing (default): UPDATE `users` SET `clr`=$1,`updatedAt`=$2 WHERE `id` = $3; {"$1":"#00aaaa;0","$2":"2022-05-28 12:56:02.184 +00:00","$3":"974480619432206336"}
[27562376 (133631)] Executing (default): UPDATE `users` SET `cmds`=$1,`updatedAt`=$2 WHERE `id` = $3; {"$1":26754,"$2":"2022-05-28 12:56:02.200 +00:00","$3":"671708767813107724"}
[27562376 (133644)] Executing (default): UPDATE `users` SET `cmds`=$1,`updatedAt`=$2 WHERE `id` = $3; {"$1":87,"$2":"2022-05-28 12:56:02.212 +00:00","$3":"671708767813107724"}
[27562376 (139198)] Executing (default): UPDATE `users` SET `clr`=$1,`updatedAt`=$2 WHERE `id` = $3; {"$1":"#00aaaa;0","$2":"2022-05-28 12:56:07.768 +00:00","$3":"974480619432206336"}
[27562376 (139214)] Executing (default): UPDATE `users` SET `cmds`=$1,`updatedAt`=$2 WHERE `id` = $3; {"$1":88,"$2":"2022-05-28 12:56:07.782 +00:00","$3":"671708767813107724"}
[27562376 (139231)] Executing (default): UPDATE `users` SET `cst`=$1,`updatedAt`=$2 WHERE `id` = $3; {"$1":"977289979220856852;977292986872373332;977291387911422022;wl","$2":"2022-05-28 12:56:07.801 +00:00","$3":"671708767813107724"}
[27562376 (139426)] Executing (default): UPDATE `users` SET `xp`=$1,`xpc`=$2,`updatedAt`=$3 WHERE `id` = $4; {"$1":"1;27","$2":27562377,"$3":"2022-05-28 12:56:07.995 +00:00","$4":"671708767813107724"}
[27562376 (139444)] Executing (default): UPDATE `users` SET `cmds`=$1,`updatedAt`=$2 WHERE `id` = $3; {"$1":87,"$2":"2022-05-28 12:56:08.013 +00:00","$3":"974480619432206336"}
[27562376 (144263)] Executing (default): UPDATE `users` SET `clr`=$1,`updatedAt`=$2 WHERE `id` = $3; {"$1":"#00aaaa;0","$2":"2022-05-28 12:56:12.833 +00:00","$3":"974480619432206336"}
[27562376 (144280)] Executing (default): UPDATE `users` SET `cmds`=$1,`updatedAt`=$2 WHERE `id` = $3; {"$1":89,"$2":"2022-05-28 12:56:12.849 +00:00","$3":"671708767813107724"}
[27562376 (144290)] Executing (default): UPDATE `users` SET `cmds`=$1,`updatedAt`=$2 WHERE `id` = $3; {"$1":88,"$2":"2022-05-28 12:56:12.859 +00:00","$3":"671708767813107724"}
[27562376 (144308)] Executing (default): UPDATE `users` SET `clr`=$1,`updatedAt`=$2 WHERE `id` = $3; {"$1":"#00aaaa;0","$2":"2022-05-28 12:56:12.877 +00:00","$3":"671708767813107724"}
[27562376 (144320)] Executing (default): UPDATE `users` SET `cmds`=$1,`updatedAt`=$2 WHERE `id` = $3; {"$1":89,"$2":"2022-05-28 12:56:12.889 +00:00","$3":"671708767813107724"}
[27562376 (144338)] Executing (default): UPDATE `users` SET `cmds`=$1,`updatedAt`=$2 WHERE `id` = $3; {"$1":90,"$2":"2022-05-28 12:56:12.907 +00:00","$3":"671708767813107724"}
[27562376 (155598)] Executing (default): UPDATE `users` SET `clr`=$1,`updatedAt`=$2 WHERE `id` = $3; {"$1":"#00aaaa;0","$2":"2022-05-28 12:56:24.167 +00:00","$3":"974480619432206336"}
[27562376 (155611)] Executing (default): UPDATE `users` SET `cmds`=$1,`updatedAt`=$2 WHERE `id` = $3; {"$1":91,"$2":"2022-05-28 12:56:24.179 +00:00","$3":"671708767813107724"}
[27562376 (155959)] Executing (default): UPDATE `users` SET `cmds`=$1,`updatedAt`=$2 WHERE `id` = $3; {"$1":88,"$2":"2022-05-28 12:56:24.528 +00:00","$3":"974480619432206336"}
[27562377 (197205)] Executing (default): UPDATE `users` SET `clr`=$1,`updatedAt`=$2 WHERE `id` = $3; {"$1":"#00aaaa;0","$2":"2022-05-28 12:57:05.774 +00:00","$3":"974480619432206336"}
[27562377 (197222)] Executing (default): UPDATE `users` SET `cmds`=$1,`updatedAt`=$2 WHERE `id` = $3; {"$1":92,"$2":"2022-05-28 12:57:05.791 +00:00","$3":"671708767813107724"}
[27562377 (197240)] Executing (default): UPDATE `users` SET `cmds`=$1,`updatedAt`=$2 WHERE `id` = $3; {"$1":89,"$2":"2022-05-28 12:57:05.809 +00:00","$3":"671708767813107724"}
[27562377 (197255)] Executing (default): UPDATE `users` SET `xp`=$1,`xpc`=$2,`updatedAt`=$3 WHERE `id` = $4; {"$1":"1;55","$2":27562378,"$3":"2022-05-28 12:57:05.824 +00:00","$4":"671708767813107724"}
[27562377 (197262)] Executing (default): UPDATE `users` SET `clr`=$1,`updatedAt`=$2 WHERE `id` = $3; {"$1":"#00aaaa;0","$2":"2022-05-28 12:57:05.832 +00:00","$3":"671708767813107724"}
[27562377 (197274)] Executing (default): UPDATE `users` SET `cmds`=$1,`updatedAt`=$2 WHERE `id` = $3; {"$1":90,"$2":"2022-05-28 12:57:05.844 +00:00","$3":"671708767813107724"}
[27562377 (197288)] Executing (default): UPDATE `users` SET `cmds`=$1,`updatedAt`=$2 WHERE `id` = $3; {"$1":91,"$2":"2022-05-28 12:57:05.857 +00:00","$3":"671708767813107724"}
[27562391 (1059015)] Executing (default): UPDATE `users` SET `xp`=$1,`xpc`=$2,`updatedAt`=$3 WHERE `id` = $4; {"$1":"1;81","$2":27562392,"$3":"2022-05-28 13:11:27.584 +00:00","$4":"671708767813107724"}
