[27467934 (80453)] Executing (default): UPDATE `users` SET `chnl`=$1,`updatedAt`=$2 WHERE `id` = $3; {"$1":"904733092764332093;0;0","$2":"2022-03-23 22:54:02.619 +00:00","$3":"491769129318088714"}
[27467934 (87433)] Executing (default): UPDATE `users` SET `chnl`=$1,`updatedAt`=$2 WHERE `id` = $3; {"$1":"904733092764332093;0;1024","$2":"2022-03-23 22:54:09.614 +00:00","$3":"491769129318088714"}
[27467934 (129120)] Executing (default): UPDATE `users` SET `chnl`=$1,`updatedAt`=$2 WHERE `id` = $3; {"$1":"904733092764332093;0;1040","$2":"2022-03-23 22:54:51.303 +00:00","$3":"491769129318088714"}
[27467934 (131897)] Executing (default): UPDATE `users` SET `chnl`=$1,`updatedAt`=$2 WHERE `id` = $3; {"$1":"904733092764332093;0;1024","$2":"2022-03-23 22:54:54.078 +00:00","$3":"491769129318088714"}
[27467934 (134551)] Executing (default): UPDATE `users` SET `chnl`=$1,`updatedAt`=$2 WHERE `id` = $3; {"$1":"904733092764332093;16;1024","$2":"2022-03-23 22:54:56.734 +00:00","$3":"491769129318088714"}
[27467935 (167520)] Executing (default): UPDATE `users` SET `chnl`=$1,`updatedAt`=$2 WHERE `id` = $3; {"$1":"904733092764332093;0;1024","$2":"2022-03-23 22:55:29.702 +00:00","$3":"491769129318088714"}
[27467938 (324890)] Executing (default): UPDATE `users` SET `cmds`=$1,`updatedAt`=$2 WHERE `id` = $3; {"$1":391,"$2":"2022-03-23 22:58:07.073 +00:00","$3":"671708767813107724"}
[27467938 (324923)] Executing (default): UPDATE `users` SET `cmds`=$1,`updatedAt`=$2 WHERE `id` = $3; {"$1":382,"$2":"2022-03-23 22:58:07.106 +00:00","$3":"501710994293129216"}
[27467938 (333521)] Executing (default): UPDATE `users` SET `cmds`=$1,`updatedAt`=$2 WHERE `id` = $3; {"$1":392,"$2":"2022-03-23 22:58:15.704 +00:00","$3":"671708767813107724"}
[27467938 (333562)] Executing (default): UPDATE `users` SET `cmds`=$1,`updatedAt`=$2 WHERE `id` = $3; {"$1":383,"$2":"2022-03-23 22:58:15.744 +00:00","$3":"501710994293129216"}
[27467938 (344432)] Executing (default): UPDATE `users` SET `cmds`=$1,`updatedAt`=$2 WHERE `id` = $3; {"$1":393,"$2":"2022-03-23 22:58:26.616 +00:00","$3":"671708767813107724"}
[27467938 (344461)] Executing (default): UPDATE `users` SET `drgn`=$1,`updatedAt`=$2 WHERE `id` = $3; {"$1":"1;10000;100;0;1;1;1;1;0;1","$2":"2022-03-23 22:58:26.645 +00:00","$3":"501710994293129216"}
[27467938 (344879)] Executing (default): UPDATE `users` SET `cmds`=$1,`updatedAt`=$2 WHERE `id` = $3; {"$1":384,"$2":"2022-03-23 22:58:27.063 +00:00","$3":"501710994293129216"}
[27467938 (348265)] Executing (default): UPDATE `users` SET `cmds`=$1,`updatedAt`=$2 WHERE `id` = $3; {"$1":394,"$2":"2022-03-23 22:58:30.449 +00:00","$3":"671708767813107724"}
[27467938 (348304)] Executing (default): UPDATE `users` SET `cmds`=$1,`updatedAt`=$2 WHERE `id` = $3; {"$1":385,"$2":"2022-03-23 22:58:30.488 +00:00","$3":"501710994293129216"}
[27467939 (380851)] Executing (default): UPDATE `users` SET `cmds`=$1,`updatedAt`=$2 WHERE `id` = $3; {"$1":395,"$2":"2022-03-23 22:59:03.035 +00:00","$3":"671708767813107724"}
[27467939 (380899)] Executing (default): UPDATE `users` SET `cmds`=$1,`updatedAt`=$2 WHERE `id` = $3; {"$1":386,"$2":"2022-03-23 22:59:03.082 +00:00","$3":"501710994293129216"}
[27467940 (9870)] Executing (default): UPDATE `users` SET `cmds`=$1,`updatedAt`=$2 WHERE `id` = $3; {"$1":396,"$2":"2022-03-23 23:00:12.829 +00:00","$3":"671708767813107724"}
[27467940 (9918)] Executing (default): UPDATE `users` SET `drgn`=$1,`updatedAt`=$2 WHERE `id` = $3; {"$1":"1;1&4;1&2;0;14353&6643;1;1;1;0;1","$2":"2022-03-23 23:00:12.888 +00:00","$3":"501710994293129216"}
[27467940 (9943)] Executing (default): UPDATE `users` SET `cmds`=$1,`updatedAt`=$2 WHERE `id` = $3; {"$1":387,"$2":"2022-03-23 23:00:12.912 +00:00","$3":"501710994293129216"}
[27467940 (23299)] Executing (default): UPDATE `users` SET `cmds`=$1,`updatedAt`=$2 WHERE `id` = $3; {"$1":397,"$2":"2022-03-23 23:00:26.269 +00:00","$3":"671708767813107724"}
[27467940 (23328)] Executing (default): UPDATE `users` SET `cmds`=$1,`updatedAt`=$2 WHERE `id` = $3; {"$1":388,"$2":"2022-03-23 23:00:26.297 +00:00","$3":"501710994293129216"}
[27467941 (2615)] Executing (default): UPDATE `users` SET `cmds`=$1,`updatedAt`=$2 WHERE `id` = $3; {"$1":398,"$2":"2022-03-23 23:01:03.574 +00:00","$3":"671708767813107724"}
[27467941 (2652)] Executing (default): UPDATE `users` SET `cmds`=$1,`updatedAt`=$2 WHERE `id` = $3; {"$1":389,"$2":"2022-03-23 23:01:03.623 +00:00","$3":"501710994293129216"}
[27467941 (19205)] Executing (default): UPDATE `users` SET `cmds`=$1,`updatedAt`=$2 WHERE `id` = $3; {"$1":399,"$2":"2022-03-23 23:01:20.176 +00:00","$3":"671708767813107724"}
[27467941 (19263)] Executing (default): UPDATE `users` SET `drgn`=$1,`updatedAt`=$2 WHERE `id` = $3; {"$1":"1;1&4;1&2;0;14353&664;1;1;1;0;1","$2":"2022-03-23 23:01:20.235 +00:00","$3":"501710994293129216"}
[27467941 (19298)] Executing (default): UPDATE `users` SET `cmds`=$1,`updatedAt`=$2 WHERE `id` = $3; {"$1":390,"$2":"2022-03-23 23:01:20.270 +00:00","$3":"501710994293129216"}
[27467941 (26097)] Executing (default): UPDATE `users` SET `cmds`=$1,`updatedAt`=$2 WHERE `id` = $3; {"$1":400,"$2":"2022-03-23 23:01:27.070 +00:00","$3":"671708767813107724"}
[27467941 (26128)] Executing (default): UPDATE `users` SET `cmds`=$1,`updatedAt`=$2 WHERE `id` = $3; {"$1":391,"$2":"2022-03-23 23:01:27.100 +00:00","$3":"501710994293129216"}
[27467941 (37119)] Executing (default): UPDATE `users` SET `cmds`=$1,`updatedAt`=$2 WHERE `id` = $3; {"$1":401,"$2":"2022-03-23 23:01:38.093 +00:00","$3":"671708767813107724"}
[27467941 (37145)] Executing (default): UPDATE `users` SET `drgn`=$1,`updatedAt`=$2 WHERE `id` = $3; {"$1":"1;1&4;1&2;0;14353&66;1;1;1;0;1","$2":"2022-03-23 23:01:38.119 +00:00","$3":"501710994293129216"}
[27467941 (37162)] Executing (default): UPDATE `users` SET `cmds`=$1,`updatedAt`=$2 WHERE `id` = $3; {"$1":392,"$2":"2022-03-23 23:01:38.136 +00:00","$3":"501710994293129216"}
[27467941 (39803)] Executing (default): UPDATE `users` SET `cmds`=$1,`updatedAt`=$2 WHERE `id` = $3; {"$1":402,"$2":"2022-03-23 23:01:40.777 +00:00","$3":"671708767813107724"}
[27467941 (39816)] Executing (default): UPDATE `users` SET `cmds`=$1,`updatedAt`=$2 WHERE `id` = $3; {"$1":393,"$2":"2022-03-23 23:01:40.789 +00:00","$3":"501710994293129216"}
[27467942 (94364)] Executing (default): UPDATE `users` SET `cmds`=$1,`updatedAt`=$2 WHERE `id` = $3; {"$1":403,"$2":"2022-03-23 23:02:35.337 +00:00","$3":"671708767813107724"}
[27467942 (94393)] Executing (default): UPDATE `users` SET `drgn`=$1,`updatedAt`=$2 WHERE `id` = $3; {"$1":"1;1&444;1&2;0;14353&6643;1;1;1;0;1","$2":"2022-03-23 23:02:35.367 +00:00","$3":"501710994293129216"}
[27467942 (94411)] Executing (default): UPDATE `users` SET `cmds`=$1,`updatedAt`=$2 WHERE `id` = $3; {"$1":394,"$2":"2022-03-23 23:02:35.385 +00:00","$3":"501710994293129216"}
[27467942 (97717)] Executing (default): UPDATE `users` SET `cmds`=$1,`updatedAt`=$2 WHERE `id` = $3; {"$1":404,"$2":"2022-03-23 23:02:38.691 +00:00","$3":"671708767813107724"}
[27467942 (97738)] Executing (default): UPDATE `users` SET `cmds`=$1,`updatedAt`=$2 WHERE `id` = $3; {"$1":395,"$2":"2022-03-23 23:02:38.712 +00:00","$3":"501710994293129216"}
[27467942 (111137)] Executing (default): UPDATE `users` SET `cmds`=$1,`updatedAt`=$2 WHERE `id` = $3; {"$1":405,"$2":"2022-03-23 23:02:52.112 +00:00","$3":"671708767813107724"}
[27467942 (111213)] Executing (default): UPDATE `users` SET `drgn`=$1,`updatedAt`=$2 WHERE `id` = $3; {"$1":"1;1&444;1&2;0;14353&664;1;1;1;0;1","$2":"2022-03-23 23:02:52.188 +00:00","$3":"501710994293129216"}
[27467942 (111227)] Executing (default): UPDATE `users` SET `cmds`=$1,`updatedAt`=$2 WHERE `id` = $3; {"$1":396,"$2":"2022-03-23 23:02:52.200 +00:00","$3":"501710994293129216"}
[27467942 (112410)] Executing (default): UPDATE `users` SET `cmds`=$1,`updatedAt`=$2 WHERE `id` = $3; {"$1":406,"$2":"2022-03-23 23:02:53.384 +00:00","$3":"671708767813107724"}
[27467942 (112421)] Executing (default): UPDATE `users` SET `cmds`=$1,`updatedAt`=$2 WHERE `id` = $3; {"$1":397,"$2":"2022-03-23 23:02:53.395 +00:00","$3":"501710994293129216"}
[27467942 (117156)] Executing (default): UPDATE `users` SET `cmds`=$1,`updatedAt`=$2 WHERE `id` = $3; {"$1":407,"$2":"2022-03-23 23:02:58.130 +00:00","$3":"671708767813107724"}
[27467942 (117168)] Executing (default): UPDATE `users` SET `drgn`=$1,`updatedAt`=$2 WHERE `id` = $3; {"$1":"1;1&444;1&2;0;14353&66;1;1;1;0;1","$2":"2022-03-23 23:02:58.142 +00:00","$3":"501710994293129216"}
[27467942 (117175)] Executing (default): UPDATE `users` SET `cmds`=$1,`updatedAt`=$2 WHERE `id` = $3; {"$1":398,"$2":"2022-03-23 23:02:58.149 +00:00","$3":"501710994293129216"}
[27467942 (118337)] Executing (default): UPDATE `users` SET `cmds`=$1,`updatedAt`=$2 WHERE `id` = $3; {"$1":408,"$2":"2022-03-23 23:02:59.311 +00:00","$3":"671708767813107724"}
[27467942 (118349)] Executing (default): UPDATE `users` SET `cmds`=$1,`updatedAt`=$2 WHERE `id` = $3; {"$1":399,"$2":"2022-03-23 23:02:59.323 +00:00","$3":"501710994293129216"}
[27467943 (142444)] Executing (default): UPDATE `users` SET `cmds`=$1,`updatedAt`=$2 WHERE `id` = $3; {"$1":409,"$2":"2022-03-23 23:03:23.418 +00:00","$3":"671708767813107724"}
[27467943 (142469)] Executing (default): UPDATE `users` SET `bal`=$1,`updatedAt`=$2 WHERE `id` = $3; {"$1":null,"$2":"2022-03-23 23:03:23.444 +00:00","$3":"501710994293129216"}
[27467943 (142477)] Executing (default): UPDATE `users` SET `cmds`=$1,`updatedAt`=$2 WHERE `id` = $3; {"$1":400,"$2":"2022-03-23 23:03:23.451 +00:00","$3":"501710994293129216"}
[27467943 (161613)] Executing (default): UPDATE `users` SET `cmds`=$1,`updatedAt`=$2 WHERE `id` = $3; {"$1":410,"$2":"2022-03-23 23:03:42.587 +00:00","$3":"671708767813107724"}
[27467943 (161637)] Executing (default): UPDATE `users` SET `bal`=$1,`updatedAt`=$2 WHERE `id` = $3; {"$1":"999&321","$2":"2022-03-23 23:03:42.611 +00:00","$3":"501710994293129216"}
[27467943 (161656)] Executing (default): UPDATE `users` SET `cmds`=$1,`updatedAt`=$2 WHERE `id` = $3; {"$1":401,"$2":"2022-03-23 23:03:42.629 +00:00","$3":"501710994293129216"}
[27467944 (191870)] Executing (default): UPDATE `users` SET `cmds`=$1,`updatedAt`=$2 WHERE `id` = $3; {"$1":411,"$2":"2022-03-23 23:04:12.843 +00:00","$3":"671708767813107724"}
[27467944 (191909)] Executing (default): UPDATE `users` SET `cmds`=$1,`updatedAt`=$2 WHERE `id` = $3; {"$1":402,"$2":"2022-03-23 23:04:12.880 +00:00","$3":"501710994293129216"}
[27467944 (199873)] Executing (default): UPDATE `users` SET `cmds`=$1,`updatedAt`=$2 WHERE `id` = $3; {"$1":412,"$2":"2022-03-23 23:04:20.846 +00:00","$3":"671708767813107724"}
[27467944 (199912)] Executing (default): UPDATE `users` SET `cmds`=$1,`updatedAt`=$2 WHERE `id` = $3; {"$1":403,"$2":"2022-03-23 23:04:20.883 +00:00","$3":"501710994293129216"}
[27467955 (3155)] Executing (default): UPDATE `users` SET `cmds`=$1,`updatedAt`=$2 WHERE `id` = $3; {"$1":413,"$2":"2022-03-23 23:15:57.441 +00:00","$3":"671708767813107724"}
[27467955 (3172)] Executing (default): UPDATE `users` SET `cmds`=$1,`updatedAt`=$2 WHERE `id` = $3; {"$1":404,"$2":"2022-03-23 23:15:57.462 +00:00","$3":"501710994293129216"}
[27467956 (16418)] Executing (default): UPDATE `users` SET `cmds`=$1,`updatedAt`=$2 WHERE `id` = $3; {"$1":414,"$2":"2022-03-23 23:16:10.708 +00:00","$3":"671708767813107724"}
[27467956 (16445)] Executing (default): UPDATE `users` SET `cmds`=$1,`updatedAt`=$2 WHERE `id` = $3; {"$1":405,"$2":"2022-03-23 23:16:10.734 +00:00","$3":"501710994293129216"}
[27467956 (20869)] Executing (default): UPDATE `users` SET `cmds`=$1,`updatedAt`=$2 WHERE `id` = $3; {"$1":415,"$2":"2022-03-23 23:16:15.159 +00:00","$3":"671708767813107724"}
[27467956 (20888)] Executing (default): UPDATE `users` SET `bal`=$1,`updatedAt`=$2 WHERE `id` = $3; {"$1":10000000000,"$2":"2022-03-23 23:16:15.177 +00:00","$3":"501710994293129216"}
[27467956 (20901)] Executing (default): UPDATE `users` SET `cmds`=$1,`updatedAt`=$2 WHERE `id` = $3; {"$1":406,"$2":"2022-03-23 23:16:15.189 +00:00","$3":"501710994293129216"}
[27467956 (32066)] Executing (default): UPDATE `users` SET `cmds`=$1,`updatedAt`=$2 WHERE `id` = $3; {"$1":416,"$2":"2022-03-23 23:16:26.356 +00:00","$3":"671708767813107724"}
[27467956 (32085)] Executing (default): UPDATE `users` SET `bal`=$1,`updatedAt`=$2 WHERE `id` = $3; {"$1":"1&10","$2":"2022-03-23 23:16:26.375 +00:00","$3":"501710994293129216"}
[27467956 (32103)] Executing (default): UPDATE `users` SET `cmds`=$1,`updatedAt`=$2 WHERE `id` = $3; {"$1":407,"$2":"2022-03-23 23:16:26.392 +00:00","$3":"501710994293129216"}
[27467956 (38452)] Executing (default): UPDATE `users` SET `cmds`=$1,`updatedAt`=$2 WHERE `id` = $3; {"$1":417,"$2":"2022-03-23 23:16:32.742 +00:00","$3":"671708767813107724"}
[27467956 (38472)] Executing (default): UPDATE `users` SET `cmds`=$1,`updatedAt`=$2 WHERE `id` = $3; {"$1":408,"$2":"2022-03-23 23:16:32.760 +00:00","$3":"501710994293129216"}
[27467956 (45790)] Executing (default): UPDATE `users` SET `cmds`=$1,`updatedAt`=$2 WHERE `id` = $3; {"$1":418,"$2":"2022-03-23 23:16:40.078 +00:00","$3":"671708767813107724"}
[27467956 (45809)] Executing (default): UPDATE `users` SET `bal`=$1,`updatedAt`=$2 WHERE `id` = $3; {"$1":"1&18","$2":"2022-03-23 23:16:40.099 +00:00","$3":"501710994293129216"}
[27467956 (45819)] Executing (default): UPDATE `users` SET `cmds`=$1,`updatedAt`=$2 WHERE `id` = $3; {"$1":409,"$2":"2022-03-23 23:16:40.109 +00:00","$3":"501710994293129216"}
[27467956 (53245)] Executing (default): UPDATE `users` SET `cmds`=$1,`updatedAt`=$2 WHERE `id` = $3; {"$1":419,"$2":"2022-03-23 23:16:47.535 +00:00","$3":"671708767813107724"}
[27467956 (53262)] Executing (default): UPDATE `users` SET `cmds`=$1,`updatedAt`=$2 WHERE `id` = $3; {"$1":410,"$2":"2022-03-23 23:16:47.551 +00:00","$3":"501710994293129216"}
[27467957 (9694)] Executing (default): UPDATE `users` SET `cmds`=$1,`updatedAt`=$2 WHERE `id` = $3; {"$1":420,"$2":"2022-03-23 23:17:29.216 +00:00","$3":"671708767813107724"}
[27467957 (9715)] Executing (default): UPDATE `users` SET `bal`=$1,`updatedAt`=$2 WHERE `id` = $3; {"$1":"999&100","$2":"2022-03-23 23:17:29.247 +00:00","$3":"501710994293129216"}
[27467957 (9726)] Executing (default): UPDATE `users` SET `cmds`=$1,`updatedAt`=$2 WHERE `id` = $3; {"$1":411,"$2":"2022-03-23 23:17:29.258 +00:00","$3":"501710994293129216"}
[27467957 (10625)] Executing (default): UPDATE `users` SET `cmds`=$1,`updatedAt`=$2 WHERE `id` = $3; {"$1":421,"$2":"2022-03-23 23:17:30.156 +00:00","$3":"671708767813107724"}
[27467957 (10646)] Executing (default): UPDATE `users` SET `cmds`=$1,`updatedAt`=$2 WHERE `id` = $3; {"$1":412,"$2":"2022-03-23 23:17:30.178 +00:00","$3":"501710994293129216"}
[27467961 (5198)] Executing (default): UPDATE `users` SET `cmds`=$1,`updatedAt`=$2 WHERE `id` = $3; {"$1":422,"$2":"2022-03-23 23:21:55.526 +00:00","$3":"671708767813107724"}
[27467961 (5217)] Executing (default): UPDATE `users` SET `cmds`=$1,`updatedAt`=$2 WHERE `id` = $3; {"$1":413,"$2":"2022-03-23 23:21:55.550 +00:00","$3":"501710994293129216"}
[27467962 (17715)] Executing (default): UPDATE `users` SET `cmds`=$1,`updatedAt`=$2 WHERE `id` = $3; {"$1":423,"$2":"2022-03-23 23:22:08.048 +00:00","$3":"671708767813107724"}
[27467962 (17933)] Executing (default): UPDATE `users` SET `cmds`=$1,`updatedAt`=$2 WHERE `id` = $3; {"$1":414,"$2":"2022-03-23 23:22:08.265 +00:00","$3":"501710994293129216"}
[27467976 (8946)] Executing (default): UPDATE `users` SET `cmds`=$1,`updatedAt`=$2 WHERE `id` = $3; {"$1":424,"$2":"2022-03-23 23:36:26.011 +00:00","$3":"671708767813107724"}
[27467976 (8978)] Executing (default): UPDATE `users` SET `bal`=$1,`updatedAt`=$2 WHERE `id` = $3; {"$1":"534589743572034752493857234875","$2":"2022-03-23 23:36:26.051 +00:00","$3":"501710994293129216"}
[27467976 (8990)] Executing (default): UPDATE `users` SET `cmds`=$1,`updatedAt`=$2 WHERE `id` = $3; {"$1":415,"$2":"2022-03-23 23:36:26.063 +00:00","$3":"501710994293129216"}
[27467976 (12244)] Executing (default): UPDATE `users` SET `cmds`=$1,`updatedAt`=$2 WHERE `id` = $3; {"$1":425,"$2":"2022-03-23 23:36:29.318 +00:00","$3":"671708767813107724"}
[27467976 (12268)] Executing (default): UPDATE `users` SET `cmds`=$1,`updatedAt`=$2 WHERE `id` = $3; {"$1":416,"$2":"2022-03-23 23:36:29.342 +00:00","$3":"501710994293129216"}
[27467976 (1318)] Executing (default): UPDATE `users` SET `cmds`=$1,`updatedAt`=$2 WHERE `id` = $3; {"$1":426,"$2":"2022-03-23 23:36:45.250 +00:00","$3":"671708767813107724"}
[27467976 (1339)] Executing (default): UPDATE `users` SET `cmds`=$1,`updatedAt`=$2 WHERE `id` = $3; {"$1":417,"$2":"2022-03-23 23:36:45.275 +00:00","$3":"501710994293129216"}
[27467981 (3465)] Executing (default): UPDATE `users` SET `cmds`=$1,`updatedAt`=$2 WHERE `id` = $3; {"$1":427,"$2":"2022-03-23 23:41:59.401 +00:00","$3":"671708767813107724"}
[27467981 (3489)] Executing (default): UPDATE `users` SET `cmds`=$1,`updatedAt`=$2 WHERE `id` = $3; {"$1":418,"$2":"2022-03-23 23:41:59.428 +00:00","$3":"501710994293129216"}
[27467982 (8549)] Executing (default): UPDATE `users` SET `cmds`=$1,`updatedAt`=$2 WHERE `id` = $3; {"$1":428,"$2":"2022-03-23 23:42:04.488 +00:00","$3":"671708767813107724"}
[27467982 (8573)] Executing (default): UPDATE `users` SET `bal`=$1,`updatedAt`=$2 WHERE `id` = $3; {"$1":2.34e+58,"$2":"2022-03-23 23:42:04.512 +00:00","$3":"501710994293129216"}
[27467982 (8583)] Executing (default): UPDATE `users` SET `cmds`=$1,`updatedAt`=$2 WHERE `id` = $3; {"$1":419,"$2":"2022-03-23 23:42:04.522 +00:00","$3":"501710994293129216"}
[27467982 (16328)] Executing (default): UPDATE `users` SET `cmds`=$1,`updatedAt`=$2 WHERE `id` = $3; {"$1":429,"$2":"2022-03-23 23:42:12.266 +00:00","$3":"671708767813107724"}
[27467982 (16380)] Executing (default): UPDATE `users` SET `bal`=$1,`updatedAt`=$2 WHERE `id` = $3; {"$1":"234&56","$2":"2022-03-23 23:42:12.320 +00:00","$3":"501710994293129216"}
[27467982 (16395)] Executing (default): UPDATE `users` SET `cmds`=$1,`updatedAt`=$2 WHERE `id` = $3; {"$1":420,"$2":"2022-03-23 23:42:12.333 +00:00","$3":"501710994293129216"}
[27467982 (17406)] Executing (default): UPDATE `users` SET `cmds`=$1,`updatedAt`=$2 WHERE `id` = $3; {"$1":430,"$2":"2022-03-23 23:42:13.344 +00:00","$3":"671708767813107724"}
[27467982 (17428)] Executing (default): UPDATE `users` SET `cmds`=$1,`updatedAt`=$2 WHERE `id` = $3; {"$1":421,"$2":"2022-03-23 23:42:13.367 +00:00","$3":"501710994293129216"}
[27467982 (1299)] Executing (default): UPDATE `users` SET `cmds`=$1,`updatedAt`=$2 WHERE `id` = $3; {"$1":431,"$2":"2022-03-23 23:42:30.509 +00:00","$3":"671708767813107724"}
[27467982 (1317)] Executing (default): UPDATE `users` SET `cmds`=$1,`updatedAt`=$2 WHERE `id` = $3; {"$1":422,"$2":"2022-03-23 23:42:30.530 +00:00","$3":"501710994293129216"}
[27467982 (8219)] Executing (default): UPDATE `users` SET `cmds`=$1,`updatedAt`=$2 WHERE `id` = $3; {"$1":432,"$2":"2022-03-23 23:42:37.432 +00:00","$3":"671708767813107724"}
[27467982 (8236)] Executing (default): UPDATE `users` SET `cmds`=$1,`updatedAt`=$2 WHERE `id` = $3; {"$1":423,"$2":"2022-03-23 23:42:37.449 +00:00","$3":"501710994293129216"}
[27467984 (7656)] Executing (default): UPDATE `users` SET `cmds`=$1,`updatedAt`=$2 WHERE `id` = $3; {"$1":433,"$2":"2022-03-23 23:44:15.241 +00:00","$3":"671708767813107724"}
[27467984 (7682)] Executing (default): UPDATE `users` SET `cmds`=$1,`updatedAt`=$2 WHERE `id` = $3; {"$1":424,"$2":"2022-03-23 23:44:15.277 +00:00","$3":"501710994293129216"}
[27467984 (2035)] Executing (default): UPDATE `users` SET `cmds`=$1,`updatedAt`=$2 WHERE `id` = $3; {"$1":434,"$2":"2022-03-23 23:44:40.134 +00:00","$3":"671708767813107724"}
[27467984 (2062)] Executing (default): UPDATE `users` SET `cmds`=$1,`updatedAt`=$2 WHERE `id` = $3; {"$1":425,"$2":"2022-03-23 23:44:40.165 +00:00","$3":"501710994293129216"}
[27467985 (3686)] Executing (default): UPDATE `users` SET `cmds`=$1,`updatedAt`=$2 WHERE `id` = $3; {"$1":435,"$2":"2022-03-23 23:45:02.854 +00:00","$3":"671708767813107724"}
[27467985 (3718)] Executing (default): UPDATE `users` SET `cmds`=$1,`updatedAt`=$2 WHERE `id` = $3; {"$1":426,"$2":"2022-03-23 23:45:02.890 +00:00","$3":"501710994293129216"}
[27467985 (181)] Executing (default): UPDATE `users` SET `cmds`=$1,`updatedAt`=$2 WHERE `id` = $3; {"$1":436,"$2":"2022-03-23 23:45:07.023 +00:00","$3":"671708767813107724"}
[27467985 (206)] Executing (default): UPDATE `users` SET `cmds`=$1,`updatedAt`=$2 WHERE `id` = $3; {"$1":427,"$2":"2022-03-23 23:45:07.050 +00:00","$3":"501710994293129216"}
[27467989 (1538)] Executing (default): UPDATE `users` SET `cmds`=$1,`updatedAt`=$2 WHERE `id` = $3; {"$1":437,"$2":"2022-03-23 23:49:34.439 +00:00","$3":"671708767813107724"}
[27467989 (1562)] Executing (default): UPDATE `users` SET `cmds`=$1,`updatedAt`=$2 WHERE `id` = $3; {"$1":428,"$2":"2022-03-23 23:49:34.465 +00:00","$3":"501710994293129216"}
[27467989 (18830)] Executing (default): UPDATE `users` SET `cmds`=$1,`updatedAt`=$2 WHERE `id` = $3; {"$1":438,"$2":"2022-03-23 23:49:51.734 +00:00","$3":"671708767813107724"}
[27467989 (18846)] Executing (default): UPDATE `users` SET `cmds`=$1,`updatedAt`=$2 WHERE `id` = $3; {"$1":429,"$2":"2022-03-23 23:49:51.749 +00:00","$3":"501710994293129216"}
[27467990 (34436)] Executing (default): UPDATE `users` SET `cmds`=$1,`updatedAt`=$2 WHERE `id` = $3; {"$1":439,"$2":"2022-03-23 23:50:07.339 +00:00","$3":"671708767813107724"}
[27467990 (34458)] Executing (default): UPDATE `users` SET `cmds`=$1,`updatedAt`=$2 WHERE `id` = $3; {"$1":430,"$2":"2022-03-23 23:50:07.361 +00:00","$3":"501710994293129216"}
[27467990 (48567)] Executing (default): UPDATE `users` SET `cmds`=$1,`updatedAt`=$2 WHERE `id` = $3; {"$1":440,"$2":"2022-03-23 23:50:21.471 +00:00","$3":"671708767813107724"}
[27467990 (48588)] Executing (default): UPDATE `users` SET `drgn`=$1,`updatedAt`=$2 WHERE `id` = $3; {"$1":"1;1&444;1&2;0;14353&43543566;1;1;1;0;1","$2":"2022-03-23 23:50:21.492 +00:00","$3":"501710994293129216"}
[27467990 (48605)] Executing (default): UPDATE `users` SET `cmds`=$1,`updatedAt`=$2 WHERE `id` = $3; {"$1":431,"$2":"2022-03-23 23:50:21.509 +00:00","$3":"501710994293129216"}
[27467990 (52333)] Executing (default): UPDATE `users` SET `cmds`=$1,`updatedAt`=$2 WHERE `id` = $3; {"$1":441,"$2":"2022-03-23 23:50:25.237 +00:00","$3":"671708767813107724"}
[27467990 (52345)] Executing (default): UPDATE `users` SET `cmds`=$1,`updatedAt`=$2 WHERE `id` = $3; {"$1":432,"$2":"2022-03-23 23:50:25.248 +00:00","$3":"501710994293129216"}
[27467991 (2848)] Executing (default): UPDATE `users` SET `cmds`=$1,`updatedAt`=$2 WHERE `id` = $3; {"$1":442,"$2":"2022-03-23 23:51:26.704 +00:00","$3":"671708767813107724"}
[27467991 (2866)] Executing (default): UPDATE `users` SET `drgn`=$1,`updatedAt`=$2 WHERE `id` = $3; {"$1":"1;1&444;1&2;0;14353&435566;1;1;1;0;1","$2":"2022-03-23 23:51:26.725 +00:00","$3":"501710994293129216"}
[27467991 (2876)] Executing (default): UPDATE `users` SET `cmds`=$1,`updatedAt`=$2 WHERE `id` = $3; {"$1":433,"$2":"2022-03-23 23:51:26.735 +00:00","$3":"501710994293129216"}
[27467991 (6859)] Executing (default): UPDATE `users` SET `cmds`=$1,`updatedAt`=$2 WHERE `id` = $3; {"$1":443,"$2":"2022-03-23 23:51:30.718 +00:00","$3":"671708767813107724"}
[27467991 (6875)] Executing (default): UPDATE `users` SET `cmds`=$1,`updatedAt`=$2 WHERE `id` = $3; {"$1":434,"$2":"2022-03-23 23:51:30.733 +00:00","$3":"501710994293129216"}
[27467992 (9396)] Executing (default): UPDATE `users` SET `cmds`=$1,`updatedAt`=$2 WHERE `id` = $3; {"$1":444,"$2":"2022-03-23 23:52:08.819 +00:00","$3":"671708767813107724"}
[27467992 (9413)] Executing (default): UPDATE `users` SET `drgn`=$1,`updatedAt`=$2 WHERE `id` = $3; {"$1":"1;1&444;1&2;0;14353&4355;1;1;1;0;1","$2":"2022-03-23 23:52:08.840 +00:00","$3":"501710994293129216"}
[27467992 (9422)] Executing (default): UPDATE `users` SET `cmds`=$1,`updatedAt`=$2 WHERE `id` = $3; {"$1":435,"$2":"2022-03-23 23:52:08.849 +00:00","$3":"501710994293129216"}
[27467992 (12040)] Executing (default): UPDATE `users` SET `cmds`=$1,`updatedAt`=$2 WHERE `id` = $3; {"$1":445,"$2":"2022-03-23 23:52:11.467 +00:00","$3":"671708767813107724"}
[27467992 (12053)] Executing (default): UPDATE `users` SET `cmds`=$1,`updatedAt`=$2 WHERE `id` = $3; {"$1":436,"$2":"2022-03-23 23:52:11.480 +00:00","$3":"501710994293129216"}
[27467992 (58401)] Executing (default): UPDATE `users` SET `cmds`=$1,`updatedAt`=$2 WHERE `id` = $3; {"$1":446,"$2":"2022-03-23 23:52:57.828 +00:00","$3":"671708767813107724"}
[27467992 (58418)] Executing (default): UPDATE `users` SET `drgn`=$1,`updatedAt`=$2 WHERE `id` = $3; {"$1":"1&99;1&444;1&2;0;14353&4355;1;1;1;0;1","$2":"2022-03-23 23:52:57.845 +00:00","$3":"501710994293129216"}
[27467992 (58427)] Executing (default): UPDATE `users` SET `cmds`=$1,`updatedAt`=$2 WHERE `id` = $3; {"$1":437,"$2":"2022-03-23 23:52:57.855 +00:00","$3":"501710994293129216"}
[27467993 (61145)] Executing (default): UPDATE `users` SET `cmds`=$1,`updatedAt`=$2 WHERE `id` = $3; {"$1":447,"$2":"2022-03-23 23:53:00.572 +00:00","$3":"671708767813107724"}
[27467993 (61157)] Executing (default): UPDATE `users` SET `cmds`=$1,`updatedAt`=$2 WHERE `id` = $3; {"$1":438,"$2":"2022-03-23 23:53:00.584 +00:00","$3":"501710994293129216"}
[27467993 (3905)] Executing (default): UPDATE `users` SET `cmds`=$1,`updatedAt`=$2 WHERE `id` = $3; {"$1":448,"$2":"2022-03-23 23:53:38.036 +00:00","$3":"671708767813107724"}
[27467993 (3919)] Executing (default): UPDATE `users` SET `cmds`=$1,`updatedAt`=$2 WHERE `id` = $3; {"$1":439,"$2":"2022-03-23 23:53:38.053 +00:00","$3":"501710994293129216"}
[27467993 (22498)] Executing (default): UPDATE `users` SET `cmds`=$1,`updatedAt`=$2 WHERE `id` = $3; {"$1":449,"$2":"2022-03-23 23:53:56.632 +00:00","$3":"671708767813107724"}
[27467993 (22523)] Executing (default): UPDATE `users` SET `cmds`=$1,`updatedAt`=$2 WHERE `id` = $3; {"$1":440,"$2":"2022-03-23 23:53:56.657 +00:00","$3":"501710994293129216"}
[27467994 (51054)] Executing (default): UPDATE `users` SET `cmds`=$1,`updatedAt`=$2 WHERE `id` = $3; {"$1":450,"$2":"2022-03-23 23:54:25.187 +00:00","$3":"671708767813107724"}
[27467994 (51080)] Executing (default): UPDATE `users` SET `drgn`=$1,`updatedAt`=$2 WHERE `id` = $3; {"$1":"1&99;1&444;1&222;0&999;14353&4355;1;1;1;0&6969;1&898","$2":"2022-03-23 23:54:25.215 +00:00","$3":"501710994293129216"}
[27467994 (51092)] Executing (default): UPDATE `users` SET `cmds`=$1,`updatedAt`=$2 WHERE `id` = $3; {"$1":441,"$2":"2022-03-23 23:54:25.226 +00:00","$3":"501710994293129216"}
[27467994 (54653)] Executing (default): UPDATE `users` SET `cmds`=$1,`updatedAt`=$2 WHERE `id` = $3; {"$1":451,"$2":"2022-03-23 23:54:28.787 +00:00","$3":"671708767813107724"}
[27467994 (54672)] Executing (default): UPDATE `users` SET `cmds`=$1,`updatedAt`=$2 WHERE `id` = $3; {"$1":442,"$2":"2022-03-23 23:54:28.805 +00:00","$3":"501710994293129216"}
[27467994 (78920)] Executing (default): UPDATE `users` SET `cmds`=$1,`updatedAt`=$2 WHERE `id` = $3; {"$1":452,"$2":"2022-03-23 23:54:53.055 +00:00","$3":"671708767813107724"}
[27467994 (78942)] Executing (default): UPDATE `users` SET `cmds`=$1,`updatedAt`=$2 WHERE `id` = $3; {"$1":443,"$2":"2022-03-23 23:54:53.076 +00:00","$3":"501710994293129216"}
[27467995 (96652)] Executing (default): UPDATE `users` SET `cmds`=$1,`updatedAt`=$2 WHERE `id` = $3; {"$1":453,"$2":"2022-03-23 23:55:10.787 +00:00","$3":"671708767813107724"}
[27467995 (96668)] Executing (default): UPDATE `users` SET `drgn`=$1,`updatedAt`=$2 WHERE `id` = $3; {"$1":"1&99;1&444;1&222;0&999;14353&4355;1;1;1;420&6969;1&898","$2":"2022-03-23 23:55:10.803 +00:00","$3":"501710994293129216"}
[27467995 (96677)] Executing (default): UPDATE `users` SET `cmds`=$1,`updatedAt`=$2 WHERE `id` = $3; {"$1":444,"$2":"2022-03-23 23:55:10.812 +00:00","$3":"501710994293129216"}
[27467995 (100058)] Executing (default): UPDATE `users` SET `cmds`=$1,`updatedAt`=$2 WHERE `id` = $3; {"$1":454,"$2":"2022-03-23 23:55:14.194 +00:00","$3":"671708767813107724"}
[27467995 (100071)] Executing (default): UPDATE `users` SET `cmds`=$1,`updatedAt`=$2 WHERE `id` = $3; {"$1":445,"$2":"2022-03-23 23:55:14.206 +00:00","$3":"501710994293129216"}
[27467995 (118613)] Executing (default): UPDATE `users` SET `cmds`=$1,`updatedAt`=$2 WHERE `id` = $3; {"$1":455,"$2":"2022-03-23 23:55:32.748 +00:00","$3":"671708767813107724"}
[27467995 (118629)] Executing (default): UPDATE `users` SET `cmds`=$1,`updatedAt`=$2 WHERE `id` = $3; {"$1":446,"$2":"2022-03-23 23:55:32.764 +00:00","$3":"501710994293129216"}
[27467996 (17950)] Executing (default): UPDATE `users` SET `cmds`=$1,`updatedAt`=$2 WHERE `id` = $3; {"$1":456,"$2":"2022-03-23 23:56:30.675 +00:00","$3":"671708767813107724"}
[27467996 (17965)] Executing (default): UPDATE `users` SET `cmds`=$1,`updatedAt`=$2 WHERE `id` = $3; {"$1":447,"$2":"2022-03-23 23:56:30.695 +00:00","$3":"501710994293129216"}
[27467998 (25641)] Executing (default): UPDATE `users` SET `cmds`=$1,`updatedAt`=$2 WHERE `id` = $3; {"$1":457,"$2":"2022-03-23 23:58:25.589 +00:00","$3":"671708767813107724"}
[27467998 (25668)] Executing (default): UPDATE `users` SET `cmds`=$1,`updatedAt`=$2 WHERE `id` = $3; {"$1":448,"$2":"2022-03-23 23:58:25.623 +00:00","$3":"501710994293129216"}
[27467998 (28209)] Executing (default): UPDATE `users` SET `cmds`=$1,`updatedAt`=$2 WHERE `id` = $3; {"$1":458,"$2":"2022-03-23 23:58:28.167 +00:00","$3":"671708767813107724"}
[27467998 (28225)] Executing (default): UPDATE `users` SET `bal`=$1,`updatedAt`=$2 WHERE `id` = $3; {"$1":"420&6969","$2":"2022-03-23 23:58:28.182 +00:00","$3":"501710994293129216"}
[27467998 (28234)] Executing (default): UPDATE `users` SET `cmds`=$1,`updatedAt`=$2 WHERE `id` = $3; {"$1":449,"$2":"2022-03-23 23:58:28.190 +00:00","$3":"501710994293129216"}
[27467998 (28817)] Executing (default): UPDATE `users` SET `cmds`=$1,`updatedAt`=$2 WHERE `id` = $3; {"$1":459,"$2":"2022-03-23 23:58:28.774 +00:00","$3":"671708767813107724"}
[27467998 (28844)] Executing (default): UPDATE `users` SET `cmds`=$1,`updatedAt`=$2 WHERE `id` = $3; {"$1":450,"$2":"2022-03-23 23:58:28.801 +00:00","$3":"501710994293129216"}
[27467998 (36446)] Executing (default): UPDATE `users` SET `cmds`=$1,`updatedAt`=$2 WHERE `id` = $3; {"$1":460,"$2":"2022-03-23 23:58:36.404 +00:00","$3":"671708767813107724"}
[27467998 (36458)] Executing (default): UPDATE `users` SET `cmds`=$1,`updatedAt`=$2 WHERE `id` = $3; {"$1":451,"$2":"2022-03-23 23:58:36.415 +00:00","$3":"501710994293129216"}
[27467998 (40347)] Executing (default): UPDATE `users` SET `cmds`=$1,`updatedAt`=$2 WHERE `id` = $3; {"$1":461,"$2":"2022-03-23 23:58:40.306 +00:00","$3":"671708767813107724"}
[27467998 (40364)] Executing (default): UPDATE `users` SET `drgn`=$1,`updatedAt`=$2 WHERE `id` = $3; {"$1":"1;10000;100;0;1;1;1;1;0;1","$2":"2022-03-23 23:58:40.322 +00:00","$3":"501710994293129216"}
[27467998 (40684)] Executing (default): UPDATE `users` SET `cmds`=$1,`updatedAt`=$2 WHERE `id` = $3; {"$1":452,"$2":"2022-03-23 23:58:40.641 +00:00","$3":"501710994293129216"}
[27467998 (47169)] Executing (default): UPDATE `users` SET `cmds`=$1,`updatedAt`=$2 WHERE `id` = $3; {"$1":462,"$2":"2022-03-23 23:58:47.127 +00:00","$3":"671708767813107724"}
[27467998 (47190)] Executing (default): UPDATE `users` SET `cmds`=$1,`updatedAt`=$2 WHERE `id` = $3; {"$1":453,"$2":"2022-03-23 23:58:47.147 +00:00","$3":"501710994293129216"}
[27467998 (58368)] Executing (default): UPDATE `users` SET `cmds`=$1,`updatedAt`=$2 WHERE `id` = $3; {"$1":463,"$2":"2022-03-23 23:58:58.325 +00:00","$3":"671708767813107724"}
[27467998 (58390)] Executing (default): UPDATE `users` SET `drgn`=$1,`updatedAt`=$2 WHERE `id` = $3; {"$1":"1;10000;100;0;1;1;1;1;0;420&6969","$2":"2022-03-23 23:58:58.348 +00:00","$3":"501710994293129216"}
[27467998 (58399)] Executing (default): UPDATE `users` SET `cmds`=$1,`updatedAt`=$2 WHERE `id` = $3; {"$1":454,"$2":"2022-03-23 23:58:58.357 +00:00","$3":"501710994293129216"}
[27467998 (59940)] Executing (default): UPDATE `users` SET `cmds`=$1,`updatedAt`=$2 WHERE `id` = $3; {"$1":464,"$2":"2022-03-23 23:58:59.898 +00:00","$3":"671708767813107724"}
[27467998 (59951)] Executing (default): UPDATE `users` SET `cmds`=$1,`updatedAt`=$2 WHERE `id` = $3; {"$1":455,"$2":"2022-03-23 23:58:59.908 +00:00","$3":"501710994293129216"}
[27467999 (73036)] Executing (default): UPDATE `users` SET `cmds`=$1,`updatedAt`=$2 WHERE `id` = $3; {"$1":465,"$2":"2022-03-23 23:59:12.994 +00:00","$3":"671708767813107724"}
[27467999 (73056)] Executing (default): UPDATE `users` SET `bal`=$1,`updatedAt`=$2 WHERE `id` = $3; {"$1":"420&6969","$2":"2022-03-23 23:59:13.015 +00:00","$3":"501710994293129216"}
[27467999 (73065)] Executing (default): UPDATE `users` SET `cmds`=$1,`updatedAt`=$2 WHERE `id` = $3; {"$1":456,"$2":"2022-03-23 23:59:13.022 +00:00","$3":"501710994293129216"}
[27467999 (73960)] Executing (default): UPDATE `users` SET `cmds`=$1,`updatedAt`=$2 WHERE `id` = $3; {"$1":466,"$2":"2022-03-23 23:59:13.919 +00:00","$3":"671708767813107724"}
[27467999 (73979)] Executing (default): UPDATE `users` SET `cmds`=$1,`updatedAt`=$2 WHERE `id` = $3; {"$1":457,"$2":"2022-03-23 23:59:13.937 +00:00","$3":"501710994293129216"}
[27467999 (1971)] Executing (default): UPDATE `users` SET `cmds`=$1,`updatedAt`=$2 WHERE `id` = $3; {"$1":467,"$2":"2022-03-23 23:59:48.118 +00:00","$3":"671708767813107724"}
[27467999 (1989)] Executing (default): UPDATE `users` SET `cmds`=$1,`updatedAt`=$2 WHERE `id` = $3; {"$1":458,"$2":"2022-03-23 23:59:48.138 +00:00","$3":"501710994293129216"}
