[27468000 (55761)] Executing (default): UPDATE `users` SET `cmds`=$1,`updatedAt`=$2 WHERE `id` = $3; {"$1":468,"$2":"2022-03-24 00:00:41.910 +00:00","$3":"671708767813107724"}
[27468000 (56493)] Executing (default): UPDATE `users` SET `cmds`=$1,`updatedAt`=$2 WHERE `id` = $3; {"$1":459,"$2":"2022-03-24 00:00:42.642 +00:00","$3":"501710994293129216"}
[27468001 (85872)] Executing (default): UPDATE `users` SET `cmds`=$1,`updatedAt`=$2 WHERE `id` = $3; {"$1":469,"$2":"2022-03-24 00:01:12.022 +00:00","$3":"671708767813107724"}
[27468001 (86158)] Executing (default): UPDATE `users` SET `cmds`=$1,`updatedAt`=$2 WHERE `id` = $3; {"$1":460,"$2":"2022-03-24 00:01:12.306 +00:00","$3":"501710994293129216"}
[27468001 (103223)] Executing (default): UPDATE `users` SET `cmds`=$1,`updatedAt`=$2 WHERE `id` = $3; {"$1":470,"$2":"2022-03-24 00:01:29.372 +00:00","$3":"671708767813107724"}
[27468001 (103468)] Executing (default): UPDATE `users` SET `cmds`=$1,`updatedAt`=$2 WHERE `id` = $3; {"$1":461,"$2":"2022-03-24 00:01:29.618 +00:00","$3":"501710994293129216"}
[27468002 (137026)] Executing (default): UPDATE `users` SET `cmds`=$1,`updatedAt`=$2 WHERE `id` = $3; {"$1":471,"$2":"2022-03-24 00:02:03.173 +00:00","$3":"671708767813107724"}
[27468002 (137046)] Executing (default): UPDATE `users` SET `bal`=$1,`updatedAt`=$2 WHERE `id` = $3; {"$1":"420&6969","$2":"2022-03-24 00:02:03.195 +00:00","$3":"501710994293129216"}
[27468002 (137059)] Executing (default): UPDATE `users` SET `cmds`=$1,`updatedAt`=$2 WHERE `id` = $3; {"$1":462,"$2":"2022-03-24 00:02:03.208 +00:00","$3":"501710994293129216"}
[27468002 (138089)] Executing (default): UPDATE `users` SET `cmds`=$1,`updatedAt`=$2 WHERE `id` = $3; {"$1":472,"$2":"2022-03-24 00:02:04.239 +00:00","$3":"671708767813107724"}
[27468002 (138111)] Executing (default): UPDATE `users` SET `cmds`=$1,`updatedAt`=$2 WHERE `id` = $3; {"$1":463,"$2":"2022-03-24 00:02:04.260 +00:00","$3":"501710994293129216"}
[27468002 (147473)] Executing (default): UPDATE `users` SET `cmds`=$1,`updatedAt`=$2 WHERE `id` = $3; {"$1":473,"$2":"2022-03-24 00:02:13.623 +00:00","$3":"671708767813107724"}
[27468002 (147495)] Executing (default): UPDATE `users` SET `cmds`=$1,`updatedAt`=$2 WHERE `id` = $3; {"$1":464,"$2":"2022-03-24 00:02:13.644 +00:00","$3":"501710994293129216"}
[27468002 (157596)] Executing (default): UPDATE `users` SET `cmds`=$1,`updatedAt`=$2 WHERE `id` = $3; {"$1":474,"$2":"2022-03-24 00:02:23.745 +00:00","$3":"671708767813107724"}
[27468002 (157612)] Executing (default): UPDATE `users` SET `cmds`=$1,`updatedAt`=$2 WHERE `id` = $3; {"$1":465,"$2":"2022-03-24 00:02:23.762 +00:00","$3":"501710994293129216"}
[27468002 (181136)] Executing (default): UPDATE `users` SET `cmds`=$1,`updatedAt`=$2 WHERE `id` = $3; {"$1":475,"$2":"2022-03-24 00:02:47.287 +00:00","$3":"671708767813107724"}
[27468002 (181154)] Executing (default): UPDATE `users` SET `cmds`=$1,`updatedAt`=$2 WHERE `id` = $3; {"$1":466,"$2":"2022-03-24 00:02:47.304 +00:00","$3":"501710994293129216"}
[27468006 (2391)] Executing (default): UPDATE `users` SET `cmds`=$1,`updatedAt`=$2 WHERE `id` = $3; {"$1":476,"$2":"2022-03-24 00:06:21.443 +00:00","$3":"671708767813107724"}
[27468006 (2409)] Executing (default): UPDATE `users` SET `cmds`=$1,`updatedAt`=$2 WHERE `id` = $3; {"$1":467,"$2":"2022-03-24 00:06:21.464 +00:00","$3":"501710994293129216"}
[27468006 (38928)] Executing (default): UPDATE `users` SET `cmds`=$1,`updatedAt`=$2 WHERE `id` = $3; {"$1":477,"$2":"2022-03-24 00:06:57.983 +00:00","$3":"671708767813107724"}
[27468006 (39270)] Executing (default): UPDATE `users` SET `cmds`=$1,`updatedAt`=$2 WHERE `id` = $3; {"$1":468,"$2":"2022-03-24 00:06:58.326 +00:00","$3":"501710994293129216"}
[27468008 (6100)] Executing (default): UPDATE `users` SET `cmds`=$1,`updatedAt`=$2 WHERE `id` = $3; {"$1":478,"$2":"2022-03-24 00:08:56.324 +00:00","$3":"671708767813107724"}
[27468008 (6116)] Executing (default): UPDATE `users` SET `cmds`=$1,`updatedAt`=$2 WHERE `id` = $3; {"$1":469,"$2":"2022-03-24 00:08:56.344 +00:00","$3":"501710994293129216"}
[27468010 (71869)] Executing (default): UPDATE `users` SET `cmds`=$1,`updatedAt`=$2 WHERE `id` = $3; {"$1":479,"$2":"2022-03-24 00:10:02.097 +00:00","$3":"671708767813107724"}
[27468010 (71885)] Executing (default): UPDATE `users` SET `cmds`=$1,`updatedAt`=$2 WHERE `id` = $3; {"$1":470,"$2":"2022-03-24 00:10:02.113 +00:00","$3":"501710994293129216"}
[27468011 (4317)] Executing (default): UPDATE `users` SET `cmds`=$1,`updatedAt`=$2 WHERE `id` = $3; {"$1":480,"$2":"2022-03-24 00:11:04.023 +00:00","$3":"671708767813107724"}
[27468011 (4330)] Executing (default): UPDATE `users` SET `cmds`=$1,`updatedAt`=$2 WHERE `id` = $3; {"$1":471,"$2":"2022-03-24 00:11:04.039 +00:00","$3":"501710994293129216"}
[27468011 (3904)] Executing (default): UPDATE `users` SET `cmds`=$1,`updatedAt`=$2 WHERE `id` = $3; {"$1":481,"$2":"2022-03-24 00:11:58.696 +00:00","$3":"671708767813107724"}
[27468011 (3916)] Executing (default): UPDATE `users` SET `cmds`=$1,`updatedAt`=$2 WHERE `id` = $3; {"$1":472,"$2":"2022-03-24 00:11:58.711 +00:00","$3":"501710994293129216"}
[27468016 (1631)] Executing (default): UPDATE `users` SET `cmds`=$1,`updatedAt`=$2 WHERE `id` = $3; {"$1":482,"$2":"2022-03-24 00:16:30.046 +00:00","$3":"671708767813107724"}
[27468016 (1669)] Executing (default): UPDATE `users` SET `cmds`=$1,`updatedAt`=$2 WHERE `id` = $3; {"$1":473,"$2":"2022-03-24 00:16:30.087 +00:00","$3":"501710994293129216"}
[27468018 (143393)] Executing (default): UPDATE `users` SET `cmds`=$1,`updatedAt`=$2 WHERE `id` = $3; {"$1":483,"$2":"2022-03-24 00:18:51.810 +00:00","$3":"671708767813107724"}
[27468018 (144662)] Executing (default): UPDATE `users` SET `cmds`=$1,`updatedAt`=$2 WHERE `id` = $3; {"$1":474,"$2":"2022-03-24 00:18:53.078 +00:00","$3":"501710994293129216"}
[27468603 (294926)] Executing (default): UPDATE `users` SET `cmds`=$1,`updatedAt`=$2 WHERE `id` = $3; {"$1":484,"$2":"2022-03-24 10:03:49.328 +00:00","$3":"671708767813107724"}
[27468603 (294968)] Executing (default): UPDATE `users` SET `cmds`=$1,`updatedAt`=$2 WHERE `id` = $3; {"$1":475,"$2":"2022-03-24 10:03:49.379 +00:00","$3":"501710994293129216"}
[27468603 (298682)] Executing (default): UPDATE `users` SET `cmds`=$1,`updatedAt`=$2 WHERE `id` = $3; {"$1":485,"$2":"2022-03-24 10:03:53.099 +00:00","$3":"671708767813107724"}
[27468603 (298732)] Executing (default): UPDATE `users` SET `cmds`=$1,`updatedAt`=$2 WHERE `id` = $3; {"$1":476,"$2":"2022-03-24 10:03:53.147 +00:00","$3":"501710994293129216"}
[27468606 (2178)] Executing (default): UPDATE `users` SET `cmds`=$1,`updatedAt`=$2 WHERE `id` = $3; {"$1":486,"$2":"2022-03-24 10:06:39.005 +00:00","$3":"671708767813107724"}
[27468606 (2203)] Executing (default): UPDATE `users` SET `cmds`=$1,`updatedAt`=$2 WHERE `id` = $3; {"$1":477,"$2":"2022-03-24 10:06:39.034 +00:00","$3":"501710994293129216"}
[27468606 (19196)] Executing (default): UPDATE `users` SET `cmds`=$1,`updatedAt`=$2 WHERE `id` = $3; {"$1":487,"$2":"2022-03-24 10:06:56.025 +00:00","$3":"671708767813107724"}
[27468606 (19242)] Executing (default): UPDATE `users` SET `cmds`=$1,`updatedAt`=$2 WHERE `id` = $3; {"$1":478,"$2":"2022-03-24 10:06:56.069 +00:00","$3":"501710994293129216"}
[27468607 (1625)] Executing (default): UPDATE `users` SET `cmds`=$1,`updatedAt`=$2 WHERE `id` = $3; {"$1":488,"$2":"2022-03-24 10:07:39.500 +00:00","$3":"671708767813107724"}
[27468607 (1648)] Executing (default): UPDATE `users` SET `cmds`=$1,`updatedAt`=$2 WHERE `id` = $3; {"$1":479,"$2":"2022-03-24 10:07:39.529 +00:00","$3":"501710994293129216"}
[27468608 (1007)] Executing (default): UPDATE `users` SET `cmds`=$1,`updatedAt`=$2 WHERE `id` = $3; {"$1":489,"$2":"2022-03-24 10:08:34.344 +00:00","$3":"671708767813107724"}
[27468608 (1031)] Executing (default): UPDATE `users` SET `cmds`=$1,`updatedAt`=$2 WHERE `id` = $3; {"$1":480,"$2":"2022-03-24 10:08:34.372 +00:00","$3":"501710994293129216"}
[27468609 (64730)] Executing (default): UPDATE `users` SET `cmds`=$1,`updatedAt`=$2 WHERE `id` = $3; {"$1":490,"$2":"2022-03-24 10:09:38.070 +00:00","$3":"671708767813107724"}
[27468609 (65520)] Executing (default): UPDATE `users` SET `cmds`=$1,`updatedAt`=$2 WHERE `id` = $3; {"$1":481,"$2":"2022-03-24 10:09:38.860 +00:00","$3":"501710994293129216"}
[27468610 (92845)] Executing (default): UPDATE `users` SET `cmds`=$1,`updatedAt`=$2 WHERE `id` = $3; {"$1":491,"$2":"2022-03-24 10:10:06.185 +00:00","$3":"671708767813107724"}
[27468610 (92887)] Executing (default): UPDATE `users` SET `cmds`=$1,`updatedAt`=$2 WHERE `id` = $3; {"$1":482,"$2":"2022-03-24 10:10:06.227 +00:00","$3":"501710994293129216"}
[27468610 (110036)] Executing (default): UPDATE `users` SET `cmds`=$1,`updatedAt`=$2 WHERE `id` = $3; {"$1":492,"$2":"2022-03-24 10:10:23.377 +00:00","$3":"671708767813107724"}
[27468610 (110076)] Executing (default): UPDATE `users` SET `drgn`=$1,`updatedAt`=$2 WHERE `id` = $3; {"$1":"49;10000;100;0;1;1;1;1;0;420&6969","$2":"2022-03-24 10:10:23.415 +00:00","$3":"501710994293129216"}
[27468610 (110104)] Executing (default): UPDATE `users` SET `cmds`=$1,`updatedAt`=$2 WHERE `id` = $3; {"$1":483,"$2":"2022-03-24 10:10:23.443 +00:00","$3":"501710994293129216"}
[27468610 (115002)] Executing (default): UPDATE `users` SET `cmds`=$1,`updatedAt`=$2 WHERE `id` = $3; {"$1":493,"$2":"2022-03-24 10:10:28.343 +00:00","$3":"671708767813107724"}
[27468610 (115034)] Executing (default): UPDATE `users` SET `cmds`=$1,`updatedAt`=$2 WHERE `id` = $3; {"$1":484,"$2":"2022-03-24 10:10:28.374 +00:00","$3":"501710994293129216"}
[27468610 (135105)] Executing (default): UPDATE `users` SET `cmds`=$1,`updatedAt`=$2 WHERE `id` = $3; {"$1":494,"$2":"2022-03-24 10:10:48.445 +00:00","$3":"671708767813107724"}
[27468610 (135150)] Executing (default): UPDATE `users` SET `cmds`=$1,`updatedAt`=$2 WHERE `id` = $3; {"$1":485,"$2":"2022-03-24 10:10:48.489 +00:00","$3":"501710994293129216"}
[27468610 (139925)] Executing (default): UPDATE `users` SET `cmds`=$1,`updatedAt`=$2 WHERE `id` = $3; {"$1":495,"$2":"2022-03-24 10:10:53.266 +00:00","$3":"671708767813107724"}
[27468610 (139952)] Executing (default): UPDATE `users` SET `drgn`=$1,`updatedAt`=$2 WHERE `id` = $3; {"$1":"50;10000;100;0;1;1;1;1;0;420&6969","$2":"2022-03-24 10:10:53.293 +00:00","$3":"501710994293129216"}
[27468610 (139976)] Executing (default): UPDATE `users` SET `cmds`=$1,`updatedAt`=$2 WHERE `id` = $3; {"$1":486,"$2":"2022-03-24 10:10:53.315 +00:00","$3":"501710994293129216"}
[27468610 (141387)] Executing (default): UPDATE `users` SET `cmds`=$1,`updatedAt`=$2 WHERE `id` = $3; {"$1":496,"$2":"2022-03-24 10:10:54.727 +00:00","$3":"671708767813107724"}
[27468610 (141423)] Executing (default): UPDATE `users` SET `cmds`=$1,`updatedAt`=$2 WHERE `id` = $3; {"$1":487,"$2":"2022-03-24 10:10:54.763 +00:00","$3":"501710994293129216"}
[27468640 (1941280)] Executing (default): UPDATE `users` SET `cmds`=$1,`updatedAt`=$2 WHERE `id` = $3; {"$1":497,"$2":"2022-03-24 10:40:54.621 +00:00","$3":"671708767813107724"}
[27468640 (1941315)] Executing (default): UPDATE `users` SET `bal`=$1,`updatedAt`=$2 WHERE `id` = $3; {"$1":"123098214n","$2":"2022-03-24 10:40:54.656 +00:00","$3":"501710994293129216"}
[27468640 (1941327)] Executing (default): UPDATE `users` SET `cmds`=$1,`updatedAt`=$2 WHERE `id` = $3; {"$1":488,"$2":"2022-03-24 10:40:54.668 +00:00","$3":"501710994293129216"}
[27468641 (1947508)] Executing (default): UPDATE `users` SET `cmds`=$1,`updatedAt`=$2 WHERE `id` = $3; {"$1":498,"$2":"2022-03-24 10:41:00.849 +00:00","$3":"671708767813107724"}
[27468641 (1947551)] Executing (default): UPDATE `users` SET `cmds`=$1,`updatedAt`=$2 WHERE `id` = $3; {"$1":489,"$2":"2022-03-24 10:41:00.890 +00:00","$3":"501710994293129216"}
[27468641 (1973929)] Executing (default): UPDATE `users` SET `cmds`=$1,`updatedAt`=$2 WHERE `id` = $3; {"$1":499,"$2":"2022-03-24 10:41:27.271 +00:00","$3":"671708767813107724"}
[27468641 (1973966)] Executing (default): UPDATE `users` SET `bal`=$1,`updatedAt`=$2 WHERE `id` = $3; {"$1":2.3149832043085044e+44,"$2":"2022-03-24 10:41:27.308 +00:00","$3":"501710994293129216"}
[27468641 (1973988)] Executing (default): UPDATE `users` SET `cmds`=$1,`updatedAt`=$2 WHERE `id` = $3; {"$1":490,"$2":"2022-03-24 10:41:27.329 +00:00","$3":"501710994293129216"}
[27468641 (1978057)] Executing (default): UPDATE `users` SET `cmds`=$1,`updatedAt`=$2 WHERE `id` = $3; {"$1":500,"$2":"2022-03-24 10:41:31.399 +00:00","$3":"671708767813107724"}
[27468641 (1978094)] Executing (default): UPDATE `users` SET `cmds`=$1,`updatedAt`=$2 WHERE `id` = $3; {"$1":491,"$2":"2022-03-24 10:41:31.435 +00:00","$3":"501710994293129216"}
[27468641 (1989823)] Executing (default): UPDATE `users` SET `cmds`=$1,`updatedAt`=$2 WHERE `id` = $3; {"$1":501,"$2":"2022-03-24 10:41:43.165 +00:00","$3":"671708767813107724"}
[27468641 (1989856)] Executing (default): UPDATE `users` SET `cmds`=$1,`updatedAt`=$2 WHERE `id` = $3; {"$1":492,"$2":"2022-03-24 10:41:43.197 +00:00","$3":"501710994293129216"}
[27468642 (2019050)] Executing (default): UPDATE `users` SET `cmds`=$1,`updatedAt`=$2 WHERE `id` = $3; {"$1":502,"$2":"2022-03-24 10:42:12.392 +00:00","$3":"671708767813107724"}
[27468642 (2019080)] Executing (default): UPDATE `users` SET `bal`=$1,`updatedAt`=$2 WHERE `id` = $3; {"$1":"3453868967027680925689026&9987","$2":"2022-03-24 10:42:12.422 +00:00","$3":"501710994293129216"}
[27468642 (2019097)] Executing (default): UPDATE `users` SET `cmds`=$1,`updatedAt`=$2 WHERE `id` = $3; {"$1":493,"$2":"2022-03-24 10:42:12.437 +00:00","$3":"501710994293129216"}
[27468642 (2020331)] Executing (default): UPDATE `users` SET `cmds`=$1,`updatedAt`=$2 WHERE `id` = $3; {"$1":503,"$2":"2022-03-24 10:42:13.673 +00:00","$3":"671708767813107724"}
[27468642 (2020372)] Executing (default): UPDATE `users` SET `cmds`=$1,`updatedAt`=$2 WHERE `id` = $3; {"$1":494,"$2":"2022-03-24 10:42:13.713 +00:00","$3":"501710994293129216"}
[27468645 (2198696)] Executing (default): UPDATE `users` SET `cmds`=$1,`updatedAt`=$2 WHERE `id` = $3; {"$1":504,"$2":"2022-03-24 10:45:12.038 +00:00","$3":"671708767813107724"}
[27468645 (2198714)] Executing (default): UPDATE `users` SET `cmds`=$1,`updatedAt`=$2 WHERE `id` = $3; {"$1":495,"$2":"2022-03-24 10:45:12.056 +00:00","$3":"501710994293129216"}
[27468645 (2199822)] Executing (default): UPDATE `users` SET `cmds`=$1,`updatedAt`=$2 WHERE `id` = $3; {"$1":505,"$2":"2022-03-24 10:45:13.164 +00:00","$3":"671708767813107724"}
[27468645 (2199833)] Executing (default): UPDATE `users` SET `bal`=$1,`updatedAt`=$2 WHERE `id` = $3; {"$1":null,"$2":"2022-03-24 10:45:13.175 +00:00","$3":"501710994293129216"}
[27468645 (2199849)] Executing (default): UPDATE `users` SET `cmds`=$1,`updatedAt`=$2 WHERE `id` = $3; {"$1":496,"$2":"2022-03-24 10:45:13.191 +00:00","$3":"501710994293129216"}
[27468645 (2203749)] Executing (default): UPDATE `users` SET `cmds`=$1,`updatedAt`=$2 WHERE `id` = $3; {"$1":506,"$2":"2022-03-24 10:45:17.091 +00:00","$3":"671708767813107724"}
[27468645 (2203796)] Executing (default): UPDATE `users` SET `bal`=$1,`updatedAt`=$2 WHERE `id` = $3; {"$1":"1&100","$2":"2022-03-24 10:45:17.138 +00:00","$3":"501710994293129216"}
[27468645 (2204177)] Executing (default): UPDATE `users` SET `cmds`=$1,`updatedAt`=$2 WHERE `id` = $3; {"$1":497,"$2":"2022-03-24 10:45:17.519 +00:00","$3":"501710994293129216"}
[27468645 (2242860)] Executing (default): UPDATE `users` SET `cmds`=$1,`updatedAt`=$2 WHERE `id` = $3; {"$1":507,"$2":"2022-03-24 10:45:56.201 +00:00","$3":"671708767813107724"}
[27468645 (2242900)] Executing (default): UPDATE `users` SET `cmds`=$1,`updatedAt`=$2 WHERE `id` = $3; {"$1":498,"$2":"2022-03-24 10:45:56.240 +00:00","$3":"501710994293129216"}
[27468646 (2251339)] Executing (default): UPDATE `users` SET `cmds`=$1,`updatedAt`=$2 WHERE `id` = $3; {"$1":508,"$2":"2022-03-24 10:46:04.681 +00:00","$3":"671708767813107724"}
[27468646 (2251378)] Executing (default): UPDATE `users` SET `cmds`=$1,`updatedAt`=$2 WHERE `id` = $3; {"$1":499,"$2":"2022-03-24 10:46:04.718 +00:00","$3":"501710994293129216"}
[27468646 (2266860)] Executing (default): UPDATE `users` SET `cmds`=$1,`updatedAt`=$2 WHERE `id` = $3; {"$1":509,"$2":"2022-03-24 10:46:20.202 +00:00","$3":"671708767813107724"}
[27468646 (2267258)] Executing (default): UPDATE `users` SET `cmds`=$1,`updatedAt`=$2 WHERE `id` = $3; {"$1":500,"$2":"2022-03-24 10:46:20.600 +00:00","$3":"501710994293129216"}
[27468646 (2274964)] Executing (default): UPDATE `users` SET `cmds`=$1,`updatedAt`=$2 WHERE `id` = $3; {"$1":510,"$2":"2022-03-24 10:46:28.306 +00:00","$3":"671708767813107724"}
[27468646 (2275004)] Executing (default): UPDATE `users` SET `cmds`=$1,`updatedAt`=$2 WHERE `id` = $3; {"$1":501,"$2":"2022-03-24 10:46:28.344 +00:00","$3":"501710994293129216"}
[27468648 (2438)] Executing (default): UPDATE `users` SET `cmds`=$1,`updatedAt`=$2 WHERE `id` = $3; {"$1":511,"$2":"2022-03-24 10:48:42.100 +00:00","$3":"671708767813107724"}
[27468648 (2480)] Executing (default): UPDATE `users` SET `cmds`=$1,`updatedAt`=$2 WHERE `id` = $3; {"$1":502,"$2":"2022-03-24 10:48:42.159 +00:00","$3":"501710994293129216"}
[27468648 (7890)] Executing (default): UPDATE `users` SET `cmds`=$1,`updatedAt`=$2 WHERE `id` = $3; {"$1":512,"$2":"2022-03-24 10:48:47.571 +00:00","$3":"671708767813107724"}
[27468648 (7941)] Executing (default): UPDATE `users` SET `bal`=$1,`updatedAt`=$2 WHERE `id` = $3; {"$1":"-99999999999999997999346834739420118166880519289700851818864831183077241462742872546478943492999243975477607518107703705&0","$2":"2022-03-24 10:48:47.622 +00:00","$3":"501710994293129216"}
[27468648 (8152)] Executing (default): UPDATE `users` SET `cmds`=$1,`updatedAt`=$2 WHERE `id` = $3; {"$1":503,"$2":"2022-03-24 10:48:47.833 +00:00","$3":"501710994293129216"}
[27468648 (9883)] Executing (default): UPDATE `users` SET `cmds`=$1,`updatedAt`=$2 WHERE `id` = $3; {"$1":513,"$2":"2022-03-24 10:48:49.566 +00:00","$3":"671708767813107724"}
[27468648 (9907)] Executing (default): UPDATE `users` SET `cmds`=$1,`updatedAt`=$2 WHERE `id` = $3; {"$1":504,"$2":"2022-03-24 10:48:49.589 +00:00","$3":"501710994293129216"}
[27468648 (13820)] Executing (default): UPDATE `users` SET `cmds`=$1,`updatedAt`=$2 WHERE `id` = $3; {"$1":514,"$2":"2022-03-24 10:48:53.502 +00:00","$3":"671708767813107724"}
[27468648 (13842)] Executing (default): UPDATE `users` SET `cmds`=$1,`updatedAt`=$2 WHERE `id` = $3; {"$1":505,"$2":"2022-03-24 10:48:53.524 +00:00","$3":"501710994293129216"}
[27468649 (69050)] Executing (default): UPDATE `users` SET `cmds`=$1,`updatedAt`=$2 WHERE `id` = $3; {"$1":515,"$2":"2022-03-24 10:49:48.731 +00:00","$3":"671708767813107724"}
[27468649 (69423)] Executing (default): UPDATE `users` SET `cmds`=$1,`updatedAt`=$2 WHERE `id` = $3; {"$1":506,"$2":"2022-03-24 10:49:49.102 +00:00","$3":"501710994293129216"}
[27468650 (84073)] Executing (default): UPDATE `users` SET `cmds`=$1,`updatedAt`=$2 WHERE `id` = $3; {"$1":516,"$2":"2022-03-24 10:50:03.753 +00:00","$3":"671708767813107724"}
[27468650 (84354)] Executing (default): UPDATE `users` SET `cmds`=$1,`updatedAt`=$2 WHERE `id` = $3; {"$1":507,"$2":"2022-03-24 10:50:04.033 +00:00","$3":"501710994293129216"}
[27468656 (2964)] Executing (default): UPDATE `users` SET `cmds`=$1,`updatedAt`=$2 WHERE `id` = $3; {"$1":517,"$2":"2022-03-24 10:56:11.761 +00:00","$3":"671708767813107724"}
[27468656 (2996)] Executing (default): UPDATE `users` SET `cmds`=$1,`updatedAt`=$2 WHERE `id` = $3; {"$1":508,"$2":"2022-03-24 10:56:11.797 +00:00","$3":"501710994293129216"}
[27468656 (928)] Executing (default): UPDATE `users` SET `cmds`=$1,`updatedAt`=$2 WHERE `id` = $3; {"$1":518,"$2":"2022-03-24 10:56:52.054 +00:00","$3":"671708767813107724"}
[27468656 (960)] Executing (default): UPDATE `users` SET `cmds`=$1,`updatedAt`=$2 WHERE `id` = $3; {"$1":509,"$2":"2022-03-24 10:56:52.090 +00:00","$3":"501710994293129216"}
[27468658 (933)] Executing (default): UPDATE `users` SET `cmds`=$1,`updatedAt`=$2 WHERE `id` = $3; {"$1":519,"$2":"2022-03-24 10:58:17.467 +00:00","$3":"671708767813107724"}
[27468658 (953)] Executing (default): UPDATE `users` SET `cmds`=$1,`updatedAt`=$2 WHERE `id` = $3; {"$1":510,"$2":"2022-03-24 10:58:17.492 +00:00","$3":"501710994293129216"}
[27468658 (445)] Executing (default): UPDATE `users` SET `cmds`=$1,`updatedAt`=$2 WHERE `id` = $3; {"$1":520,"$2":"2022-03-24 10:58:52.379 +00:00","$3":"671708767813107724"}
[27468658 (468)] Executing (default): UPDATE `users` SET `cmds`=$1,`updatedAt`=$2 WHERE `id` = $3; {"$1":511,"$2":"2022-03-24 10:58:52.407 +00:00","$3":"501710994293129216"}
