[27465121 (6698)] Executing (default): UPDATE `users` SET `cmds`=$1,`updatedAt`=$2 WHERE `id` = $3; {"$1":463,"$2":"2022-03-22 00:01:00.277 +00:00","$3":"671708767813107724"}
[27465121 (6738)] Executing (default): UPDATE `users` SET `cmds`=$1,`updatedAt`=$2 WHERE `id` = $3; {"$1":321,"$2":"2022-03-22 00:01:00.331 +00:00","$3":"501710994293129216"}
[27465122 (2616)] Executing (default): UPDATE `users` SET `cmds`=$1,`updatedAt`=$2 WHERE `id` = $3; {"$1":464,"$2":"2022-03-22 00:02:33.249 +00:00","$3":"671708767813107724"}
[27465122 (2645)] Executing (default): UPDATE `users` SET `cmds`=$1,`updatedAt`=$2 WHERE `id` = $3; {"$1":322,"$2":"2022-03-22 00:02:33.283 +00:00","$3":"501710994293129216"}
[27465124 (4037)] Executing (default): UPDATE `users` SET `cmds`=$1,`updatedAt`=$2 WHERE `id` = $3; {"$1":465,"$2":"2022-03-22 00:04:46.509 +00:00","$3":"671708767813107724"}
[27465124 (4061)] Executing (default): UPDATE `users` SET `cmds`=$1,`updatedAt`=$2 WHERE `id` = $3; {"$1":323,"$2":"2022-03-22 00:04:46.539 +00:00","$3":"501710994293129216"}
[27465127 (3783)] Executing (default): UPDATE `users` SET `cmds`=$1,`updatedAt`=$2 WHERE `id` = $3; {"$1":466,"$2":"2022-03-22 00:07:58.664 +00:00","$3":"671708767813107724"}
[27465127 (3807)] Executing (default): UPDATE `users` SET `cmds`=$1,`updatedAt`=$2 WHERE `id` = $3; {"$1":324,"$2":"2022-03-22 00:07:58.693 +00:00","$3":"501710994293129216"}
[27465128 (16943)] Executing (default): UPDATE `users` SET `cmds`=$1,`updatedAt`=$2 WHERE `id` = $3; {"$1":467,"$2":"2022-03-22 00:08:11.829 +00:00","$3":"671708767813107724"}
[27465128 (16968)] Executing (default): UPDATE `users` SET `cmds`=$1,`updatedAt`=$2 WHERE `id` = $3; {"$1":325,"$2":"2022-03-22 00:08:11.849 +00:00","$3":"911799544017199124"}
[27465128 (23352)] Executing (default): UPDATE `users` SET `cmds`=$1,`updatedAt`=$2 WHERE `id` = $3; {"$1":468,"$2":"2022-03-22 00:08:18.239 +00:00","$3":"671708767813107724"}
[27465128 (23382)] Executing (default): UPDATE `users` SET `cst`=$1,`updatedAt`=$2 WHERE `id` = $3; {"$1":"wl","$2":"2022-03-22 00:08:18.270 +00:00","$3":"911799544017199124"}
[27465128 (23565)] Executing (default): UPDATE `users` SET `cmds`=$1,`updatedAt`=$2 WHERE `id` = $3; {"$1":325,"$2":"2022-03-22 00:08:18.451 +00:00","$3":"501710994293129216"}
[27465128 (27068)] Executing (default): UPDATE `users` SET `cmds`=$1,`updatedAt`=$2 WHERE `id` = $3; {"$1":469,"$2":"2022-03-22 00:08:21.953 +00:00","$3":"671708767813107724"}
[27465128 (27092)] Executing (default): UPDATE `users` SET `cmds`=$1,`updatedAt`=$2 WHERE `id` = $3; {"$1":326,"$2":"2022-03-22 00:08:21.973 +00:00","$3":"911799544017199124"}
[27465128 (27122)] Executing (default): UPDATE `users` SET `xp`=$1,`xpc`=$2,`updatedAt`=$3 WHERE `id` = $4; {"$1":"1;16","$2":27465129,"$3":"2022-03-22 00:08:22.007 +00:00","$4":"911799544017199124"}
[27465128 (27136)] Executing (default): UPDATE `users` SET `clr`=$1,`updatedAt`=$2 WHERE `id` = $3; {"$1":"#00aaaa;0","$2":"2022-03-22 00:08:22.024 +00:00","$3":"911799544017199124"}
[27465128 (27161)] Executing (default): UPDATE `users` SET `cmds`=$1,`updatedAt`=$2 WHERE `id` = $3; {"$1":470,"$2":"2022-03-22 00:08:22.046 +00:00","$3":"671708767813107724"}
[27465128 (27191)] Executing (default): UPDATE `users` SET `cmds`=$1,`updatedAt`=$2 WHERE `id` = $3; {"$1":327,"$2":"2022-03-22 00:08:22.077 +00:00","$3":"911799544017199124"}
[27465128 (33445)] Executing (default): UPDATE `users` SET `cmds`=$1,`updatedAt`=$2 WHERE `id` = $3; {"$1":471,"$2":"2022-03-22 00:08:28.332 +00:00","$3":"671708767813107724"}
[27465128 (33473)] Executing (default): UPDATE `users` SET `cmds`=$1,`updatedAt`=$2 WHERE `id` = $3; {"$1":326,"$2":"2022-03-22 00:08:28.357 +00:00","$3":"501710994293129216"}
[27465128 (38511)] Executing (default): UPDATE `users` SET `cmds`=$1,`updatedAt`=$2 WHERE `id` = $3; {"$1":472,"$2":"2022-03-22 00:08:33.398 +00:00","$3":"671708767813107724"}
[27465128 (38538)] Executing (default): UPDATE `users` SET `cst`=$1,`updatedAt`=$2 WHERE `id` = $3; {"$1":"wl","$2":"2022-03-22 00:08:33.425 +00:00","$3":"911799544017199124"}
[27465128 (38553)] Executing (default): UPDATE `users` SET `cmds`=$1,`updatedAt`=$2 WHERE `id` = $3; {"$1":327,"$2":"2022-03-22 00:08:33.438 +00:00","$3":"501710994293129216"}
[27465128 (47843)] Executing (default): UPDATE `users` SET `cmds`=$1,`updatedAt`=$2 WHERE `id` = $3; {"$1":473,"$2":"2022-03-22 00:08:42.729 +00:00","$3":"671708767813107724"}
[27465128 (47868)] Executing (default): UPDATE `users` SET `cmds`=$1,`updatedAt`=$2 WHERE `id` = $3; {"$1":328,"$2":"2022-03-22 00:08:42.751 +00:00","$3":"501710994293129216"}
[27465128 (51781)] Executing (default): UPDATE `users` SET `cmds`=$1,`updatedAt`=$2 WHERE `id` = $3; {"$1":474,"$2":"2022-03-22 00:08:46.668 +00:00","$3":"671708767813107724"}
[27465128 (51804)] Executing (default): UPDATE `users` SET `cmds`=$1,`updatedAt`=$2 WHERE `id` = $3; {"$1":329,"$2":"2022-03-22 00:08:46.690 +00:00","$3":"911799544017199124"}
[27465128 (51830)] Executing (default): UPDATE `users` SET `clr`=$1,`updatedAt`=$2 WHERE `id` = $3; {"$1":"#00aaaa;0","$2":"2022-03-22 00:08:46.718 +00:00","$3":"911799544017199124"}
[27465128 (51852)] Executing (default): UPDATE `users` SET `cmds`=$1,`updatedAt`=$2 WHERE `id` = $3; {"$1":475,"$2":"2022-03-22 00:08:46.738 +00:00","$3":"671708767813107724"}
[27465128 (51883)] Executing (default): UPDATE `users` SET `cmds`=$1,`updatedAt`=$2 WHERE `id` = $3; {"$1":330,"$2":"2022-03-22 00:08:46.769 +00:00","$3":"911799544017199124"}
[27465129 (86748)] Executing (default): UPDATE `users` SET `cmds`=$1,`updatedAt`=$2 WHERE `id` = $3; {"$1":476,"$2":"2022-03-22 00:09:21.634 +00:00","$3":"671708767813107724"}
[27465129 (86774)] Executing (default): UPDATE `users` SET `cmds`=$1,`updatedAt`=$2 WHERE `id` = $3; {"$1":329,"$2":"2022-03-22 00:09:21.658 +00:00","$3":"501710994293129216"}
[27465130 (4256)] Executing (default): UPDATE `users` SET `cmds`=$1,`updatedAt`=$2 WHERE `id` = $3; {"$1":477,"$2":"2022-03-22 00:10:12.344 +00:00","$3":"671708767813107724"}
[27465130 (4278)] Executing (default): UPDATE `users` SET `cmds`=$1,`updatedAt`=$2 WHERE `id` = $3; {"$1":330,"$2":"2022-03-22 00:10:12.370 +00:00","$3":"501710994293129216"}
[27465131 (1294)] Executing (default): UPDATE `users` SET `cmds`=$1,`updatedAt`=$2 WHERE `id` = $3; {"$1":478,"$2":"2022-03-22 00:11:29.916 +00:00","$3":"671708767813107724"}
[27465131 (1334)] Executing (default): UPDATE `users` SET `cmds`=$1,`updatedAt`=$2 WHERE `id` = $3; {"$1":331,"$2":"2022-03-22 00:11:29.981 +00:00","$3":"501710994293129216"}
[27465132 (2984)] Executing (default): UPDATE `users` SET `cmds`=$1,`updatedAt`=$2 WHERE `id` = $3; {"$1":479,"$2":"2022-03-22 00:12:57.866 +00:00","$3":"671708767813107724"}
[27465132 (3026)] Executing (default): UPDATE `users` SET `cmds`=$1,`updatedAt`=$2 WHERE `id` = $3; {"$1":332,"$2":"2022-03-22 00:12:57.919 +00:00","$3":"501710994293129216"}
[27465135 (6565)] Executing (default): UPDATE `users` SET `cmds`=$1,`updatedAt`=$2 WHERE `id` = $3; {"$1":480,"$2":"2022-03-22 00:15:24.921 +00:00","$3":"671708767813107724"}
[27465135 (6582)] Executing (default): UPDATE `users` SET `cmds`=$1,`updatedAt`=$2 WHERE `id` = $3; {"$1":333,"$2":"2022-03-22 00:15:24.942 +00:00","$3":"501710994293129216"}
[27465139 (1656)] Executing (default): UPDATE `users` SET `cmds`=$1,`updatedAt`=$2 WHERE `id` = $3; {"$1":481,"$2":"2022-03-22 00:19:51.210 +00:00","$3":"671708767813107724"}
[27465139 (1671)] Executing (default): UPDATE `users` SET `stn`=$1,`dns`=$2,`updatedAt`=$3 WHERE `id` = $4; {"$1":"2746514&0","$2":"2746514&0","$3":"2022-03-22 00:19:51.231 +00:00","$4":"911799544017199124"}
[27465139 (1684)] Executing (default): UPDATE `users` SET `cmds`=$1,`updatedAt`=$2 WHERE `id` = $3; {"$1":334,"$2":"2022-03-22 00:19:51.240 +00:00","$3":"501710994293129216"}
[27465140 (18796)] Executing (default): UPDATE `users` SET `cmds`=$1,`updatedAt`=$2 WHERE `id` = $3; {"$1":482,"$2":"2022-03-22 00:20:08.356 +00:00","$3":"671708767813107724"}
[27465140 (18813)] Executing (default): UPDATE `users` SET `cmds`=$1,`updatedAt`=$2 WHERE `id` = $3; {"$1":335,"$2":"2022-03-22 00:20:08.372 +00:00","$3":"911799544017199124"}
[27465140 (18830)] Executing (default): UPDATE `users` SET `xp`=$1,`xpc`=$2,`updatedAt`=$3 WHERE `id` = $4; {"$1":"1;42","$2":27465141,"$3":"2022-03-22 00:20:08.390 +00:00","$4":"911799544017199124"}
[27465140 (18838)] Executing (default): UPDATE `users` SET `clr`=$1,`updatedAt`=$2 WHERE `id` = $3; {"$1":"#00aaaa;0","$2":"2022-03-22 00:20:08.399 +00:00","$3":"911799544017199124"}
[27465140 (18853)] Executing (default): UPDATE `users` SET `cmds`=$1,`updatedAt`=$2 WHERE `id` = $3; {"$1":483,"$2":"2022-03-22 00:20:08.413 +00:00","$3":"671708767813107724"}
[27465140 (18870)] Executing (default): UPDATE `users` SET `cmds`=$1,`updatedAt`=$2 WHERE `id` = $3; {"$1":336,"$2":"2022-03-22 00:20:08.429 +00:00","$3":"911799544017199124"}
[27465140 (32342)] Executing (default): UPDATE `users` SET `cmds`=$1,`updatedAt`=$2 WHERE `id` = $3; {"$1":484,"$2":"2022-03-22 00:20:21.901 +00:00","$3":"671708767813107724"}
[27465140 (32369)] Executing (default): UPDATE `users` SET `cmds`=$1,`updatedAt`=$2 WHERE `id` = $3; {"$1":335,"$2":"2022-03-22 00:20:21.927 +00:00","$3":"501710994293129216"}
[27465142 (5609)] Executing (default): UPDATE `users` SET `cmds`=$1,`updatedAt`=$2 WHERE `id` = $3; {"$1":485,"$2":"2022-03-22 00:22:36.238 +00:00","$3":"671708767813107724"}
[27465142 (5627)] Executing (default): UPDATE `users` SET `cmds`=$1,`updatedAt`=$2 WHERE `id` = $3; {"$1":336,"$2":"2022-03-22 00:22:36.261 +00:00","$3":"501710994293129216"}
[27465146 (1917)] Executing (default): UPDATE `users` SET `cmds`=$1,`updatedAt`=$2 WHERE `id` = $3; {"$1":486,"$2":"2022-03-22 00:26:33.454 +00:00","$3":"671708767813107724"}
[27465146 (1934)] Executing (default): UPDATE `users` SET `cmds`=$1,`updatedAt`=$2 WHERE `id` = $3; {"$1":337,"$2":"2022-03-22 00:26:33.475 +00:00","$3":"501710994293129216"}
[27465146 (2411)] Executing (default): UPDATE `users` SET `cmds`=$1,`updatedAt`=$2 WHERE `id` = $3; {"$1":487,"$2":"2022-03-22 00:26:58.790 +00:00","$3":"671708767813107724"}
[27465146 (2431)] Executing (default): UPDATE `users` SET `cmds`=$1,`updatedAt`=$2 WHERE `id` = $3; {"$1":338,"$2":"2022-03-22 00:26:58.814 +00:00","$3":"501710994293129216"}
[27465147 (2424)] Executing (default): UPDATE `users` SET `cmds`=$1,`updatedAt`=$2 WHERE `id` = $3; {"$1":488,"$2":"2022-03-22 00:27:52.058 +00:00","$3":"671708767813107724"}
[27465147 (2440)] Executing (default): UPDATE `users` SET `cmds`=$1,`updatedAt`=$2 WHERE `id` = $3; {"$1":339,"$2":"2022-03-22 00:27:52.078 +00:00","$3":"501710994293129216"}
[27465148 (2469)] Executing (default): UPDATE `users` SET `cmds`=$1,`updatedAt`=$2 WHERE `id` = $3; {"$1":489,"$2":"2022-03-22 00:28:28.306 +00:00","$3":"671708767813107724"}
[27465148 (2496)] Executing (default): UPDATE `users` SET `stn`=$1,`dns`=$2,`updatedAt`=$3 WHERE `id` = $4; {"$1":"2756514&0","$2":"2756514&0","$3":"2022-03-22 00:28:28.347 +00:00","$4":"911799544017199124"}
[27465148 (2513)] Executing (default): UPDATE `users` SET `cmds`=$1,`updatedAt`=$2 WHERE `id` = $3; {"$1":340,"$2":"2022-03-22 00:28:28.364 +00:00","$3":"501710994293129216"}
[27465148 (15835)] Executing (default): UPDATE `users` SET `cmds`=$1,`updatedAt`=$2 WHERE `id` = $3; {"$1":490,"$2":"2022-03-22 00:28:41.689 +00:00","$3":"671708767813107724"}
[27465148 (15848)] Executing (default): UPDATE `users` SET `cmds`=$1,`updatedAt`=$2 WHERE `id` = $3; {"$1":341,"$2":"2022-03-22 00:28:41.701 +00:00","$3":"911799544017199124"}
[27465148 (15863)] Executing (default): UPDATE `users` SET `xp`=$1,`xpc`=$2,`updatedAt`=$3 WHERE `id` = $4; {"$1":"1;70","$2":27465149,"$3":"2022-03-22 00:28:41.718 +00:00","$4":"911799544017199124"}
[27465148 (15871)] Executing (default): UPDATE `users` SET `clr`=$1,`updatedAt`=$2 WHERE `id` = $3; {"$1":"#00aaaa;0","$2":"2022-03-22 00:28:41.726 +00:00","$3":"911799544017199124"}
[27465148 (15884)] Executing (default): UPDATE `users` SET `cmds`=$1,`updatedAt`=$2 WHERE `id` = $3; {"$1":491,"$2":"2022-03-22 00:28:41.739 +00:00","$3":"671708767813107724"}
[27465148 (15900)] Executing (default): UPDATE `users` SET `cmds`=$1,`updatedAt`=$2 WHERE `id` = $3; {"$1":342,"$2":"2022-03-22 00:28:41.754 +00:00","$3":"911799544017199124"}
[27465148 (22188)] Executing (default): UPDATE `users` SET `cmds`=$1,`updatedAt`=$2 WHERE `id` = $3; {"$1":492,"$2":"2022-03-22 00:28:48.043 +00:00","$3":"671708767813107724"}
[27465148 (22218)] Executing (default): UPDATE `users` SET `cmds`=$1,`updatedAt`=$2 WHERE `id` = $3; {"$1":341,"$2":"2022-03-22 00:28:48.072 +00:00","$3":"501710994293129216"}
[27465150 (142036)] Executing (default): UPDATE `users` SET `cmds`=$1,`updatedAt`=$2 WHERE `id` = $3; {"$1":493,"$2":"2022-03-22 00:30:47.888 +00:00","$3":"671708767813107724"}
[27465150 (142250)] Executing (default): UPDATE `users` SET `cmds`=$1,`updatedAt`=$2 WHERE `id` = $3; {"$1":342,"$2":"2022-03-22 00:30:48.102 +00:00","$3":"501710994293129216"}
[27465150 (149798)] Executing (default): UPDATE `users` SET `cmds`=$1,`updatedAt`=$2 WHERE `id` = $3; {"$1":494,"$2":"2022-03-22 00:30:55.651 +00:00","$3":"671708767813107724"}
[27465150 (149825)] Executing (default): UPDATE `users` SET `cmds`=$1,`updatedAt`=$2 WHERE `id` = $3; {"$1":343,"$2":"2022-03-22 00:30:55.677 +00:00","$3":"501710994293129216"}
[27465151 (175933)] Executing (default): UPDATE `users` SET `cmds`=$1,`updatedAt`=$2 WHERE `id` = $3; {"$1":495,"$2":"2022-03-22 00:31:21.787 +00:00","$3":"671708767813107724"}
[27465151 (175954)] Executing (default): UPDATE `users` SET `cmds`=$1,`updatedAt`=$2 WHERE `id` = $3; {"$1":344,"$2":"2022-03-22 00:31:21.807 +00:00","$3":"501710994293129216"}
[27465153 (7295)] Executing (default): UPDATE `users` SET `cmds`=$1,`updatedAt`=$2 WHERE `id` = $3; {"$1":496,"$2":"2022-03-22 00:33:30.343 +00:00","$3":"671708767813107724"}
[27465153 (7318)] Executing (default): UPDATE `users` SET `stn`=$1,`dns`=$2,`updatedAt`=$3 WHERE `id` = $4; {"$1":"16479097&4","$2":"16479097&4","$3":"2022-03-22 00:33:30.376 +00:00","$4":"911799544017199124"}
[27465153 (7331)] Executing (default): UPDATE `users` SET `cmds`=$1,`updatedAt`=$2 WHERE `id` = $3; {"$1":345,"$2":"2022-03-22 00:33:30.388 +00:00","$3":"501710994293129216"}
[27465153 (10551)] Executing (default): UPDATE `users` SET `cmds`=$1,`updatedAt`=$2 WHERE `id` = $3; {"$1":497,"$2":"2022-03-22 00:33:33.610 +00:00","$3":"671708767813107724"}
[27465153 (10575)] Executing (default): UPDATE `users` SET `cmds`=$1,`updatedAt`=$2 WHERE `id` = $3; {"$1":346,"$2":"2022-03-22 00:33:33.631 +00:00","$3":"911799544017199124"}
[27465153 (10607)] Executing (default): UPDATE `users` SET `xp`=$1,`xpc`=$2,`updatedAt`=$3 WHERE `id` = $4; {"$1":"1;99","$2":27465154,"$3":"2022-03-22 00:33:33.664 +00:00","$4":"911799544017199124"}
[27465153 (10620)] Executing (default): UPDATE `users` SET `clr`=$1,`updatedAt`=$2 WHERE `id` = $3; {"$1":"#00aaaa;0","$2":"2022-03-22 00:33:33.681 +00:00","$3":"911799544017199124"}
[27465153 (10643)] Executing (default): UPDATE `users` SET `cmds`=$1,`updatedAt`=$2 WHERE `id` = $3; {"$1":498,"$2":"2022-03-22 00:33:33.702 +00:00","$3":"671708767813107724"}
[27465153 (10674)] Executing (default): UPDATE `users` SET `cmds`=$1,`updatedAt`=$2 WHERE `id` = $3; {"$1":347,"$2":"2022-03-22 00:33:33.732 +00:00","$3":"911799544017199124"}
[27465153 (14847)] Executing (default): UPDATE `users` SET `cmds`=$1,`updatedAt`=$2 WHERE `id` = $3; {"$1":499,"$2":"2022-03-22 00:33:37.905 +00:00","$3":"671708767813107724"}
[27465153 (14879)] Executing (default): UPDATE `users` SET `cmds`=$1,`updatedAt`=$2 WHERE `id` = $3; {"$1":346,"$2":"2022-03-22 00:33:37.936 +00:00","$3":"501710994293129216"}
[27465622 (1875)] Executing (default): UPDATE `users` SET `cmds`=$1,`updatedAt`=$2 WHERE `id` = $3; {"$1":500,"$2":"2022-03-22 08:22:54.098 +00:00","$3":"671708767813107724"}
[27465622 (2287)] Executing (default): UPDATE `users` SET `cmds`=$1,`updatedAt`=$2 WHERE `id` = $3; {"$1":347,"$2":"2022-03-22 08:22:54.518 +00:00","$3":"501710994293129216"}
[27465623 (33071)] Executing (default): UPDATE `users` SET `cmds`=$1,`updatedAt`=$2 WHERE `id` = $3; {"$1":501,"$2":"2022-03-22 08:23:25.302 +00:00","$3":"671708767813107724"}
[27465623 (33344)] Executing (default): UPDATE `users` SET `cmds`=$1,`updatedAt`=$2 WHERE `id` = $3; {"$1":348,"$2":"2022-03-22 08:23:25.575 +00:00","$3":"501710994293129216"}
[27465625 (6149)] Executing (default): UPDATE `users` SET `cmds`=$1,`updatedAt`=$2 WHERE `id` = $3; {"$1":502,"$2":"2022-03-22 08:25:17.598 +00:00","$3":"671708767813107724"}
[27465625 (6189)] Executing (default): UPDATE `users` SET `stn`=$1,`dns`=$2,`updatedAt`=$3 WHERE `id` = $4; {"$1":"1647938&5","$2":"1647938&5","$3":"2022-03-22 08:25:17.651 +00:00","$4":"911799544017199124"}
[27465625 (6217)] Executing (default): UPDATE `users` SET `cmds`=$1,`updatedAt`=$2 WHERE `id` = $3; {"$1":349,"$2":"2022-03-22 08:25:17.680 +00:00","$3":"501710994293129216"}
[27465625 (28608)] Executing (default): UPDATE `users` SET `cmds`=$1,`updatedAt`=$2 WHERE `id` = $3; {"$1":503,"$2":"2022-03-22 08:25:40.070 +00:00","$3":"671708767813107724"}
[27465625 (28641)] Executing (default): UPDATE `users` SET `cmds`=$1,`updatedAt`=$2 WHERE `id` = $3; {"$1":350,"$2":"2022-03-22 08:25:40.105 +00:00","$3":"911799544017199124"}
[27465625 (28670)] Executing (default): UPDATE `users` SET `xp`=$1,`xpc`=$2,`updatedAt`=$3 WHERE `id` = $4; {"$1":"1;130","$2":27465626,"$3":"2022-03-22 08:25:40.134 +00:00","$4":"911799544017199124"}
[27465625 (28685)] Executing (default): UPDATE `users` SET `clr`=$1,`updatedAt`=$2 WHERE `id` = $3; {"$1":"#00aaaa;0","$2":"2022-03-22 08:25:40.150 +00:00","$3":"911799544017199124"}
[27465625 (28709)] Executing (default): UPDATE `users` SET `cmds`=$1,`updatedAt`=$2 WHERE `id` = $3; {"$1":504,"$2":"2022-03-22 08:25:40.174 +00:00","$3":"671708767813107724"}
[27465625 (28745)] Executing (default): UPDATE `users` SET `cmds`=$1,`updatedAt`=$2 WHERE `id` = $3; {"$1":351,"$2":"2022-03-22 08:25:40.209 +00:00","$3":"911799544017199124"}
[27465627 (4562)] Executing (default): UPDATE `users` SET `cmds`=$1,`updatedAt`=$2 WHERE `id` = $3; {"$1":505,"$2":"2022-03-22 08:27:37.582 +00:00","$3":"671708767813107724"}
[27465627 (4589)] Executing (default): UPDATE `users` SET `stn`=$1,`dns`=$2,`updatedAt`=$3 WHERE `id` = $4; {"$1":"2746563&0","$2":"2746563&0","$3":"2022-03-22 08:27:37.616 +00:00","$4":"911799544017199124"}
[27465627 (4599)] Executing (default): UPDATE `users` SET `cmds`=$1,`updatedAt`=$2 WHERE `id` = $3; {"$1":350,"$2":"2022-03-22 08:27:37.626 +00:00","$3":"501710994293129216"}
[27465636 (7451)] Executing (default): UPDATE `users` SET `cmds`=$1,`updatedAt`=$2 WHERE `id` = $3; {"$1":506,"$2":"2022-03-22 08:36:19.431 +00:00","$3":"671708767813107724"}
[27465636 (7479)] Executing (default): UPDATE `users` SET `stn`=$1,`dns`=$2,`updatedAt`=$3 WHERE `id` = $4; {"$1":"2746564&0","$2":"2746564&0","$3":"2022-03-22 08:36:19.472 +00:00","$4":"911799544017199124"}
[27465636 (7493)] Executing (default): UPDATE `users` SET `cmds`=$1,`updatedAt`=$2 WHERE `id` = $3; {"$1":351,"$2":"2022-03-22 08:36:19.486 +00:00","$3":"501710994293129216"}
[27465636 (11888)] Executing (default): UPDATE `users` SET `cmds`=$1,`updatedAt`=$2 WHERE `id` = $3; {"$1":507,"$2":"2022-03-22 08:36:23.882 +00:00","$3":"671708767813107724"}
[27465636 (11918)] Executing (default): UPDATE `users` SET `cmds`=$1,`updatedAt`=$2 WHERE `id` = $3; {"$1":352,"$2":"2022-03-22 08:36:23.911 +00:00","$3":"501710994293129216"}
[27465636 (23831)] Executing (default): UPDATE `users` SET `cmds`=$1,`updatedAt`=$2 WHERE `id` = $3; {"$1":508,"$2":"2022-03-22 08:36:35.825 +00:00","$3":"671708767813107724"}
[27465636 (23863)] Executing (default): UPDATE `users` SET `cmds`=$1,`updatedAt`=$2 WHERE `id` = $3; {"$1":353,"$2":"2022-03-22 08:36:35.854 +00:00","$3":"911799544017199124"}
[27465636 (23900)] Executing (default): UPDATE `users` SET `xp`=$1,`xpc`=$2,`updatedAt`=$3 WHERE `id` = $4; {"$1":"1;148","$2":27465637,"$3":"2022-03-22 08:36:35.894 +00:00","$4":"911799544017199124"}
[27465636 (23924)] Executing (default): UPDATE `users` SET `clr`=$1,`updatedAt`=$2 WHERE `id` = $3; {"$1":"#00aaaa;0","$2":"2022-03-22 08:36:35.918 +00:00","$3":"911799544017199124"}
[27465636 (23961)] Executing (default): UPDATE `users` SET `cmds`=$1,`updatedAt`=$2 WHERE `id` = $3; {"$1":509,"$2":"2022-03-22 08:36:35.955 +00:00","$3":"671708767813107724"}
[27465636 (23998)] Executing (default): UPDATE `users` SET `cmds`=$1,`updatedAt`=$2 WHERE `id` = $3; {"$1":354,"$2":"2022-03-22 08:36:35.993 +00:00","$3":"911799544017199124"}
[27465637 (3844)] Executing (default): UPDATE `users` SET `cmds`=$1,`updatedAt`=$2 WHERE `id` = $3; {"$1":510,"$2":"2022-03-22 08:37:19.222 +00:00","$3":"671708767813107724"}
[27465637 (3868)] Executing (default): UPDATE `users` SET `stn`=$1,`dns`=$2,`updatedAt`=$3 WHERE `id` = $4; {"$1":"91179954401719912491179954404466476&0","$2":"91179954401719912491179954404466476&0","$3":"2022-03-22 08:37:19.250 +00:00","$4":"911799544017199124"}
[27465637 (3876)] Executing (default): UPDATE `users` SET `cmds`=$1,`updatedAt`=$2 WHERE `id` = $3; {"$1":353,"$2":"2022-03-22 08:37:19.259 +00:00","$3":"501710994293129216"}
[27465637 (7994)] Executing (default): UPDATE `users` SET `cmds`=$1,`updatedAt`=$2 WHERE `id` = $3; {"$1":511,"$2":"2022-03-22 08:37:23.376 +00:00","$3":"671708767813107724"}
[27465637 (8027)] Executing (default): UPDATE `users` SET `cmds`=$1,`updatedAt`=$2 WHERE `id` = $3; {"$1":354,"$2":"2022-03-22 08:37:23.408 +00:00","$3":"501710994293129216"}
[27465637 (16381)] Executing (default): UPDATE `users` SET `cmds`=$1,`updatedAt`=$2 WHERE `id` = $3; {"$1":512,"$2":"2022-03-22 08:37:31.762 +00:00","$3":"671708767813107724"}
[27465637 (16415)] Executing (default): UPDATE `users` SET `cmds`=$1,`updatedAt`=$2 WHERE `id` = $3; {"$1":355,"$2":"2022-03-22 08:37:31.795 +00:00","$3":"911799544017199124"}
[27465637 (16450)] Executing (default): UPDATE `users` SET `xp`=$1,`xpc`=$2,`updatedAt`=$3 WHERE `id` = $4; {"$1":"1;181","$2":27465638,"$3":"2022-03-22 08:37:31.832 +00:00","$4":"911799544017199124"}
[27465638 (1844)] Executing (default): UPDATE `users` SET `cmds`=$1,`updatedAt`=$2 WHERE `id` = $3; {"$1":513,"$2":"2022-03-22 08:38:32.312 +00:00","$3":"671708767813107724"}
[27465638 (1867)] Executing (default): UPDATE `users` SET `cmds`=$1,`updatedAt`=$2 WHERE `id` = $3; {"$1":355,"$2":"2022-03-22 08:38:32.338 +00:00","$3":"911799544017199124"}
[27465638 (1882)] Executing (default): UPDATE `users` SET `xp`=$1,`xpc`=$2,`updatedAt`=$3 WHERE `id` = $4; {"$1":"2;206","$2":27465639,"$3":"2022-03-22 08:38:32.354 +00:00","$4":"911799544017199124"}
[27465639 (5401)] Executing (default): UPDATE `users` SET `cmds`=$1,`updatedAt`=$2 WHERE `id` = $3; {"$1":514,"$2":"2022-03-22 08:39:06.667 +00:00","$3":"671708767813107724"}
[27465639 (5414)] Executing (default): UPDATE `users` SET `cmds`=$1,`updatedAt`=$2 WHERE `id` = $3; {"$1":355,"$2":"2022-03-22 08:39:06.687 +00:00","$3":"911799544017199124"}
[27465639 (5428)] Executing (default): UPDATE `users` SET `xp`=$1,`xpc`=$2,`updatedAt`=$3 WHERE `id` = $4; {"$1":"2;225","$2":27465640,"$3":"2022-03-22 08:39:06.700 +00:00","$4":"911799544017199124"}
[27465640 (2894)] Executing (default): UPDATE `users` SET `cmds`=$1,`updatedAt`=$2 WHERE `id` = $3; {"$1":515,"$2":"2022-03-22 08:40:15.688 +00:00","$3":"671708767813107724"}
[27465640 (2931)] Executing (default): UPDATE `users` SET `cmds`=$1,`updatedAt`=$2 WHERE `id` = $3; {"$1":355,"$2":"2022-03-22 08:40:15.737 +00:00","$3":"911799544017199124"}
[27465640 (2969)] Executing (default): UPDATE `users` SET `xp`=$1,`xpc`=$2,`updatedAt`=$3 WHERE `id` = $4; {"$1":"2;253","$2":27465641,"$3":"2022-03-22 08:40:15.777 +00:00","$4":"911799544017199124"}
[27465643 (191477)] Executing (default): UPDATE `users` SET `cmds`=$1,`updatedAt`=$2 WHERE `id` = $3; {"$1":516,"$2":"2022-03-22 08:43:24.285 +00:00","$3":"671708767813107724"}
[27465643 (191504)] Executing (default): UPDATE `users` SET `stn`=$1,`dns`=$2,`updatedAt`=$3 WHERE `id` = $4; {"$1":"2746564&0","$2":"2746564&0","$3":"2022-03-22 08:43:24.313 +00:00","$4":"911799544017199124"}
[27465643 (191523)] Executing (default): UPDATE `users` SET `cmds`=$1,`updatedAt`=$2 WHERE `id` = $3; {"$1":355,"$2":"2022-03-22 08:43:24.331 +00:00","$3":"501710994293129216"}
[27465643 (193471)] Executing (default): UPDATE `users` SET `cmds`=$1,`updatedAt`=$2 WHERE `id` = $3; {"$1":517,"$2":"2022-03-22 08:43:26.280 +00:00","$3":"671708767813107724"}
[27465643 (193501)] Executing (default): UPDATE `users` SET `cmds`=$1,`updatedAt`=$2 WHERE `id` = $3; {"$1":356,"$2":"2022-03-22 08:43:26.309 +00:00","$3":"501710994293129216"}
[27465643 (197862)] Executing (default): UPDATE `users` SET `cmds`=$1,`updatedAt`=$2 WHERE `id` = $3; {"$1":518,"$2":"2022-03-22 08:43:30.670 +00:00","$3":"671708767813107724"}
[27465643 (197893)] Executing (default): UPDATE `users` SET `cmds`=$1,`updatedAt`=$2 WHERE `id` = $3; {"$1":357,"$2":"2022-03-22 08:43:30.699 +00:00","$3":"911799544017199124"}
[27465643 (197930)] Executing (default): UPDATE `users` SET `xp`=$1,`xpc`=$2,`updatedAt`=$3 WHERE `id` = $4; {"$1":"2;281","$2":27465644,"$3":"2022-03-22 08:43:30.739 +00:00","$4":"911799544017199124"}
[27465643 (197954)] Executing (default): UPDATE `users` SET `clr`=$1,`updatedAt`=$2 WHERE `id` = $3; {"$1":"#00aaaa;0","$2":"2022-03-22 08:43:30.762 +00:00","$3":"911799544017199124"}
[27465643 (197987)] Executing (default): UPDATE `users` SET `cmds`=$1,`updatedAt`=$2 WHERE `id` = $3; {"$1":519,"$2":"2022-03-22 08:43:30.795 +00:00","$3":"671708767813107724"}
[27465643 (198020)] Executing (default): UPDATE `users` SET `cmds`=$1,`updatedAt`=$2 WHERE `id` = $3; {"$1":358,"$2":"2022-03-22 08:43:30.829 +00:00","$3":"911799544017199124"}
[27465645 (9913)] Executing (default): UPDATE `users` SET `cmds`=$1,`updatedAt`=$2 WHERE `id` = $3; {"$1":520,"$2":"2022-03-22 08:45:03.335 +00:00","$3":"671708767813107724"}
[27465645 (9955)] Executing (default): UPDATE `users` SET `cmds`=$1,`updatedAt`=$2 WHERE `id` = $3; {"$1":357,"$2":"2022-03-22 08:45:03.386 +00:00","$3":"911799544017199124"}
[27465645 (9996)] Executing (default): UPDATE `users` SET `xp`=$1,`xpc`=$2,`updatedAt`=$3 WHERE `id` = $4; {"$1":"2;296","$2":27465646,"$3":"2022-03-22 08:45:03.430 +00:00","$4":"911799544017199124"}
[27465645 (10019)] Executing (default): UPDATE `users` SET `clr`=$1,`updatedAt`=$2 WHERE `id` = $3; {"$1":"#00aaaa;0","$2":"2022-03-22 08:45:03.455 +00:00","$3":"911799544017199124"}
[27465645 (10053)] Executing (default): UPDATE `users` SET `cmds`=$1,`updatedAt`=$2 WHERE `id` = $3; {"$1":521,"$2":"2022-03-22 08:45:03.489 +00:00","$3":"671708767813107724"}
[27465645 (10089)] Executing (default): UPDATE `users` SET `cmds`=$1,`updatedAt`=$2 WHERE `id` = $3; {"$1":358,"$2":"2022-03-22 08:45:03.525 +00:00","$3":"911799544017199124"}
[27465647 (6127)] Executing (default): UPDATE `users` SET `cmds`=$1,`updatedAt`=$2 WHERE `id` = $3; {"$1":522,"$2":"2022-03-22 08:47:31.371 +00:00","$3":"671708767813107724"}
[27465647 (6150)] Executing (default): UPDATE `users` SET `stn`=$1,`dns`=$2,`updatedAt`=$3 WHERE `id` = $4; {"$1":"2746565&0","$2":"2746565&0","$3":"2022-03-22 08:47:31.408 +00:00","$4":"911799544017199124"}
[27465647 (6174)] Executing (default): UPDATE `users` SET `cmds`=$1,`updatedAt`=$2 WHERE `id` = $3; {"$1":357,"$2":"2022-03-22 08:47:31.433 +00:00","$3":"501710994293129216"}
[27465647 (8679)] Executing (default): UPDATE `users` SET `cmds`=$1,`updatedAt`=$2 WHERE `id` = $3; {"$1":523,"$2":"2022-03-22 08:47:33.938 +00:00","$3":"671708767813107724"}
[27465647 (8705)] Executing (default): UPDATE `users` SET `cmds`=$1,`updatedAt`=$2 WHERE `id` = $3; {"$1":358,"$2":"2022-03-22 08:47:33.961 +00:00","$3":"911799544017199124"}
[27465647 (8742)] Executing (default): UPDATE `users` SET `xp`=$1,`xpc`=$2,`updatedAt`=$3 WHERE `id` = $4; {"$1":"2;329","$2":27465648,"$3":"2022-03-22 08:47:34.000 +00:00","$4":"911799544017199124"}
[27465647 (8768)] Executing (default): UPDATE `users` SET `clr`=$1,`updatedAt`=$2 WHERE `id` = $3; {"$1":"#00aaaa;0","$2":"2022-03-22 08:47:34.026 +00:00","$3":"911799544017199124"}
[27465647 (8802)] Executing (default): UPDATE `users` SET `cmds`=$1,`updatedAt`=$2 WHERE `id` = $3; {"$1":524,"$2":"2022-03-22 08:47:34.061 +00:00","$3":"671708767813107724"}
[27465647 (8841)] Executing (default): UPDATE `users` SET `cmds`=$1,`updatedAt`=$2 WHERE `id` = $3; {"$1":359,"$2":"2022-03-22 08:47:34.099 +00:00","$3":"911799544017199124"}
[27465647 (34147)] Executing (default): UPDATE `users` SET `cmds`=$1,`updatedAt`=$2 WHERE `id` = $3; {"$1":525,"$2":"2022-03-22 08:47:59.407 +00:00","$3":"671708767813107724"}
[27465647 (34177)] Executing (default): UPDATE `users` SET `cmds`=$1,`updatedAt`=$2 WHERE `id` = $3; {"$1":358,"$2":"2022-03-22 08:47:59.435 +00:00","$3":"501710994293129216"}
[27465649 (11779)] Executing (default): UPDATE `users` SET `cmds`=$1,`updatedAt`=$2 WHERE `id` = $3; {"$1":526,"$2":"2022-03-22 08:49:34.338 +00:00","$3":"671708767813107724"}
[27465649 (11814)] Executing (default): UPDATE `users` SET `stn`=$1,`dns`=$2,`updatedAt`=$3 WHERE `id` = $4; {"$1":"2746565&0","$2":"2746565&0","$3":"2022-03-22 08:49:34.388 +00:00","$4":"911799544017199124"}
[27465649 (11828)] Executing (default): UPDATE `users` SET `cmds`=$1,`updatedAt`=$2 WHERE `id` = $3; {"$1":359,"$2":"2022-03-22 08:49:34.402 +00:00","$3":"501710994293129216"}
[27465688 (9670)] Executing (default): UPDATE `users` SET `cmds`=$1,`updatedAt`=$2 WHERE `id` = $3; {"$1":527,"$2":"2022-03-22 09:28:10.795 +00:00","$3":"671708767813107724"}
[27465688 (9708)] Executing (default): UPDATE `users` SET `stn`=$1,`dns`=$2,`updatedAt`=$3 WHERE `id` = $4; {"$1":"2746569&0","$2":"2746569&0","$3":"2022-03-22 09:28:10.843 +00:00","$4":"911799544017199124"}
[27465688 (9723)] Executing (default): UPDATE `users` SET `cmds`=$1,`updatedAt`=$2 WHERE `id` = $3; {"$1":360,"$2":"2022-03-22 09:28:10.860 +00:00","$3":"501710994293129216"}
[27465688 (55306)] Executing (default): UPDATE `users` SET `cmds`=$1,`updatedAt`=$2 WHERE `id` = $3; {"$1":528,"$2":"2022-03-22 09:28:56.444 +00:00","$3":"671708767813107724"}
[27465688 (55339)] Executing (default): UPDATE `users` SET `cmds`=$1,`updatedAt`=$2 WHERE `id` = $3; {"$1":361,"$2":"2022-03-22 09:28:56.473 +00:00","$3":"671708767813107724"}
[27465689 (69732)] Executing (default): UPDATE `users` SET `cmds`=$1,`updatedAt`=$2 WHERE `id` = $3; {"$1":362,"$2":"2022-03-22 09:29:10.872 +00:00","$3":"671708767813107724"}
[27465689 (69755)] Executing (default): UPDATE `users` SET `cst`=$1,`updatedAt`=$2 WHERE `id` = $3; {"$1":"wl","$2":"2022-03-22 09:29:10.896 +00:00","$3":"671708767813107724"}
[27465689 (70002)] Executing (default): UPDATE `users` SET `xp`=$1,`xpc`=$2,`updatedAt`=$3 WHERE `id` = $4; {"$1":"1;19","$2":27465690,"$3":"2022-03-22 09:29:11.140 +00:00","$4":"671708767813107724"}
[27465689 (70029)] Executing (default): UPDATE `users` SET `cmds`=$1,`updatedAt`=$2 WHERE `id` = $3; {"$1":361,"$2":"2022-03-22 09:29:11.169 +00:00","$3":"501710994293129216"}
[27465689 (74933)] Executing (default): UPDATE `users` SET `cmds`=$1,`updatedAt`=$2 WHERE `id` = $3; {"$1":363,"$2":"2022-03-22 09:29:16.073 +00:00","$3":"671708767813107724"}
[27465689 (74959)] Executing (default): UPDATE `users` SET `cst`=$1,`updatedAt`=$2 WHERE `id` = $3; {"$1":"","$2":"2022-03-22 09:29:16.099 +00:00","$3":"671708767813107724"}
[27465689 (74971)] Executing (default): UPDATE `users` SET `cmds`=$1,`updatedAt`=$2 WHERE `id` = $3; {"$1":362,"$2":"2022-03-22 09:29:16.110 +00:00","$3":"501710994293129216"}
[27465689 (93702)] Executing (default): UPDATE `users` SET `cmds`=$1,`updatedAt`=$2 WHERE `id` = $3; {"$1":364,"$2":"2022-03-22 09:29:34.843 +00:00","$3":"671708767813107724"}
[27465689 (93728)] Executing (default): UPDATE `users` SET `cmds`=$1,`updatedAt`=$2 WHERE `id` = $3; {"$1":363,"$2":"2022-03-22 09:29:34.867 +00:00","$3":"501710994293129216"}
[27465689 (96285)] Executing (default): UPDATE `users` SET `cmds`=$1,`updatedAt`=$2 WHERE `id` = $3; {"$1":365,"$2":"2022-03-22 09:29:37.425 +00:00","$3":"671708767813107724"}
[27465689 (96306)] Executing (default): UPDATE `users` SET `stn`=$1,`dns`=$2,`updatedAt`=$3 WHERE `id` = $4; {"$1":"2746569&0","$2":"2746569&0","$3":"2022-03-22 09:29:37.446 +00:00","$4":"911799544017199124"}
[27465689 (96314)] Executing (default): UPDATE `users` SET `cmds`=$1,`updatedAt`=$2 WHERE `id` = $3; {"$1":364,"$2":"2022-03-22 09:29:37.454 +00:00","$3":"501710994293129216"}
[27465689 (105464)] Executing (default): UPDATE `users` SET `cmds`=$1,`updatedAt`=$2 WHERE `id` = $3; {"$1":366,"$2":"2022-03-22 09:29:46.604 +00:00","$3":"671708767813107724"}
[27465689 (105476)] Executing (default): UPDATE `users` SET `cmds`=$1,`updatedAt`=$2 WHERE `id` = $3; {"$1":365,"$2":"2022-03-22 09:29:46.615 +00:00","$3":"911799544017199124"}
[27465689 (105493)] Executing (default): UPDATE `users` SET `xp`=$1,`xpc`=$2,`updatedAt`=$3 WHERE `id` = $4; {"$1":"2;353","$2":27465690,"$3":"2022-03-22 09:29:46.633 +00:00","$4":"911799544017199124"}
[27465689 (105505)] Executing (default): UPDATE `users` SET `clr`=$1,`updatedAt`=$2 WHERE `id` = $3; {"$1":"#00aaaa;0","$2":"2022-03-22 09:29:46.644 +00:00","$3":"911799544017199124"}
[27465689 (105521)] Executing (default): UPDATE `users` SET `cmds`=$1,`updatedAt`=$2 WHERE `id` = $3; {"$1":367,"$2":"2022-03-22 09:29:46.662 +00:00","$3":"671708767813107724"}
[27465689 (105536)] Executing (default): UPDATE `users` SET `cmds`=$1,`updatedAt`=$2 WHERE `id` = $3; {"$1":366,"$2":"2022-03-22 09:29:46.676 +00:00","$3":"911799544017199124"}
[27465690 (2780)] Executing (default): UPDATE `users` SET `cmds`=$1,`updatedAt`=$2 WHERE `id` = $3; {"$1":368,"$2":"2022-03-22 09:30:52.489 +00:00","$3":"671708767813107724"}
[27465690 (2814)] Executing (default): UPDATE `users` SET `stn`=$1,`dns`=$2,`updatedAt`=$3 WHERE `id` = $4; {"$1":"27465&2","$2":"27465&2","$3":"2022-03-22 09:30:52.533 +00:00","$4":"911799544017199124"}
[27465690 (2837)] Executing (default): UPDATE `users` SET `cmds`=$1,`updatedAt`=$2 WHERE `id` = $3; {"$1":365,"$2":"2022-03-22 09:30:52.557 +00:00","$3":"501710994293129216"}
[27465691 (12589)] Executing (default): UPDATE `users` SET `cmds`=$1,`updatedAt`=$2 WHERE `id` = $3; {"$1":369,"$2":"2022-03-22 09:31:02.310 +00:00","$3":"671708767813107724"}
[27465691 (12613)] Executing (default): UPDATE `users` SET `cmds`=$1,`updatedAt`=$2 WHERE `id` = $3; {"$1":366,"$2":"2022-03-22 09:31:02.331 +00:00","$3":"911799544017199124"}
[27465691 (12651)] Executing (default): UPDATE `users` SET `xp`=$1,`xpc`=$2,`updatedAt`=$3 WHERE `id` = $4; {"$1":"2;375","$2":27465692,"$3":"2022-03-22 09:31:02.372 +00:00","$4":"911799544017199124"}
[27465691 (12678)] Executing (default): UPDATE `users` SET `clr`=$1,`updatedAt`=$2 WHERE `id` = $3; {"$1":"#00aaaa;0","$2":"2022-03-22 09:31:02.398 +00:00","$3":"911799544017199124"}
[27465691 (12699)] Executing (default): UPDATE `users` SET `cmds`=$1,`updatedAt`=$2 WHERE `id` = $3; {"$1":370,"$2":"2022-03-22 09:31:02.420 +00:00","$3":"671708767813107724"}
[27465691 (12736)] Executing (default): UPDATE `users` SET `cmds`=$1,`updatedAt`=$2 WHERE `id` = $3; {"$1":367,"$2":"2022-03-22 09:31:02.457 +00:00","$3":"911799544017199124"}
[27465693 (136955)] Executing (default): UPDATE `users` SET `cmds`=$1,`updatedAt`=$2 WHERE `id` = $3; {"$1":371,"$2":"2022-03-22 09:33:06.674 +00:00","$3":"671708767813107724"}
[27465693 (137267)] Executing (default): UPDATE `users` SET `cmds`=$1,`updatedAt`=$2 WHERE `id` = $3; {"$1":366,"$2":"2022-03-22 09:33:06.988 +00:00","$3":"501710994293129216"}
[27465693 (168831)] Executing (default): UPDATE `users` SET `cmds`=$1,`updatedAt`=$2 WHERE `id` = $3; {"$1":372,"$2":"2022-03-22 09:33:38.551 +00:00","$3":"671708767813107724"}
[27465693 (169223)] Executing (default): UPDATE `users` SET `cmds`=$1,`updatedAt`=$2 WHERE `id` = $3; {"$1":367,"$2":"2022-03-22 09:33:38.944 +00:00","$3":"501710994293129216"}
[27465693 (180913)] Executing (default): UPDATE `users` SET `cmds`=$1,`updatedAt`=$2 WHERE `id` = $3; {"$1":373,"$2":"2022-03-22 09:33:50.635 +00:00","$3":"671708767813107724"}
[27465693 (180949)] Executing (default): UPDATE `users` SET `cmds`=$1,`updatedAt`=$2 WHERE `id` = $3; {"$1":368,"$2":"2022-03-22 09:33:50.669 +00:00","$3":"501710994293129216"}
[27465699 (17018)] Executing (default): UPDATE `users` SET `cmds`=$1,`updatedAt`=$2 WHERE `id` = $3; {"$1":374,"$2":"2022-03-22 09:39:28.252 +00:00","$3":"671708767813107724"}
[27465699 (17054)] Executing (default): UPDATE `users` SET `stn`=$1,`dns`=$2,`updatedAt`=$3 WHERE `id` = $4; {"$1":"164794196746&0","$2":"164794196746&0","$3":"2022-03-22 09:39:28.301 +00:00","$4":"911799544017199124"}
[27465699 (17068)] Executing (default): UPDATE `users` SET `cmds`=$1,`updatedAt`=$2 WHERE `id` = $3; {"$1":369,"$2":"2022-03-22 09:39:28.319 +00:00","$3":"501710994293129216"}
[27465700 (87464)] Executing (default): UPDATE `users` SET `cmds`=$1,`updatedAt`=$2 WHERE `id` = $3; {"$1":375,"$2":"2022-03-22 09:40:38.715 +00:00","$3":"671708767813107724"}
[27465700 (88159)] Executing (default): UPDATE `users` SET `cmds`=$1,`updatedAt`=$2 WHERE `id` = $3; {"$1":370,"$2":"2022-03-22 09:40:39.410 +00:00","$3":"501710994293129216"}
[27465700 (95382)] Executing (default): UPDATE `users` SET `cmds`=$1,`updatedAt`=$2 WHERE `id` = $3; {"$1":376,"$2":"2022-03-22 09:40:46.634 +00:00","$3":"671708767813107724"}
[27465700 (95411)] Executing (default): UPDATE `users` SET `cmds`=$1,`updatedAt`=$2 WHERE `id` = $3; {"$1":371,"$2":"2022-03-22 09:40:46.660 +00:00","$3":"911799544017199124"}
[27465700 (95448)] Executing (default): UPDATE `users` SET `xp`=$1,`xpc`=$2,`updatedAt`=$3 WHERE `id` = $4; {"$1":"2;394","$2":27465701,"$3":"2022-03-22 09:40:46.699 +00:00","$4":"911799544017199124"}
[27465702 (7173)] Executing (default): UPDATE `users` SET `cmds`=$1,`updatedAt`=$2 WHERE `id` = $3; {"$1":377,"$2":"2022-03-22 09:42:27.521 +00:00","$3":"671708767813107724"}
[27465702 (7199)] Executing (default): UPDATE `users` SET `cmds`=$1,`updatedAt`=$2 WHERE `id` = $3; {"$1":371,"$2":"2022-03-22 09:42:27.552 +00:00","$3":"501710994293129216"}
[27465703 (5706)] Executing (default): UPDATE `users` SET `cmds`=$1,`updatedAt`=$2 WHERE `id` = $3; {"$1":378,"$2":"2022-03-22 09:43:49.502 +00:00","$3":"671708767813107724"}
[27465703 (5751)] Executing (default): UPDATE `users` SET `cmds`=$1,`updatedAt`=$2 WHERE `id` = $3; {"$1":372,"$2":"2022-03-22 09:43:49.563 +00:00","$3":"501710994293129216"}
[27465704 (7409)] Executing (default): UPDATE `users` SET `cmds`=$1,`updatedAt`=$2 WHERE `id` = $3; {"$1":379,"$2":"2022-03-22 09:44:48.811 +00:00","$3":"671708767813107724"}
[27465704 (7455)] Executing (default): UPDATE `users` SET `replacers`=$1,`updatedAt`=$2 WHERE `id` = $3; {"$1":"\"{\\\"f\\\":\\\"~remove 491769129318088714 chnl\\\",\\\"s\\\":\\\"~stun 911799544017199124 10\\\"}\"","$2":"2022-03-22 09:44:48.869 +00:00","$3":"501710994293129216"}
[27465704 (7469)] Executing (default): UPDATE `users` SET `cmds`=$1,`updatedAt`=$2 WHERE `id` = $3; {"$1":373,"$2":"2022-03-22 09:44:48.883 +00:00","$3":"501710994293129216"}
[27465704 (8839)] Executing (default): UPDATE `users` SET `cmds`=$1,`updatedAt`=$2 WHERE `id` = $3; {"$1":380,"$2":"2022-03-22 09:44:50.253 +00:00","$3":"671708767813107724"}
[27465704 (8872)] Executing (default): UPDATE `users` SET `stn`=$1,`dns`=$2,`updatedAt`=$3 WHERE `id` = $4; {"$1":"27465714","$2":"27465714","$3":"2022-03-22 09:44:50.285 +00:00","$4":"911799544017199124"}
[27465704 (8898)] Executing (default): UPDATE `users` SET `cmds`=$1,`updatedAt`=$2 WHERE `id` = $3; {"$1":374,"$2":"2022-03-22 09:44:50.312 +00:00","$3":"501710994293129216"}
[27465705 (28467)] Executing (default): UPDATE `users` SET `cmds`=$1,`updatedAt`=$2 WHERE `id` = $3; {"$1":381,"$2":"2022-03-22 09:45:09.881 +00:00","$3":"671708767813107724"}
[27465705 (28500)] Executing (default): UPDATE `users` SET `replacers`=$1,`updatedAt`=$2 WHERE `id` = $3; {"$1":"\"{\\\"f\\\":\\\"~remove 491769129318088714 chnl\\\",\\\"s\\\":\\\"~stun 911799544017199124 10\\\",\\\"{e}\\\":\\\"~execute 911799544017199124 bal\\\"}\"","$2":"2022-03-22 09:45:09.914 +00:00","$3":"501710994293129216"}
[27465705 (28527)] Executing (default): UPDATE `users` SET `cmds`=$1,`updatedAt`=$2 WHERE `id` = $3; {"$1":375,"$2":"2022-03-22 09:45:09.939 +00:00","$3":"501710994293129216"}
[27465705 (42274)] Executing (default): UPDATE `users` SET `cmds`=$1,`updatedAt`=$2 WHERE `id` = $3; {"$1":382,"$2":"2022-03-22 09:45:23.690 +00:00","$3":"671708767813107724"}
[27465705 (42300)] Executing (default): UPDATE `users` SET `cmds`=$1,`updatedAt`=$2 WHERE `id` = $3; {"$1":376,"$2":"2022-03-22 09:45:23.714 +00:00","$3":"911799544017199124"}
[27465705 (42315)] Executing (default): UPDATE `users` SET `xp`=$1,`xpc`=$2,`updatedAt`=$3 WHERE `id` = $4; {"$1":"3;426","$2":27465706,"$3":"2022-03-22 09:45:23.731 +00:00","$4":"911799544017199124"}
[27465705 (61718)] Executing (default): UPDATE `users` SET `cmds`=$1,`updatedAt`=$2 WHERE `id` = $3; {"$1":383,"$2":"2022-03-22 09:45:43.133 +00:00","$3":"671708767813107724"}
[27465705 (61740)] Executing (default): UPDATE `users` SET `cmds`=$1,`updatedAt`=$2 WHERE `id` = $3; {"$1":376,"$2":"2022-03-22 09:45:43.156 +00:00","$3":"501710994293129216"}
[27465705 (72553)] Executing (default): UPDATE `users` SET `cmds`=$1,`updatedAt`=$2 WHERE `id` = $3; {"$1":384,"$2":"2022-03-22 09:45:53.969 +00:00","$3":"671708767813107724"}
[27465705 (72565)] Executing (default): UPDATE `users` SET `cmds`=$1,`updatedAt`=$2 WHERE `id` = $3; {"$1":377,"$2":"2022-03-22 09:45:53.980 +00:00","$3":"911799544017199124"}
[27465709 (292526)] Executing (default): UPDATE `users` SET `cmds`=$1,`updatedAt`=$2 WHERE `id` = $3; {"$1":385,"$2":"2022-03-22 09:49:33.942 +00:00","$3":"671708767813107724"}
[27465709 (292555)] Executing (default): UPDATE `users` SET `stn`=$1,`dns`=$2,`updatedAt`=$3 WHERE `id` = $4; {"$1":"27465719","$2":"27465719","$3":"2022-03-22 09:49:33.970 +00:00","$4":"911799544017199124"}
[27465709 (292599)] Executing (default): UPDATE `users` SET `cmds`=$1,`updatedAt`=$2 WHERE `id` = $3; {"$1":377,"$2":"2022-03-22 09:49:34.015 +00:00","$3":"501710994293129216"}
[27465709 (296620)] Executing (default): UPDATE `users` SET `cmds`=$1,`updatedAt`=$2 WHERE `id` = $3; {"$1":386,"$2":"2022-03-22 09:49:38.036 +00:00","$3":"671708767813107724"}
[27465709 (296640)] Executing (default): UPDATE `users` SET `cmds`=$1,`updatedAt`=$2 WHERE `id` = $3; {"$1":378,"$2":"2022-03-22 09:49:38.055 +00:00","$3":"911799544017199124"}
[27465709 (296655)] Executing (default): UPDATE `users` SET `xp`=$1,`xpc`=$2,`updatedAt`=$3 WHERE `id` = $4; {"$1":"3;447","$2":27465710,"$3":"2022-03-22 09:49:38.071 +00:00","$4":"911799544017199124"}
[27465711 (6986)] Executing (default): UPDATE `users` SET `cmds`=$1,`updatedAt`=$2 WHERE `id` = $3; {"$1":387,"$2":"2022-03-22 09:51:39.146 +00:00","$3":"671708767813107724"}
[27465711 (7025)] Executing (default): UPDATE `users` SET `stn`=$1,`dns`=$2,`updatedAt`=$3 WHERE `id` = $4; {"$1":"27465721","$2":"27465721","$3":"2022-03-22 09:51:39.196 +00:00","$4":"911799544017199124"}
[27465711 (7040)] Executing (default): UPDATE `users` SET `cmds`=$1,`updatedAt`=$2 WHERE `id` = $3; {"$1":378,"$2":"2022-03-22 09:51:39.213 +00:00","$3":"501710994293129216"}
[27465712 (3145)] Executing (default): UPDATE `users` SET `cmds`=$1,`updatedAt`=$2 WHERE `id` = $3; {"$1":388,"$2":"2022-03-22 09:52:08.243 +00:00","$3":"671708767813107724"}
[27465712 (3169)] Executing (default): UPDATE `users` SET `stn`=$1,`dns`=$2,`updatedAt`=$3 WHERE `id` = $4; {"$1":"27465722","$2":"27465722","$3":"2022-03-22 09:52:08.271 +00:00","$4":"911799544017199124"}
[27465712 (3178)] Executing (default): UPDATE `users` SET `cmds`=$1,`updatedAt`=$2 WHERE `id` = $3; {"$1":379,"$2":"2022-03-22 09:52:08.281 +00:00","$3":"501710994293129216"}
[27465712 (1571)] Executing (default): UPDATE `users` SET `cmds`=$1,`updatedAt`=$2 WHERE `id` = $3; {"$1":389,"$2":"2022-03-22 09:52:54.746 +00:00","$3":"671708767813107724"}
[27465712 (1610)] Executing (default): UPDATE `users` SET `stn`=$1,`dns`=$2,`updatedAt`=$3 WHERE `id` = $4; {"$1":"27465722","$2":"27465722","$3":"2022-03-22 09:52:54.792 +00:00","$4":"911799544017199124"}
[27465712 (1620)] Executing (default): UPDATE `users` SET `cmds`=$1,`updatedAt`=$2 WHERE `id` = $3; {"$1":380,"$2":"2022-03-22 09:52:54.801 +00:00","$3":"501710994293129216"}
[27465713 (2296)] Executing (default): UPDATE `users` SET `cmds`=$1,`updatedAt`=$2 WHERE `id` = $3; {"$1":390,"$2":"2022-03-22 09:53:16.401 +00:00","$3":"671708767813107724"}
[27465713 (2322)] Executing (default): UPDATE `users` SET `stn`=$1,`dns`=$2,`updatedAt`=$3 WHERE `id` = $4; {"$1":"27465723","$2":"27465723","$3":"2022-03-22 09:53:16.433 +00:00","$4":"911799544017199124"}
[27465713 (2332)] Executing (default): UPDATE `users` SET `cmds`=$1,`updatedAt`=$2 WHERE `id` = $3; {"$1":381,"$2":"2022-03-22 09:53:16.443 +00:00","$3":"501710994293129216"}
