[WS => Manager] Fetched Gateway Information
    URL: wss://gateway.discord.gg
    Recommended Shards: 1
[WS => Manager] Session Limit Information
    Total: 1000
    Remaining: 1000
[WS => Shard 0] [CONNECT]
    Gateway    : wss://gateway.discord.gg/
    Version    : 9
    Encoding   : etf
    Compression: zlib-stream
[WS => Shard 0] Setting a HELLO timeout for 20s.
[WS => Manager] Spawning shards: 0
[WS => Shard 0] [CONNECTED] Took 457ms
[WS => Shard 0] Clearing the HELLO timeout.
[WS => Shard 0] Setting a heartbeat interval for 41250ms.
[WS => Shard 0] [IDENTIFY] Shard 0/1 with intents: 4611
[WS => Shard 0] [ReadyHeartbeat] Sending a heartbeat.
[WS => Shard 0] [READY] Session 9f23ded2955b6808c1fac79d7291d221.
[WS => Shard 0] Shard received all its guilds. Marking as fully ready.
[WS => Shard 0] Heartbeat acknowledged, latency of 269ms.
[Client => Cache] [GuildMember] 2/2 members of 975566112827785236 cached
[WS => Shard 0] [HeartbeatTimer] Sending a heartbeat.
[WS => Shard 0] Heartbeat acknowledged, latency of 126ms.
[WS => Shard 0] [HeartbeatTimer] Sending a heartbeat.
[WS => Shard 0] Heartbeat acknowledged, latency of 126ms.
[WS => Manager] Session Limit Information
    Total: 1000
    Remaining: 999
[WS => Manager] Fetched Gateway Information
    URL: wss://gateway.discord.gg
    Recommended Shards: 1
[WS => Manager] Spawning shards: 0
[WS => Shard 0] Setting a HELLO timeout for 20s.
[WS => Shard 0] [CONNECT]
    Gateway    : wss://gateway.discord.gg/
    Version    : 9
    Encoding   : etf
    Compression: zlib-stream
[WS => Shard 0] [CONNECTED] Took 454ms
[WS => Shard 0] Clearing the HELLO timeout.
[WS => Shard 0] Setting a heartbeat interval for 41250ms.
[WS => Shard 0] [IDENTIFY] Shard 0/1 with intents: 4611
[WS => Shard 0] [READY] Session bcaa9ff67a3e5d870b94a3160227adef.
[WS => Shard 0] [ReadyHeartbeat] Sending a heartbeat.
[WS => Shard 0] Shard received all its guilds. Marking as fully ready.
[WS => Shard 0] Heartbeat acknowledged, latency of 139ms.
[Client => Cache] [GuildMember] 2/2 members of 975566112827785236 cached
[WS => Shard 0] [HeartbeatTimer] Sending a heartbeat.
[WS => Shard 0] Heartbeat acknowledged, latency of 126ms.
[WS => Shard 0] [HeartbeatTimer] Sending a heartbeat.
[WS => Shard 0] Heartbeat acknowledged, latency of 218ms.
