[WS => Manager] Fetched Gateway Information
    URL: wss://gateway.discord.gg
    Recommended Shards: 1
[WS => Manager] Session Limit Information
    Total: 1000
    Remaining: 1000
[WS => Manager] Spawning shards: 0
[WS => Shard 0] [CONNECT]
    Gateway    : wss://gateway.discord.gg/
    Version    : 9
    Encoding   : json
    Compression: none
[WS => Shard 0] Setting a HELLO timeout for 20s.
[WS => Shard 0] [CONNECTED] Took 214ms
[WS => Shard 0] Clearing the HELLO timeout.
[WS => Shard 0] [IDENTIFY] Shard 0/1 with intents: 4611
[WS => Shard 0] Setting a heartbeat interval for 41250ms.
[WS => Shard 0] [READY] Session 661ffbae06a416ef71ba910116c6c898.
[WS => Shard 0] [ReadyHeartbeat] Sending a heartbeat.
[WS => Shard 0] Shard received all its guilds. Marking as fully ready.
[WS => Shard 0] Heartbeat acknowledged, latency of 178ms.
[Client => Cache] [GuildMember] 2/2 members of 975566112827785236 cached
[WS => Manager] Spawning shards: 0
[WS => Manager] Fetched Gateway Information
    URL: wss://gateway.discord.gg
    Recommended Shards: 1
[WS => Shard 0] [CONNECT]
    Gateway    : wss://gateway.discord.gg/
    Version    : 9
    Encoding   : etf
    Compression: zlib-stream
[WS => Manager] Session Limit Information
    Total: 1000
    Remaining: 999
[WS => Shard 0] Setting a HELLO timeout for 20s.
[WS => Shard 0] [CONNECTED] Took 193ms
[WS => Shard 0] Clearing the HELLO timeout.
[WS => Shard 0] [IDENTIFY] Shard 0/1 with intents: 4611
[WS => Shard 0] Setting a heartbeat interval for 41250ms.
[WS => Shard 0] [READY] Session 4938ee894b999ff62cdc696570966949.
[WS => Shard 0] [ReadyHeartbeat] Sending a heartbeat.
[WS => Shard 0] Shard received all its guilds. Marking as fully ready.
[WS => Shard 0] Heartbeat acknowledged, latency of 99ms.
[Client => Cache] [GuildMember] 2/2 members of 975566112827785236 cached
[WS => Shard 0] [HeartbeatTimer] Sending a heartbeat.
[WS => Shard 0] Heartbeat acknowledged, latency of 104ms.
[WS => Shard 0] [HeartbeatTimer] Sending a heartbeat.
[WS => Shard 0] Heartbeat acknowledged, latency of 105ms.
[WS => Shard 0] [HeartbeatTimer] Sending a heartbeat.
[WS => Shard 0] Heartbeat acknowledged, latency of 101ms.
[WS => Shard 0] [HeartbeatTimer] Sending a heartbeat.
[WS => Shard 0] Heartbeat acknowledged, latency of 100ms.
[WS => Shard 0] [HeartbeatTimer] Sending a heartbeat.
[WS => Shard 0] Heartbeat acknowledged, latency of 101ms.
[WS => Shard 0] [HeartbeatTimer] Sending a heartbeat.
[WS => Shard 0] Heartbeat acknowledged, latency of 103ms.
