[WS => Manager] Fetched Gateway Information
    URL: wss://gateway.discord.gg
    Recommended Shards: 1
[WS => Manager] Session Limit Information
    Total: 1000
    Remaining: 999
[WS => Manager] Spawning shards: 0
[WS => Shard 0] [CONNECT]
    Gateway    : wss://gateway.discord.gg/
    Version    : 9
    Encoding   : json
    Compression: none
[WS => Shard 0] Setting a HELLO timeout for 20s.
[WS => Shard 0] [CONNECTED] Took 184ms
[WS => Shard 0] Clearing the HELLO timeout.
[WS => Shard 0] [IDENTIFY] Shard 0/1 with intents: 4611
[WS => Shard 0] Setting a heartbeat interval for 41250ms.
[WS => Shard 0] [ReadyHeartbeat] Sending a heartbeat.
[WS => Shard 0] [READY] Session 3030a723f16559d43c62e6615486739c.
[WS => Shard 0] Shard received all its guilds. Marking as fully ready.
[WS => Shard 0] Heartbeat acknowledged, latency of 148ms.
[Client => Cache] [GuildMember] 2/2 members of 975566112827785236 cached
[WS => Shard 0] [HeartbeatTimer] Sending a heartbeat.
[WS => Shard 0] Heartbeat acknowledged, latency of 108ms.
[WS => Shard 0] [HeartbeatTimer] Sending a heartbeat.
[WS => Shard 0] Heartbeat acknowledged, latency of 98ms.
[WS => Shard 0] [HeartbeatTimer] Sending a heartbeat.
[WS => Shard 0] Heartbeat acknowledged, latency of 150ms.
[WS => Shard 0] [HeartbeatTimer] Sending a heartbeat.
[WS => Shard 0] Heartbeat acknowledged, latency of 104ms.
[WS => Shard 0] [HeartbeatTimer] Sending a heartbeat.
[WS => Shard 0] Heartbeat acknowledged, latency of 105ms.
[WS => Shard 0] [HeartbeatTimer] Sending a heartbeat.
[WS => Shard 0] Heartbeat acknowledged, latency of 107ms.
[WS => Shard 0] [HeartbeatTimer] Sending a heartbeat.
[WS => Shard 0] Heartbeat acknowledged, latency of 102ms.
[WS => Shard 0] [HeartbeatTimer] Sending a heartbeat.
[WS => Shard 0] Heartbeat acknowledged, latency of 99ms.
[WS => Shard 0] [HeartbeatTimer] Sending a heartbeat.
[WS => Shard 0] Heartbeat acknowledged, latency of 103ms.
[WS => Shard 0] [HeartbeatTimer] Sending a heartbeat.
[WS => Shard 0] Heartbeat acknowledged, latency of 130ms.
[WS => Shard 0] [HeartbeatTimer] Sending a heartbeat.
[WS => Shard 0] Heartbeat acknowledged, latency of 100ms.
[WS => Shard 0] [HeartbeatTimer] Sending a heartbeat.
[WS => Shard 0] Heartbeat acknowledged, latency of 108ms.
[WS => Shard 0] [HeartbeatTimer] Sending a heartbeat.
[WS => Shard 0] Heartbeat acknowledged, latency of 100ms.
[WS => Shard 0] [HeartbeatTimer] Sending a heartbeat.
[WS => Shard 0] Heartbeat acknowledged, latency of 113ms.
[WS => Shard 0] [HeartbeatTimer] Sending a heartbeat.
[WS => Shard 0] Heartbeat acknowledged, latency of 102ms.
