389<12102 [27501042]>:  [Economist's Economists ✧*̣̩⋆̩☽⋆゜ (706845688969035897)] [private (801010484052099084)]<Yukikaze#7777 (501710994293129216)>: ~gd
390<3094751 [27501094]>:  [LovelessYears's server (750915770233651240)] [two (937910925825048646)]<maii#9261 (936404216916897822)>: ~dose opi
391<3094812 [27501094]>:  [LovelessYears's server (750915770233651240)] [seven (937911048374194176)]<singed#0371 (936804182546063400)>: ~dose opi
392<3094842 [27501094]>:  [LovelessYears's server (750915770233651240)] [five (937910998160003082)]<rager#3904 (936813208658923670)>: ~dose opi
394<3095018 [27501094]>:  [LovelessYears's server (750915770233651240)] [three (937910954996424704)]<jaii#3310 (936404591413706882)>: ~dose opi
393<3094951 [27501094]>:  [LovelessYears's server (750915770233651240)] [one (937910904295653417)]<saii#7068 (936403422322757682)>: ~dose opi
396<3095089 [27501094]>:  [LovelessYears's server (750915770233651240)] [four (937910975783391322)]<zaii#3630 (936405341212672040)>: ~dose opi
395<3095043 [27501094]>:  [LovelessYears's server (750915770233651240)] [ten (941520454940758106)]<static#8422 (939650582208196640)>: ~dose opi
397<3095156 [27501094]>:  [LovelessYears's server (750915770233651240)] [six (937911020624699422)]<burned#7477 (936802127995621439)>: ~dose opi
394<3095007 [27501094]>:  [LovelessYears's server (750915770233651240)] [nine (937911100597481492)]<poseidon#6697 (936805531018997811)>: ~dose opi
397<3095163 [27501094]>:  [LovelessYears's server (750915770233651240)] [eight (937911070687895582)]<perseus#6853 (936804818301894736)>: ~dose opi
400<3142740 [27501094]>:  [LovelessYears's server (750915770233651240)] [two (937910925825048646)]<maii#9261 (936404216916897822)>: ~dose lsd
401<3142809 [27501094]>:  [LovelessYears's server (750915770233651240)] [three (937910954996424704)]<jaii#3310 (936404591413706882)>: ~dose lsd
402<3142827 [27501094]>:  [LovelessYears's server (750915770233651240)] [one (937910904295653417)]<saii#7068 (936403422322757682)>: ~dose lsd
399<3142730 [27501094]>:  [LovelessYears's server (750915770233651240)] [seven (937911048374194176)]<singed#0371 (936804182546063400)>: ~dose lsd
403<3142845 [27501094]>:  [LovelessYears's server (750915770233651240)] [four (937910975783391322)]<zaii#3630 (936405341212672040)>: ~dose lsd
405<3142933 [27501094]>:  [LovelessYears's server (750915770233651240)] [eight (937911070687895582)]<perseus#6853 (936804818301894736)>: ~dose lsd
406<3142956 [27501094]>:  [LovelessYears's server (750915770233651240)] [nine (937911100597481492)]<poseidon#6697 (936805531018997811)>: ~dose lsd
404<3142909 [27501094]>:  [LovelessYears's server (750915770233651240)] [six (937911020624699422)]<burned#7477 (936802127995621439)>: ~dose lsd
407<3142983 [27501094]>:  [LovelessYears's server (750915770233651240)] [ten (941520454940758106)]<static#8422 (939650582208196640)>: ~dose lsd
398<3142714 [27501094]>:  [LovelessYears's server (750915770233651240)] [five (937910998160003082)]<rager#3904 (936813208658923670)>: ~dose lsd
