266<515693 [27482688]>:  [LovelessYears's server (750915770233651240)] [eight (940036237786492958)]<g1ue__#8107 (939657547852435536)>: ~dose stero
265<515662 [27482688]>:  [LovelessYears's server (750915770233651240)] [three (940036146690392075)]<savvy#5478 (939646264813969420)>: ~dose stero
267<515755 [27482688]>:  [LovelessYears's server (750915770233651240)] [nine (940036256295968808)]<g1ue__#2948 (939658896694452225)>: ~dose stero
269<515969 [27482688]>:  [LovelessYears's server (750915770233651240)] [two (940036133025361920)]<hatred#5155 (939645688864727090)>: ~dose stero
268<515879 [27482688]>:  [LovelessYears's server (750915770233651240)] [six (940036195012997140)]<omgtrees#9620 (939650168268161124)>: ~dose stero
270<517216 [27482688]>:  [LovelessYears's server (750915770233651240)] [four (940036158476419184)]<vaxy#1854 (939648238661804123)>: ~dose stero
271<517603 [27482688]>:  [LovelessYears's server (750915770233651240)] [five (940036177346584647)]<baked#2266 (939648883569614860)>: ~dose stero
272<517642 [27482688]>:  [LovelessYears's server (750915770233651240)] [seven (940036216043216896)]<weee_eee#9874 (939656016671440926)>: ~dose stero
273<517880 [27482688]>:  [LovelessYears's server (750915770233651240)] [one (940036114050326548)]<sinful#2012 (936824075349807105)>: ~dose stero
274<521847 [27482688]>:  [LovelessYears's server (750915770233651240)] [three (940036146690392075)]<savvy#5478 (939646264813969420)>: ~dose opi
274<521865 [27482688]>:  [LovelessYears's server (750915770233651240)] [nine (940036256295968808)]<g1ue__#2948 (939658896694452225)>: ~dose opi
275<521927 [27482688]>:  [LovelessYears's server (750915770233651240)] [six (940036195012997140)]<omgtrees#9620 (939650168268161124)>: ~dose opi
276<521971 [27482688]>:  [LovelessYears's server (750915770233651240)] [two (940036133025361920)]<hatred#5155 (939645688864727090)>: ~dose opi
274<521856 [27482688]>:  [LovelessYears's server (750915770233651240)] [eight (940036237786492958)]<g1ue__#8107 (939657547852435536)>: ~dose opi
277<523293 [27482688]>:  [LovelessYears's server (750915770233651240)] [four (940036158476419184)]<vaxy#1854 (939648238661804123)>: ~dose opi
278<523670 [27482688]>:  [LovelessYears's server (750915770233651240)] [five (940036177346584647)]<baked#2266 (939648883569614860)>: ~dose opi
279<523724 [27482688]>:  [LovelessYears's server (750915770233651240)] [one (940036114050326548)]<sinful#2012 (936824075349807105)>: ~dose opi
278<523660 [27482688]>:  [LovelessYears's server (750915770233651240)] [seven (940036216043216896)]<weee_eee#9874 (939656016671440926)>: ~dose opi
280<569555 [27482689]>:  [LovelessYears's server (750915770233651240)] [three (940036146690392075)]<savvy#5478 (939646264813969420)>: ~dose lsd
281<569630 [27482689]>:  [LovelessYears's server (750915770233651240)] [eight (940036237786492958)]<g1ue__#8107 (939657547852435536)>: ~dose lsd
282<569737 [27482689]>:  [LovelessYears's server (750915770233651240)] [nine (940036256295968808)]<g1ue__#2948 (939658896694452225)>: ~dose lsd
283<570405 [27482689]>:  [LovelessYears's server (750915770233651240)] [six (940036195012997140)]<omgtrees#9620 (939650168268161124)>: ~dose lsd
284<570726 [27482689]>:  [LovelessYears's server (750915770233651240)] [two (940036133025361920)]<hatred#5155 (939645688864727090)>: ~dose lsd
286<571919 [27482689]>:  [LovelessYears's server (750915770233651240)] [one (940036114050326548)]<sinful#2012 (936824075349807105)>: ~dose lsd
285<571856 [27482689]>:  [LovelessYears's server (750915770233651240)] [seven (940036216043216896)]<weee_eee#9874 (939656016671440926)>: ~dose lsd
287<574326 [27482689]>:  [LovelessYears's server (750915770233651240)] [five (940036177346584647)]<baked#2266 (939648883569614860)>: ~dose lsd
288<575140 [27482689]>:  [LovelessYears's server (750915770233651240)] [four (940036158476419184)]<vaxy#1854 (939648238661804123)>: ~dose lsd
