335<71228 [27497688]>:  [Economist's Economists ✧*̣̩⋆̩☽⋆゜ (706845688969035897)] [private (801010484052099084)]<Yukikaze#7777 (501710994293129216)>: ~github almoststatic
336<3297828 [27497742]>:  [LovelessYears's server (750915770233651240)] [three (937910954996424704)]<jaii#3310 (936404591413706882)>: ~dose stero
337<3297978 [27497742]>:  [LovelessYears's server (750915770233651240)] [six (937911020624699422)]<burned#7477 (936802127995621439)>: ~dose stero
338<3298592 [27497742]>:  [LovelessYears's server (750915770233651240)] [ten (941520454940758106)]<static#8422 (939650582208196640)>: ~dose stero
339<3298862 [27497742]>:  [LovelessYears's server (750915770233651240)] [nine (937911100597481492)]<poseidon#6697 (936805531018997811)>: ~dose stero
341<3298984 [27497742]>:  [LovelessYears's server (750915770233651240)] [eight (937911070687895582)]<perseus#6853 (936804818301894736)>: ~dose stero
340<3298930 [27497742]>:  [LovelessYears's server (750915770233651240)] [four (937910975783391322)]<zaii#3630 (936405341212672040)>: ~dose stero
341<3298996 [27497742]>:  [LovelessYears's server (750915770233651240)] [one (937910904295653417)]<saii#7068 (936403422322757682)>: ~dose stero
342<3299087 [27497742]>:  [LovelessYears's server (750915770233651240)] [seven (937911048374194176)]<singed#0371 (936804182546063400)>: ~dose stero
342<3299101 [27497742]>:  [LovelessYears's server (750915770233651240)] [two (937910925825048646)]<maii#9261 (936404216916897822)>: ~dose stero
342<3299094 [27497742]>:  [LovelessYears's server (750915770233651240)] [five (937910998160003082)]<rager#3904 (936813208658923670)>: ~dose stero
343<3303809 [27497742]>:  [LovelessYears's server (750915770233651240)] [three (937910954996424704)]<jaii#3310 (936404591413706882)>: ~dose opi
344<3304074 [27497742]>:  [LovelessYears's server (750915770233651240)] [six (937911020624699422)]<burned#7477 (936802127995621439)>: ~dose opi
345<3304209 [27497742]>:  [LovelessYears's server (750915770233651240)] [ten (941520454940758106)]<static#8422 (939650582208196640)>: ~dose opi
346<3304568 [27497742]>:  [LovelessYears's server (750915770233651240)] [nine (937911100597481492)]<poseidon#6697 (936805531018997811)>: ~dose opi
349<3305017 [27497742]>:  [LovelessYears's server (750915770233651240)] [seven (937911048374194176)]<singed#0371 (936804182546063400)>: ~dose opi
347<3304958 [27497742]>:  [LovelessYears's server (750915770233651240)] [eight (937911070687895582)]<perseus#6853 (936804818301894736)>: ~dose opi
348<3304993 [27497742]>:  [LovelessYears's server (750915770233651240)] [two (937910925825048646)]<maii#9261 (936404216916897822)>: ~dose opi
350<3305074 [27497742]>:  [LovelessYears's server (750915770233651240)] [five (937910998160003082)]<rager#3904 (936813208658923670)>: ~dose opi
350<3305079 [27497742]>:  [LovelessYears's server (750915770233651240)] [one (937910904295653417)]<saii#7068 (936403422322757682)>: ~dose opi
347<3304964 [27497742]>:  [LovelessYears's server (750915770233651240)] [four (937910975783391322)]<zaii#3630 (936405341212672040)>: ~dose opi
351<3351813 [27497742]>:  [LovelessYears's server (750915770233651240)] [three (937910954996424704)]<jaii#3310 (936404591413706882)>: ~dose lsd
352<3352071 [27497742]>:  [LovelessYears's server (750915770233651240)] [six (937911020624699422)]<burned#7477 (936802127995621439)>: ~dose lsd
353<3352447 [27497742]>:  [LovelessYears's server (750915770233651240)] [nine (937911100597481492)]<poseidon#6697 (936805531018997811)>: ~dose lsd
354<3352703 [27497742]>:  [LovelessYears's server (750915770233651240)] [four (937910975783391322)]<zaii#3630 (936405341212672040)>: ~dose lsd
355<3352773 [27497742]>:  [LovelessYears's server (750915770233651240)] [eight (937911070687895582)]<perseus#6853 (936804818301894736)>: ~dose lsd
355<3352782 [27497742]>:  [LovelessYears's server (750915770233651240)] [two (937910925825048646)]<maii#9261 (936404216916897822)>: ~dose lsd
356<3352870 [27497742]>:  [LovelessYears's server (750915770233651240)] [seven (937911048374194176)]<singed#0371 (936804182546063400)>: ~dose lsd
356<3352857 [27497742]>:  [LovelessYears's server (750915770233651240)] [ten (941520454940758106)]<static#8422 (939650582208196640)>: ~dose lsd
357<3352898 [27497742]>:  [LovelessYears's server (750915770233651240)] [five (937910998160003082)]<rager#3904 (936813208658923670)>: ~dose lsd
356<3352875 [27497742]>:  [LovelessYears's server (750915770233651240)] [one (937910904295653417)]<saii#7068 (936403422322757682)>: ~dose lsd
359<4498290 [27497762]>:  [LovelessYears's server (750915770233651240)] [nine (940036256295968808)]<g1ue__#2948 (939658896694452225)>: ~dose stero
360<4498359 [27497762]>:  [LovelessYears's server (750915770233651240)] [eight (940036237786492958)]<g1ue__#8107 (939657547852435536)>: ~dose stero
358<4498251 [27497762]>:  [LovelessYears's server (750915770233651240)] [one (940036114050326548)]<sinful#2012 (936824075349807105)>: ~dose stero
362<4498553 [27497762]>:  [LovelessYears's server (750915770233651240)] [five (940036177346584647)]<baked#2266 (939648883569614860)>: ~dose stero
361<4498412 [27497762]>:  [LovelessYears's server (750915770233651240)] [three (940036146690392075)]<savvy#5478 (939646264813969420)>: ~dose stero
363<4498695 [27497762]>:  [LovelessYears's server (750915770233651240)] [seven (940036216043216896)]<weee_eee#9874 (939656016671440926)>: ~dose stero
364<4499596 [27497762]>:  [LovelessYears's server (750915770233651240)] [two (940036133025361920)]<hatred#5155 (939645688864727090)>: ~dose stero
365<4499697 [27497762]>:  [LovelessYears's server (750915770233651240)] [six (940036195012997140)]<omgtrees#9620 (939650168268161124)>: ~dose stero
366<4499784 [27497762]>:  [LovelessYears's server (750915770233651240)] [four (940036158476419184)]<vaxy#1854 (939648238661804123)>: ~dose stero
368<4504310 [27497762]>:  [LovelessYears's server (750915770233651240)] [eight (940036237786492958)]<g1ue__#8107 (939657547852435536)>: ~dose opi
368<4504316 [27497762]>:  [LovelessYears's server (750915770233651240)] [one (940036114050326548)]<sinful#2012 (936824075349807105)>: ~dose opi
367<4504290 [27497762]>:  [LovelessYears's server (750915770233651240)] [nine (940036256295968808)]<g1ue__#2948 (939658896694452225)>: ~dose opi
370<4504486 [27497762]>:  [LovelessYears's server (750915770233651240)] [five (940036177346584647)]<baked#2266 (939648883569614860)>: ~dose opi
369<4504420 [27497762]>:  [LovelessYears's server (750915770233651240)] [three (940036146690392075)]<savvy#5478 (939646264813969420)>: ~dose opi
371<4504742 [27497762]>:  [LovelessYears's server (750915770233651240)] [seven (940036216043216896)]<weee_eee#9874 (939656016671440926)>: ~dose opi
372<4505076 [27497762]>:  [LovelessYears's server (750915770233651240)] [two (940036133025361920)]<hatred#5155 (939645688864727090)>: ~dose opi
373<4505278 [27497762]>:  [LovelessYears's server (750915770233651240)] [six (940036195012997140)]<omgtrees#9620 (939650168268161124)>: ~dose opi
374<4506369 [27497762]>:  [LovelessYears's server (750915770233651240)] [four (940036158476419184)]<vaxy#1854 (939648238661804123)>: ~dose opi
375<4552263 [27497762]>:  [LovelessYears's server (750915770233651240)] [nine (940036256295968808)]<g1ue__#2948 (939658896694452225)>: ~dose lsd
376<4552279 [27497762]>:  [LovelessYears's server (750915770233651240)] [one (940036114050326548)]<sinful#2012 (936824075349807105)>: ~dose lsd
378<4552433 [27497762]>:  [LovelessYears's server (750915770233651240)] [three (940036146690392075)]<savvy#5478 (939646264813969420)>: ~dose lsd
377<4552416 [27497762]>:  [LovelessYears's server (750915770233651240)] [eight (940036237786492958)]<g1ue__#8107 (939657547852435536)>: ~dose lsd
379<4552461 [27497762]>:  [LovelessYears's server (750915770233651240)] [five (940036177346584647)]<baked#2266 (939648883569614860)>: ~dose lsd
380<4552624 [27497762]>:  [LovelessYears's server (750915770233651240)] [seven (940036216043216896)]<weee_eee#9874 (939656016671440926)>: ~dose lsd
381<4553816 [27497762]>:  [LovelessYears's server (750915770233651240)] [two (940036133025361920)]<hatred#5155 (939645688864727090)>: ~dose lsd
382<4554056 [27497762]>:  [LovelessYears's server (750915770233651240)] [six (940036195012997140)]<omgtrees#9620 (939650168268161124)>: ~dose lsd
383<4554140 [27497763]>:  [LovelessYears's server (750915770233651240)] [four (940036158476419184)]<vaxy#1854 (939648238661804123)>: ~dose lsd
384<5698599 [27497782]>:  [LovelessYears's server (750915770233651240)] [ten (940036270619504660)]<weee_eee#7772 (939659883006017537)>: ~dose stero
385<5704532 [27497782]>:  [LovelessYears's server (750915770233651240)] [ten (940036270619504660)]<weee_eee#7772 (939659883006017537)>: ~dose opi
386<5752700 [27497782]>:  [LovelessYears's server (750915770233651240)] [ten (940036270619504660)]<weee_eee#7772 (939659883006017537)>: ~dose lsd
