317<3238727 [27450721]>:  [Economist's Economists ✧*̣̩⋆̩☽⋆゜ (706845688969035897)] [private (801010484052099084)]<Dr. Chan#0240 (501710994293129216)>: ~bal
318<3242642 [27450721]>:  [Economist's Economists ✧*̣̩⋆̩☽⋆゜ (706845688969035897)] [private (801010484052099084)]<Dr. Chan#0240 (501710994293129216)>: ~ping
319<3612848 [27450727]>:  [Economist's Economists ✧*̣̩⋆̩☽⋆゜ (706845688969035897)] [private (801010484052099084)]<Dr. Chan#0240 (501710994293129216)>: ~get data
320<3616573 [27450727]>:  [Economist's Economists ✧*̣̩⋆̩☽⋆゜ (706845688969035897)] [private (801010484052099084)]<Dr. Chan#0240 (501710994293129216)>: ~getdata
321<341788 [27451357]>:  [Economist's Economists ✧*̣̩⋆̩☽⋆゜ (706845688969035897)] [private (801010484052099084)]<Dr. Chan#0240 (501710994293129216)>: ~gd 936813208658923670
322<1209539 [27451371]>:  [Economist's Economists ✧*̣̩⋆̩☽⋆゜ (706845688969035897)] [private (801010484052099084)]<Dr. Chan#0240 (501710994293129216)>: ~ping
323<1226202 [27451371]>:  [Economist's Economists ✧*̣̩⋆̩☽⋆゜ (706845688969035897)] [private (801010484052099084)]<Dr. Chan#0240 (501710994293129216)>: ~ping ggggggggg gggggggggggg gggggggggggggggg ggggggggggggggggggg
324<1896455 [27451383]>:  [Economist's Economists ✧*̣̩⋆̩☽⋆゜ (706845688969035897)] [private (801010484052099084)]<Dr. Chan#0240 (501710994293129216)>: ~bal
325<24000531 [27451751]>:  [Economist's Economists ✧*̣̩⋆̩☽⋆゜ (706845688969035897)] [private (801010484052099084)]<Dr. Chan#0240 (501710994293129216)>: ~bal
326<24003233 [27451751]>:  [Economist's Economists ✧*̣̩⋆̩☽⋆゜ (706845688969035897)] [private (801010484052099084)]<Dr. Chan#0240 (501710994293129216)>: ~ping
327<24006092 [27451751]>:  [Economist's Economists ✧*̣̩⋆̩☽⋆゜ (706845688969035897)] [private (801010484052099084)]<Dr. Chan#0240 (501710994293129216)>: ~getdata
328<24066092 [27451752]>:  [Economist's Economists ✧*̣̩⋆̩☽⋆゜ (706845688969035897)] [private (801010484052099084)]<Dr. Chan#0240 (501710994293129216)>: ~set 501710994293129216 drgn "99



;



99"
329<24150031 [27451753]>:  [Economist's Economists ✧*̣̩⋆̩☽⋆゜ (706845688969035897)] [private (801010484052099084)]<Dr. Chan#0240 (501710994293129216)>: ~dragon
330<24162475 [27451754]>:  [Economist's Economists ✧*̣̩⋆̩☽⋆゜ (706845688969035897)] [private (801010484052099084)]<Dr. Chan#0240 (501710994293129216)>: ~remove 501710994293129216 drgn
331<24700983 [27451763]>:  [Economist's Economists ✧*̣̩⋆̩☽⋆゜ (706845688969035897)] [private (801010484052099084)]<Dr. Chan#0240 (501710994293129216)>: ~get 501710994293129216 drgn
332<24708141 [27451763]>:  [Economist's Economists ✧*̣̩⋆̩☽⋆゜ (706845688969035897)] [private (801010484052099084)]<Dr. Chan#0240 (501710994293129216)>: ~set 501710994293129216 drgn 1;10000;100;0;1;1;1;1;0;1
333<24722140 [27451763]>:  [Economist's Economists ✧*̣̩⋆̩☽⋆゜ (706845688969035897)] [private (801010484052099084)]<Dr. Chan#0240 (501710994293129216)>: ~search
334<24737674 [27451763]>:  [Economist's Economists ✧*̣̩⋆̩☽⋆゜ (706845688969035897)] [private (801010484052099084)]<Dr. Chan#0240 (501710994293129216)>: ~dragon
335<24746864 [27451763]>:  [Economist's Economists ✧*̣̩⋆̩☽⋆゜ (706845688969035897)] [private (801010484052099084)]<Dr. Chan#0240 (501710994293129216)>: ~get 501710994293129216 drgn
336<27283777 [27451806]>:  [Economist's Economists ✧*̣̩⋆̩☽⋆゜ (706845688969035897)] [private (801010484052099084)]<Dr. Chan#0240 (501710994293129216)>: ~set 501710994293129216 bal 1&100000
337<27291145 [27451806]>:  [Economist's Economists ✧*̣̩⋆̩☽⋆゜ (706845688969035897)] [private (801010484052099084)]<Dr. Chan#0240 (501710994293129216)>: ~set 501710994293129216 bal 1&1000
338<27312609 [27451806]>:  [Economist's Economists ✧*̣̩⋆̩☽⋆゜ (706845688969035897)] [private (801010484052099084)]<Dr. Chan#0240 (501710994293129216)>: ~set 501710994293129216 bal 1.3454353454325&100
339<27320326 [27451806]>:  [Economist's Economists ✧*̣̩⋆̩☽⋆゜ (706845688969035897)] [private (801010484052099084)]<Dr. Chan#0240 (501710994293129216)>: ~bal
340<27328486 [27451806]>:  [Economist's Economists ✧*̣̩⋆̩☽⋆゜ (706845688969035897)] [private (801010484052099084)]<Dr. Chan#0240 (501710994293129216)>: ~set 501710994293129216 bal 23847285739824570347584395742359842375
341<27331541 [27451806]>:  [Economist's Economists ✧*̣̩⋆̩☽⋆゜ (706845688969035897)] [private (801010484052099084)]<Dr. Chan#0240 (501710994293129216)>: ~bal
342<16739 [27451879]>:  [Economist's Economists ✧*̣̩⋆̩☽⋆゜ (706845688969035897)] [private (801010484052099084)]<Dr. Chan#0240 (501710994293129216)>: ~bal
343<76307 [27451880]>:  [Economist's Economists ✧*̣̩⋆̩☽⋆゜ (706845688969035897)] [private (801010484052099084)]<Dr. Chan#0240 (501710994293129216)>: ~set 501710994293129216 bal 23498237423948
344<6187 [27451883]>:  [Economist's Economists ✧*̣̩⋆̩☽⋆゜ (706845688969035897)] [private (801010484052099084)]<Dr. Chan#0240 (501710994293129216)>: ~set 501710994293129216 bal 23498237423948
345<255105 [27451887]>:  [Economist's Economists ✧*̣̩⋆̩☽⋆゜ (706845688969035897)] [private (801010484052099084)]<Dr. Chan#0240 (501710994293129216)>: ~getdata
346<257669 [27451888]>:  [Economist's Economists ✧*̣̩⋆̩☽⋆゜ (706845688969035897)] [private (801010484052099084)]<Dr. Chan#0240 (501710994293129216)>: ~remove 501710994293129216 bal
347<8080479 [27452018]>:  [Economist's Economists ✧*̣̩⋆̩☽⋆゜ (706845688969035897)] [private (801010484052099084)]<Dr. Chan#0240 (501710994293129216)>: ~purge e
348<9493858 [27452041]>:  [Economist's Economists ✧*̣̩⋆̩☽⋆゜ (706845688969035897)] [private (801010484052099084)]<Dr. Chan#0240 (501710994293129216)>: ~bal
349<9495885 [27452041]>:  [Economist's Economists ✧*̣̩⋆̩☽⋆゜ (706845688969035897)] [private (801010484052099084)]<Dr. Chan#0240 (501710994293129216)>: ~getdata
350<9499287 [27452042]>:  [Economist's Economists ✧*̣̩⋆̩☽⋆゜ (706845688969035897)] [private (801010484052099084)]<Dr. Chan#0240 (501710994293129216)>: ~stroke
351<9501343 [27452042]>:  [Economist's Economists ✧*̣̩⋆̩☽⋆゜ (706845688969035897)] [private (801010484052099084)]<Dr. Chan#0240 (501710994293129216)>: ~dragon
