455<31781 [27521475]>:  [Economist's Economists ✧*̣̩⋆̩☽⋆゜ (706845688969035897)] [private (801010484052099084)]<Yukikaze#7777 (501710994293129216)>: ~av
457<2882530 [27521523]>:  [LovelessYears's server (750915770233651240)] [eight (937911070687895582)]<perseus#6853 (936804818301894736)>: ~dose opi
456<2882491 [27521523]>:  [LovelessYears's server (750915770233651240)] [one (937910904295653417)]<saii#7068 (936403422322757682)>: ~dose opi
459<2882588 [27521523]>:  [LovelessYears's server (750915770233651240)] [three (937910954996424704)]<jaii#3310 (936404591413706882)>: ~dose opi
458<2882571 [27521523]>:  [LovelessYears's server (750915770233651240)] [six (937911020624699422)]<burned#7477 (936802127995621439)>: ~dose opi
460<2887528 [27521523]>:  [LovelessYears's server (750915770233651240)] [five (937910998160003082)]<rager#3904 (936813208658923670)>: ~dose opi
461<2887622 [27521523]>:  [LovelessYears's server (750915770233651240)] [two (937910925825048646)]<maii#9261 (936404216916897822)>: ~dose opi
462<2887685 [27521523]>:  [LovelessYears's server (750915770233651240)] [nine (937911100597481492)]<poseidon#6697 (936805531018997811)>: ~dose opi
462<2887670 [27521523]>:  [LovelessYears's server (750915770233651240)] [seven (937911048374194176)]<singed#0371 (936804182546063400)>: ~dose opi
463<2887700 [27521523]>:  [LovelessYears's server (750915770233651240)] [four (937910975783391322)]<zaii#3630 (936405341212672040)>: ~dose opi
461<2887611 [27521523]>:  [LovelessYears's server (750915770233651240)] [ten (941520454940758106)]<static#8422 (939650582208196640)>: ~dose opi
464<2930478 [27521523]>:  [LovelessYears's server (750915770233651240)] [one (937910904295653417)]<saii#7068 (936403422322757682)>: ~dose lsd
467<2930559 [27521523]>:  [LovelessYears's server (750915770233651240)] [six (937911020624699422)]<burned#7477 (936802127995621439)>: ~dose lsd
466<2930537 [27521523]>:  [LovelessYears's server (750915770233651240)] [three (937910954996424704)]<jaii#3310 (936404591413706882)>: ~dose lsd
465<2930512 [27521523]>:  [LovelessYears's server (750915770233651240)] [eight (937911070687895582)]<perseus#6853 (936804818301894736)>: ~dose lsd
468<2935531 [27521523]>:  [LovelessYears's server (750915770233651240)] [ten (941520454940758106)]<static#8422 (939650582208196640)>: ~dose lsd
468<2935537 [27521523]>:  [LovelessYears's server (750915770233651240)] [four (937910975783391322)]<zaii#3630 (936405341212672040)>: ~dose lsd
469<2935551 [27521523]>:  [LovelessYears's server (750915770233651240)] [five (937910998160003082)]<rager#3904 (936813208658923670)>: ~dose lsd
470<2935572 [27521523]>:  [LovelessYears's server (750915770233651240)] [two (937910925825048646)]<maii#9261 (936404216916897822)>: ~dose lsd
471<2935585 [27521523]>:  [LovelessYears's server (750915770233651240)] [nine (937911100597481492)]<poseidon#6697 (936805531018997811)>: ~dose lsd
472<2935857 [27521523]>:  [LovelessYears's server (750915770233651240)] [seven (937911048374194176)]<singed#0371 (936804182546063400)>: ~dose lsd
473<3678064 [27521536]>:  [Economist's Economists ✧*̣̩⋆̩☽⋆゜ (706845688969035897)] [general (801010489105711104)]<AC1D#6969 (642714979983687682)>: ~cstmrl
474<3691587 [27521536]>:  [Economist's Economists ✧*̣̩⋆̩☽⋆゜ (706845688969035897)] [general (801010489105711104)]<AC1D#6969 (642714979983687682)>: ~rolename r1 static is gay
475<3706827 [27521536]>:  [Economist's Economists ✧*̣̩⋆̩☽⋆゜ (706845688969035897)] [general (801010489105711104)]<AC1D#6969 (642714979983687682)>: ~rolename r1 static is gay
476<3712945 [27521536]>:  [Economist's Economists ✧*̣̩⋆̩☽⋆゜ (706845688969035897)] [general (801010489105711104)]<AC1D#6969 (642714979983687682)>: ~roles
477<3727156 [27521537]>:  [Economist's Economists ✧*̣̩⋆̩☽⋆゜ (706845688969035897)] [general (801010489105711104)]<AC1D#6969 (642714979983687682)>: ~rolename rl static is gay
478<3737406 [27521537]>:  [Economist's Economists ✧*̣̩⋆̩☽⋆゜ (706845688969035897)] [general (801010489105711104)]<AC1D#6969 (642714979983687682)>: ~role <@642714979983687682> rl
479<3748786 [27521537]>:  [Economist's Economists ✧*̣̩⋆̩☽⋆゜ (706845688969035897)] [general (801010489105711104)]<AC1D#6969 (642714979983687682)>: ~role <@642714979983687682> rI
480<3754948 [27521537]>:  [Economist's Economists ✧*̣̩⋆̩☽⋆゜ (706845688969035897)] [general (801010489105711104)]<AC1D#6969 (642714979983687682)>: ~role <@642714979983687682> r1
481<3813401 [27521538]>:  [Economist's Economists ✧*̣̩⋆̩☽⋆゜ (706845688969035897)] [general (801010489105711104)]<AC1D#6969 (642714979983687682)>: ~role <@642714979983687682> rl
482<3818759 [27521538]>:  [Economist's Economists ✧*̣̩⋆̩☽⋆゜ (706845688969035897)] [general (801010489105711104)]<AC1D#6969 (642714979983687682)>: ~role
483<3820397 [27521538]>:  [Economist's Economists ✧*̣̩⋆̩☽⋆゜ (706845688969035897)] [general (801010489105711104)]<AC1D#6969 (642714979983687682)>: ~roles
484<3827449 [27521538]>:  [Economist's Economists ✧*̣̩⋆̩☽⋆゜ (706845688969035897)] [general (801010489105711104)]<AC1D#6969 (642714979983687682)>: ~role <@642714979983687682> rl
485<4055970 [27521542]>:  [Economist's Economists ✧*̣̩⋆̩☽⋆゜ (706845688969035897)] [general (801010489105711104)]<Yukikaze#7777 (501710994293129216)>: ~role rl <@642714979983687682>
488<4083116 [27521543]>:  [LovelessYears's server (750915770233651240)] [three (940036146690392075)]<savvy#5478 (939646264813969420)>: ~dose opi
489<4083155 [27521543]>:  [LovelessYears's server (750915770233651240)] [nine (940036256295968808)]<g1ue__#2948 (939658896694452225)>: ~dose opi
492<4083240 [27521543]>:  [LovelessYears's server (750915770233651240)] [four (940036158476419184)]<vaxy#1854 (939648238661804123)>: ~dose opi
492<4083246 [27521543]>:  [LovelessYears's server (750915770233651240)] [five (940036177346584647)]<baked#2266 (939648883569614860)>: ~dose opi
490<4083167 [27521543]>:  [LovelessYears's server (750915770233651240)] [one (940036114050326548)]<sinful#2012 (936824075349807105)>: ~dose opi
491<4083224 [27521543]>:  [LovelessYears's server (750915770233651240)] [six (940036195012997140)]<omgtrees#9620 (939650168268161124)>: ~dose opi
494<4083321 [27521543]>:  [LovelessYears's server (750915770233651240)] [two (940036133025361920)]<hatred#5155 (939645688864727090)>: ~dose opi
491<4083217 [27521543]>:  [LovelessYears's server (750915770233651240)] [seven (940036216043216896)]<weee_eee#9874 (939656016671440926)>: ~dose opi
493<4083280 [27521543]>:  [LovelessYears's server (750915770233651240)] [eight (940036237786492958)]<g1ue__#8107 (939657547852435536)>: ~dose opi
496<4131113 [27521543]>:  [LovelessYears's server (750915770233651240)] [four (940036158476419184)]<vaxy#1854 (939648238661804123)>: ~dose lsd
497<4131176 [27521543]>:  [LovelessYears's server (750915770233651240)] [nine (940036256295968808)]<g1ue__#2948 (939658896694452225)>: ~dose lsd
500<4131228 [27521543]>:  [LovelessYears's server (750915770233651240)] [five (940036177346584647)]<baked#2266 (939648883569614860)>: ~dose lsd
499<4131217 [27521543]>:  [LovelessYears's server (750915770233651240)] [eight (940036237786492958)]<g1ue__#8107 (939657547852435536)>: ~dose lsd
498<4131194 [27521543]>:  [LovelessYears's server (750915770233651240)] [three (940036146690392075)]<savvy#5478 (939646264813969420)>: ~dose lsd
497<4131171 [27521543]>:  [LovelessYears's server (750915770233651240)] [seven (940036216043216896)]<weee_eee#9874 (939656016671440926)>: ~dose lsd
497<4131166 [27521543]>:  [LovelessYears's server (750915770233651240)] [one (940036114050326548)]<sinful#2012 (936824075349807105)>: ~dose lsd
501<4131359 [27521543]>:  [LovelessYears's server (750915770233651240)] [six (940036195012997140)]<omgtrees#9620 (939650168268161124)>: ~dose lsd
495<4130971 [27521543]>:  [LovelessYears's server (750915770233651240)] [two (940036133025361920)]<hatred#5155 (939645688864727090)>: ~dose lsd
502<4135531 [27521543]>:  [Economist's Economists ✧*̣̩⋆̩☽⋆゜ (706845688969035897)] [general (801010489105711104)]<AC1D#6969 (642714979983687682)>: ~role rl <@642714979983687682>
503<4145967 [27521544]>:  [Economist's Economists ✧*̣̩⋆̩☽⋆゜ (706845688969035897)] [general (801010489105711104)]<Yukikaze#7777 (501710994293129216)>: ~ban
504<4163318 [27521544]>:  [Economist's Economists ✧*̣̩⋆̩☽⋆゜ (706845688969035897)] [general (801010489105711104)]<Yukikaze#7777 (501710994293129216)>: ~Get <@642714979983687682> cst
505<4252877 [27521545]>:  [Economist's Economists ✧*̣̩⋆̩☽⋆゜ (706845688969035897)] [general (801010489105711104)]<AC1D#6969 (642714979983687682)>: ~tame
506<4257973 [27521545]>:  [Economist's Economists ✧*̣̩⋆̩☽⋆゜ (706845688969035897)] [general (801010489105711104)]<AC1D#6969 (642714979983687682)>: ~dragon
507<4266317 [27521546]>:  [Economist's Economists ✧*̣̩⋆̩☽⋆゜ (706845688969035897)] [general (801010489105711104)]<AC1D#6969 (642714979983687682)>: ~dragon 501710994293129216
508<4275542 [27521546]>:  [Economist's Economists ✧*̣̩⋆̩☽⋆゜ (706845688969035897)] [general (801010489105711104)]<AC1D#6969 (642714979983687682)>: ~dragon 671708767813107724
510<12028 [27521548]>:  [Economist's Economists ✧*̣̩⋆̩☽⋆゜ (706845688969035897)] [general (801010489105711104)]<Yukikaze#7777 (501710994293129216)>: ~bal
511<23692 [27521548]>:  [Economist's Economists ✧*̣̩⋆̩☽⋆゜ (706845688969035897)] [general (801010489105711104)]<AC1D#6969 (642714979983687682)>: ~level
512<36050 [27521548]>:  [Economist's Economists ✧*̣̩⋆̩☽⋆゜ (706845688969035897)] [general (801010489105711104)]<Yukikaze#7777 (501710994293129216)>: ~get 642714979983687682 xp
513<43622 [27521548]>:  [Economist's Economists ✧*̣̩⋆̩☽⋆゜ (706845688969035897)] [general (801010489105711104)]<Yukikaze#7777 (501710994293129216)>: ~Set 642714979983687682 xp 1&99;1&99
514<49046 [27521548]>:  [Economist's Economists ✧*̣̩⋆̩☽⋆゜ (706845688969035897)] [general (801010489105711104)]<AC1D#6969 (642714979983687682)>: ~level
515<72084 [27521549]>:  [Economist's Economists ✧*̣̩⋆̩☽⋆゜ (706845688969035897)] [general (801010489105711104)]<Yukikaze#7777 (501710994293129216)>: ~say 1|99
516<91889 [27521549]>:  [Economist's Economists ✧*̣̩⋆̩☽⋆゜ (706845688969035897)] [general (801010489105711104)]<Yukikaze#7777 (501710994293129216)>: ~Set <@642714979983687682> xp 111111111111111111111111111111111111111111111111111111111111111111111111111111111111111111111111111;111111111111111111111111111111111111111111111111111111111111111111111111111111111111111111111111111
517<115686 [27521550]>:  [Economist's Economists ✧*̣̩⋆̩☽⋆゜ (706845688969035897)] [general (801010489105711104)]<Yukikaze#7777 (501710994293129216)>: ~xp 642714979983687682
518<2014671 [27522556]>:  [Economist's Economists ✧*̣̩⋆̩☽⋆゜ (706845688969035897)] [private (801010484052099084)]<Yukikaze#7777 (501710994293129216)>: ~eval client.utils.digits("19893045890435&35435")
519<44228 [27522564]>:  [Economist's Economists ✧*̣̩⋆̩☽⋆゜ (706845688969035897)] [private (801010484052099084)]<Yukikaze#7777 (501710994293129216)>: ~give 408703645941760010 administrator
520<122351 [27522566]>:  [Economist's Economists ✧*̣̩⋆̩☽⋆゜ (706845688969035897)] [private (801010484052099084)]<Yukikaze#7777 (501710994293129216)>: ~bal
521<155270 [27522566]>:  [Economist's Economists ✧*̣̩⋆̩☽⋆゜ (706845688969035897)] [private (801010484052099084)]<Зандер#7835 (408703645941760010)>: ~bal
522<176206 [27522567]>:  [Economist's Economists ✧*̣̩⋆̩☽⋆゜ (706845688969035897)] [private (801010484052099084)]<Yukikaze#7777 (501710994293129216)>: ~level
523<187669 [27522567]>:  [Economist's Economists ✧*̣̩⋆̩☽⋆゜ (706845688969035897)] [private (801010484052099084)]<Yukikaze#7777 (501710994293129216)>: ~level 642714979983687682
524<198550 [27522567]>:  [Economist's Economists ✧*̣̩⋆̩☽⋆゜ (706845688969035897)] [private (801010484052099084)]<Yukikaze#7777 (501710994293129216)>: ~get 642714979983687682 xp
525<200134 [27522567]>:  [Economist's Economists ✧*̣̩⋆̩☽⋆゜ (706845688969035897)] [private (801010484052099084)]<Yukikaze#7777 (501710994293129216)>: ~remove 642714979983687682xp
526<202504 [27522567]>:  [Economist's Economists ✧*̣̩⋆̩☽⋆゜ (706845688969035897)] [private (801010484052099084)]<Yukikaze#7777 (501710994293129216)>: ~remove 642714979983687682 xp
528<209874 [27522567]>:  [Economist's Economists ✧*̣̩⋆̩☽⋆゜ (706845688969035897)] [private (801010484052099084)]<Yukikaze#7777 (501710994293129216)>: ~get 642714979983687682 xp
529<211286 [27522567]>:  [Economist's Economists ✧*̣̩⋆̩☽⋆゜ (706845688969035897)] [private (801010484052099084)]<Yukikaze#7777 (501710994293129216)>: ~level v
530<214506 [27522567]>:  [Economist's Economists ✧*̣̩⋆̩☽⋆゜ (706845688969035897)] [private (801010484052099084)]<Yukikaze#7777 (501710994293129216)>: ~set 642714979983687682 xp "0;0"
532<220169 [27522567]>:  [Economist's Economists ✧*̣̩⋆̩☽⋆゜ (706845688969035897)] [private (801010484052099084)]<Yukikaze#7777 (501710994293129216)>: ~get 642714979983687682 xp
535<231944 [27522568]>:  [Economist's Economists ✧*̣̩⋆̩☽⋆゜ (706845688969035897)] [private (801010484052099084)]<Yukikaze#7777 (501710994293129216)>: ~set 642714979983687682 xp "1&99;1&99"
536<234606 [27522568]>:  [Economist's Economists ✧*̣̩⋆̩☽⋆゜ (706845688969035897)] [private (801010484052099084)]<Yukikaze#7777 (501710994293129216)>: ~level 642714979983687682
537<244419 [27522568]>:  [Economist's Economists ✧*̣̩⋆̩☽⋆゜ (706845688969035897)] [private (801010484052099084)]<Зандер#7835 (408703645941760010)>: ~bal
538<253202 [27522568]>:  [Economist's Economists ✧*̣̩⋆̩☽⋆゜ (706845688969035897)] [private (801010484052099084)]<Зандер#7835 (408703645941760010)>: ~level
539<265995 [27522568]>:  [Economist's Economists ✧*̣̩⋆̩☽⋆゜ (706845688969035897)] [private (801010484052099084)]<Yukikaze#7777 (501710994293129216)>: ~set 408703645941760010 xp "1&999;1&88422"
541<8830 [27522569]>:  [Economist's Economists ✧*̣̩⋆̩☽⋆゜ (706845688969035897)] [private (801010484052099084)]<Yukikaze#7777 (501710994293129216)>: ~execute
543<22190 [27522569]>:  [Economist's Economists ✧*̣̩⋆̩☽⋆゜ (706845688969035897)] [private (801010484052099084)]<Yukikaze#7777 (501710994293129216)>: ~get 408703645941760010 bal
544<40789 [27522569]>:  [Economist's Economists ✧*̣̩⋆̩☽⋆゜ (706845688969035897)] [private (801010484052099084)]<Yukikaze#7777 (501710994293129216)>: ~remove 408703645941760010 bal
546<47324 [27522569]>:  [Economist's Economists ✧*̣̩⋆̩☽⋆゜ (706845688969035897)] [private (801010484052099084)]<Yukikaze#7777 (501710994293129216)>: ~get 408703645941760010 bal
547<49314 [27522569]>:  [Economist's Economists ✧*̣̩⋆̩☽⋆゜ (706845688969035897)] [private (801010484052099084)]<Yukikaze#7777 (501710994293129216)>: ~set 408703645941760010 bal 100
548<50886 [27522570]>:  [Economist's Economists ✧*̣̩⋆̩☽⋆゜ (706845688969035897)] [private (801010484052099084)]<Yukikaze#7777 (501710994293129216)>: ~get 408703645941760010bal
549<53557 [27522570]>:  [Economist's Economists ✧*̣̩⋆̩☽⋆゜ (706845688969035897)] [private (801010484052099084)]<Yukikaze#7777 (501710994293129216)>: ~get 408703645941760010 bal
550<55196 [27522570]>:  [Economist's Economists ✧*̣̩⋆̩☽⋆゜ (706845688969035897)] [private (801010484052099084)]<Yukikaze#7777 (501710994293129216)>: ~bal 408703645941760010
555<592527 [27522582]>:  [Economist's Economists ✧*̣̩⋆̩☽⋆゜ (706845688969035897)] [private (801010484052099084)]<Yukikaze#7777 (501710994293129216)>: ~forget 408703645941760010
556<598064 [27522582]>:  [Economist's Economists ✧*̣̩⋆̩☽⋆゜ (706845688969035897)] [private (801010484052099084)]<Зандер#7835 (408703645941760010)>: ~bal
557<643658 [27522583]>:  [Economist's Economists ✧*̣̩⋆̩☽⋆゜ (706845688969035897)] [private (801010484052099084)]<Зандер#7835 (408703645941760010)>: ~tame
558<648198 [27522583]>:  [Economist's Economists ✧*̣̩⋆̩☽⋆゜ (706845688969035897)] [private (801010484052099084)]<Зандер#7835 (408703645941760010)>: ~dragon
559<666216 [27522583]>:  [Economist's Economists ✧*̣̩⋆̩☽⋆゜ (706845688969035897)] [private (801010484052099084)]<Yukikaze#7777 (501710994293129216)>: ~give 408703645941760010 supreme
560<673161 [27522583]>:  [Economist's Economists ✧*̣̩⋆̩☽⋆゜ (706845688969035897)] [private (801010484052099084)]<Зандер#7835 (408703645941760010)>: ~name edp445
561<681712 [27522583]>:  [Economist's Economists ✧*̣̩⋆̩☽⋆゜ (706845688969035897)] [private (801010484052099084)]<Зандер#7835 (408703645941760010)>: ~stroke
562<688328 [27522583]>:  [Economist's Economists ✧*̣̩⋆̩☽⋆゜ (706845688969035897)] [private (801010484052099084)]<Зандер#7835 (408703645941760010)>: ~stroke
563<715713 [27522584]>:  [Economist's Economists ✧*̣̩⋆̩☽⋆゜ (706845688969035897)] [private (801010484052099084)]<Зандер#7835 (408703645941760010)>: ~dragon
564<729152 [27522584]>:  [Economist's Economists ✧*̣̩⋆̩☽⋆゜ (706845688969035897)] [private (801010484052099084)]<Yukikaze#7777 (501710994293129216)>: ~get 408703645941760010 drgn
565<823971 [27522586]>:  [Economist's Economists ✧*̣̩⋆̩☽⋆゜ (706845688969035897)] [private (801010484052099084)]<Yukikaze#7777 (501710994293129216)>: ~profile
566<837006 [27522586]>:  [Economist's Economists ✧*̣̩⋆̩☽⋆゜ (706845688969035897)] [private (801010484052099084)]<Зандер#7835 (408703645941760010)>: ~profile
567<846436 [27522586]>:  [Economist's Economists ✧*̣̩⋆̩☽⋆゜ (706845688969035897)] [private (801010484052099084)]<Зандер#7835 (408703645941760010)>: ~bio
568<853135 [27522586]>:  [Economist's Economists ✧*̣̩⋆̩☽⋆゜ (706845688969035897)] [private (801010484052099084)]<Зандер#7835 (408703645941760010)>: ~bio asads daughter
569<866250 [27522586]>:  [Economist's Economists ✧*̣̩⋆̩☽⋆゜ (706845688969035897)] [private (801010484052099084)]<Зандер#7835 (408703645941760010)>: ~bio I just wanted a cupcake#
570<882002 [27522587]>:  [Economist's Economists ✧*̣̩⋆̩☽⋆゜ (706845688969035897)] [private (801010484052099084)]<Yukikaze#7777 (501710994293129216)>: ~set <@408703645941760010> bio "I just wanted a cupcake :/"
571<901781 [27522587]>:  [Economist's Economists ✧*̣̩⋆̩☽⋆゜ (706845688969035897)] [private (801010484052099084)]<Зандер#7835 (408703645941760010)>: ~profile
572<937689 [27522587]>:  [Economist's Economists ✧*̣̩⋆̩☽⋆゜ (706845688969035897)] [private (801010484052099084)]<Yukikaze#7777 (501710994293129216)>: ~commands
573<959433 [27522588]>:  [Economist's Economists ✧*̣̩⋆̩☽⋆゜ (706845688969035897)] [private (801010484052099084)]<Yukikaze#7777 (501710994293129216)>: ~dragon
574<994471 [27522588]>:  [Economist's Economists ✧*̣̩⋆̩☽⋆゜ (706845688969035897)] [private (801010484052099084)]<Yukikaze#7777 (501710994293129216)>: ~getdata <@408703645941760010>
575<1001944 [27522589]>:  [Economist's Economists ✧*̣̩⋆̩☽⋆゜ (706845688969035897)] [private (801010484052099084)]<Yukikaze#7777 (501710994293129216)>: ~getdata 408703645941760010
576<1050519 [27522589]>:  [Economist's Economists ✧*̣̩⋆̩☽⋆゜ (706845688969035897)] [private (801010484052099084)]<Yukikaze#7777 (501710994293129216)>: ~bal
577<1076793 [27522590]>:  [Economist's Economists ✧*̣̩⋆̩☽⋆゜ (706845688969035897)] [private (801010484052099084)]<Yukikaze#7777 (501710994293129216)>: ~set 501710994293129216 clr "BLACK;RED;GREEN;0"
578<1081745 [27522590]>:  [Economist's Economists ✧*̣̩⋆̩☽⋆゜ (706845688969035897)] [private (801010484052099084)]<Yukikaze#7777 (501710994293129216)>: ~bal
579<1082633 [27522590]>:  [Economist's Economists ✧*̣̩⋆̩☽⋆゜ (706845688969035897)] [private (801010484052099084)]<Yukikaze#7777 (501710994293129216)>: ~bal
580<1083479 [27522590]>:  [Economist's Economists ✧*̣̩⋆̩☽⋆゜ (706845688969035897)] [private (801010484052099084)]<Yukikaze#7777 (501710994293129216)>: ~bal
581<1084324 [27522590]>:  [Economist's Economists ✧*̣̩⋆̩☽⋆゜ (706845688969035897)] [private (801010484052099084)]<Yukikaze#7777 (501710994293129216)>: ~bal
582<1085228 [27522590]>:  [Economist's Economists ✧*̣̩⋆̩☽⋆゜ (706845688969035897)] [private (801010484052099084)]<Yukikaze#7777 (501710994293129216)>: ~bal
583<1086203 [27522590]>:  [Economist's Economists ✧*̣̩⋆̩☽⋆゜ (706845688969035897)] [private (801010484052099084)]<Yukikaze#7777 (501710994293129216)>: ~bal
584<1091158 [27522590]>:  [Economist's Economists ✧*̣̩⋆̩☽⋆゜ (706845688969035897)] [private (801010484052099084)]<Yukikaze#7777 (501710994293129216)>: ~get 501710994293129216 clr
585<1116283 [27522590]>:  [Economist's Economists ✧*̣̩⋆̩☽⋆゜ (706845688969035897)] [private (801010484052099084)]<Yukikaze#7777 (501710994293129216)>: ~getdata
586<1222832 [27522592]>:  [Economist's Economists ✧*̣̩⋆̩☽⋆゜ (706845688969035897)] [private (801010484052099084)]<Yukikaze#7777 (501710994293129216)>: ~giverole <@408703645941760010> test
587<1427920 [27522596]>:  [Economist's Economists ✧*̣̩⋆̩☽⋆゜ (706845688969035897)] [private (801010484052099084)]<Зандер#7835 (408703645941760010)>: ~cstmrl CUPCAKECUPCAKE CUPCAKE CUPCAKE CUPCAKE CUPCAKE CUPCAKE CUPCAKE CUPCAKE CUPCAKE CUPCAKE CUPCAKE CUPC
588<1463979 [27522596]>:  [Economist's Economists ✧*̣̩⋆̩☽⋆゜ (706845688969035897)] [private (801010484052099084)]<Зандер#7835 (408703645941760010)>: ~role test CUPCAKECUPCAKE CUPCAKE CUPCAKE CUPCAKE CUPCAKE CUPCAKE CUPCAKE CUPCAKE CUPCAKE CUPCAKE CUPCAKE CUPC
589<1474945 [27522596]>:  [Economist's Economists ✧*̣̩⋆̩☽⋆゜ (706845688969035897)] [private (801010484052099084)]<Зандер#7835 (408703645941760010)>: ~rolename test CUPCAKECUPCAKE CUPCAKE CUPCAKE CUPCAKE CUPCAKE CUPCAKE CUPCAKE CUPCAKE CUPCAKE CUPCAKE CUPCAKE CUPC
590<1502906 [27522597]>:  [Economist's Economists ✧*̣̩⋆̩☽⋆゜ (706845688969035897)] [private (801010484052099084)]<Зандер#7835 (408703645941760010)>: ~role test <@408703645941760010>
591<4376025 [27522645]>:  [LovelessYears's server (750915770233651240)] [eight (937911070687895582)]<perseus#6853 (936804818301894736)>: ~dose opi
592<4376045 [27522645]>:  [LovelessYears's server (750915770233651240)] [six (937911020624699422)]<burned#7477 (936802127995621439)>: ~dose opi
593<4376089 [27522645]>:  [LovelessYears's server (750915770233651240)] [three (937910954996424704)]<jaii#3310 (936404591413706882)>: ~dose opi
593<4376095 [27522645]>:  [LovelessYears's server (750915770233651240)] [one (937910904295653417)]<saii#7068 (936403422322757682)>: ~dose opi
597<4381093 [27522645]>:  [LovelessYears's server (750915770233651240)] [two (937910925825048646)]<maii#9261 (936404216916897822)>: ~dose opi
596<4381076 [27522645]>:  [LovelessYears's server (750915770233651240)] [five (937910998160003082)]<rager#3904 (936813208658923670)>: ~dose opi
594<4381042 [27522645]>:  [LovelessYears's server (750915770233651240)] [ten (941520454940758106)]<static#8422 (939650582208196640)>: ~dose opi
595<4381066 [27522645]>:  [LovelessYears's server (750915770233651240)] [four (937910975783391322)]<zaii#3630 (936405341212672040)>: ~dose opi
599<4381220 [27522645]>:  [LovelessYears's server (750915770233651240)] [seven (937911048374194176)]<singed#0371 (936804182546063400)>: ~dose opi
598<4381193 [27522645]>:  [LovelessYears's server (750915770233651240)] [nine (937911100597481492)]<poseidon#6697 (936805531018997811)>: ~dose opi
600<4424022 [27522646]>:  [LovelessYears's server (750915770233651240)] [one (937910904295653417)]<saii#7068 (936403422322757682)>: ~dose lsd
601<4424059 [27522646]>:  [LovelessYears's server (750915770233651240)] [six (937911020624699422)]<burned#7477 (936802127995621439)>: ~dose lsd
602<4424106 [27522646]>:  [LovelessYears's server (750915770233651240)] [three (937910954996424704)]<jaii#3310 (936404591413706882)>: ~dose lsd
603<4424116 [27522646]>:  [LovelessYears's server (750915770233651240)] [eight (937911070687895582)]<perseus#6853 (936804818301894736)>: ~dose lsd
604<4428996 [27522646]>:  [LovelessYears's server (750915770233651240)] [five (937910998160003082)]<rager#3904 (936813208658923670)>: ~dose lsd
605<4429029 [27522646]>:  [LovelessYears's server (750915770233651240)] [four (937910975783391322)]<zaii#3630 (936405341212672040)>: ~dose lsd
608<4429159 [27522646]>:  [LovelessYears's server (750915770233651240)] [seven (937911048374194176)]<singed#0371 (936804182546063400)>: ~dose lsd
606<4429122 [27522646]>:  [LovelessYears's server (750915770233651240)] [two (937910925825048646)]<maii#9261 (936404216916897822)>: ~dose lsd
607<4429151 [27522646]>:  [LovelessYears's server (750915770233651240)] [nine (937911100597481492)]<poseidon#6697 (936805531018997811)>: ~dose lsd
606<4429117 [27522646]>:  [LovelessYears's server (750915770233651240)] [ten (941520454940758106)]<static#8422 (939650582208196640)>: ~dose lsd
609<5576523 [27522665]>:  [LovelessYears's server (750915770233651240)] [two (940036133025361920)]<hatred#5155 (939645688864727090)>: ~dose opi
611<5576660 [27522665]>:  [LovelessYears's server (750915770233651240)] [five (940036177346584647)]<baked#2266 (939648883569614860)>: ~dose opi
612<5576704 [27522665]>:  [LovelessYears's server (750915770233651240)] [three (940036146690392075)]<savvy#5478 (939646264813969420)>: ~dose opi
612<5576709 [27522665]>:  [LovelessYears's server (750915770233651240)] [six (940036195012997140)]<omgtrees#9620 (939650168268161124)>: ~dose opi
610<5576618 [27522665]>:  [LovelessYears's server (750915770233651240)] [four (940036158476419184)]<vaxy#1854 (939648238661804123)>: ~dose opi
613<5576727 [27522665]>:  [LovelessYears's server (750915770233651240)] [one (940036114050326548)]<sinful#2012 (936824075349807105)>: ~dose opi
614<5576740 [27522665]>:  [LovelessYears's server (750915770233651240)] [nine (940036256295968808)]<g1ue__#2948 (939658896694452225)>: ~dose opi
615<5576759 [27522665]>:  [LovelessYears's server (750915770233651240)] [eight (940036237786492958)]<g1ue__#8107 (939657547852435536)>: ~dose opi
616<5577376 [27522665]>:  [LovelessYears's server (750915770233651240)] [seven (940036216043216896)]<weee_eee#9874 (939656016671440926)>: ~dose opi
617<5624514 [27522666]>:  [LovelessYears's server (750915770233651240)] [two (940036133025361920)]<hatred#5155 (939645688864727090)>: ~dose lsd
619<5624630 [27522666]>:  [LovelessYears's server (750915770233651240)] [three (940036146690392075)]<savvy#5478 (939646264813969420)>: ~dose lsd
621<5624719 [27522666]>:  [LovelessYears's server (750915770233651240)] [seven (940036216043216896)]<weee_eee#9874 (939656016671440926)>: ~dose lsd
620<5624698 [27522666]>:  [LovelessYears's server (750915770233651240)] [six (940036195012997140)]<omgtrees#9620 (939650168268161124)>: ~dose lsd
618<5624601 [27522666]>:  [LovelessYears's server (750915770233651240)] [one (940036114050326548)]<sinful#2012 (936824075349807105)>: ~dose lsd
621<5624726 [27522666]>:  [LovelessYears's server (750915770233651240)] [five (940036177346584647)]<baked#2266 (939648883569614860)>: ~dose lsd
622<5624757 [27522666]>:  [LovelessYears's server (750915770233651240)] [eight (940036237786492958)]<g1ue__#8107 (939657547852435536)>: ~dose lsd
623<5625054 [27522666]>:  [LovelessYears's server (750915770233651240)] [nine (940036256295968808)]<g1ue__#2948 (939658896694452225)>: ~dose lsd
624<5625080 [27522666]>:  [LovelessYears's server (750915770233651240)] [four (940036158476419184)]<vaxy#1854 (939648238661804123)>: ~dose lsd
625<6776269 [27522685]>:  [LovelessYears's server (750915770233651240)] [ten (940036270619504660)]<weee_eee#7772 (939659883006017537)>: ~dose opi
626<6824258 [27522686]>:  [LovelessYears's server (750915770233651240)] [ten (940036270619504660)]<weee_eee#7772 (939659883006017537)>: ~dose lsd
