361<10424073 [27456312]>:  [Economist's Economists ✧*̣̩⋆̩☽⋆゜ (706845688969035897)] [private (801010484052099084)]<Yukikaze#0240 (501710994293129216)>: ~stats
362<10425495 [27456312]>:  [Economist's Economists ✧*̣̩⋆̩☽⋆゜ (706845688969035897)] [private (801010484052099084)]<Yukikaze#0240 (501710994293129216)>: ~uptime
363<453919 [27456337]>:  [Economist's Economists ✧*̣̩⋆̩☽⋆゜ (706845688969035897)] [private (801010484052099084)]<Yukikaze#0240 (501710994293129216)>: ~eval Discord.BitField.FLAGS
364<5424 [27456338]>:  [Economist's Economists ✧*̣̩⋆̩☽⋆゜ (706845688969035897)] [private (801010484052099084)]<Yukikaze#0240 (501710994293129216)>: ~eval Discord.BitField.FLAGS
365<31934 [27456338]>:  [Economist's Economists ✧*̣̩⋆̩☽⋆゜ (706845688969035897)] [private (801010484052099084)]<Yukikaze#0240 (501710994293129216)>: ~eval Discord.Permissions.FLAGS
366<122579 [27456359]>:  [Economist's Economists ✧*̣̩⋆̩☽⋆゜ (706845688969035897)] [channel-logs (904733092764332093)]<Yukikaze#0240 (501710994293129216)>: ~remove <@!491769129318088714> chnl
367<98513 [27456365]>:  [Economist's Economists ✧*̣̩⋆̩☽⋆゜ (706845688969035897)] [channel-logs (904733092764332093)]<Yukikaze#0240 (501710994293129216)>: ~remove <@!491769129318088714> chnl
368<10215 [27456379]>:  [Economist's Economists ✧*̣̩⋆̩☽⋆゜ (706845688969035897)] [channel-logs (904733092764332093)]<Yukikaze#0240 (501710994293129216)>: ~remove <@!491769129318088714> chnl
369<7769 [27456387]>:  [Economist's Economists ✧*̣̩⋆̩☽⋆゜ (706845688969035897)] [channel-logs (904733092764332093)]<Yukikaze#0240 (501710994293129216)>: ~remove <@!491769129318088714> chnl
370<31437 [27456387]>:  [Economist's Economists ✧*̣̩⋆̩☽⋆゜ (706845688969035897)] [channel-logs (904733092764332093)]<Yukikaze#0240 (501710994293129216)>: ~addreplacer f ~remove 491769129318088714 chnl
371<35757 [27456387]>:  [Economist's Economists ✧*̣̩⋆̩☽⋆゜ (706845688969035897)] [channel-logs (904733092764332093)]<Yukikaze#0240 (501710994293129216)>: ~remove 491769129318088714 chnl
372<2103 [27456390]>:  [Economist's Economists ✧*̣̩⋆̩☽⋆゜ (706845688969035897)] [channel-logs (904733092764332093)]<Yukikaze#0240 (501710994293129216)>: ~remove 491769129318088714 chnl
373<7551 [27456395]>:  [Economist's Economists ✧*̣̩⋆̩☽⋆゜ (706845688969035897)] [channel-logs (904733092764332093)]<Yukikaze#0240 (501710994293129216)>: ~remove 491769129318088714 chnl
374<6542 [27456398]>:  [Economist's Economists ✧*̣̩⋆̩☽⋆゜ (706845688969035897)] [channel-logs (904733092764332093)]<Yukikaze#0240 (501710994293129216)>: ~remove 491769129318088714 chnl
375<20663 [27456401]>:  [Economist's Economists ✧*̣̩⋆̩☽⋆゜ (706845688969035897)] [channel-logs (904733092764332093)]<Yukikaze#0240 (501710994293129216)>: ~remove 491769129318088714 chnl
376<11629 [27456402]>:  [Economist's Economists ✧*̣̩⋆̩☽⋆゜ (706845688969035897)] [channel-logs (904733092764332093)]<Yukikaze#0240 (501710994293129216)>: ~remove 491769129318088714 chnl
377<7899 [27456405]>:  [Economist's Economists ✧*̣̩⋆̩☽⋆゜ (706845688969035897)] [channel-logs (904733092764332093)]<Yukikaze#0240 (501710994293129216)>: ~get <@!491769129318088714> chnl
378<14776 [27456405]>:  [Economist's Economists ✧*̣̩⋆̩☽⋆゜ (706845688969035897)] [channel-logs (904733092764332093)]<Yukikaze#0240 (501710994293129216)>: ~remove <@!491769129318088714> chnl
379<7103 [27456408]>:  [Economist's Economists ✧*̣̩⋆̩☽⋆゜ (706845688969035897)] [channel-logs (904733092764332093)]<Yukikaze#0240 (501710994293129216)>: ~remove 491769129318088714 chnl
380<30807 [27456416]>:  [Economist's Economists ✧*̣̩⋆̩☽⋆゜ (706845688969035897)] [channel-logs (904733092764332093)]<Yukikaze#0240 (501710994293129216)>: ~ui <@!491769129318088714>
381<138513 [27456417]>:  [Economist's Economists ✧*̣̩⋆̩☽⋆゜ (706845688969035897)] [channel-logs (904733092764332093)]<Yukikaze#0240 (501710994293129216)>: ~getdata 911799544017199124
382<146047 [27456418]>:  [Economist's Economists ✧*̣̩⋆̩☽⋆゜ (706845688969035897)] [channel-logs (904733092764332093)]<Yukikaze#0240 (501710994293129216)>: ~remove 911799544017199124 chnl
383<17303 [27456418]>:  [Economist's Economists ✧*̣̩⋆̩☽⋆゜ (706845688969035897)] [channel-logs (904733092764332093)]<Yukikaze#0240 (501710994293129216)>: ~get 911799544017199124 chnl
