849<2597 [27474330]>:  [Economist's Economists ✧*̣̩⋆̩☽⋆゜ (706845688969035897)] [private (801010484052099084)]<Yukikaze#7777 (501710994293129216)>: ~get 501710994293129216 drgs
852<3137 [27474331]>:  [Economist's Economists ✧*̣̩⋆̩☽⋆゜ (706845688969035897)] [private (801010484052099084)]<Yukikaze#7777 (501710994293129216)>: ~bal
853<7537 [27474332]>:  [Economist's Economists ✧*̣̩⋆̩☽⋆゜ (706845688969035897)] [private (801010484052099084)]<Yukikaze#7777 (501710994293129216)>: ~set 501710994293129216 drgs 1&653;3333442&88744;99944&334;1122111&111;5555&5531;;;
854<1631 [27474333]>:  [Economist's Economists ✧*̣̩⋆̩☽⋆゜ (706845688969035897)] [private (801010484052099084)]<Yukikaze#7777 (501710994293129216)>: ~set 501710994293129216 drgs 1&653;3333442&88744;99944&334;1122111&111;5555&5531;;;
858<3897 [27474335]>:  [Economist's Economists ✧*̣̩⋆̩☽⋆゜ (706845688969035897)] [private (801010484052099084)]<Yukikaze#7777 (501710994293129216)>: ~i
859<3019 [27474337]>:  [Economist's Economists ✧*̣̩⋆̩☽⋆゜ (706845688969035897)] [private (801010484052099084)]<Yukikaze#7777 (501710994293129216)>: ~i
860<1975 [27474339]>:  [Economist's Economists ✧*̣̩⋆̩☽⋆゜ (706845688969035897)] [private (801010484052099084)]<Yukikaze#7777 (501710994293129216)>: ~i
861<9204 [27474339]>:  [Economist's Economists ✧*̣̩⋆̩☽⋆゜ (706845688969035897)] [private (801010484052099084)]<Yukikaze#7777 (501710994293129216)>: ~bal
862<140545 [27474341]>:  [Economist's Economists ✧*̣̩⋆̩☽⋆゜ (706845688969035897)] [private (801010484052099084)]<Yukikaze#7777 (501710994293129216)>: ~get 501710994293129216 v
863<234708 [27474343]>:  [Economist's Economists ✧*̣̩⋆̩☽⋆゜ (706845688969035897)] [private (801010484052099084)]<Yukikaze#7777 (501710994293129216)>: ~shop
864<238381 [27474343]>:  [Economist's Economists ✧*̣̩⋆̩☽⋆゜ (706845688969035897)] [private (801010484052099084)]<Yukikaze#7777 (501710994293129216)>: ~hl
865<10354 [27474346]>:  [Economist's Economists ✧*̣̩⋆̩☽⋆゜ (706845688969035897)] [private (801010484052099084)]<Yukikaze#7777 (501710994293129216)>: ~hl
866<18121 [27474346]>:  [Economist's Economists ✧*̣̩⋆̩☽⋆゜ (706845688969035897)] [private (801010484052099084)]<Yukikaze#7777 (501710994293129216)>: ~get 501710994293129216 hlc
867<21872 [27474346]>:  [Economist's Economists ✧*̣̩⋆̩☽⋆゜ (706845688969035897)] [private (801010484052099084)]<Yukikaze#7777 (501710994293129216)>: ~remove 501710994293129216 hlc
868<24278 [27474346]>:  [Economist's Economists ✧*̣̩⋆̩☽⋆゜ (706845688969035897)] [private (801010484052099084)]<Yukikaze#7777 (501710994293129216)>: ~hl
869<69454 [27474349]>:  [Economist's Economists ✧*̣̩⋆̩☽⋆゜ (706845688969035897)] [private (801010484052099084)]<Yukikaze#7777 (501710994293129216)>: ~hl
870<73413 [27474349]>:  [Economist's Economists ✧*̣̩⋆̩☽⋆゜ (706845688969035897)] [private (801010484052099084)]<Yukikaze#7777 (501710994293129216)>: ~remove 501710994293129216 hlc
871<74112 [27474349]>:  [Economist's Economists ✧*̣̩⋆̩☽⋆゜ (706845688969035897)] [private (801010484052099084)]<Yukikaze#7777 (501710994293129216)>: ~hl
872<82597 [27474349]>:  [Economist's Economists ✧*̣̩⋆̩☽⋆゜ (706845688969035897)] [private (801010484052099084)]<Yukikaze#7777 (501710994293129216)>: ~remove 501710994293129216 hlc
873<83466 [27474349]>:  [Economist's Economists ✧*̣̩⋆̩☽⋆゜ (706845688969035897)] [private (801010484052099084)]<Yukikaze#7777 (501710994293129216)>: ~hl
874<91364 [27474350]>:  [Economist's Economists ✧*̣̩⋆̩☽⋆゜ (706845688969035897)] [private (801010484052099084)]<Yukikaze#7777 (501710994293129216)>: ~remove 501710994293129216 hlc
875<92775 [27474350]>:  [Economist's Economists ✧*̣̩⋆̩☽⋆゜ (706845688969035897)] [private (801010484052099084)]<Yukikaze#7777 (501710994293129216)>: ~hl
876<121859 [27474350]>:  [Economist's Economists ✧*̣̩⋆̩☽⋆゜ (706845688969035897)] [private (801010484052099084)]<Yukikaze#7777 (501710994293129216)>: ~bal
877<128591 [27474350]>:  [Economist's Economists ✧*̣̩⋆̩☽⋆゜ (706845688969035897)] [private (801010484052099084)]<Yukikaze#7777 (501710994293129216)>: ~get 501710994293129216 bal
878<53940 [27474352]>:  [Economist's Economists ✧*̣̩⋆̩☽⋆゜ (706845688969035897)] [private (801010484052099084)]<Yukikaze#7777 (501710994293129216)>: ~remove 501710994293129216 bal
879<62071 [27474353]>:  [Economist's Economists ✧*̣̩⋆̩☽⋆゜ (706845688969035897)] [private (801010484052099084)]<Yukikaze#7777 (501710994293129216)>: ~set 501710994293129216 bal 1&10
880<67987 [27474353]>:  [Economist's Economists ✧*̣̩⋆̩☽⋆゜ (706845688969035897)] [private (801010484052099084)]<Yukikaze#7777 (501710994293129216)>: ~bal
881<75233 [27474353]>:  [Economist's Economists ✧*̣̩⋆̩☽⋆゜ (706845688969035897)] [private (801010484052099084)]<Yukikaze#7777 (501710994293129216)>: ~set 501710994293129216 bal "1&10"
882<77378 [27474353]>:  [Economist's Economists ✧*̣̩⋆̩☽⋆゜ (706845688969035897)] [private (801010484052099084)]<Yukikaze#7777 (501710994293129216)>: ~bal
883<94076 [27474353]>:  [Economist's Economists ✧*̣̩⋆̩☽⋆゜ (706845688969035897)] [private (801010484052099084)]<Yukikaze#7777 (501710994293129216)>: ~hl
884<97546 [27474353]>:  [Economist's Economists ✧*̣̩⋆̩☽⋆゜ (706845688969035897)] [private (801010484052099084)]<Yukikaze#7777 (501710994293129216)>: ~remove 501710994293129216 hlc
885<101511 [27474353]>:  [Economist's Economists ✧*̣̩⋆̩☽⋆゜ (706845688969035897)] [private (801010484052099084)]<Yukikaze#7777 (501710994293129216)>: ~hl
886<108975 [27474353]>:  [Economist's Economists ✧*̣̩⋆̩☽⋆゜ (706845688969035897)] [private (801010484052099084)]<Yukikaze#7777 (501710994293129216)>: ~bal
887<113223 [27474353]>:  [Economist's Economists ✧*̣̩⋆̩☽⋆゜ (706845688969035897)] [private (801010484052099084)]<Yukikaze#7777 (501710994293129216)>: ~give 501710994293129216 1&9999
888<116304 [27474354]>:  [Economist's Economists ✧*̣̩⋆̩☽⋆゜ (706845688969035897)] [private (801010484052099084)]<Yukikaze#7777 (501710994293129216)>: ~hl
889<119705 [27474354]>:  [Economist's Economists ✧*̣̩⋆̩☽⋆゜ (706845688969035897)] [private (801010484052099084)]<Yukikaze#7777 (501710994293129216)>: ~remove 501710994293129216 hlc
890<121758 [27474354]>:  [Economist's Economists ✧*̣̩⋆̩☽⋆゜ (706845688969035897)] [private (801010484052099084)]<Yukikaze#7777 (501710994293129216)>: ~hl
891<4022 [27474354]>:  [Economist's Economists ✧*̣̩⋆̩☽⋆゜ (706845688969035897)] [private (801010484052099084)]<Yukikaze#7777 (501710994293129216)>: ~remove 501710994293129216 hlc
892<4793 [27474354]>:  [Economist's Economists ✧*̣̩⋆̩☽⋆゜ (706845688969035897)] [private (801010484052099084)]<Yukikaze#7777 (501710994293129216)>: ~hl
893<42036 [27474355]>:  [Economist's Economists ✧*̣̩⋆̩☽⋆゜ (706845688969035897)] [private (801010484052099084)]<Yukikaze#7777 (501710994293129216)>: ~bal
894<54700 [27474355]>:  [Economist's Economists ✧*̣̩⋆̩☽⋆゜ (706845688969035897)] [private (801010484052099084)]<Yukikaze#7777 (501710994293129216)>: ~remove 501710994293129216 bal
895<57030 [27474355]>:  [Economist's Economists ✧*̣̩⋆̩☽⋆゜ (706845688969035897)] [private (801010484052099084)]<Yukikaze#7777 (501710994293129216)>: ~bal
896<62052 [27474355]>:  [Economist's Economists ✧*̣̩⋆̩☽⋆゜ (706845688969035897)] [private (801010484052099084)]<Yukikaze#7777 (501710994293129216)>: ~give 501710994293129216 1&9999
897<62809 [27474355]>:  [Economist's Economists ✧*̣̩⋆̩☽⋆゜ (706845688969035897)] [private (801010484052099084)]<Yukikaze#7777 (501710994293129216)>: ~bal
898<82251 [27474356]>:  [Economist's Economists ✧*̣̩⋆̩☽⋆゜ (706845688969035897)] [private (801010484052099084)]<Yukikaze#7777 (501710994293129216)>: ~hl
899<91012 [27474356]>:  [Economist's Economists ✧*̣̩⋆̩☽⋆゜ (706845688969035897)] [private (801010484052099084)]<Yukikaze#7777 (501710994293129216)>: ~remove 501710994293129216 hlc
900<92416 [27474356]>:  [Economist's Economists ✧*̣̩⋆̩☽⋆゜ (706845688969035897)] [private (801010484052099084)]<Yukikaze#7777 (501710994293129216)>: ~hl
901<96985 [27474356]>:  [Economist's Economists ✧*̣̩⋆̩☽⋆゜ (706845688969035897)] [private (801010484052099084)]<Yukikaze#7777 (501710994293129216)>: ~remove 501710994293129216 hlc
902<98177 [27474356]>:  [Economist's Economists ✧*̣̩⋆̩☽⋆゜ (706845688969035897)] [private (801010484052099084)]<Yukikaze#7777 (501710994293129216)>: ~hl
903<109296 [27474356]>:  [Economist's Economists ✧*̣̩⋆̩☽⋆゜ (706845688969035897)] [private (801010484052099084)]<Yukikaze#7777 (501710994293129216)>: ~bal
904<113594 [27474356]>:  [Economist's Economists ✧*̣̩⋆̩☽⋆゜ (706845688969035897)] [private (801010484052099084)]<Yukikaze#7777 (501710994293129216)>: ~Get 501710994293129216 bal
905<46376424 [27475127]>:  [SLotbot testing+++ (952596208038318100)] [general (952596208038318103)]<RussianSpurga#6869 (949248048545026059)>: ~bal 897227196144427048
906<46384250 [27475127]>:  [SLotbot testing+++ (952596208038318100)] [general (952596208038318103)]<RussianSpurga#6869 (949248048545026059)>: ~bal
907<46395693 [27475128]>:  [SLotbot testing+++ (952596208038318100)] [general (952596208038318103)]<RussianSpurga#6869 (949248048545026059)>: ~coinflip h 500
908<46425570 [27475128]>:  [SLotbot testing+++ (952596208038318100)] [general (952596208038318103)]<RussianSpurga#6869 (949248048545026059)>: ~coinflip h 500
