408<3836 [27513417]>:  [Economist's Economists ✧*̣̩⋆̩☽⋆゜ (706845688969035897)] [general (801010489105711104)]<Yukikaze#7777 (501710994293129216)>: ~av
409<74073 [27513418]>:  [Economist's Economists ✧*̣̩⋆̩☽⋆゜ (706845688969035897)] [general (801010489105711104)]<AC1D#6969 (642714979983687682)>: ~av
410<1984602 [27513450]>:  [LovelessYears's server (750915770233651240)] [one (937910904295653417)]<saii#7068 (936403422322757682)>: ~dose opi
411<1984663 [27513450]>:  [LovelessYears's server (750915770233651240)] [five (937910998160003082)]<rager#3904 (936813208658923670)>: ~dose opi
413<1984744 [27513450]>:  [LovelessYears's server (750915770233651240)] [eight (937911070687895582)]<perseus#6853 (936804818301894736)>: ~dose opi
412<1984721 [27513450]>:  [LovelessYears's server (750915770233651240)] [six (937911020624699422)]<burned#7477 (936802127995621439)>: ~dose opi
415<1984808 [27513450]>:  [LovelessYears's server (750915770233651240)] [nine (937911100597481492)]<poseidon#6697 (936805531018997811)>: ~dose opi
411<1984657 [27513450]>:  [LovelessYears's server (750915770233651240)] [three (937910954996424704)]<jaii#3310 (936404591413706882)>: ~dose opi
414<1984777 [27513450]>:  [LovelessYears's server (750915770233651240)] [four (937910975783391322)]<zaii#3630 (936405341212672040)>: ~dose opi
416<1984828 [27513450]>:  [LovelessYears's server (750915770233651240)] [seven (937911048374194176)]<singed#0371 (936804182546063400)>: ~dose opi
415<1984799 [27513450]>:  [LovelessYears's server (750915770233651240)] [two (937910925825048646)]<maii#9261 (936404216916897822)>: ~dose opi
417<1985519 [27513450]>:  [LovelessYears's server (750915770233651240)] [ten (941520454940758106)]<static#8422 (939650582208196640)>: ~dose opi
418<2032566 [27513451]>:  [LovelessYears's server (750915770233651240)] [eight (937911070687895582)]<perseus#6853 (936804818301894736)>: ~dose lsd
421<2032721 [27513451]>:  [LovelessYears's server (750915770233651240)] [two (937910925825048646)]<maii#9261 (936404216916897822)>: ~dose lsd
423<2032764 [27513451]>:  [LovelessYears's server (750915770233651240)] [four (937910975783391322)]<zaii#3630 (936405341212672040)>: ~dose lsd
419<2032610 [27513451]>:  [LovelessYears's server (750915770233651240)] [six (937911020624699422)]<burned#7477 (936802127995621439)>: ~dose lsd
420<2032655 [27513451]>:  [LovelessYears's server (750915770233651240)] [three (937910954996424704)]<jaii#3310 (936404591413706882)>: ~dose lsd
420<2032662 [27513451]>:  [LovelessYears's server (750915770233651240)] [five (937910998160003082)]<rager#3904 (936813208658923670)>: ~dose lsd
419<2032605 [27513451]>:  [LovelessYears's server (750915770233651240)] [one (937910904295653417)]<saii#7068 (936403422322757682)>: ~dose lsd
422<2032747 [27513451]>:  [LovelessYears's server (750915770233651240)] [ten (941520454940758106)]<static#8422 (939650582208196640)>: ~dose lsd
424<2032776 [27513451]>:  [LovelessYears's server (750915770233651240)] [seven (937911048374194176)]<singed#0371 (936804182546063400)>: ~dose lsd
422<2032742 [27513451]>:  [LovelessYears's server (750915770233651240)] [nine (937911100597481492)]<poseidon#6697 (936805531018997811)>: ~dose lsd
425<3184975 [27513470]>:  [LovelessYears's server (750915770233651240)] [two (940036133025361920)]<hatred#5155 (939645688864727090)>: ~dose opi
427<3185069 [27513470]>:  [LovelessYears's server (750915770233651240)] [nine (940036256295968808)]<g1ue__#2948 (939658896694452225)>: ~dose opi
427<3185075 [27513470]>:  [LovelessYears's server (750915770233651240)] [three (940036146690392075)]<savvy#5478 (939646264813969420)>: ~dose opi
429<3185124 [27513470]>:  [LovelessYears's server (750915770233651240)] [four (940036158476419184)]<vaxy#1854 (939648238661804123)>: ~dose opi
428<3185097 [27513470]>:  [LovelessYears's server (750915770233651240)] [seven (940036216043216896)]<weee_eee#9874 (939656016671440926)>: ~dose opi
426<3185017 [27513470]>:  [LovelessYears's server (750915770233651240)] [one (940036114050326548)]<sinful#2012 (936824075349807105)>: ~dose opi
430<3185242 [27513470]>:  [LovelessYears's server (750915770233651240)] [six (940036195012997140)]<omgtrees#9620 (939650168268161124)>: ~dose opi
431<3185561 [27513470]>:  [LovelessYears's server (750915770233651240)] [five (940036177346584647)]<baked#2266 (939648883569614860)>: ~dose opi
432<3185624 [27513470]>:  [LovelessYears's server (750915770233651240)] [eight (940036237786492958)]<g1ue__#8107 (939657547852435536)>: ~dose opi
433<3232950 [27513471]>:  [LovelessYears's server (750915770233651240)] [two (940036133025361920)]<hatred#5155 (939645688864727090)>: ~dose lsd
434<3233049 [27513471]>:  [LovelessYears's server (750915770233651240)] [nine (940036256295968808)]<g1ue__#2948 (939658896694452225)>: ~dose lsd
437<3233135 [27513471]>:  [LovelessYears's server (750915770233651240)] [six (940036195012997140)]<omgtrees#9620 (939650168268161124)>: ~dose lsd
434<3233059 [27513471]>:  [LovelessYears's server (750915770233651240)] [four (940036158476419184)]<vaxy#1854 (939648238661804123)>: ~dose lsd
435<3233099 [27513471]>:  [LovelessYears's server (750915770233651240)] [three (940036146690392075)]<savvy#5478 (939646264813969420)>: ~dose lsd
436<3233117 [27513471]>:  [LovelessYears's server (750915770233651240)] [seven (940036216043216896)]<weee_eee#9874 (939656016671440926)>: ~dose lsd
438<3233534 [27513471]>:  [LovelessYears's server (750915770233651240)] [five (940036177346584647)]<baked#2266 (939648883569614860)>: ~dose lsd
439<3233787 [27513471]>:  [LovelessYears's server (750915770233651240)] [eight (940036237786492958)]<g1ue__#8107 (939657547852435536)>: ~dose lsd
434<3233054 [27513471]>:  [LovelessYears's server (750915770233651240)] [one (940036114050326548)]<sinful#2012 (936824075349807105)>: ~dose lsd
440<4022686 [27513484]>:  [Economist's Economists ✧*̣̩⋆̩☽⋆゜ (706845688969035897)] [general (801010489105711104)]<Yukikaze#7777 (501710994293129216)>: ~getdata 642714979983687682
