26715<617200 [27554024]>:  [Economist testing (975566112827785236)] [testing (977293249314189383)]<Nerd#7602 (974480619432206336)>: ~bal
26716<618427 [27554024]>:  [Economist testing (975566112827785236)] [testing (977293249314189383)]<Nerd#7602 (974480619432206336)>: ~getdata
26717<622404 [27554024]>:  [Economist testing (975566112827785236)] [testing (977293249314189383)]<Nerd#7602 (974480619432206336)>: ~ping
26718<633173 [27554024]>:  [Economist testing (975566112827785236)] [testing (977293249314189383)]<Nerd#7602 (974480619432206336)>: ~purge 338384
26719<17185 [27554028]>:  [Economist testing (975566112827785236)] [testing (977293249314189383)]<Nerd#7602 (974480619432206336)>: ~purge 142ur98ur9843utertg
26720<3931 [27554030]>:  [Economist testing (975566112827785236)] [testing (977293249314189383)]<Nerd#7602 (974480619432206336)>: ~purge a
26721<3467 [27554030]>:  [Economist testing (975566112827785236)] [testing (977293249314189383)]<Nerd#7602 (974480619432206336)>: ~purge a
26722<13826 [27554031]>:  [Economist testing (975566112827785236)] [testing (977293249314189383)]<Nerd#7602 (974480619432206336)>: ~purge tgt
26723<2911 [27554032]>:  [Economist testing (975566112827785236)] [testing (977293249314189383)]<Nerd#7602 (974480619432206336)>: ~purge tester
26724<39844 [27554300]>:  [Economist testing (975566112827785236)] [testing (977293249314189383)]<Nerd#7602 (974480619432206336)>: ~purge tester
26725<12456 [27554300]>:  [Economist testing (975566112827785236)] [testing (977293249314189383)]<Nerd#7602 (974480619432206336)>: ~purge tester
26726<77584 [27554301]>:  [Economist testing (975566112827785236)] [testing (977293249314189383)]<Nerd#7602 (974480619432206336)>: ~give 974480619432206336 ttgt
26727<81960 [27554301]>:  [Economist testing (975566112827785236)] [testing (977293249314189383)]<Nerd#7602 (974480619432206336)>: ~give 974480619432206336 tgt
26728<97321 [27554302]>:  [Economist testing (975566112827785236)] [testing (977293249314189383)]<Nerd#7602 (974480619432206336)>: ~give 974480619432206336 covid;handsanitizer;vscn;vcn
26729<536301 [27554309]>:  [Economist testing (975566112827785236)] [testing (977293249314189383)]<Nerd#7602 (974480619432206336)>: ~getdata
26730<602830 [27554310]>:  [Economist testing (975566112827785236)] [testing (977293249314189383)]<Nerd#7602 (974480619432206336)>: ~dragon
26731<607381 [27554310]>:  [Economist testing (975566112827785236)] [testing (977293249314189383)]<Nerd#7602 (974480619432206336)>: ~give 974480619432206336 dragon
26732<609314 [27554310]>:  [Economist testing (975566112827785236)] [testing (977293249314189383)]<Nerd#7602 (974480619432206336)>: ~dragon
26733<622231 [27554310]>:  [Economist testing (975566112827785236)] [testing (977293249314189383)]<Nerd#7602 (974480619432206336)>: ~get 974480619432206336 drgn
26734<743531 [27554312]>:  [Economist testing (975566112827785236)] [testing (977293249314189383)]<Nerd#7602 (974480619432206336)>: ~eval client.guilds.cache.map((g) => `${g.name} (${g.id}), owned by: ${g.ownerId}`)
26735<804113 [27554313]>:  [Economist testing (975566112827785236)] [testing (977293249314189383)]<Nerd#7602 (974480619432206336)>: ~bal 611963248916561921
