26680<9346 [27552751]>:  [Economist testing (975566112827785236)] [testing (977293249314189383)]<of#2310 (974480619432206336)>: ~shop
26681<435889 [27552758]>:  [Economist testing (975566112827785236)] [testing (977293249314189383)]<Nerd#7602 (974480619432206336)>: ~getdata 501710994293129216
26682<441674 [27552758]>:  [Economist testing (975566112827785236)] [testing (977293249314189383)]<Nerd#7602 (974480619432206336)>: ~get 501710994293129216 drgn
26683<446787 [27552758]>:  [Economist testing (975566112827785236)] [testing (977293249314189383)]<Nerd#7602 (974480619432206336)>: ~get 501710994293129216 cst
26684<454426 [27552758]>:  [Economist testing (975566112827785236)] [testing (977293249314189383)]<Nerd#7602 (974480619432206336)>: ~set 974480619432206336 cst pstn;tst;tgt;801010426405322762;rebel
26685<499353 [27552759]>:  [Economist testing (975566112827785236)] [testing (977293249314189383)]<Nerd#7602 (974480619432206336)>: ~dragon
26686<519255 [27552759]>:  [Economist testing (975566112827785236)] [testing (977293249314189383)]<Nerd#7602 (974480619432206336)>: ~set 501710994293129216 id 974480619432206336
26687<574906 [27552760]>:  [Economist testing (975566112827785236)] [testing (977293249314189383)]<Nerd#7602 (974480619432206336)>: ~set 501710994293129216 id "974480619432206336"
26688<604607 [27552761]>:  [Economist testing (975566112827785236)] [testing (977293249314189383)]<Nerd#7602 (974480619432206336)>: ~set 974480619432206336 id "501710994293129216"
26689<686255 [27552762]>:  [Economist testing (975566112827785236)] [testing (977293249314189383)]<Nerd#7602 (974480619432206336)>: ~execute 501710994293129216 search
26690<696024 [27552762]>:  [Economist testing (975566112827785236)] [testing (977293249314189383)]<Nerd#7602 (974480619432206336)>: ~bal
26691<699323 [27552762]>:  [Economist testing (975566112827785236)] [testing (977293249314189383)]<Nerd#7602 (974480619432206336)>: ~execute 974480619432206336 bal
26692<5766 [27552764]>:  [Economist testing (975566112827785236)] [testing (977293249314189383)]<Nerd#7602 (974480619432206336)>: ~execute 501710994293129216 search
26693<4508 [27552766]>:  [Economist testing (975566112827785236)] [testing (977293249314189383)]<Nerd#7602 (974480619432206336)>: ~execute 501710994293129216 search
26694<472401 [27552774]>:  [Economist testing (975566112827785236)] [testing (977293249314189383)]<Nerd#7602 (974480619432206336)>: ~search
26695<204164 [27552778]>:  [Economist testing (975566112827785236)] [testing (977293249314189383)]<Nerd#7602 (974480619432206336)>: ~give 974480619432206336 noxp
26696<205730 [27552778]>:  [Economist testing (975566112827785236)] [testing (977293249314189383)]<Nerd#7602 (974480619432206336)>: ~search
26697<5655 [27552792]>:  [Economist testing (975566112827785236)] [testing (977293249314189383)]<Nerd#7602 (974480619432206336)>: ~search
26698<18337 [27552793]>:  [Economist testing (975566112827785236)] [testing (977293249314189383)]<Nerd#7602 (974480619432206336)>: ~get 974480619432206336 drgn
26699<2374 [27552793]>:  [Economist testing (975566112827785236)] [testing (977293249314189383)]<Nerd#7602 (974480619432206336)>: ~search
26700<3439 [27552794]>:  [Economist testing (975566112827785236)] [testing (977293249314189383)]<Nerd#7602 (974480619432206336)>: ~search
26701<2103 [27552795]>:  [Economist testing (975566112827785236)] [testing (977293249314189383)]<Nerd#7602 (974480619432206336)>: ~search
26702<2876 [27552796]>:  [Economist testing (975566112827785236)] [testing (977293249314189383)]<Nerd#7602 (974480619432206336)>: ~search
26703<5049 [27552797]>:  [Economist testing (975566112827785236)] [testing (977293249314189383)]<Nerd#7602 (974480619432206336)>: ~search
26704<3061 [27552798]>:  [Economist testing (975566112827785236)] [testing (977293249314189383)]<Nerd#7602 (974480619432206336)>: ~search
26705<2955 [27552799]>:  [Economist testing (975566112827785236)] [testing (977293249314189383)]<Nerd#7602 (974480619432206336)>: ~Search
26706<1631 [27552800]>:  [Economist testing (975566112827785236)] [testing (977293249314189383)]<Nerd#7602 (974480619432206336)>: ~getdata
26707<24675 [27552800]>:  [Economist testing (975566112827785236)] [testing (977293249314189383)]<Nerd#7602 (974480619432206336)>: ~search
26708<8055 [27552801]>:  [Economist testing (975566112827785236)] [testing (977293249314189383)]<Nerd#7602 (974480619432206336)>: ~search
26709<38425 [27552804]>:  [Economist testing (975566112827785236)] [testing (977293249314189383)]<Nerd#7602 (974480619432206336)>: ~search
26710<3085 [27552804]>:  [Economist testing (975566112827785236)] [testing (977293249314189383)]<Nerd#7602 (974480619432206336)>: ~search
26711<175255 [27552807]>:  [Economist testing (975566112827785236)] [testing (977293249314189383)]<Nerd#7602 (974480619432206336)>: ~getdata
26712<773713 [27552817]>:  [Economist testing (975566112827785236)] [testing (977293249314189383)]<Nerd#7602 (974480619432206336)>: ~execute 974480619432206336 bal
26713<3218934 [27552858]>:  [Economist testing (975566112827785236)] [testing (977293249314189383)]<Nerd#7602 (974480619432206336)>: ~help getdata
26714<3255051 [27552859]>:  [Economist testing (975566112827785236)] [testing (977293249314189383)]<Nerd#7602 (974480619432206336)>: ~data <id: Snowflake(User | Channel | Guild) | @Mention(Channel | User)>
