393<21096 [27460209]>:  [Economist's Economists ✧*̣̩⋆̩☽⋆゜ (706845688969035897)] [private (801010484052099084)]<Yukikaze#0240 (501710994293129216)>: ~bal
394<24805 [27460209]>:  [Economist's Economists ✧*̣̩⋆̩☽⋆゜ (706845688969035897)] [private (801010484052099084)]<Yukikaze#0240 (501710994293129216)>: ~get 501710994293129216 bal
395<30458 [27460209]>:  [Economist's Economists ✧*̣̩⋆̩☽⋆゜ (706845688969035897)] [private (801010484052099084)]<Yukikaze#0240 (501710994293129216)>: ~give 501710994293129216 501710994293129216501710994293129216501710994293129216
396<33384 [27460209]>:  [Economist's Economists ✧*̣̩⋆̩☽⋆゜ (706845688969035897)] [private (801010484052099084)]<Yukikaze#0240 (501710994293129216)>: ~bal
397<38668 [27460209]>:  [Economist's Economists ✧*̣̩⋆̩☽⋆゜ (706845688969035897)] [private (801010484052099084)]<Yukikaze#0240 (501710994293129216)>: ~get 501710994293129216 bal
398<8453 [27460210]>:  [Economist's Economists ✧*̣̩⋆̩☽⋆゜ (706845688969035897)] [private (801010484052099084)]<Yukikaze#0240 (501710994293129216)>: ~give 501710994293129216 501710994293129216501710994293129216501710994293129216
399<11858 [27460210]>:  [Economist's Economists ✧*̣̩⋆̩☽⋆゜ (706845688969035897)] [private (801010484052099084)]<Yukikaze#0240 (501710994293129216)>: ~bal
400<15744 [27460211]>:  [Economist's Economists ✧*̣̩⋆̩☽⋆゜ (706845688969035897)] [private (801010484052099084)]<Yukikaze#0240 (501710994293129216)>: ~give 501710994293129216 501710994293129216
401<19539 [27460212]>:  [Economist's Economists ✧*̣̩⋆̩☽⋆゜ (706845688969035897)] [private (801010484052099084)]<Yukikaze#0240 (501710994293129216)>: ~bal
402<27245 [27460212]>:  [Economist's Economists ✧*̣̩⋆̩☽⋆゜ (706845688969035897)] [private (801010484052099084)]<Yukikaze#0240 (501710994293129216)>: ~get 501710994293129216 bal
403<4365 [27460213]>:  [Economist's Economists ✧*̣̩⋆̩☽⋆゜ (706845688969035897)] [private (801010484052099084)]<Yukikaze#0240 (501710994293129216)>: ~give 501710994293129216 99
404<30805 [27460213]>:  [Economist's Economists ✧*̣̩⋆̩☽⋆゜ (706845688969035897)] [private (801010484052099084)]<Yukikaze#0240 (501710994293129216)>: ~say 501710994293129216
405<35298 [27460213]>:  [Economist's Economists ✧*̣̩⋆̩☽⋆゜ (706845688969035897)] [private (801010484052099084)]<Yukikaze#0240 (501710994293129216)>: ~give 501710994293129216 ****
406<37809 [27460214]>:  [Economist's Economists ✧*̣̩⋆̩☽⋆゜ (706845688969035897)] [private (801010484052099084)]<Yukikaze#0240 (501710994293129216)>: ~give 501710994293129216 501710994293129216
407<4386 [27460214]>:  [Economist's Economists ✧*̣̩⋆̩☽⋆゜ (706845688969035897)] [private (801010484052099084)]<Yukikaze#0240 (501710994293129216)>: ~give 501710994293129216 501710994293129216
408<9026 [27460215]>:  [Economist's Economists ✧*̣̩⋆̩☽⋆゜ (706845688969035897)] [private (801010484052099084)]<Yukikaze#0240 (501710994293129216)>: ~give 501710994293129216 501710994293129216
409<5711 [27460216]>:  [Economist's Economists ✧*̣̩⋆̩☽⋆゜ (706845688969035897)] [private (801010484052099084)]<Yukikaze#0240 (501710994293129216)>: ~give 501710994293129216 501710994293129216
410<18190 [27460216]>:  [Economist's Economists ✧*̣̩⋆̩☽⋆゜ (706845688969035897)] [private (801010484052099084)]<Yukikaze#0240 (501710994293129216)>: ~bal
411<31423 [27460216]>:  [Economist's Economists ✧*̣̩⋆̩☽⋆゜ (706845688969035897)] [private (801010484052099084)]<Yukikaze#0240 (501710994293129216)>: ~get 501710994293129216 bal
412<54924 [27460217]>:  [Economist's Economists ✧*̣̩⋆̩☽⋆゜ (706845688969035897)] [private (801010484052099084)]<Yukikaze#0240 (501710994293129216)>: ~give 501710994293129216 -2508554971465646001
413<58519 [27460217]>:  [Economist's Economists ✧*̣̩⋆̩☽⋆゜ (706845688969035897)] [private (801010484052099084)]<Yukikaze#0240 (501710994293129216)>: ~bal
