182<94790 [27481939]>:  [Economist's Economists ✧*̣̩⋆̩☽⋆゜ (706845688969035897)] [private (801010484052099084)]<Yukikaze#7777 (501710994293129216)>: ~Eval BigInt("")
183<104650 [27481939]>:  [Economist's Economists ✧*̣̩⋆̩☽⋆゜ (706845688969035897)] [private (801010484052099084)]<Yukikaze#7777 (501710994293129216)>: ~shop
184<107791 [27481939]>:  [Economist's Economists ✧*̣̩⋆̩☽⋆゜ (706845688969035897)] [private (801010484052099084)]<Yukikaze#7777 (501710994293129216)>: ~sell vault
185<111853 [27481939]>:  [Economist's Economists ✧*̣̩⋆̩☽⋆゜ (706845688969035897)] [private (801010484052099084)]<Yukikaze#7777 (501710994293129216)>: ~shop
186<116140 [27481939]>:  [Economist's Economists ✧*̣̩⋆̩☽⋆゜ (706845688969035897)] [private (801010484052099084)]<Yukikaze#7777 (501710994293129216)>: ~sell 201
187<126276 [27481939]>:  [Economist's Economists ✧*̣̩⋆̩☽⋆゜ (706845688969035897)] [private (801010484052099084)]<Yukikaze#7777 (501710994293129216)>: ~sell 202
188<174798 [27481940]>:  [Economist's Economists ✧*̣̩⋆̩☽⋆゜ (706845688969035897)] [private (801010484052099084)]<Yukikaze#7777 (501710994293129216)>: ~bal
189<594323 [27481947]>:  [Economist's Economists ✧*̣̩⋆̩☽⋆゜ (706845688969035897)] [private (801010484052099084)]<Yukikaze#7777 (501710994293129216)>: ~bal
190<599469 [27481947]>:  [Economist's Economists ✧*̣̩⋆̩☽⋆゜ (706845688969035897)] [private (801010484052099084)]<Yukikaze#7777 (501710994293129216)>: ~get 501710994293129216 bal
191<4424 [27481948]>:  [Economist's Economists ✧*̣̩⋆̩☽⋆゜ (706845688969035897)] [private (801010484052099084)]<Yukikaze#7777 (501710994293129216)>: ~i
192<18739 [27481949]>:  [Economist's Economists ✧*̣̩⋆̩☽⋆゜ (706845688969035897)] [private (801010484052099084)]<Yukikaze#7777 (501710994293129216)>: ~shop
193<21963 [27481949]>:  [Economist's Economists ✧*̣̩⋆̩☽⋆゜ (706845688969035897)] [private (801010484052099084)]<Yukikaze#7777 (501710994293129216)>: ~Sell 107
194<5341 [27481950]>:  [Economist's Economists ✧*̣̩⋆̩☽⋆゜ (706845688969035897)] [private (801010484052099084)]<Yukikaze#7777 (501710994293129216)>: ~sell 107
195<5599 [27481950]>:  [Economist's Economists ✧*̣̩⋆̩☽⋆゜ (706845688969035897)] [private (801010484052099084)]<Yukikaze#7777 (501710994293129216)>: ~sell 107
196<31428 [27481951]>:  [Economist's Economists ✧*̣̩⋆̩☽⋆゜ (706845688969035897)] [private (801010484052099084)]<Yukikaze#7777 (501710994293129216)>: ~i
197<32659 [27481951]>:  [Economist's Economists ✧*̣̩⋆̩☽⋆゜ (706845688969035897)] [private (801010484052099084)]<Yukikaze#7777 (501710994293129216)>: ~shop
198<36324 [27481951]>:  [Economist's Economists ✧*̣̩⋆̩☽⋆゜ (706845688969035897)] [private (801010484052099084)]<Yukikaze#7777 (501710994293129216)>: ~sell 105 1&100
199<6562 [27481952]>:  [Economist's Economists ✧*̣̩⋆̩☽⋆゜ (706845688969035897)] [private (801010484052099084)]<Yukikaze#7777 (501710994293129216)>: ~sell 105 1&100
201<1956 [27481953]>:  [Economist's Economists ✧*̣̩⋆̩☽⋆゜ (706845688969035897)] [private (801010484052099084)]<Yukikaze#7777 (501710994293129216)>: ~bal
205<934 [27481955]>:  [Economist's Economists ✧*̣̩⋆̩☽⋆゜ (706845688969035897)] [private (801010484052099084)]<Yukikaze#7777 (501710994293129216)>: ~sell 105 1&100
209<5010 [27481959]>:  [Economist's Economists ✧*̣̩⋆̩☽⋆゜ (706845688969035897)] [private (801010484052099084)]<Yukikaze#7777 (501710994293129216)>: ~get 501710994293129216 drgs
210<19001 [27481959]>:  [Economist's Economists ✧*̣̩⋆̩☽⋆゜ (706845688969035897)] [private (801010484052099084)]<Yukikaze#7777 (501710994293129216)>: ~set 501710994293129216 drgs 1&653;3333442&844;99944&334;1122111&111;5555&5531;;;
211<29350 [27481959]>:  [Economist's Economists ✧*̣̩⋆̩☽⋆゜ (706845688969035897)] [private (801010484052099084)]<Yukikaze#7777 (501710994293129216)>: ~sell 105 1&100
212<9469 [27481961]>:  [Economist's Economists ✧*̣̩⋆̩☽⋆゜ (706845688969035897)] [private (801010484052099084)]<Yukikaze#7777 (501710994293129216)>: ~sell 105 1&100
213<3647 [27481976]>:  [Economist's Economists ✧*̣̩⋆̩☽⋆゜ (706845688969035897)] [private (801010484052099084)]<Yukikaze#7777 (501710994293129216)>: ~v
214<10227 [27481976]>:  [Economist's Economists ✧*̣̩⋆̩☽⋆゜ (706845688969035897)] [private (801010484052099084)]<Yukikaze#7777 (501710994293129216)>: ~get 501710994293129216 v
215<29751 [27481976]>:  [Economist's Economists ✧*̣̩⋆̩☽⋆゜ (706845688969035897)] [private (801010484052099084)]<Yukikaze#7777 (501710994293129216)>: ~give 501710994293129216 bvault
216<32237 [27481976]>:  [Economist's Economists ✧*̣̩⋆̩☽⋆゜ (706845688969035897)] [private (801010484052099084)]<Yukikaze#7777 (501710994293129216)>: ~v
217<88675 [27481977]>:  [Economist's Economists ✧*̣̩⋆̩☽⋆゜ (706845688969035897)] [private (801010484052099084)]<Yukikaze#7777 (501710994293129216)>: ~set 501710994293129216 v 296;100000000000000000000000000000000000000000000000000000000000000000000000000000000000000000&10
218<92344 [27481977]>:  [Economist's Economists ✧*̣̩⋆̩☽⋆゜ (706845688969035897)] [private (801010484052099084)]<Yukikaze#7777 (501710994293129216)>: ~v
219<128315 [27481978]>:  [Economist's Economists ✧*̣̩⋆̩☽⋆゜ (706845688969035897)] [private (801010484052099084)]<Yukikaze#7777 (501710994293129216)>: ~set 501710994293129216 v 296&10;100000000000000000000000000000000000000000000000000000000000000000000000000000000000000000&10
220<128924 [27481978]>:  [Economist's Economists ✧*̣̩⋆̩☽⋆゜ (706845688969035897)] [private (801010484052099084)]<Yukikaze#7777 (501710994293129216)>: ~v
221<136503 [27481978]>:  [Economist's Economists ✧*̣̩⋆̩☽⋆゜ (706845688969035897)] [private (801010484052099084)]<Yukikaze#7777 (501710994293129216)>: ~set 501710994293129216 v 29&10;100000000000000000000000000000000000000000000000000000000000000000000000000000000000000000&10
222<137032 [27481978]>:  [Economist's Economists ✧*̣̩⋆̩☽⋆゜ (706845688969035897)] [private (801010484052099084)]<Yukikaze#7777 (501710994293129216)>: ~v
223<141405 [27481978]>:  [Economist's Economists ✧*̣̩⋆̩☽⋆゜ (706845688969035897)] [private (801010484052099084)]<Yukikaze#7777 (501710994293129216)>: ~set 501710994293129216 v 2&10;100000000000000000000000000000000000000000000000000000000000000000000000000000000000000000&10
224<141944 [27481978]>:  [Economist's Economists ✧*̣̩⋆̩☽⋆゜ (706845688969035897)] [private (801010484052099084)]<Yukikaze#7777 (501710994293129216)>: ~v
225<150741 [27481978]>:  [Economist's Economists ✧*̣̩⋆̩☽⋆゜ (706845688969035897)] [private (801010484052099084)]<Yukikaze#7777 (501710994293129216)>: ~set 501710994293129216 v 2&5;100000000000000000000000000000000000000000000000000000000000000000000000000000000000000000&10
226<151902 [27481978]>:  [Economist's Economists ✧*̣̩⋆̩☽⋆゜ (706845688969035897)] [private (801010484052099084)]<Yukikaze#7777 (501710994293129216)>: ~v
227<4184 [27481979]>:  [Economist's Economists ✧*̣̩⋆̩☽⋆゜ (706845688969035897)] [private (801010484052099084)]<Yukikaze#7777 (501710994293129216)>: ~v
228<41326 [27481980]>:  [Economist's Economists ✧*̣̩⋆̩☽⋆゜ (706845688969035897)] [private (801010484052099084)]<Yukikaze#7777 (501710994293129216)>: ~calc 16*3
229<97147 [27482003]>:  [Economist's Economists ✧*̣̩⋆̩☽⋆゜ (706845688969035897)] [private (801010484052099084)]<Yukikaze#7777 (501710994293129216)>: ~dep 1
230<101819 [27482004]>:  [Economist's Economists ✧*̣̩⋆̩☽⋆゜ (706845688969035897)] [private (801010484052099084)]<Yukikaze#7777 (501710994293129216)>: ~v
231<111362 [27482004]>:  [Economist's Economists ✧*̣̩⋆̩☽⋆゜ (706845688969035897)] [private (801010484052099084)]<Yukikaze#7777 (501710994293129216)>: ~with 1
232<124028 [27482004]>:  [Economist's Economists ✧*̣̩⋆̩☽⋆゜ (706845688969035897)] [private (801010484052099084)]<Yukikaze#7777 (501710994293129216)>: ~v
233<129547 [27482004]>:  [Economist's Economists ✧*̣̩⋆̩☽⋆゜ (706845688969035897)] [private (801010484052099084)]<Yukikaze#7777 (501710994293129216)>: ~get 501710994293129216 v
234<142041 [27482004]>:  [Economist's Economists ✧*̣̩⋆̩☽⋆゜ (706845688969035897)] [private (801010484052099084)]<Yukikaze#7777 (501710994293129216)>: ~set 501710994293129216 v 2&5555;999999999999999999999999999999999999999999999999999999999999999999999999999999999999999999999999999
235<143914 [27482004]>:  [Economist's Economists ✧*̣̩⋆̩☽⋆゜ (706845688969035897)] [private (801010484052099084)]<Yukikaze#7777 (501710994293129216)>: ~v
236<239098 [27482006]>:  [Economist's Economists ✧*̣̩⋆̩☽⋆゜ (706845688969035897)] [private (801010484052099084)]<Yukikaze#7777 (501710994293129216)>: ~dep 1
237<239821 [27482006]>:  [Economist's Economists ✧*̣̩⋆̩☽⋆゜ (706845688969035897)] [private (801010484052099084)]<Yukikaze#7777 (501710994293129216)>: ~v
238<35282 [27482011]>:  [Economist's Economists ✧*̣̩⋆̩☽⋆゜ (706845688969035897)] [private (801010484052099084)]<Yukikaze#7777 (501710994293129216)>: ~ofncs
239<78996 [27482012]>:  [Economist's Economists ✧*̣̩⋆̩☽⋆゜ (706845688969035897)] [private (801010484052099084)]<Yukikaze#7777 (501710994293129216)>: ~punish 757958112992034918 11 norty norty
240<149824 [27482013]>:  [Economist's Economists ✧*̣̩⋆̩☽⋆゜ (706845688969035897)] [private (801010484052099084)]<Yukikaze#7777 (501710994293129216)>: ~get 757958112992034918 ofncs
241<155483 [27482013]>:  [Economist's Economists ✧*̣̩⋆̩☽⋆゜ (706845688969035897)] [private (801010484052099084)]<Yukikaze#7777 (501710994293129216)>: ~unpunish 757958112992034918 1
242<196056 [27482014]>:  [Economist's Economists ✧*̣̩⋆̩☽⋆゜ (706845688969035897)] [private (801010484052099084)]<Yukikaze#7777 (501710994293129216)>: ~get 757958112992034918 ofncs
243<5811 [27482015]>:  [Economist's Economists ✧*̣̩⋆̩☽⋆゜ (706845688969035897)] [private (801010484052099084)]<Yukikaze#7777 (501710994293129216)>: ~unpunish 757958112992034918 1
244<12964 [27482015]>:  [Economist's Economists ✧*̣̩⋆̩☽⋆゜ (706845688969035897)] [private (801010484052099084)]<Yukikaze#7777 (501710994293129216)>: ~get 757958112992034918 ofncs
245<6785 [27482016]>:  [Economist's Economists ✧*̣̩⋆̩☽⋆゜ (706845688969035897)] [private (801010484052099084)]<Yukikaze#7777 (501710994293129216)>: ~ofncs
246<9711 [27482016]>:  [Economist's Economists ✧*̣̩⋆̩☽⋆゜ (706845688969035897)] [private (801010484052099084)]<Yukikaze#7777 (501710994293129216)>: ~punish 757958112992034918 14
247<18276 [27482016]>:  [Economist's Economists ✧*̣̩⋆̩☽⋆゜ (706845688969035897)] [private (801010484052099084)]<Yukikaze#7777 (501710994293129216)>: ~get 757958112992034918 ofncs
248<9956 [27482018]>:  [Economist's Economists ✧*̣̩⋆̩☽⋆゜ (706845688969035897)] [private (801010484052099084)]<Yukikaze#7777 (501710994293129216)>: ~punish 757958112992034918 1
249<15151 [27482019]>:  [Economist's Economists ✧*̣̩⋆̩☽⋆゜ (706845688969035897)] [private (801010484052099084)]<Yukikaze#7777 (501710994293129216)>: ~get 757958112992034918 ofncs
250<18725 [27482019]>:  [Economist's Economists ✧*̣̩⋆̩☽⋆゜ (706845688969035897)] [private (801010484052099084)]<Yukikaze#7777 (501710994293129216)>: ~get 757958112992034918 ofncs
251<28012 [27482019]>:  [Economist's Economists ✧*̣̩⋆̩☽⋆゜ (706845688969035897)] [private (801010484052099084)]<Yukikaze#7777 (501710994293129216)>: ~set 757958112992034918 ofncs -1;;;;;;0;;;;1;;;1
252<54926 [27482019]>:  [Economist's Economists ✧*̣̩⋆̩☽⋆゜ (706845688969035897)] [private (801010484052099084)]<Yukikaze#7777 (501710994293129216)>: ~unpunish 757958112992034918 1
253<61827 [27482019]>:  [Economist's Economists ✧*̣̩⋆̩☽⋆゜ (706845688969035897)] [private (801010484052099084)]<Yukikaze#7777 (501710994293129216)>: ~get 757958112992034918 ofncs
254<72878 [27482019]>:  [Economist's Economists ✧*̣̩⋆̩☽⋆゜ (706845688969035897)] [private (801010484052099084)]<Yukikaze#7777 (501710994293129216)>: ~unpunish 757958112992034918 12 only because I have to
