261<2284 [27450551]>:  [Economist's Economists ✧*̣̩⋆̩☽⋆゜ (706845688969035897)] [private (801010484052099084)]<Dr. Chan#0240 (501710994293129216)>: ~bal
262<28727 [27450552]>:  [Economist's Economists ✧*̣̩⋆̩☽⋆゜ (706845688969035897)] [private (801010484052099084)]<Dr. Chan#0240 (501710994293129216)>: ~get
263<64816 [27450552]>:  [Economist's Economists ✧*̣̩⋆̩☽⋆゜ (706845688969035897)] [private (801010484052099084)]<Dr. Chan#0240 (501710994293129216)>: ~give 501710994293129216 adminlg
264<65366 [27450552]>:  [Economist's Economists ✧*̣̩⋆̩☽⋆゜ (706845688969035897)] [private (801010484052099084)]<Dr. Chan#0240 (501710994293129216)>: ~Get
265<223473 [27450563]>:  [Economist's Economists ✧*̣̩⋆̩☽⋆゜ (706845688969035897)] [private (801010484052099084)]<Dr. Chan#0240 (501710994293129216)>: ~get <@!671708767813107724> bal
266<247416 [27450564]>:  [Economist's Economists ✧*̣̩⋆̩☽⋆゜ (706845688969035897)] [private (801010484052099084)]<Dr. Chan#0240 (501710994293129216)>: ~get 501710994293129216 cst
268<258613 [27450564]>:  [Economist's Economists ✧*̣̩⋆̩☽⋆゜ (706845688969035897)] [private (801010484052099084)]<Dr. Chan#0240 (501710994293129216)>: ~get <@!671708767813107724> bal
269<4116 [27450572]>:  [Economist's Economists ✧*̣̩⋆̩☽⋆゜ (706845688969035897)] [private (801010484052099084)]<Dr. Chan#0240 (501710994293129216)>: ~get <@!671708767813107724> bal
270<33547 [27450572]>:  [Economist's Economists ✧*̣̩⋆̩☽⋆゜ (706845688969035897)] [private (801010484052099084)]<Dr. Chan#0240 (501710994293129216)>: ~bal
271<36495 [27450572]>:  [Economist's Economists ✧*̣̩⋆̩☽⋆゜ (706845688969035897)] [private (801010484052099084)]<Dr. Chan#0240 (501710994293129216)>: ~give 501710994293129216 adminlg
272<39604 [27450572]>:  [Economist's Economists ✧*̣̩⋆̩☽⋆゜ (706845688969035897)] [private (801010484052099084)]<Dr. Chan#0240 (501710994293129216)>: ~get <@!671708767813107724> bal
273<10936 [27450573]>:  [Economist's Economists ✧*̣̩⋆̩☽⋆゜ (706845688969035897)] [private (801010484052099084)]<Dr. Chan#0240 (501710994293129216)>: ~get <@!671708767813107724>
274<21943 [27450573]>:  [Economist's Economists ✧*̣̩⋆̩☽⋆゜ (706845688969035897)] [private (801010484052099084)]<Dr. Chan#0240 (501710994293129216)>: ~give 501710994293129216 adminlg
275<25100 [27450573]>:  [Economist's Economists ✧*̣̩⋆̩☽⋆゜ (706845688969035897)] [private (801010484052099084)]<Dr. Chan#0240 (501710994293129216)>: ~get 501710994293129216 bal
276<3122 [27450575]>:  [Economist's Economists ✧*̣̩⋆̩☽⋆゜ (706845688969035897)] [private (801010484052099084)]<Dr. Chan#0240 (501710994293129216)>: ~bal
277<6076 [27450575]>:  [Economist's Economists ✧*̣̩⋆̩☽⋆゜ (706845688969035897)] [private (801010484052099084)]<Dr. Chan#0240 (501710994293129216)>: ~get
278<6203 [27450575]>:  [Economist's Economists ✧*̣̩⋆̩☽⋆゜ (706845688969035897)] [private (801010484052099084)]<Dr. Chan#0240 (501710994293129216)>: ~get
279<15016 [27450577]>:  [Economist's Economists ✧*̣̩⋆̩☽⋆゜ (706845688969035897)] [private (801010484052099084)]<Dr. Chan#0240 (501710994293129216)>: ~get
280<4605 [27450578]>:  [Economist's Economists ✧*̣̩⋆̩☽⋆゜ (706845688969035897)] [private (801010484052099084)]<Dr. Chan#0240 (501710994293129216)>: ~get
281<2030 [27450579]>:  [Economist's Economists ✧*̣̩⋆̩☽⋆゜ (706845688969035897)] [private (801010484052099084)]<Dr. Chan#0240 (501710994293129216)>: ~get 501710994293129216 bal
282<5282 [27450579]>:  [Economist's Economists ✧*̣̩⋆̩☽⋆゜ (706845688969035897)] [private (801010484052099084)]<Dr. Chan#0240 (501710994293129216)>: ~get 501710994293129216 bal
283<42276 [27450584]>:  [Economist's Economists ✧*̣̩⋆̩☽⋆゜ (706845688969035897)] [private (801010484052099084)]<Dr. Chan#0240 (501710994293129216)>: ~get 501710994293129216 bal
284<1366989 [27450606]>:  [Economist's Economists ✧*̣̩⋆̩☽⋆゜ (706845688969035897)] [private (801010484052099084)]<Dr. Chan#0240 (501710994293129216)>: ~bal
285<39528 [27450614]>:  [Economist's Economists ✧*̣̩⋆̩☽⋆゜ (706845688969035897)] [private (801010484052099084)]<Dr. Chan#0240 (501710994293129216)>: ~bal
286<94897 [27450615]>:  [Economist's Economists ✧*̣̩⋆̩☽⋆゜ (706845688969035897)] [private (801010484052099084)]<Dr. Chan#0240 (501710994293129216)>: ~set 501710994293129216 bal 77
287<7990 [27450619]>:  [Economist's Economists ✧*̣̩⋆̩☽⋆゜ (706845688969035897)] [private (801010484052099084)]<Dr. Chan#0240 (501710994293129216)>: ~set 501710994293129216 bal 99
288<667803 [27450630]>:  [Economist's Economists ✧*̣̩⋆̩☽⋆゜ (706845688969035897)] [private (801010484052099084)]<Dr. Chan#0240 (501710994293129216)>: ~give 501710994293129216 88
289<8134 [27450632]>:  [Economist's Economists ✧*̣̩⋆̩☽⋆゜ (706845688969035897)] [private (801010484052099084)]<Dr. Chan#0240 (501710994293129216)>: ~take 501710994293129216 1
290<56671 [27450639]>:  [Economist's Economists ✧*̣̩⋆̩☽⋆゜ (706845688969035897)] [private (801010484052099084)]<Dr. Chan#0240 (501710994293129216)>: ~take 501710994293129216 1
291<7810 [27450641]>:  [Economist's Economists ✧*̣̩⋆̩☽⋆゜ (706845688969035897)] [tt (947063513568911360)]<Dr. Chan#0240 (501710994293129216)>: ~take 501710994293129216 1
292<8812 [27450642]>:  [Economist's Economists ✧*̣̩⋆̩☽⋆゜ (706845688969035897)] [tt (947063513568911360)]<Dr. Chan#0240 (501710994293129216)>: ~give 501710994293129216
293<11936 [27450642]>:  [Economist's Economists ✧*̣̩⋆̩☽⋆゜ (706845688969035897)] [tt (947063513568911360)]<Dr. Chan#0240 (501710994293129216)>: ~give 501710994293129216 11
294<5644 [27450642]>:  [Economist's Economists ✧*̣̩⋆̩☽⋆゜ (706845688969035897)] [tt (947063513568911360)]<Dr. Chan#0240 (501710994293129216)>: ~take 501710994293129216 1
295<18870 [27450642]>:  [Economist's Economists ✧*̣̩⋆̩☽⋆゜ (706845688969035897)] [tt (947063513568911360)]<Dr. Chan#0240 (501710994293129216)>: ~purgemessages 15
296<6877 [27450645]>:  [Economist's Economists ✧*̣̩⋆̩☽⋆゜ (706845688969035897)] [private (801010484052099084)]<Dr. Chan#0240 (501710994293129216)>: ~clear 10
