1<117911 [27477102]>:  [Economist's Economists ✧*̣̩⋆̩☽⋆゜ (706845688969035897)] [private (801010484052099084)]<Yukikaze#7777 (501710994293129216)>: ~addreplacer e ~set 501710994293129216
2<123936 [27477102]>:  [Economist's Economists ✧*̣̩⋆̩☽⋆゜ (706845688969035897)] [private (801010484052099084)]<Yukikaze#7777 (501710994293129216)>: ~get 501710994293129216 replacers
3<308982 [27477106]>:  [Economist's Economists ✧*̣̩⋆̩☽⋆゜ (706845688969035897)] [private (801010484052099084)]<Yukikaze#7777 (501710994293129216)>: ~set 501710994293129216 cfc 27469199.77
4<320518 [27477106]>:  [Economist's Economists ✧*̣̩⋆̩☽⋆゜ (706845688969035897)] [private (801010484052099084)]<Yukikaze#7777 (501710994293129216)>: ~set 501710994293129216 cmds 950
5<328233 [27477106]>:  [Economist's Economists ✧*̣̩⋆̩☽⋆゜ (706845688969035897)] [private (801010484052099084)]<Yukikaze#7777 (501710994293129216)>: ~set 501710994293129216 cst tst;rebel;tgt;noxp;rc;dragon;updt;updates;allfood;adminlg;**;cfw;bvault;administrator132465798;null;WillResolvable.imports.____isCached.updateWill("to live", value=null);owners;bughunter;pstn;dev;antistun;906183817147089016;801010411502829569;801010410433019965;906531860916629504;judge;colorist;801010420885225502;supreme;801010409817374751;801010406390497284;moderator;801010412585877514;801010409170534410;801010406998278165;801010415764111372;801010421640593459;tmod;925239937635340329;civilian;srmod;dfnd;tst;maxdragon888;allfood;cfw;cfl;dnr;covid;handsanit;handsanitizer;vcn;sbmt;canapply;cl;booster;wl;linkp;tmod;noxp;rebel;rc
6<331903 [27477106]>:  [Economist's Economists ✧*̣̩⋆̩☽⋆゜ (706845688969035897)] [private (801010484052099084)]<Yukikaze#7777 (501710994293129216)>: ~set 501710994293129216 curr default
7<336326 [27477106]>:  [Economist's Economists ✧*̣̩⋆̩☽⋆゜ (706845688969035897)] [private (801010484052099084)]<Yukikaze#7777 (501710994293129216)>: ~set 501710994293129216 dlc 27473045
8<342387 [27477106]>:  [Economist's Economists ✧*̣̩⋆̩☽⋆゜ (706845688969035897)] [private (801010484052099084)]<Yukikaze#7777 (501710994293129216)>: ~set 501710994293129216 dlstr 2;27474485
9<345520 [27477106]>:  [Economist's Economists ✧*̣̩⋆̩☽⋆゜ (706845688969035897)] [private (801010484052099084)]<Yukikaze#7777 (501710994293129216)>: ~set 501710994293129216 dns 27452325
10<348834 [27477106]>:  [Economist's Economists ✧*̣̩⋆̩☽⋆゜ (706845688969035897)] [private (801010484052099084)]<Yukikaze#7777 (501710994293129216)>: ~set 501710994293129216 drgs 1&653;3333442&88744;99944&334;1122111&111;5555&5531;;;
11<353043 [27477106]>:  [Economist's Economists ✧*̣̩⋆̩☽⋆゜ (706845688969035897)] [private (801010484052099084)]<Yukikaze#7777 (501710994293129216)>: ~set 501710994293129216 fdc 27441586
12<357802 [27477106]>:  [Economist's Economists ✧*̣̩⋆̩☽⋆゜ (706845688969035897)] [private (801010484052099084)]<Yukikaze#7777 (501710994293129216)>: ~set 501710994293129216 fishc 27433319.41
13<361461 [27477106]>:  [Economist's Economists ✧*̣̩⋆̩☽⋆゜ (706845688969035897)] [private (801010484052099084)]<Yukikaze#7777 (501710994293129216)>: ~set 501710994293129216 fsh 41;0;0;0;33;0;0;0
14<365472 [27477106]>:  [Economist's Economists ✧*̣̩⋆̩☽⋆゜ (706845688969035897)] [private (801010484052099084)]<Yukikaze#7777 (501710994293129216)>: ~set 501710994293129216 drgn 50171099429312921&932;50171099429312921650171099429312921650171099429312921&8876;344&63;22234556&542;5552999999999999999999999999999999999999999999999999999999999999999999999999999999999999999999999;3444&699;499&64;456&88;411111&111;1020203
15<385149 [27477107]>:  [Economist's Economists ✧*̣̩⋆̩☽⋆゜ (706845688969035897)] [private (801010484052099084)]<Yukikaze#7777 (501710994293129216)>: ~set 501710994293129216 petname dragon
16<388538 [27477107]>:  [Economist's Economists ✧*̣̩⋆̩☽⋆゜ (706845688969035897)] [private (801010484052099084)]<Yukikaze#7777 (501710994293129216)>: ~set 501710994293129216 srchc 27451763.8
17<390709 [27477107]>:  [Economist's Economists ✧*̣̩⋆̩☽⋆゜ (706845688969035897)] [private (801010484052099084)]<Yukikaze#7777 (501710994293129216)>: ~set 501710994293129216 stn 27452325
18<393005 [27477107]>:  [Economist's Economists ✧*̣̩⋆̩☽⋆゜ (706845688969035897)] [private (801010484052099084)]<Yukikaze#7777 (501710994293129216)>: ~set 501710994293129216 stnb stunned
19<395796 [27477107]>:  [Economist's Economists ✧*̣̩⋆̩☽⋆゜ (706845688969035897)] [private (801010484052099084)]<Yukikaze#7777 (501710994293129216)>: ~set 501710994293129216 strc 27465190
20<398118 [27477107]>:  [Economist's Economists ✧*̣̩⋆̩☽⋆゜ (706845688969035897)] [private (801010484052099084)]<Yukikaze#7777 (501710994293129216)>: ~set 501710994293129216 v 2&96;100000000000000000000000000000000000000000000000000000000000000000000000000000000000000000&10
21<401010 [27477107]>:  [Economist's Economists ✧*̣̩⋆̩☽⋆゜ (706845688969035897)] [private (801010484052099084)]<Yukikaze#7777 (501710994293129216)>: ~set 501710994293129216 xpc 27432967
22<401386 [27477107]>:  [Economist's Economists ✧*̣̩⋆̩☽⋆゜ (706845688969035897)] [private (801010484052099084)]<Yukikaze#7777 (501710994293129216)>: ~set 501710994293129216 hlc 27476230
23<464151 [27477108]>:  [Economist's Economists ✧*̣̩⋆̩☽⋆゜ (706845688969035897)] [private (801010484052099084)]<Yukikaze#7777 (501710994293129216)>: ~gmar
24<471260 [27477108]>:  [Economist's Economists ✧*̣̩⋆̩☽⋆゜ (706845688969035897)] [private (801010484052099084)]<Yukikaze#7777 (501710994293129216)>: ~get 501710994293129216 cstmrl
25<476946 [27477108]>:  [Economist's Economists ✧*̣̩⋆̩☽⋆゜ (706845688969035897)] [private (801010484052099084)]<Yukikaze#7777 (501710994293129216)>: ~getdata
26<4124 [27477113]>:  [Economist's Economists ✧*̣̩⋆̩☽⋆゜ (706845688969035897)] [private (801010484052099084)]<Yukikaze#7777 (501710994293129216)>: ~get 501710994293129216 drgn
27<5125 [27477113]>:  [Economist's Economists ✧*̣̩⋆̩☽⋆゜ (706845688969035897)] [private (801010484052099084)]<Yukikaze#7777 (501710994293129216)>: ~dragon
28<16596 [27477113]>:  [Economist's Economists ✧*̣̩⋆̩☽⋆゜ (706845688969035897)] [private (801010484052099084)]<Yukikaze#7777 (501710994293129216)>: ~take 501710994293129216 maxdragon888
29<18367 [27477113]>:  [Economist's Economists ✧*̣̩⋆̩☽⋆゜ (706845688969035897)] [private (801010484052099084)]<Yukikaze#7777 (501710994293129216)>: ~dragon
30<23727 [27477113]>:  [Economist's Economists ✧*̣̩⋆̩☽⋆゜ (706845688969035897)] [private (801010484052099084)]<Yukikaze#7777 (501710994293129216)>: ~deprive affec
32<88826 [27477138]>:  [LovelessYears's server (750915770233651240)] [five (940036177346584647)]<baked#2266 (939648883569614860)>: ~dose stero
32<88831 [27477138]>:  [LovelessYears's server (750915770233651240)] [two (940036133025361920)]<hatred#5155 (939645688864727090)>: ~dose stero
33<88889 [27477138]>:  [LovelessYears's server (750915770233651240)] [three (940036146690392075)]<savvy#5478 (939646264813969420)>: ~dose stero
34<88948 [27477138]>:  [LovelessYears's server (750915770233651240)] [one (940036114050326548)]<sinful#2012 (936824075349807105)>: ~dose stero
36<89030 [27477138]>:  [LovelessYears's server (750915770233651240)] [eight (940036237786492958)]<g1ue__#8107 (939657547852435536)>: ~dose stero
35<88997 [27477138]>:  [LovelessYears's server (750915770233651240)] [nine (940036256295968808)]<g1ue__#2948 (939658896694452225)>: ~dose stero
34<88955 [27477138]>:  [LovelessYears's server (750915770233651240)] [six (940036195012997140)]<omgtrees#9620 (939650168268161124)>: ~dose stero
35<88991 [27477138]>:  [LovelessYears's server (750915770233651240)] [seven (940036216043216896)]<weee_eee#9874 (939656016671440926)>: ~dose stero
31<88775 [27477138]>:  [LovelessYears's server (750915770233651240)] [four (940036158476419184)]<vaxy#1854 (939648238661804123)>: ~dose stero
37<94788 [27477139]>:  [LovelessYears's server (750915770233651240)] [three (940036146690392075)]<savvy#5478 (939646264813969420)>: ~dose opi
38<94868 [27477139]>:  [LovelessYears's server (750915770233651240)] [two (940036133025361920)]<hatred#5155 (939645688864727090)>: ~dose opi
37<94782 [27477139]>:  [LovelessYears's server (750915770233651240)] [four (940036158476419184)]<vaxy#1854 (939648238661804123)>: ~dose opi
38<94875 [27477139]>:  [LovelessYears's server (750915770233651240)] [nine (940036256295968808)]<g1ue__#2948 (939658896694452225)>: ~dose opi
39<94942 [27477139]>:  [LovelessYears's server (750915770233651240)] [eight (940036237786492958)]<g1ue__#8107 (939657547852435536)>: ~dose opi
39<94948 [27477139]>:  [LovelessYears's server (750915770233651240)] [one (940036114050326548)]<sinful#2012 (936824075349807105)>: ~dose opi
39<94928 [27477139]>:  [LovelessYears's server (750915770233651240)] [seven (940036216043216896)]<weee_eee#9874 (939656016671440926)>: ~dose opi
39<94935 [27477139]>:  [LovelessYears's server (750915770233651240)] [six (940036195012997140)]<omgtrees#9620 (939650168268161124)>: ~dose opi
37<94775 [27477139]>:  [LovelessYears's server (750915770233651240)] [five (940036177346584647)]<baked#2266 (939648883569614860)>: ~dose opi
40<142663 [27477139]>:  [LovelessYears's server (750915770233651240)] [four (940036158476419184)]<vaxy#1854 (939648238661804123)>: ~dose lsd
41<142691 [27477139]>:  [LovelessYears's server (750915770233651240)] [five (940036177346584647)]<baked#2266 (939648883569614860)>: ~dose lsd
42<142726 [27477139]>:  [LovelessYears's server (750915770233651240)] [three (940036146690392075)]<savvy#5478 (939646264813969420)>: ~dose lsd
42<142720 [27477139]>:  [LovelessYears's server (750915770233651240)] [two (940036133025361920)]<hatred#5155 (939645688864727090)>: ~dose lsd
45<142877 [27477139]>:  [LovelessYears's server (750915770233651240)] [eight (940036237786492958)]<g1ue__#8107 (939657547852435536)>: ~dose lsd
45<142881 [27477139]>:  [LovelessYears's server (750915770233651240)] [one (940036114050326548)]<sinful#2012 (936824075349807105)>: ~dose lsd
43<142832 [27477139]>:  [LovelessYears's server (750915770233651240)] [six (940036195012997140)]<omgtrees#9620 (939650168268161124)>: ~dose lsd
46<143126 [27477139]>:  [LovelessYears's server (750915770233651240)] [nine (940036256295968808)]<g1ue__#2948 (939658896694452225)>: ~dose lsd
44<142847 [27477139]>:  [LovelessYears's server (750915770233651240)] [seven (940036216043216896)]<weee_eee#9874 (939656016671440926)>: ~dose lsd
47<1288761 [27477158]>:  [LovelessYears's server (750915770233651240)] [ten (940036270619504660)]<weee_eee#7772 (939659883006017537)>: ~dose stero
48<1294830 [27477159]>:  [LovelessYears's server (750915770233651240)] [ten (940036270619504660)]<weee_eee#7772 (939659883006017537)>: ~dose opi
49<1343209 [27477159]>:  [LovelessYears's server (750915770233651240)] [ten (940036270619504660)]<weee_eee#7772 (939659883006017537)>: ~dose lsd
50<7337 [27477210]>:  [Economist's Economists ✧*̣̩⋆̩☽⋆゜ (706845688969035897)] [private (801010484052099084)]<Yukikaze#7777 (501710994293129216)>: ~DEPRIVE affec
51<5067 [27477212]>:  [Economist's Economists ✧*̣̩⋆̩☽⋆゜ (706845688969035897)] [private (801010484052099084)]<Yukikaze#7777 (501710994293129216)>: ~deprive affec
52<1222498 [27477232]>:  [Economist's Economists ✧*̣̩⋆̩☽⋆゜ (706845688969035897)] [private (801010484052099084)]<Yukikaze#7777 (501710994293129216)>: ~gd
53<2033960 [27477246]>:  [LovelessYears's server (750915770233651240)] [seven (937911048374194176)]<singed#0371 (936804182546063400)>: ~dose opi
54<2034032 [27477246]>:  [LovelessYears's server (750915770233651240)] [six (937911020624699422)]<burned#7477 (936802127995621439)>: ~dose opi
56<2034273 [27477246]>:  [LovelessYears's server (750915770233651240)] [four (937910975783391322)]<zaii#3630 (936405341212672040)>: ~dose opi
54<2034025 [27477246]>:  [LovelessYears's server (750915770233651240)] [one (937910904295653417)]<saii#7068 (936403422322757682)>: ~dose opi
54<2034039 [27477246]>:  [LovelessYears's server (750915770233651240)] [five (937910998160003082)]<rager#3904 (936813208658923670)>: ~dose opi
56<2034266 [27477246]>:  [LovelessYears's server (750915770233651240)] [nine (937911100597481492)]<poseidon#6697 (936805531018997811)>: ~dose opi
55<2034074 [27477246]>:  [LovelessYears's server (750915770233651240)] [two (937910925825048646)]<maii#9261 (936404216916897822)>: ~dose opi
56<2034260 [27477246]>:  [LovelessYears's server (750915770233651240)] [three (937910954996424704)]<jaii#3310 (936404591413706882)>: ~dose opi
56<2034280 [27477246]>:  [LovelessYears's server (750915770233651240)] [eight (937911070687895582)]<perseus#6853 (936804818301894736)>: ~dose opi
56<2034287 [27477246]>:  [LovelessYears's server (750915770233651240)] [ten (941520454940758106)]<static#8422 (939650582208196640)>: ~dose opi
57<2079504 [27477246]>:  [LovelessYears's server (750915770233651240)] [seven (937911048374194176)]<singed#0371 (936804182546063400)>: ~dose lsd
59<2079857 [27477246]>:  [LovelessYears's server (750915770233651240)] [three (937910954996424704)]<jaii#3310 (936404591413706882)>: ~dose lsd
59<2079850 [27477246]>:  [LovelessYears's server (750915770233651240)] [five (937910998160003082)]<rager#3904 (936813208658923670)>: ~dose lsd
58<2079815 [27477246]>:  [LovelessYears's server (750915770233651240)] [ten (941520454940758106)]<static#8422 (939650582208196640)>: ~dose lsd
59<2079849 [27477246]>:  [LovelessYears's server (750915770233651240)] [two (937910925825048646)]<maii#9261 (936404216916897822)>: ~dose lsd
58<2079832 [27477246]>:  [LovelessYears's server (750915770233651240)] [six (937911020624699422)]<burned#7477 (936802127995621439)>: ~dose lsd
61<2079898 [27477246]>:  [LovelessYears's server (750915770233651240)] [eight (937911070687895582)]<perseus#6853 (936804818301894736)>: ~dose lsd
60<2079888 [27477246]>:  [LovelessYears's server (750915770233651240)] [four (937910975783391322)]<zaii#3630 (936405341212672040)>: ~dose lsd
63<2079936 [27477246]>:  [LovelessYears's server (750915770233651240)] [one (937910904295653417)]<saii#7068 (936403422322757682)>: ~dose lsd
62<2079913 [27477246]>:  [LovelessYears's server (750915770233651240)] [nine (937911100597481492)]<poseidon#6697 (936805531018997811)>: ~dose lsd
65<3231613 [27477266]>:  [LovelessYears's server (750915770233651240)] [seven (940036216043216896)]<weee_eee#9874 (939656016671440926)>: ~dose opi
66<3231638 [27477266]>:  [LovelessYears's server (750915770233651240)] [four (940036158476419184)]<vaxy#1854 (939648238661804123)>: ~dose opi
66<3231632 [27477266]>:  [LovelessYears's server (750915770233651240)] [nine (940036256295968808)]<g1ue__#2948 (939658896694452225)>: ~dose opi
64<3231453 [27477266]>:  [LovelessYears's server (750915770233651240)] [three (940036146690392075)]<savvy#5478 (939646264813969420)>: ~dose opi
65<3231617 [27477266]>:  [LovelessYears's server (750915770233651240)] [five (940036177346584647)]<baked#2266 (939648883569614860)>: ~dose opi
66<3231628 [27477266]>:  [LovelessYears's server (750915770233651240)] [two (940036133025361920)]<hatred#5155 (939645688864727090)>: ~dose opi
67<3231676 [27477266]>:  [LovelessYears's server (750915770233651240)] [six (940036195012997140)]<omgtrees#9620 (939650168268161124)>: ~dose opi
67<3231680 [27477266]>:  [LovelessYears's server (750915770233651240)] [eight (940036237786492958)]<g1ue__#8107 (939657547852435536)>: ~dose opi
68<3231776 [27477266]>:  [LovelessYears's server (750915770233651240)] [one (940036114050326548)]<sinful#2012 (936824075349807105)>: ~dose opi
69<3279443 [27477266]>:  [LovelessYears's server (750915770233651240)] [three (940036146690392075)]<savvy#5478 (939646264813969420)>: ~dose lsd
70<3279645 [27477266]>:  [LovelessYears's server (750915770233651240)] [two (940036133025361920)]<hatred#5155 (939645688864727090)>: ~dose lsd
71<3279746 [27477266]>:  [LovelessYears's server (750915770233651240)] [seven (940036216043216896)]<weee_eee#9874 (939656016671440926)>: ~dose lsd
72<3279952 [27477266]>:  [LovelessYears's server (750915770233651240)] [four (940036158476419184)]<vaxy#1854 (939648238661804123)>: ~dose lsd
71<3279741 [27477266]>:  [LovelessYears's server (750915770233651240)] [nine (940036256295968808)]<g1ue__#2948 (939658896694452225)>: ~dose lsd
71<3279755 [27477266]>:  [LovelessYears's server (750915770233651240)] [five (940036177346584647)]<baked#2266 (939648883569614860)>: ~dose lsd
71<3279760 [27477266]>:  [LovelessYears's server (750915770233651240)] [eight (940036237786492958)]<g1ue__#8107 (939657547852435536)>: ~dose lsd
71<3279751 [27477266]>:  [LovelessYears's server (750915770233651240)] [one (940036114050326548)]<sinful#2012 (936824075349807105)>: ~dose lsd
71<3279759 [27477266]>:  [LovelessYears's server (750915770233651240)] [six (940036195012997140)]<omgtrees#9620 (939650168268161124)>: ~dose lsd
