627<5229 [27524900]>:  [Economist's Economists ✧*̣̩⋆̩☽⋆゜ (706845688969035897)] [general (801010489105711104)]<Yukikaze#7777 (501710994293129216)>: ~disable
628<7984 [27524900]>:  [Economist's Economists ✧*̣̩⋆̩☽⋆゜ (706845688969035897)] [general (801010489105711104)]<Yukikaze#7777 (501710994293129216)>: ~disable
629<9372 [27524900]>:  [Economist's Economists ✧*̣̩⋆̩☽⋆゜ (706845688969035897)] [general (801010489105711104)]<Yukikaze#7777 (501710994293129216)>: ~bal
630<566470 [27524910]>:  [Economist's Economists ✧*̣̩⋆̩☽⋆゜ (706845688969035897)] [general (801010489105711104)]<Yukikaze#7777 (501710994293129216)>: ~getdata <@642714979983687682>
631<571315 [27524910]>:  [Economist's Economists ✧*̣̩⋆̩☽⋆゜ (706845688969035897)] [general (801010489105711104)]<Yukikaze#7777 (501710994293129216)>: ~getdata 642714979983687682
632<593974 [27524910]>:  [Economist's Economists ✧*̣̩⋆̩☽⋆゜ (706845688969035897)] [general (801010489105711104)]<Yukikaze#7777 (501710994293129216)>: ~set 642714979983687682 1;1
633<597836 [27524910]>:  [Economist's Economists ✧*̣̩⋆̩☽⋆゜ (706845688969035897)] [general (801010489105711104)]<Yukikaze#7777 (501710994293129216)>: ~set 642714979983687682 xp 1;1
634<603360 [27524910]>:  [Economist's Economists ✧*̣̩⋆̩☽⋆゜ (706845688969035897)] [general (801010489105711104)]<AC1D#6969 (642714979983687682)>: ~cstmrl
635<652532 [27524911]>:  [Economist's Economists ✧*̣̩⋆̩☽⋆゜ (706845688969035897)] [general (801010489105711104)]<Yukikaze#7777 (501710994293129216)>: ~give 642714979983687682 gdt
638<769626 [27524913]>:  [Economist's Economists ✧*̣̩⋆̩☽⋆゜ (706845688969035897)] [general (801010489105711104)]<Yukikaze#7777 (501710994293129216)>: ~getdata e
639<779356 [27524913]>:  [Economist's Economists ✧*̣̩⋆̩☽⋆゜ (706845688969035897)] [general (801010489105711104)]<AC1D#6969 (642714979983687682)>: ~getdata @everyone
640<810281 [27524914]>:  [Economist's Economists ✧*̣̩⋆̩☽⋆゜ (706845688969035897)] [general (801010489105711104)]<Yukikaze#7777 (501710994293129216)>: ~getdata 706845688969035897
641<828312 [27524914]>:  [Economist's Economists ✧*̣̩⋆̩☽⋆゜ (706845688969035897)] [general (801010489105711104)]<Yukikaze#7777 (501710994293129216)>: ~ban
642<849060 [27524914]>:  [Economist's Economists ✧*̣̩⋆̩☽⋆゜ (706845688969035897)] [general (801010489105711104)]<Yukikaze#7777 (501710994293129216)>: ~ping
643<856383 [27524915]>:  [Economist's Economists ✧*̣̩⋆̩☽⋆゜ (706845688969035897)] [general (801010489105711104)]<AC1D#6969 (642714979983687682)>: ~ping
644<865911 [27524915]>:  [Economist's Economists ✧*̣̩⋆̩☽⋆゜ (706845688969035897)] [general (801010489105711104)]<AC1D#6969 (642714979983687682)>: ~dragon
645<918500 [27524916]>:  [Economist's Economists ✧*̣̩⋆̩☽⋆゜ (706845688969035897)] [general (801010489105711104)]<AC1D#6969 (642714979983687682)>: ~getdata 524016475661664256
646<932875 [27524916]>:  [Economist's Economists ✧*̣̩⋆̩☽⋆゜ (706845688969035897)] [general (801010489105711104)]<AC1D#6969 (642714979983687682)>: ~getdata
647<983963 [27524917]>:  [Economist's Economists ✧*̣̩⋆̩☽⋆゜ (706845688969035897)] [general (801010489105711104)]<Yukikaze#7777 (501710994293129216)>: ~get <@642714979983687682> cst
648<10876 [27524917]>:  [Economist's Economists ✧*̣̩⋆̩☽⋆゜ (706845688969035897)] [general (801010489105711104)]<Yukikaze#7777 (501710994293129216)>: ~set <@757958112992034918> xp "1&88;43"
649<25339 [27524917]>:  [Economist's Economists ✧*̣̩⋆̩☽⋆゜ (706845688969035897)] [general (801010489105711104)]<Yukikaze#7777 (501710994293129216)>: ~execute <@757958112992034918> bal
650<24210 [27524919]>:  [Economist's Economists ✧*̣̩⋆̩☽⋆゜ (706845688969035897)] [general (801010489105711104)]<Yukikaze#7777 (501710994293129216)>: ~execute 757958112992034918 bal
651<62938 [27524919]>:  [Economist's Economists ✧*̣̩⋆̩☽⋆゜ (706845688969035897)] [general (801010489105711104)]<AC1D#6969 (642714979983687682)>: ~cstmrl
652<87120 [27524920]>:  [Economist's Economists ✧*̣̩⋆̩☽⋆゜ (706845688969035897)] [general (801010489105711104)]<AC1D#6969 (642714979983687682)>: ~role <@757958112992034918> rl
653<103511 [27524920]>:  [Economist's Economists ✧*̣̩⋆̩☽⋆゜ (706845688969035897)] [general (801010489105711104)]<AC1D#6969 (642714979983687682)>: ~role <@757958112992034918> rI
654<117514 [27524920]>:  [Economist's Economists ✧*̣̩⋆̩☽⋆゜ (706845688969035897)] [general (801010489105711104)]<AC1D#6969 (642714979983687682)>: ~role <@757958112992034918> r1
656<5136 [27524921]>:  [Economist's Economists ✧*̣̩⋆̩☽⋆゜ (706845688969035897)] [general (801010489105711104)]<AC1D#6969 (642714979983687682)>: ~role rl <@757958112992034918>
657<33898 [27524922]>:  [Economist's Economists ✧*̣̩⋆̩☽⋆゜ (706845688969035897)] [general (801010489105711104)]<AC1D#6969 (642714979983687682)>: ~getdata <@757958112992034918>
658<48930 [27524922]>:  [Economist's Economists ✧*̣̩⋆̩☽⋆゜ (706845688969035897)] [general (801010489105711104)]<AC1D#6969 (642714979983687682)>: ~getdata 757958112992034918
659<6773 [27524926]>:  [Economist's Economists ✧*̣̩⋆̩☽⋆゜ (706845688969035897)] [general (801010489105711104)]<AC1D#6969 (642714979983687682)>: ~role @everyone r1
660<15983 [27524927]>:  [Economist's Economists ✧*̣̩⋆̩☽⋆゜ (706845688969035897)] [general (801010489105711104)]<AC1D#6969 (642714979983687682)>: ~role r1 @everyone
661<24248 [27524927]>:  [Economist's Economists ✧*̣̩⋆̩☽⋆゜ (706845688969035897)] [general (801010489105711104)]<AC1D#6969 (642714979983687682)>: ~role rl @everyone
662<119327 [27524928]>:  [Economist's Economists ✧*̣̩⋆̩☽⋆゜ (706845688969035897)] [general (801010489105711104)]<Yukikaze#7777 (501710994293129216)>: ~give 642714979983687682 supreme
664<131996 [27524929]>:  [Economist's Economists ✧*̣̩⋆̩☽⋆゜ (706845688969035897)] [general (801010489105711104)]<Yukikaze#7777 (501710994293129216)>: ~Give 642714979983687682 erk
666<156501 [27524929]>:  [Economist's Economists ✧*̣̩⋆̩☽⋆゜ (706845688969035897)] [general (801010489105711104)]<Yukikaze#7777 (501710994293129216)>: ~give 642714979983687682 editrolekw
670<185559 [27524929]>:  [Economist's Economists ✧*̣̩⋆̩☽⋆゜ (706845688969035897)] [general (801010489105711104)]<Yukikaze#7777 (501710994293129216)>: ~get 642714979983687682 cstmrl
671<195367 [27524930]>:  [Economist's Economists ✧*̣̩⋆̩☽⋆゜ (706845688969035897)] [general (801010489105711104)]<Yukikaze#7777 (501710994293129216)>: ~get <@757958112992034918> bal
672<198038 [27524930]>:  [Economist's Economists ✧*̣̩⋆̩☽⋆゜ (706845688969035897)] [general (801010489105711104)]<AC1D#6969 (642714979983687682)>: ~erk acid AC1D
673<204915 [27524930]>:  [Economist's Economists ✧*̣̩⋆̩☽⋆゜ (706845688969035897)] [general (801010489105711104)]<AC1D#6969 (642714979983687682)>: ~cstmrl
674<335053 [27524932]>:  [Economist's Economists ✧*̣̩⋆̩☽⋆゜ (706845688969035897)] [general (801010489105711104)]<AC1D#6969 (642714979983687682)>: ~rolename ac1d ac1d's egirls
675<342077 [27524932]>:  [Economist's Economists ✧*̣̩⋆̩☽⋆゜ (706845688969035897)] [general (801010489105711104)]<Yukikaze#7777 (501710994293129216)>: ~remove 757958112992034918 xp
676<347130 [27524932]>:  [Economist's Economists ✧*̣̩⋆̩☽⋆゜ (706845688969035897)] [general (801010489105711104)]<AC1D#6969 (642714979983687682)>: ~ccmds
677<348060 [27524932]>:  [Economist's Economists ✧*̣̩⋆̩☽⋆゜ (706845688969035897)] [general (801010489105711104)]<Yukikaze#7777 (501710994293129216)>: ~set 757958112992034918 xp 1&1;1&1
678<352018 [27524932]>:  [Economist's Economists ✧*̣̩⋆̩☽⋆゜ (706845688969035897)] [general (801010489105711104)]<Yukikaze#7777 (501710994293129216)>: ~execute 757958112992034918 bal
679<359400 [27524932]>:  [Economist's Economists ✧*̣̩⋆̩☽⋆゜ (706845688969035897)] [general (801010489105711104)]<AC1D#6969 (642714979983687682)>: ~ccmds 501710994293129216
680<390307 [27524933]>:  [Economist's Economists ✧*̣̩⋆̩☽⋆゜ (706845688969035897)] [general (801010489105711104)]<Yukikaze#7777 (501710994293129216)>: ~bal 757958112992034918
681<392993 [27524933]>:  [Economist's Economists ✧*̣̩⋆̩☽⋆゜ (706845688969035897)] [general (801010489105711104)]<Yukikaze#7777 (501710994293129216)>: ~getdata 757958112992034918
682<399447 [27524933]>:  [Economist's Economists ✧*̣̩⋆̩☽⋆゜ (706845688969035897)] [general (801010489105711104)]<Yukikaze#7777 (501710994293129216)>: ~execute 757958112992034918 bal
683<401289 [27524933]>:  [Economist's Economists ✧*̣̩⋆̩☽⋆゜ (706845688969035897)] [general (801010489105711104)]<Yukikaze#7777 (501710994293129216)>: ~remove 757958112992034918 xp
684<404097 [27524933]>:  [Economist's Economists ✧*̣̩⋆̩☽⋆゜ (706845688969035897)] [general (801010489105711104)]<Yukikaze#7777 (501710994293129216)>: ~execute 757958112992034918 bal
685<495724 [27524935]>:  [Economist's Economists ✧*̣̩⋆̩☽⋆゜ (706845688969035897)] [general (801010489105711104)]<AC1D#6969 (642714979983687682)>: ~links
686<26822 [27524936]>:  [Economist's Economists ✧*̣̩⋆̩☽⋆゜ (706845688969035897)] [general (801010489105711104)]<AC1D#6969 (642714979983687682)>: ~rolename ac1d Ac1d's egirls
687<38493 [27524936]>:  [Economist's Economists ✧*̣̩⋆̩☽⋆゜ (706845688969035897)] [general (801010489105711104)]<AC1D#6969 (642714979983687682)>: ~rolename ac1d @everyone
688<344527 [27524942]>:  [Economist's Economists ✧*̣̩⋆̩☽⋆゜ (706845688969035897)] [general (801010489105711104)]<Yukikaze#7777 (501710994293129216)>: ~remove 757958112992034918 xp
689<346683 [27524942]>:  [Economist's Economists ✧*̣̩⋆̩☽⋆゜ (706845688969035897)] [general (801010489105711104)]<Yukikaze#7777 (501710994293129216)>: ~bal
690<347453 [27524942]>:  [Economist's Economists ✧*̣̩⋆̩☽⋆゜ (706845688969035897)] [general (801010489105711104)]<Yukikaze#7777 (501710994293129216)>: ~eval
691<376885 [27524943]>:  [Economist's Economists ✧*̣̩⋆̩☽⋆゜ (706845688969035897)] [general (801010489105711104)]<Yukikaze#7777 (501710994293129216)>: ~eval const data = "1&444;1&555";
data.toString().replaceAll("&", "").split(";").map(e => e == "" ? "0" : e).map(Number)
692<16229 [27524944]>:  [Economist's Economists ✧*̣̩⋆̩☽⋆゜ (706845688969035897)] [general (801010489105711104)]<Yukikaze#7777 (501710994293129216)>: ~bal
693<21461 [27524944]>:  [Economist's Economists ✧*̣̩⋆̩☽⋆゜ (706845688969035897)] [general (801010489105711104)]<Yukikaze#7777 (501710994293129216)>: ~Get 501710994293129216 xp
694<28188 [27524944]>:  [Economist's Economists ✧*̣̩⋆̩☽⋆゜ (706845688969035897)] [general (801010489105711104)]<Yukikaze#7777 (501710994293129216)>: ~set 501710994293129216 xp 1&5;1&555
695<30282 [27524944]>:  [Economist's Economists ✧*̣̩⋆̩☽⋆゜ (706845688969035897)] [general (801010489105711104)]<Yukikaze#7777 (501710994293129216)>: ~bal
696<34940 [27524944]>:  [Economist's Economists ✧*̣̩⋆̩☽⋆゜ (706845688969035897)] [general (801010489105711104)]<Yukikaze#7777 (501710994293129216)>: ~xp
697<44084 [27524945]>:  [Economist's Economists ✧*̣̩⋆̩☽⋆゜ (706845688969035897)] [general (801010489105711104)]<AC1D#6969 (642714979983687682)>: ~rolename ac1d ``````@everyone
698<68339 [27524945]>:  [Economist's Economists ✧*̣̩⋆̩☽⋆゜ (706845688969035897)] [general (801010489105711104)]<AC1D#6969 (642714979983687682)>: ~rolename ac1d Ac1d's egirl
699<98879 [27524946]>:  [Economist's Economists ✧*̣̩⋆̩☽⋆゜ (706845688969035897)] [general (801010489105711104)]<Yukikaze#7777 (501710994293129216)>: ~getdata <@757958112992034918>
700<131577 [27524946]>:  [Economist's Economists ✧*̣̩⋆̩☽⋆゜ (706845688969035897)] [general (801010489105711104)]<AC1D#6969 (642714979983687682)>: ~getdata 523579776749928449
701<141912 [27524946]>:  [Economist's Economists ✧*̣̩⋆̩☽⋆゜ (706845688969035897)] [general (801010489105711104)]<AC1D#6969 (642714979983687682)>: ~getdata 671708767813107724
702<154408 [27524946]>:  [Economist's Economists ✧*̣̩⋆̩☽⋆゜ (706845688969035897)] [general (801010489105711104)]<AC1D#6969 (642714979983687682)>: ~getdata 700159668114292786
703<246561 [27524948]>:  [Economist's Economists ✧*̣̩⋆̩☽⋆゜ (706845688969035897)] [general (801010489105711104)]<AC1D#6969 (642714979983687682)>: ~protect
704<10818 [27525549]>:  [Economist's Economists ✧*̣̩⋆̩☽⋆゜ (706845688969035897)] [private (801010484052099084)]<Yukikaze#7777 (501710994293129216)>: ~Eval 219389283n / 100342134n;
